[2022-02-14 11:03:34,338] {taskinstance.py:1032} INFO - Dependencies all met for <TaskInstance: nep4j_workflow_tutorial.neo4j_operator_task manual__2022-02-14T11:03:31.412250+00:00 [queued]>
[2022-02-14 11:03:34,409] {taskinstance.py:1032} INFO - Dependencies all met for <TaskInstance: nep4j_workflow_tutorial.neo4j_operator_task manual__2022-02-14T11:03:31.412250+00:00 [queued]>
[2022-02-14 11:03:34,411] {taskinstance.py:1238} INFO - 
--------------------------------------------------------------------------------
[2022-02-14 11:03:34,413] {taskinstance.py:1239} INFO - Starting attempt 1 of 1
[2022-02-14 11:03:34,414] {taskinstance.py:1240} INFO - 
--------------------------------------------------------------------------------
[2022-02-14 11:03:34,452] {taskinstance.py:1259} INFO - Executing <Task(Neo4jOperator): neo4j_operator_task> on 2022-02-14 11:03:31.412250+00:00
[2022-02-14 11:03:34,469] {standard_task_runner.py:52} INFO - Started process 229 to run task
[2022-02-14 11:03:34,493] {standard_task_runner.py:76} INFO - Running: ['***', 'tasks', 'run', 'nep4j_workflow_tutorial', 'neo4j_operator_task', 'manual__2022-02-14T11:03:31.412250+00:00', '--job-id', '293', '--raw', '--subdir', 'DAGS_FOLDER/neo4j_workflow_tutorial.py', '--cfg-path', '/tmp/tmpz2mpmhot', '--error-file', '/tmp/tmprzalzl_5']
[2022-02-14 11:03:34,504] {standard_task_runner.py:77} INFO - Job 293: Subtask neo4j_operator_task
[2022-02-14 11:03:34,800] {logging_mixin.py:109} INFO - Running <TaskInstance: nep4j_workflow_tutorial.neo4j_operator_task manual__2022-02-14T11:03:31.412250+00:00 [running]> on host 809d0f9062f6
[2022-02-14 11:03:35,038] {taskinstance.py:1426} INFO - Exporting the following env vars:
AIRFLOW_CTX_DAG_OWNER=***
AIRFLOW_CTX_DAG_ID=nep4j_workflow_tutorial
AIRFLOW_CTX_TASK_ID=neo4j_operator_task
AIRFLOW_CTX_EXECUTION_DATE=2022-02-14T11:03:31.412250+00:00
AIRFLOW_CTX_DAG_RUN_ID=manual__2022-02-14T11:03:31.412250+00:00
[2022-02-14 11:03:35,045] {neo4j.py:58} INFO - Executing: Create(m:Student{Name:"Roni"})
[2022-02-14 11:03:35,053] {crypto.py:82} WARNING - empty cryptography key - values will not be stored encrypted.
[2022-02-14 11:03:35,061] {base.py:79} INFO - Using connection to: id: neo4j_conn_id. Host: host.docker.internal, Port: None, Schema: None, Login: neo4j, Password: ***, extra: {}
[2022-02-14 11:03:35,063] {neo4j.py:59} INFO - URI: bolt://host.docker.internal:7687
[2022-02-14 11:03:36,299] {taskinstance.py:1277} INFO - Marking task as SUCCESS. dag_id=nep4j_workflow_tutorial, task_id=neo4j_operator_task, execution_date=20220214T110331, start_date=20220214T110334, end_date=20220214T110336
[2022-02-14 11:03:36,513] {local_task_job.py:154} INFO - Task exited with return code 0
[2022-02-14 11:03:36,929] {local_task_job.py:264} INFO - 0 downstream tasks scheduled from follow-on schedule check
