[2022-02-14 11:12:48,044] {taskinstance.py:1032} INFO - Dependencies all met for <TaskInstance: neo4j_workflow_tutorial_hook.runhook manual__2022-02-14T11:12:45.893000+00:00 [queued]>
[2022-02-14 11:12:48,065] {taskinstance.py:1032} INFO - Dependencies all met for <TaskInstance: neo4j_workflow_tutorial_hook.runhook manual__2022-02-14T11:12:45.893000+00:00 [queued]>
[2022-02-14 11:12:48,067] {taskinstance.py:1238} INFO - 
--------------------------------------------------------------------------------
[2022-02-14 11:12:48,069] {taskinstance.py:1239} INFO - Starting attempt 1 of 1
[2022-02-14 11:12:48,071] {taskinstance.py:1240} INFO - 
--------------------------------------------------------------------------------
[2022-02-14 11:12:48,091] {taskinstance.py:1259} INFO - Executing <Task(PythonOperator): runhook> on 2022-02-14 11:12:45.893000+00:00
[2022-02-14 11:12:48,100] {standard_task_runner.py:52} INFO - Started process 592 to run task
[2022-02-14 11:12:48,108] {standard_task_runner.py:76} INFO - Running: ['***', 'tasks', 'run', 'neo4j_workflow_tutorial_hook', 'runhook', 'manual__2022-02-14T11:12:45.893000+00:00', '--job-id', '295', '--raw', '--subdir', 'DAGS_FOLDER/neo4j_hook_tutorial.py', '--cfg-path', '/tmp/tmpzi6zb3sy', '--error-file', '/tmp/tmp4rn29kk5']
[2022-02-14 11:12:48,110] {standard_task_runner.py:77} INFO - Job 295: Subtask runhook
[2022-02-14 11:12:48,215] {logging_mixin.py:109} INFO - Running <TaskInstance: neo4j_workflow_tutorial_hook.runhook manual__2022-02-14T11:12:45.893000+00:00 [running]> on host 809d0f9062f6
[2022-02-14 11:12:48,318] {taskinstance.py:1426} INFO - Exporting the following env vars:
AIRFLOW_CTX_DAG_OWNER=***
AIRFLOW_CTX_DAG_ID=neo4j_workflow_tutorial_hook
AIRFLOW_CTX_TASK_ID=runhook
AIRFLOW_CTX_EXECUTION_DATE=2022-02-14T11:12:45.893000+00:00
AIRFLOW_CTX_DAG_RUN_ID=manual__2022-02-14T11:12:45.893000+00:00
[2022-02-14 11:12:48,326] {crypto.py:82} WARNING - empty cryptography key - values will not be stored encrypted.
[2022-02-14 11:12:48,331] {base.py:79} INFO - Using connection to: id: neo4j_conn_id. Host: host.docker.internal, Port: None, Schema: None, Login: neo4j, Password: ***, extra: {}
[2022-02-14 11:12:48,335] {neo4j.py:59} INFO - URI: bolt://host.docker.internal:7687
[2022-02-14 11:12:48,377] {logging_mixin.py:109} INFO - [{'n': {'Name': 'Roni'}}, {'n': {'Name': 'Rahul'}}]
[2022-02-14 11:12:48,380] {python.py:175} INFO - Done. Returned value was: None
[2022-02-14 11:12:48,415] {taskinstance.py:1277} INFO - Marking task as SUCCESS. dag_id=neo4j_workflow_tutorial_hook, task_id=runhook, execution_date=20220214T111245, start_date=20220214T111248, end_date=20220214T111248
[2022-02-14 11:12:48,488] {local_task_job.py:154} INFO - Task exited with return code 0
[2022-02-14 11:12:48,539] {local_task_job.py:264} INFO - 0 downstream tasks scheduled from follow-on schedule check
