[2022-02-14 11:13:54,504] {taskinstance.py:1032} INFO - Dependencies all met for <TaskInstance: neo4j_workflow_tutorial_hook.runhook manual__2022-02-14T11:13:52.319773+00:00 [queued]>
[2022-02-14 11:13:54,546] {taskinstance.py:1032} INFO - Dependencies all met for <TaskInstance: neo4j_workflow_tutorial_hook.runhook manual__2022-02-14T11:13:52.319773+00:00 [queued]>
[2022-02-14 11:13:54,549] {taskinstance.py:1238} INFO - 
--------------------------------------------------------------------------------
[2022-02-14 11:13:54,551] {taskinstance.py:1239} INFO - Starting attempt 1 of 1
[2022-02-14 11:13:54,554] {taskinstance.py:1240} INFO - 
--------------------------------------------------------------------------------
[2022-02-14 11:13:54,625] {taskinstance.py:1259} INFO - Executing <Task(PythonOperator): runhook> on 2022-02-14 11:13:52.319773+00:00
[2022-02-14 11:13:54,644] {standard_task_runner.py:52} INFO - Started process 638 to run task
[2022-02-14 11:13:54,669] {standard_task_runner.py:76} INFO - Running: ['***', 'tasks', 'run', 'neo4j_workflow_tutorial_hook', 'runhook', 'manual__2022-02-14T11:13:52.319773+00:00', '--job-id', '297', '--raw', '--subdir', 'DAGS_FOLDER/neo4j_hook_tutorial.py', '--cfg-path', '/tmp/tmpiq99v7ad', '--error-file', '/tmp/tmp77y_j1rx']
[2022-02-14 11:13:54,673] {standard_task_runner.py:77} INFO - Job 297: Subtask runhook
[2022-02-14 11:13:54,949] {logging_mixin.py:109} INFO - Running <TaskInstance: neo4j_workflow_tutorial_hook.runhook manual__2022-02-14T11:13:52.319773+00:00 [running]> on host 809d0f9062f6
[2022-02-14 11:13:55,250] {taskinstance.py:1426} INFO - Exporting the following env vars:
AIRFLOW_CTX_DAG_OWNER=***
AIRFLOW_CTX_DAG_ID=neo4j_workflow_tutorial_hook
AIRFLOW_CTX_TASK_ID=runhook
AIRFLOW_CTX_EXECUTION_DATE=2022-02-14T11:13:52.319773+00:00
AIRFLOW_CTX_DAG_RUN_ID=manual__2022-02-14T11:13:52.319773+00:00
[2022-02-14 11:13:55,261] {crypto.py:82} WARNING - empty cryptography key - values will not be stored encrypted.
[2022-02-14 11:13:55,280] {base.py:79} INFO - Using connection to: id: neo4j_conn_id. Host: host.docker.internal, Port: None, Schema: None, Login: neo4j, Password: ***, extra: {}
[2022-02-14 11:13:55,285] {neo4j.py:59} INFO - URI: bolt://host.docker.internal:7687
[2022-02-14 11:13:55,413] {logging_mixin.py:109} INFO - [{'n': {'Name': 'Roni'}}, {'n': {'Name': 'Rahul'}}, {'n': {'Name': 'Rahul'}}]
[2022-02-14 11:13:55,433] {python.py:175} INFO - Done. Returned value was: None
[2022-02-14 11:13:55,534] {taskinstance.py:1277} INFO - Marking task as SUCCESS. dag_id=neo4j_workflow_tutorial_hook, task_id=runhook, execution_date=20220214T111352, start_date=20220214T111354, end_date=20220214T111355
[2022-02-14 11:13:55,776] {local_task_job.py:154} INFO - Task exited with return code 0
[2022-02-14 11:13:56,021] {local_task_job.py:264} INFO - 0 downstream tasks scheduled from follow-on schedule check
