[2022-02-07 17:23:06,123] {processor.py:163} INFO - Started process (PID=99) to work on /home/airflow/.local/lib/python3.7/site-packages/airflow/example_dags/example_branch_python_dop_operator_3.py
[2022-02-07 17:23:06,125] {processor.py:642} INFO - Processing file /home/airflow/.local/lib/python3.7/site-packages/airflow/example_dags/example_branch_python_dop_operator_3.py for tasks to queue
[2022-02-07 17:23:06,126] {logging_mixin.py:109} INFO - [2022-02-07 17:23:06,126] {dagbag.py:500} INFO - Filling up the DagBag from /home/airflow/.local/lib/python3.7/site-packages/airflow/example_dags/example_branch_python_dop_operator_3.py
[2022-02-07 17:23:06,173] {processor.py:654} INFO - DAG(s) dict_keys(['example_branch_dop_operator_v3']) retrieved from /home/airflow/.local/lib/python3.7/site-packages/airflow/example_dags/example_branch_python_dop_operator_3.py
[2022-02-07 17:23:08,285] {logging_mixin.py:109} INFO - [2022-02-07 17:23:08,285] {manager.py:496} INFO - Created Permission View: can read on DAG:example_branch_dop_operator_v3
[2022-02-07 17:23:08,304] {logging_mixin.py:109} INFO - [2022-02-07 17:23:08,304] {manager.py:496} INFO - Created Permission View: can edit on DAG:example_branch_dop_operator_v3
[2022-02-07 17:23:08,306] {logging_mixin.py:109} INFO - [2022-02-07 17:23:08,305] {dag.py:2396} INFO - Sync 1 DAGs
[2022-02-07 17:23:08,316] {logging_mixin.py:109} INFO - [2022-02-07 17:23:08,315] {dag.py:2415} INFO - Creating ORM DAG for example_branch_dop_operator_v3
[2022-02-07 17:23:08,330] {logging_mixin.py:109} INFO - [2022-02-07 17:23:08,330] {dag.py:2935} INFO - Setting next_dagrun for example_branch_dop_operator_v3 to 2022-02-07T17:22:00+00:00
[2022-02-07 17:23:08,346] {processor.py:171} INFO - Processing /home/airflow/.local/lib/python3.7/site-packages/airflow/example_dags/example_branch_python_dop_operator_3.py took 2.262 seconds
[2022-02-07 17:23:38,444] {processor.py:163} INFO - Started process (PID=238) to work on /home/airflow/.local/lib/python3.7/site-packages/airflow/example_dags/example_branch_python_dop_operator_3.py
[2022-02-07 17:23:38,447] {processor.py:642} INFO - Processing file /home/airflow/.local/lib/python3.7/site-packages/airflow/example_dags/example_branch_python_dop_operator_3.py for tasks to queue
[2022-02-07 17:23:38,449] {logging_mixin.py:109} INFO - [2022-02-07 17:23:38,449] {dagbag.py:500} INFO - Filling up the DagBag from /home/airflow/.local/lib/python3.7/site-packages/airflow/example_dags/example_branch_python_dop_operator_3.py
[2022-02-07 17:23:38,493] {processor.py:654} INFO - DAG(s) dict_keys(['example_branch_dop_operator_v3']) retrieved from /home/airflow/.local/lib/python3.7/site-packages/airflow/example_dags/example_branch_python_dop_operator_3.py
[2022-02-07 17:23:38,511] {logging_mixin.py:109} INFO - [2022-02-07 17:23:38,511] {dag.py:2396} INFO - Sync 1 DAGs
[2022-02-07 17:23:38,537] {logging_mixin.py:109} INFO - [2022-02-07 17:23:38,537] {dag.py:2935} INFO - Setting next_dagrun for example_branch_dop_operator_v3 to 2022-02-07T17:22:00+00:00
[2022-02-07 17:23:38,554] {processor.py:171} INFO - Processing /home/airflow/.local/lib/python3.7/site-packages/airflow/example_dags/example_branch_python_dop_operator_3.py took 0.116 seconds
[2022-02-07 17:24:09,188] {processor.py:163} INFO - Started process (PID=290) to work on /home/airflow/.local/lib/python3.7/site-packages/airflow/example_dags/example_branch_python_dop_operator_3.py
[2022-02-07 17:24:09,190] {processor.py:642} INFO - Processing file /home/airflow/.local/lib/python3.7/site-packages/airflow/example_dags/example_branch_python_dop_operator_3.py for tasks to queue
[2022-02-07 17:24:09,192] {logging_mixin.py:109} INFO - [2022-02-07 17:24:09,192] {dagbag.py:500} INFO - Filling up the DagBag from /home/airflow/.local/lib/python3.7/site-packages/airflow/example_dags/example_branch_python_dop_operator_3.py
[2022-02-07 17:24:09,230] {processor.py:654} INFO - DAG(s) dict_keys(['example_branch_dop_operator_v3']) retrieved from /home/airflow/.local/lib/python3.7/site-packages/airflow/example_dags/example_branch_python_dop_operator_3.py
[2022-02-07 17:24:09,247] {logging_mixin.py:109} INFO - [2022-02-07 17:24:09,247] {dag.py:2396} INFO - Sync 1 DAGs
[2022-02-07 17:24:09,281] {logging_mixin.py:109} INFO - [2022-02-07 17:24:09,281] {dag.py:2935} INFO - Setting next_dagrun for example_branch_dop_operator_v3 to 2022-02-07T17:23:00+00:00
[2022-02-07 17:24:09,305] {processor.py:171} INFO - Processing /home/airflow/.local/lib/python3.7/site-packages/airflow/example_dags/example_branch_python_dop_operator_3.py took 0.121 seconds
[2022-02-07 17:24:40,709] {processor.py:163} INFO - Started process (PID=351) to work on /home/airflow/.local/lib/python3.7/site-packages/airflow/example_dags/example_branch_python_dop_operator_3.py
[2022-02-07 17:24:40,714] {processor.py:642} INFO - Processing file /home/airflow/.local/lib/python3.7/site-packages/airflow/example_dags/example_branch_python_dop_operator_3.py for tasks to queue
[2022-02-07 17:24:40,717] {logging_mixin.py:109} INFO - [2022-02-07 17:24:40,717] {dagbag.py:500} INFO - Filling up the DagBag from /home/airflow/.local/lib/python3.7/site-packages/airflow/example_dags/example_branch_python_dop_operator_3.py
[2022-02-07 17:24:40,822] {processor.py:654} INFO - DAG(s) dict_keys(['example_branch_dop_operator_v3']) retrieved from /home/airflow/.local/lib/python3.7/site-packages/airflow/example_dags/example_branch_python_dop_operator_3.py
[2022-02-07 17:24:40,846] {logging_mixin.py:109} INFO - [2022-02-07 17:24:40,845] {dag.py:2396} INFO - Sync 1 DAGs
[2022-02-07 17:24:40,942] {logging_mixin.py:109} INFO - [2022-02-07 17:24:40,942] {dag.py:2935} INFO - Setting next_dagrun for example_branch_dop_operator_v3 to 2022-02-07T17:23:00+00:00
[2022-02-07 17:24:40,968] {processor.py:171} INFO - Processing /home/airflow/.local/lib/python3.7/site-packages/airflow/example_dags/example_branch_python_dop_operator_3.py took 0.270 seconds
[2022-02-07 17:25:11,226] {processor.py:163} INFO - Started process (PID=403) to work on /home/airflow/.local/lib/python3.7/site-packages/airflow/example_dags/example_branch_python_dop_operator_3.py
[2022-02-07 17:25:11,228] {processor.py:642} INFO - Processing file /home/airflow/.local/lib/python3.7/site-packages/airflow/example_dags/example_branch_python_dop_operator_3.py for tasks to queue
[2022-02-07 17:25:11,230] {logging_mixin.py:109} INFO - [2022-02-07 17:25:11,230] {dagbag.py:500} INFO - Filling up the DagBag from /home/airflow/.local/lib/python3.7/site-packages/airflow/example_dags/example_branch_python_dop_operator_3.py
[2022-02-07 17:25:11,305] {processor.py:654} INFO - DAG(s) dict_keys(['example_branch_dop_operator_v3']) retrieved from /home/airflow/.local/lib/python3.7/site-packages/airflow/example_dags/example_branch_python_dop_operator_3.py
[2022-02-07 17:25:11,325] {logging_mixin.py:109} INFO - [2022-02-07 17:25:11,324] {dag.py:2396} INFO - Sync 1 DAGs
[2022-02-07 17:25:11,368] {logging_mixin.py:109} INFO - [2022-02-07 17:25:11,367] {dag.py:2935} INFO - Setting next_dagrun for example_branch_dop_operator_v3 to 2022-02-07T17:24:00+00:00
[2022-02-07 17:25:11,382] {processor.py:171} INFO - Processing /home/airflow/.local/lib/python3.7/site-packages/airflow/example_dags/example_branch_python_dop_operator_3.py took 0.162 seconds
[2022-02-07 17:25:41,783] {processor.py:163} INFO - Started process (PID=454) to work on /home/airflow/.local/lib/python3.7/site-packages/airflow/example_dags/example_branch_python_dop_operator_3.py
[2022-02-07 17:25:41,788] {processor.py:642} INFO - Processing file /home/airflow/.local/lib/python3.7/site-packages/airflow/example_dags/example_branch_python_dop_operator_3.py for tasks to queue
[2022-02-07 17:25:41,791] {logging_mixin.py:109} INFO - [2022-02-07 17:25:41,790] {dagbag.py:500} INFO - Filling up the DagBag from /home/airflow/.local/lib/python3.7/site-packages/airflow/example_dags/example_branch_python_dop_operator_3.py
[2022-02-07 17:25:41,849] {processor.py:654} INFO - DAG(s) dict_keys(['example_branch_dop_operator_v3']) retrieved from /home/airflow/.local/lib/python3.7/site-packages/airflow/example_dags/example_branch_python_dop_operator_3.py
[2022-02-07 17:25:41,873] {logging_mixin.py:109} INFO - [2022-02-07 17:25:41,873] {dag.py:2396} INFO - Sync 1 DAGs
[2022-02-07 17:25:41,925] {logging_mixin.py:109} INFO - [2022-02-07 17:25:41,925] {dag.py:2935} INFO - Setting next_dagrun for example_branch_dop_operator_v3 to 2022-02-07T17:24:00+00:00
[2022-02-07 17:25:41,952] {processor.py:171} INFO - Processing /home/airflow/.local/lib/python3.7/site-packages/airflow/example_dags/example_branch_python_dop_operator_3.py took 0.178 seconds
[2022-02-07 17:26:12,869] {processor.py:163} INFO - Started process (PID=508) to work on /home/airflow/.local/lib/python3.7/site-packages/airflow/example_dags/example_branch_python_dop_operator_3.py
[2022-02-07 17:26:12,872] {processor.py:642} INFO - Processing file /home/airflow/.local/lib/python3.7/site-packages/airflow/example_dags/example_branch_python_dop_operator_3.py for tasks to queue
[2022-02-07 17:26:12,873] {logging_mixin.py:109} INFO - [2022-02-07 17:26:12,873] {dagbag.py:500} INFO - Filling up the DagBag from /home/airflow/.local/lib/python3.7/site-packages/airflow/example_dags/example_branch_python_dop_operator_3.py
[2022-02-07 17:26:12,957] {processor.py:654} INFO - DAG(s) dict_keys(['example_branch_dop_operator_v3']) retrieved from /home/airflow/.local/lib/python3.7/site-packages/airflow/example_dags/example_branch_python_dop_operator_3.py
[2022-02-07 17:26:12,997] {logging_mixin.py:109} INFO - [2022-02-07 17:26:12,996] {dag.py:2396} INFO - Sync 1 DAGs
[2022-02-07 17:26:13,061] {logging_mixin.py:109} INFO - [2022-02-07 17:26:13,060] {dag.py:2935} INFO - Setting next_dagrun for example_branch_dop_operator_v3 to 2022-02-07T17:25:00+00:00
[2022-02-07 17:26:13,099] {processor.py:171} INFO - Processing /home/airflow/.local/lib/python3.7/site-packages/airflow/example_dags/example_branch_python_dop_operator_3.py took 0.233 seconds
[2022-02-07 17:26:43,835] {processor.py:163} INFO - Started process (PID=568) to work on /home/airflow/.local/lib/python3.7/site-packages/airflow/example_dags/example_branch_python_dop_operator_3.py
[2022-02-07 17:26:43,839] {processor.py:642} INFO - Processing file /home/airflow/.local/lib/python3.7/site-packages/airflow/example_dags/example_branch_python_dop_operator_3.py for tasks to queue
[2022-02-07 17:26:43,849] {logging_mixin.py:109} INFO - [2022-02-07 17:26:43,848] {dagbag.py:500} INFO - Filling up the DagBag from /home/airflow/.local/lib/python3.7/site-packages/airflow/example_dags/example_branch_python_dop_operator_3.py
[2022-02-07 17:26:43,921] {processor.py:654} INFO - DAG(s) dict_keys(['example_branch_dop_operator_v3']) retrieved from /home/airflow/.local/lib/python3.7/site-packages/airflow/example_dags/example_branch_python_dop_operator_3.py
[2022-02-07 17:26:43,943] {logging_mixin.py:109} INFO - [2022-02-07 17:26:43,943] {dag.py:2396} INFO - Sync 1 DAGs
[2022-02-07 17:26:43,989] {logging_mixin.py:109} INFO - [2022-02-07 17:26:43,989] {dag.py:2935} INFO - Setting next_dagrun for example_branch_dop_operator_v3 to 2022-02-07T17:25:00+00:00
[2022-02-07 17:26:44,005] {processor.py:171} INFO - Processing /home/airflow/.local/lib/python3.7/site-packages/airflow/example_dags/example_branch_python_dop_operator_3.py took 0.183 seconds
[2022-02-07 17:27:14,103] {processor.py:163} INFO - Started process (PID=620) to work on /home/airflow/.local/lib/python3.7/site-packages/airflow/example_dags/example_branch_python_dop_operator_3.py
[2022-02-07 17:27:14,108] {processor.py:642} INFO - Processing file /home/airflow/.local/lib/python3.7/site-packages/airflow/example_dags/example_branch_python_dop_operator_3.py for tasks to queue
[2022-02-07 17:27:14,109] {logging_mixin.py:109} INFO - [2022-02-07 17:27:14,109] {dagbag.py:500} INFO - Filling up the DagBag from /home/airflow/.local/lib/python3.7/site-packages/airflow/example_dags/example_branch_python_dop_operator_3.py
[2022-02-07 17:27:14,184] {processor.py:654} INFO - DAG(s) dict_keys(['example_branch_dop_operator_v3']) retrieved from /home/airflow/.local/lib/python3.7/site-packages/airflow/example_dags/example_branch_python_dop_operator_3.py
[2022-02-07 17:27:14,206] {logging_mixin.py:109} INFO - [2022-02-07 17:27:14,206] {dag.py:2396} INFO - Sync 1 DAGs
[2022-02-07 17:27:14,233] {logging_mixin.py:109} INFO - [2022-02-07 17:27:14,233] {dag.py:2935} INFO - Setting next_dagrun for example_branch_dop_operator_v3 to 2022-02-07T17:26:00+00:00
[2022-02-07 17:27:14,258] {processor.py:171} INFO - Processing /home/airflow/.local/lib/python3.7/site-packages/airflow/example_dags/example_branch_python_dop_operator_3.py took 0.165 seconds
[2022-02-07 17:27:44,718] {processor.py:163} INFO - Started process (PID=674) to work on /home/airflow/.local/lib/python3.7/site-packages/airflow/example_dags/example_branch_python_dop_operator_3.py
[2022-02-07 17:27:44,720] {processor.py:642} INFO - Processing file /home/airflow/.local/lib/python3.7/site-packages/airflow/example_dags/example_branch_python_dop_operator_3.py for tasks to queue
[2022-02-07 17:27:44,722] {logging_mixin.py:109} INFO - [2022-02-07 17:27:44,722] {dagbag.py:500} INFO - Filling up the DagBag from /home/airflow/.local/lib/python3.7/site-packages/airflow/example_dags/example_branch_python_dop_operator_3.py
[2022-02-07 17:27:44,802] {processor.py:654} INFO - DAG(s) dict_keys(['example_branch_dop_operator_v3']) retrieved from /home/airflow/.local/lib/python3.7/site-packages/airflow/example_dags/example_branch_python_dop_operator_3.py
[2022-02-07 17:27:44,840] {logging_mixin.py:109} INFO - [2022-02-07 17:27:44,839] {dag.py:2396} INFO - Sync 1 DAGs
[2022-02-07 17:27:44,895] {logging_mixin.py:109} INFO - [2022-02-07 17:27:44,895] {dag.py:2935} INFO - Setting next_dagrun for example_branch_dop_operator_v3 to 2022-02-07T17:26:00+00:00
[2022-02-07 17:27:44,921] {processor.py:171} INFO - Processing /home/airflow/.local/lib/python3.7/site-packages/airflow/example_dags/example_branch_python_dop_operator_3.py took 0.210 seconds
[2022-02-07 17:28:15,451] {processor.py:163} INFO - Started process (PID=731) to work on /home/airflow/.local/lib/python3.7/site-packages/airflow/example_dags/example_branch_python_dop_operator_3.py
[2022-02-07 17:28:15,453] {processor.py:642} INFO - Processing file /home/airflow/.local/lib/python3.7/site-packages/airflow/example_dags/example_branch_python_dop_operator_3.py for tasks to queue
[2022-02-07 17:28:15,455] {logging_mixin.py:109} INFO - [2022-02-07 17:28:15,455] {dagbag.py:500} INFO - Filling up the DagBag from /home/airflow/.local/lib/python3.7/site-packages/airflow/example_dags/example_branch_python_dop_operator_3.py
[2022-02-07 17:28:15,520] {processor.py:654} INFO - DAG(s) dict_keys(['example_branch_dop_operator_v3']) retrieved from /home/airflow/.local/lib/python3.7/site-packages/airflow/example_dags/example_branch_python_dop_operator_3.py
[2022-02-07 17:28:15,544] {logging_mixin.py:109} INFO - [2022-02-07 17:28:15,544] {dag.py:2396} INFO - Sync 1 DAGs
[2022-02-07 17:28:15,597] {logging_mixin.py:109} INFO - [2022-02-07 17:28:15,597] {dag.py:2935} INFO - Setting next_dagrun for example_branch_dop_operator_v3 to 2022-02-07T17:27:00+00:00
[2022-02-07 17:28:15,636] {processor.py:171} INFO - Processing /home/airflow/.local/lib/python3.7/site-packages/airflow/example_dags/example_branch_python_dop_operator_3.py took 0.194 seconds
[2022-02-07 17:28:45,689] {processor.py:163} INFO - Started process (PID=782) to work on /home/airflow/.local/lib/python3.7/site-packages/airflow/example_dags/example_branch_python_dop_operator_3.py
[2022-02-07 17:28:45,691] {processor.py:642} INFO - Processing file /home/airflow/.local/lib/python3.7/site-packages/airflow/example_dags/example_branch_python_dop_operator_3.py for tasks to queue
[2022-02-07 17:28:45,693] {logging_mixin.py:109} INFO - [2022-02-07 17:28:45,692] {dagbag.py:500} INFO - Filling up the DagBag from /home/airflow/.local/lib/python3.7/site-packages/airflow/example_dags/example_branch_python_dop_operator_3.py
[2022-02-07 17:28:45,744] {processor.py:654} INFO - DAG(s) dict_keys(['example_branch_dop_operator_v3']) retrieved from /home/airflow/.local/lib/python3.7/site-packages/airflow/example_dags/example_branch_python_dop_operator_3.py
[2022-02-07 17:28:45,769] {logging_mixin.py:109} INFO - [2022-02-07 17:28:45,769] {dag.py:2396} INFO - Sync 1 DAGs
[2022-02-07 17:28:45,801] {logging_mixin.py:109} INFO - [2022-02-07 17:28:45,801] {dag.py:2935} INFO - Setting next_dagrun for example_branch_dop_operator_v3 to 2022-02-07T17:27:00+00:00
[2022-02-07 17:28:45,830] {processor.py:171} INFO - Processing /home/airflow/.local/lib/python3.7/site-packages/airflow/example_dags/example_branch_python_dop_operator_3.py took 0.145 seconds
[2022-02-07 17:29:17,018] {processor.py:163} INFO - Started process (PID=856) to work on /home/airflow/.local/lib/python3.7/site-packages/airflow/example_dags/example_branch_python_dop_operator_3.py
[2022-02-07 17:29:17,020] {processor.py:642} INFO - Processing file /home/airflow/.local/lib/python3.7/site-packages/airflow/example_dags/example_branch_python_dop_operator_3.py for tasks to queue
[2022-02-07 17:29:17,023] {logging_mixin.py:109} INFO - [2022-02-07 17:29:17,023] {dagbag.py:500} INFO - Filling up the DagBag from /home/airflow/.local/lib/python3.7/site-packages/airflow/example_dags/example_branch_python_dop_operator_3.py
[2022-02-07 17:29:17,081] {processor.py:654} INFO - DAG(s) dict_keys(['example_branch_dop_operator_v3']) retrieved from /home/airflow/.local/lib/python3.7/site-packages/airflow/example_dags/example_branch_python_dop_operator_3.py
[2022-02-07 17:29:17,108] {logging_mixin.py:109} INFO - [2022-02-07 17:29:17,107] {dag.py:2396} INFO - Sync 1 DAGs
[2022-02-07 17:29:17,140] {logging_mixin.py:109} INFO - [2022-02-07 17:29:17,140] {dag.py:2935} INFO - Setting next_dagrun for example_branch_dop_operator_v3 to 2022-02-07T17:28:00+00:00
[2022-02-07 17:29:17,160] {processor.py:171} INFO - Processing /home/airflow/.local/lib/python3.7/site-packages/airflow/example_dags/example_branch_python_dop_operator_3.py took 0.146 seconds
[2022-02-07 17:29:47,280] {processor.py:163} INFO - Started process (PID=914) to work on /home/airflow/.local/lib/python3.7/site-packages/airflow/example_dags/example_branch_python_dop_operator_3.py
[2022-02-07 17:29:47,292] {processor.py:642} INFO - Processing file /home/airflow/.local/lib/python3.7/site-packages/airflow/example_dags/example_branch_python_dop_operator_3.py for tasks to queue
[2022-02-07 17:29:47,304] {logging_mixin.py:109} INFO - [2022-02-07 17:29:47,301] {dagbag.py:500} INFO - Filling up the DagBag from /home/airflow/.local/lib/python3.7/site-packages/airflow/example_dags/example_branch_python_dop_operator_3.py
[2022-02-07 17:29:47,383] {processor.py:654} INFO - DAG(s) dict_keys(['example_branch_dop_operator_v3']) retrieved from /home/airflow/.local/lib/python3.7/site-packages/airflow/example_dags/example_branch_python_dop_operator_3.py
[2022-02-07 17:29:47,408] {logging_mixin.py:109} INFO - [2022-02-07 17:29:47,407] {dag.py:2396} INFO - Sync 1 DAGs
[2022-02-07 17:29:47,456] {logging_mixin.py:109} INFO - [2022-02-07 17:29:47,455] {dag.py:2935} INFO - Setting next_dagrun for example_branch_dop_operator_v3 to 2022-02-07T17:28:00+00:00
[2022-02-07 17:29:47,486] {processor.py:171} INFO - Processing /home/airflow/.local/lib/python3.7/site-packages/airflow/example_dags/example_branch_python_dop_operator_3.py took 0.232 seconds
[2022-02-07 17:30:18,232] {processor.py:163} INFO - Started process (PID=973) to work on /home/airflow/.local/lib/python3.7/site-packages/airflow/example_dags/example_branch_python_dop_operator_3.py
[2022-02-07 17:30:18,236] {processor.py:642} INFO - Processing file /home/airflow/.local/lib/python3.7/site-packages/airflow/example_dags/example_branch_python_dop_operator_3.py for tasks to queue
[2022-02-07 17:30:18,239] {logging_mixin.py:109} INFO - [2022-02-07 17:30:18,238] {dagbag.py:500} INFO - Filling up the DagBag from /home/airflow/.local/lib/python3.7/site-packages/airflow/example_dags/example_branch_python_dop_operator_3.py
[2022-02-07 17:30:18,341] {processor.py:654} INFO - DAG(s) dict_keys(['example_branch_dop_operator_v3']) retrieved from /home/airflow/.local/lib/python3.7/site-packages/airflow/example_dags/example_branch_python_dop_operator_3.py
[2022-02-07 17:30:18,362] {logging_mixin.py:109} INFO - [2022-02-07 17:30:18,361] {dag.py:2396} INFO - Sync 1 DAGs
[2022-02-07 17:30:18,422] {logging_mixin.py:109} INFO - [2022-02-07 17:30:18,422] {dag.py:2935} INFO - Setting next_dagrun for example_branch_dop_operator_v3 to 2022-02-07T17:29:00+00:00
[2022-02-07 17:30:18,467] {processor.py:171} INFO - Processing /home/airflow/.local/lib/python3.7/site-packages/airflow/example_dags/example_branch_python_dop_operator_3.py took 0.248 seconds
[2022-02-07 17:30:49,069] {processor.py:163} INFO - Started process (PID=1026) to work on /home/airflow/.local/lib/python3.7/site-packages/airflow/example_dags/example_branch_python_dop_operator_3.py
[2022-02-07 17:30:49,071] {processor.py:642} INFO - Processing file /home/airflow/.local/lib/python3.7/site-packages/airflow/example_dags/example_branch_python_dop_operator_3.py for tasks to queue
[2022-02-07 17:30:49,073] {logging_mixin.py:109} INFO - [2022-02-07 17:30:49,073] {dagbag.py:500} INFO - Filling up the DagBag from /home/airflow/.local/lib/python3.7/site-packages/airflow/example_dags/example_branch_python_dop_operator_3.py
[2022-02-07 17:30:49,114] {processor.py:654} INFO - DAG(s) dict_keys(['example_branch_dop_operator_v3']) retrieved from /home/airflow/.local/lib/python3.7/site-packages/airflow/example_dags/example_branch_python_dop_operator_3.py
[2022-02-07 17:30:49,131] {logging_mixin.py:109} INFO - [2022-02-07 17:30:49,130] {dag.py:2396} INFO - Sync 1 DAGs
[2022-02-07 17:30:49,156] {logging_mixin.py:109} INFO - [2022-02-07 17:30:49,156] {dag.py:2935} INFO - Setting next_dagrun for example_branch_dop_operator_v3 to 2022-02-07T17:29:00+00:00
[2022-02-07 17:30:49,169] {processor.py:171} INFO - Processing /home/airflow/.local/lib/python3.7/site-packages/airflow/example_dags/example_branch_python_dop_operator_3.py took 0.106 seconds
[2022-02-07 17:31:20,068] {processor.py:163} INFO - Started process (PID=1080) to work on /home/airflow/.local/lib/python3.7/site-packages/airflow/example_dags/example_branch_python_dop_operator_3.py
[2022-02-07 17:31:20,071] {processor.py:642} INFO - Processing file /home/airflow/.local/lib/python3.7/site-packages/airflow/example_dags/example_branch_python_dop_operator_3.py for tasks to queue
[2022-02-07 17:31:20,073] {logging_mixin.py:109} INFO - [2022-02-07 17:31:20,073] {dagbag.py:500} INFO - Filling up the DagBag from /home/airflow/.local/lib/python3.7/site-packages/airflow/example_dags/example_branch_python_dop_operator_3.py
[2022-02-07 17:31:20,115] {processor.py:654} INFO - DAG(s) dict_keys(['example_branch_dop_operator_v3']) retrieved from /home/airflow/.local/lib/python3.7/site-packages/airflow/example_dags/example_branch_python_dop_operator_3.py
[2022-02-07 17:31:20,128] {logging_mixin.py:109} INFO - [2022-02-07 17:31:20,128] {dag.py:2396} INFO - Sync 1 DAGs
[2022-02-07 17:31:20,158] {logging_mixin.py:109} INFO - [2022-02-07 17:31:20,158] {dag.py:2935} INFO - Setting next_dagrun for example_branch_dop_operator_v3 to 2022-02-07T17:30:00+00:00
[2022-02-07 17:31:20,174] {processor.py:171} INFO - Processing /home/airflow/.local/lib/python3.7/site-packages/airflow/example_dags/example_branch_python_dop_operator_3.py took 0.110 seconds
[2022-02-07 17:31:50,358] {processor.py:163} INFO - Started process (PID=1140) to work on /home/airflow/.local/lib/python3.7/site-packages/airflow/example_dags/example_branch_python_dop_operator_3.py
[2022-02-07 17:31:50,364] {processor.py:642} INFO - Processing file /home/airflow/.local/lib/python3.7/site-packages/airflow/example_dags/example_branch_python_dop_operator_3.py for tasks to queue
[2022-02-07 17:31:50,368] {logging_mixin.py:109} INFO - [2022-02-07 17:31:50,368] {dagbag.py:500} INFO - Filling up the DagBag from /home/airflow/.local/lib/python3.7/site-packages/airflow/example_dags/example_branch_python_dop_operator_3.py
[2022-02-07 17:31:50,476] {processor.py:654} INFO - DAG(s) dict_keys(['example_branch_dop_operator_v3']) retrieved from /home/airflow/.local/lib/python3.7/site-packages/airflow/example_dags/example_branch_python_dop_operator_3.py
[2022-02-07 17:31:50,509] {logging_mixin.py:109} INFO - [2022-02-07 17:31:50,509] {dag.py:2396} INFO - Sync 1 DAGs
[2022-02-07 17:31:50,578] {logging_mixin.py:109} INFO - [2022-02-07 17:31:50,577] {dag.py:2935} INFO - Setting next_dagrun for example_branch_dop_operator_v3 to 2022-02-07T17:30:00+00:00
[2022-02-07 17:31:50,613] {processor.py:171} INFO - Processing /home/airflow/.local/lib/python3.7/site-packages/airflow/example_dags/example_branch_python_dop_operator_3.py took 0.266 seconds
[2022-02-07 17:32:21,062] {processor.py:163} INFO - Started process (PID=1216) to work on /home/airflow/.local/lib/python3.7/site-packages/airflow/example_dags/example_branch_python_dop_operator_3.py
[2022-02-07 17:32:21,068] {processor.py:642} INFO - Processing file /home/airflow/.local/lib/python3.7/site-packages/airflow/example_dags/example_branch_python_dop_operator_3.py for tasks to queue
[2022-02-07 17:32:21,079] {logging_mixin.py:109} INFO - [2022-02-07 17:32:21,078] {dagbag.py:500} INFO - Filling up the DagBag from /home/airflow/.local/lib/python3.7/site-packages/airflow/example_dags/example_branch_python_dop_operator_3.py
[2022-02-07 17:32:21,174] {processor.py:654} INFO - DAG(s) dict_keys(['example_branch_dop_operator_v3']) retrieved from /home/airflow/.local/lib/python3.7/site-packages/airflow/example_dags/example_branch_python_dop_operator_3.py
[2022-02-07 17:32:21,261] {logging_mixin.py:109} INFO - [2022-02-07 17:32:21,260] {dag.py:2396} INFO - Sync 1 DAGs
[2022-02-07 17:32:21,332] {logging_mixin.py:109} INFO - [2022-02-07 17:32:21,332] {dag.py:2935} INFO - Setting next_dagrun for example_branch_dop_operator_v3 to 2022-02-07T17:31:00+00:00
[2022-02-07 17:32:21,370] {processor.py:171} INFO - Processing /home/airflow/.local/lib/python3.7/site-packages/airflow/example_dags/example_branch_python_dop_operator_3.py took 0.322 seconds
[2022-02-07 17:32:52,238] {processor.py:163} INFO - Started process (PID=1274) to work on /home/airflow/.local/lib/python3.7/site-packages/airflow/example_dags/example_branch_python_dop_operator_3.py
[2022-02-07 17:32:52,243] {processor.py:642} INFO - Processing file /home/airflow/.local/lib/python3.7/site-packages/airflow/example_dags/example_branch_python_dop_operator_3.py for tasks to queue
[2022-02-07 17:32:52,246] {logging_mixin.py:109} INFO - [2022-02-07 17:32:52,246] {dagbag.py:500} INFO - Filling up the DagBag from /home/airflow/.local/lib/python3.7/site-packages/airflow/example_dags/example_branch_python_dop_operator_3.py
[2022-02-07 17:32:52,310] {processor.py:654} INFO - DAG(s) dict_keys(['example_branch_dop_operator_v3']) retrieved from /home/airflow/.local/lib/python3.7/site-packages/airflow/example_dags/example_branch_python_dop_operator_3.py
[2022-02-07 17:32:52,329] {logging_mixin.py:109} INFO - [2022-02-07 17:32:52,329] {dag.py:2396} INFO - Sync 1 DAGs
[2022-02-07 17:32:52,406] {logging_mixin.py:109} INFO - [2022-02-07 17:32:52,406] {dag.py:2935} INFO - Setting next_dagrun for example_branch_dop_operator_v3 to 2022-02-07T17:31:00+00:00
[2022-02-07 17:32:52,433] {processor.py:171} INFO - Processing /home/airflow/.local/lib/python3.7/site-packages/airflow/example_dags/example_branch_python_dop_operator_3.py took 0.208 seconds
[2022-02-07 17:33:22,491] {processor.py:163} INFO - Started process (PID=1329) to work on /home/airflow/.local/lib/python3.7/site-packages/airflow/example_dags/example_branch_python_dop_operator_3.py
[2022-02-07 17:33:22,495] {processor.py:642} INFO - Processing file /home/airflow/.local/lib/python3.7/site-packages/airflow/example_dags/example_branch_python_dop_operator_3.py for tasks to queue
[2022-02-07 17:33:22,498] {logging_mixin.py:109} INFO - [2022-02-07 17:33:22,497] {dagbag.py:500} INFO - Filling up the DagBag from /home/airflow/.local/lib/python3.7/site-packages/airflow/example_dags/example_branch_python_dop_operator_3.py
[2022-02-07 17:33:22,573] {processor.py:654} INFO - DAG(s) dict_keys(['example_branch_dop_operator_v3']) retrieved from /home/airflow/.local/lib/python3.7/site-packages/airflow/example_dags/example_branch_python_dop_operator_3.py
[2022-02-07 17:33:22,618] {logging_mixin.py:109} INFO - [2022-02-07 17:33:22,618] {dag.py:2396} INFO - Sync 1 DAGs
[2022-02-07 17:33:22,667] {logging_mixin.py:109} INFO - [2022-02-07 17:33:22,667] {dag.py:2935} INFO - Setting next_dagrun for example_branch_dop_operator_v3 to 2022-02-07T17:32:00+00:00
[2022-02-07 17:33:22,699] {processor.py:171} INFO - Processing /home/airflow/.local/lib/python3.7/site-packages/airflow/example_dags/example_branch_python_dop_operator_3.py took 0.214 seconds
[2022-02-07 17:33:52,920] {processor.py:163} INFO - Started process (PID=1384) to work on /home/airflow/.local/lib/python3.7/site-packages/airflow/example_dags/example_branch_python_dop_operator_3.py
[2022-02-07 17:33:52,922] {processor.py:642} INFO - Processing file /home/airflow/.local/lib/python3.7/site-packages/airflow/example_dags/example_branch_python_dop_operator_3.py for tasks to queue
[2022-02-07 17:33:52,926] {logging_mixin.py:109} INFO - [2022-02-07 17:33:52,925] {dagbag.py:500} INFO - Filling up the DagBag from /home/airflow/.local/lib/python3.7/site-packages/airflow/example_dags/example_branch_python_dop_operator_3.py
[2022-02-07 17:33:52,995] {processor.py:654} INFO - DAG(s) dict_keys(['example_branch_dop_operator_v3']) retrieved from /home/airflow/.local/lib/python3.7/site-packages/airflow/example_dags/example_branch_python_dop_operator_3.py
[2022-02-07 17:33:53,015] {logging_mixin.py:109} INFO - [2022-02-07 17:33:53,015] {dag.py:2396} INFO - Sync 1 DAGs
[2022-02-07 17:33:53,055] {logging_mixin.py:109} INFO - [2022-02-07 17:33:53,055] {dag.py:2935} INFO - Setting next_dagrun for example_branch_dop_operator_v3 to 2022-02-07T17:32:00+00:00
[2022-02-07 17:33:53,094] {processor.py:171} INFO - Processing /home/airflow/.local/lib/python3.7/site-packages/airflow/example_dags/example_branch_python_dop_operator_3.py took 0.178 seconds
[2022-02-07 17:34:23,718] {processor.py:163} INFO - Started process (PID=1445) to work on /home/airflow/.local/lib/python3.7/site-packages/airflow/example_dags/example_branch_python_dop_operator_3.py
[2022-02-07 17:34:23,725] {processor.py:642} INFO - Processing file /home/airflow/.local/lib/python3.7/site-packages/airflow/example_dags/example_branch_python_dop_operator_3.py for tasks to queue
[2022-02-07 17:34:23,728] {logging_mixin.py:109} INFO - [2022-02-07 17:34:23,728] {dagbag.py:500} INFO - Filling up the DagBag from /home/airflow/.local/lib/python3.7/site-packages/airflow/example_dags/example_branch_python_dop_operator_3.py
[2022-02-07 17:34:23,820] {processor.py:654} INFO - DAG(s) dict_keys(['example_branch_dop_operator_v3']) retrieved from /home/airflow/.local/lib/python3.7/site-packages/airflow/example_dags/example_branch_python_dop_operator_3.py
[2022-02-07 17:34:23,925] {logging_mixin.py:109} INFO - [2022-02-07 17:34:23,925] {dag.py:2396} INFO - Sync 1 DAGs
[2022-02-07 17:34:24,002] {logging_mixin.py:109} INFO - [2022-02-07 17:34:24,002] {dag.py:2935} INFO - Setting next_dagrun for example_branch_dop_operator_v3 to 2022-02-07T17:33:00+00:00
[2022-02-07 17:34:24,035] {processor.py:171} INFO - Processing /home/airflow/.local/lib/python3.7/site-packages/airflow/example_dags/example_branch_python_dop_operator_3.py took 0.332 seconds
[2022-02-07 17:34:54,245] {processor.py:163} INFO - Started process (PID=1510) to work on /home/airflow/.local/lib/python3.7/site-packages/airflow/example_dags/example_branch_python_dop_operator_3.py
[2022-02-07 17:34:54,248] {processor.py:642} INFO - Processing file /home/airflow/.local/lib/python3.7/site-packages/airflow/example_dags/example_branch_python_dop_operator_3.py for tasks to queue
[2022-02-07 17:34:54,250] {logging_mixin.py:109} INFO - [2022-02-07 17:34:54,250] {dagbag.py:500} INFO - Filling up the DagBag from /home/airflow/.local/lib/python3.7/site-packages/airflow/example_dags/example_branch_python_dop_operator_3.py
[2022-02-07 17:34:54,301] {processor.py:654} INFO - DAG(s) dict_keys(['example_branch_dop_operator_v3']) retrieved from /home/airflow/.local/lib/python3.7/site-packages/airflow/example_dags/example_branch_python_dop_operator_3.py
[2022-02-07 17:34:54,320] {logging_mixin.py:109} INFO - [2022-02-07 17:34:54,319] {dag.py:2396} INFO - Sync 1 DAGs
[2022-02-07 17:34:54,357] {logging_mixin.py:109} INFO - [2022-02-07 17:34:54,356] {dag.py:2935} INFO - Setting next_dagrun for example_branch_dop_operator_v3 to 2022-02-07T17:33:00+00:00
[2022-02-07 17:34:54,390] {processor.py:171} INFO - Processing /home/airflow/.local/lib/python3.7/site-packages/airflow/example_dags/example_branch_python_dop_operator_3.py took 0.149 seconds
[2022-02-07 17:35:24,843] {processor.py:163} INFO - Started process (PID=1562) to work on /home/airflow/.local/lib/python3.7/site-packages/airflow/example_dags/example_branch_python_dop_operator_3.py
[2022-02-07 17:35:24,846] {processor.py:642} INFO - Processing file /home/airflow/.local/lib/python3.7/site-packages/airflow/example_dags/example_branch_python_dop_operator_3.py for tasks to queue
[2022-02-07 17:35:24,848] {logging_mixin.py:109} INFO - [2022-02-07 17:35:24,848] {dagbag.py:500} INFO - Filling up the DagBag from /home/airflow/.local/lib/python3.7/site-packages/airflow/example_dags/example_branch_python_dop_operator_3.py
[2022-02-07 17:35:24,920] {processor.py:654} INFO - DAG(s) dict_keys(['example_branch_dop_operator_v3']) retrieved from /home/airflow/.local/lib/python3.7/site-packages/airflow/example_dags/example_branch_python_dop_operator_3.py
[2022-02-07 17:35:24,951] {logging_mixin.py:109} INFO - [2022-02-07 17:35:24,951] {dag.py:2396} INFO - Sync 1 DAGs
[2022-02-07 17:35:25,013] {logging_mixin.py:109} INFO - [2022-02-07 17:35:25,013] {dag.py:2935} INFO - Setting next_dagrun for example_branch_dop_operator_v3 to 2022-02-07T17:34:00+00:00
[2022-02-07 17:35:25,190] {processor.py:171} INFO - Processing /home/airflow/.local/lib/python3.7/site-packages/airflow/example_dags/example_branch_python_dop_operator_3.py took 0.355 seconds
[2022-02-07 17:35:55,640] {processor.py:163} INFO - Started process (PID=1616) to work on /home/airflow/.local/lib/python3.7/site-packages/airflow/example_dags/example_branch_python_dop_operator_3.py
[2022-02-07 17:35:55,643] {processor.py:642} INFO - Processing file /home/airflow/.local/lib/python3.7/site-packages/airflow/example_dags/example_branch_python_dop_operator_3.py for tasks to queue
[2022-02-07 17:35:55,645] {logging_mixin.py:109} INFO - [2022-02-07 17:35:55,645] {dagbag.py:500} INFO - Filling up the DagBag from /home/airflow/.local/lib/python3.7/site-packages/airflow/example_dags/example_branch_python_dop_operator_3.py
[2022-02-07 17:35:55,715] {processor.py:654} INFO - DAG(s) dict_keys(['example_branch_dop_operator_v3']) retrieved from /home/airflow/.local/lib/python3.7/site-packages/airflow/example_dags/example_branch_python_dop_operator_3.py
[2022-02-07 17:35:55,748] {logging_mixin.py:109} INFO - [2022-02-07 17:35:55,748] {dag.py:2396} INFO - Sync 1 DAGs
[2022-02-07 17:35:55,912] {logging_mixin.py:109} INFO - [2022-02-07 17:35:55,912] {dag.py:2935} INFO - Setting next_dagrun for example_branch_dop_operator_v3 to 2022-02-07T17:34:00+00:00
[2022-02-07 17:35:55,930] {processor.py:171} INFO - Processing /home/airflow/.local/lib/python3.7/site-packages/airflow/example_dags/example_branch_python_dop_operator_3.py took 0.300 seconds
[2022-02-07 17:36:26,281] {processor.py:163} INFO - Started process (PID=1669) to work on /home/airflow/.local/lib/python3.7/site-packages/airflow/example_dags/example_branch_python_dop_operator_3.py
[2022-02-07 17:36:26,284] {processor.py:642} INFO - Processing file /home/airflow/.local/lib/python3.7/site-packages/airflow/example_dags/example_branch_python_dop_operator_3.py for tasks to queue
[2022-02-07 17:36:26,287] {logging_mixin.py:109} INFO - [2022-02-07 17:36:26,286] {dagbag.py:500} INFO - Filling up the DagBag from /home/airflow/.local/lib/python3.7/site-packages/airflow/example_dags/example_branch_python_dop_operator_3.py
[2022-02-07 17:36:26,353] {processor.py:654} INFO - DAG(s) dict_keys(['example_branch_dop_operator_v3']) retrieved from /home/airflow/.local/lib/python3.7/site-packages/airflow/example_dags/example_branch_python_dop_operator_3.py
[2022-02-07 17:36:26,378] {logging_mixin.py:109} INFO - [2022-02-07 17:36:26,378] {dag.py:2396} INFO - Sync 1 DAGs
[2022-02-07 17:36:26,528] {logging_mixin.py:109} INFO - [2022-02-07 17:36:26,528] {dag.py:2935} INFO - Setting next_dagrun for example_branch_dop_operator_v3 to 2022-02-07T17:35:00+00:00
[2022-02-07 17:36:26,548] {processor.py:171} INFO - Processing /home/airflow/.local/lib/python3.7/site-packages/airflow/example_dags/example_branch_python_dop_operator_3.py took 0.274 seconds
[2022-02-07 17:36:57,413] {processor.py:163} INFO - Started process (PID=1723) to work on /home/airflow/.local/lib/python3.7/site-packages/airflow/example_dags/example_branch_python_dop_operator_3.py
[2022-02-07 17:36:57,416] {processor.py:642} INFO - Processing file /home/airflow/.local/lib/python3.7/site-packages/airflow/example_dags/example_branch_python_dop_operator_3.py for tasks to queue
[2022-02-07 17:36:57,419] {logging_mixin.py:109} INFO - [2022-02-07 17:36:57,418] {dagbag.py:500} INFO - Filling up the DagBag from /home/airflow/.local/lib/python3.7/site-packages/airflow/example_dags/example_branch_python_dop_operator_3.py
[2022-02-07 17:36:57,495] {processor.py:654} INFO - DAG(s) dict_keys(['example_branch_dop_operator_v3']) retrieved from /home/airflow/.local/lib/python3.7/site-packages/airflow/example_dags/example_branch_python_dop_operator_3.py
[2022-02-07 17:36:57,532] {logging_mixin.py:109} INFO - [2022-02-07 17:36:57,531] {dag.py:2396} INFO - Sync 1 DAGs
[2022-02-07 17:36:57,729] {logging_mixin.py:109} INFO - [2022-02-07 17:36:57,729] {dag.py:2935} INFO - Setting next_dagrun for example_branch_dop_operator_v3 to 2022-02-07T17:35:00+00:00
[2022-02-07 17:36:57,763] {processor.py:171} INFO - Processing /home/airflow/.local/lib/python3.7/site-packages/airflow/example_dags/example_branch_python_dop_operator_3.py took 0.356 seconds
[2022-02-07 17:37:28,378] {processor.py:163} INFO - Started process (PID=1775) to work on /home/airflow/.local/lib/python3.7/site-packages/airflow/example_dags/example_branch_python_dop_operator_3.py
[2022-02-07 17:37:28,383] {processor.py:642} INFO - Processing file /home/airflow/.local/lib/python3.7/site-packages/airflow/example_dags/example_branch_python_dop_operator_3.py for tasks to queue
[2022-02-07 17:37:28,386] {logging_mixin.py:109} INFO - [2022-02-07 17:37:28,386] {dagbag.py:500} INFO - Filling up the DagBag from /home/airflow/.local/lib/python3.7/site-packages/airflow/example_dags/example_branch_python_dop_operator_3.py
[2022-02-07 17:37:28,447] {processor.py:654} INFO - DAG(s) dict_keys(['example_branch_dop_operator_v3']) retrieved from /home/airflow/.local/lib/python3.7/site-packages/airflow/example_dags/example_branch_python_dop_operator_3.py
[2022-02-07 17:37:28,472] {logging_mixin.py:109} INFO - [2022-02-07 17:37:28,472] {dag.py:2396} INFO - Sync 1 DAGs
[2022-02-07 17:37:28,666] {logging_mixin.py:109} INFO - [2022-02-07 17:37:28,665] {dag.py:2935} INFO - Setting next_dagrun for example_branch_dop_operator_v3 to 2022-02-07T17:36:00+00:00
[2022-02-07 17:37:28,691] {processor.py:171} INFO - Processing /home/airflow/.local/lib/python3.7/site-packages/airflow/example_dags/example_branch_python_dop_operator_3.py took 0.326 seconds
[2022-02-07 17:37:59,634] {processor.py:163} INFO - Started process (PID=1837) to work on /home/airflow/.local/lib/python3.7/site-packages/airflow/example_dags/example_branch_python_dop_operator_3.py
[2022-02-07 17:37:59,637] {processor.py:642} INFO - Processing file /home/airflow/.local/lib/python3.7/site-packages/airflow/example_dags/example_branch_python_dop_operator_3.py for tasks to queue
[2022-02-07 17:37:59,639] {logging_mixin.py:109} INFO - [2022-02-07 17:37:59,639] {dagbag.py:500} INFO - Filling up the DagBag from /home/airflow/.local/lib/python3.7/site-packages/airflow/example_dags/example_branch_python_dop_operator_3.py
[2022-02-07 17:37:59,814] {processor.py:654} INFO - DAG(s) dict_keys(['example_branch_dop_operator_v3']) retrieved from /home/airflow/.local/lib/python3.7/site-packages/airflow/example_dags/example_branch_python_dop_operator_3.py
[2022-02-07 17:37:59,830] {logging_mixin.py:109} INFO - [2022-02-07 17:37:59,830] {dag.py:2396} INFO - Sync 1 DAGs
[2022-02-07 17:37:59,862] {logging_mixin.py:109} INFO - [2022-02-07 17:37:59,862] {dag.py:2935} INFO - Setting next_dagrun for example_branch_dop_operator_v3 to 2022-02-07T17:36:00+00:00
[2022-02-07 17:37:59,877] {processor.py:171} INFO - Processing /home/airflow/.local/lib/python3.7/site-packages/airflow/example_dags/example_branch_python_dop_operator_3.py took 0.248 seconds
[2022-02-07 17:38:30,657] {processor.py:163} INFO - Started process (PID=1892) to work on /home/airflow/.local/lib/python3.7/site-packages/airflow/example_dags/example_branch_python_dop_operator_3.py
[2022-02-07 17:38:30,661] {processor.py:642} INFO - Processing file /home/airflow/.local/lib/python3.7/site-packages/airflow/example_dags/example_branch_python_dop_operator_3.py for tasks to queue
[2022-02-07 17:38:30,664] {logging_mixin.py:109} INFO - [2022-02-07 17:38:30,664] {dagbag.py:500} INFO - Filling up the DagBag from /home/airflow/.local/lib/python3.7/site-packages/airflow/example_dags/example_branch_python_dop_operator_3.py
[2022-02-07 17:38:30,890] {processor.py:654} INFO - DAG(s) dict_keys(['example_branch_dop_operator_v3']) retrieved from /home/airflow/.local/lib/python3.7/site-packages/airflow/example_dags/example_branch_python_dop_operator_3.py
[2022-02-07 17:38:30,914] {logging_mixin.py:109} INFO - [2022-02-07 17:38:30,914] {dag.py:2396} INFO - Sync 1 DAGs
[2022-02-07 17:38:30,959] {logging_mixin.py:109} INFO - [2022-02-07 17:38:30,959] {dag.py:2935} INFO - Setting next_dagrun for example_branch_dop_operator_v3 to 2022-02-07T17:37:00+00:00
[2022-02-07 17:38:30,982] {processor.py:171} INFO - Processing /home/airflow/.local/lib/python3.7/site-packages/airflow/example_dags/example_branch_python_dop_operator_3.py took 0.332 seconds
[2022-02-07 17:39:01,307] {processor.py:163} INFO - Started process (PID=1947) to work on /home/airflow/.local/lib/python3.7/site-packages/airflow/example_dags/example_branch_python_dop_operator_3.py
[2022-02-07 17:39:01,310] {processor.py:642} INFO - Processing file /home/airflow/.local/lib/python3.7/site-packages/airflow/example_dags/example_branch_python_dop_operator_3.py for tasks to queue
[2022-02-07 17:39:01,312] {logging_mixin.py:109} INFO - [2022-02-07 17:39:01,312] {dagbag.py:500} INFO - Filling up the DagBag from /home/airflow/.local/lib/python3.7/site-packages/airflow/example_dags/example_branch_python_dop_operator_3.py
[2022-02-07 17:39:01,474] {processor.py:654} INFO - DAG(s) dict_keys(['example_branch_dop_operator_v3']) retrieved from /home/airflow/.local/lib/python3.7/site-packages/airflow/example_dags/example_branch_python_dop_operator_3.py
[2022-02-07 17:39:01,487] {logging_mixin.py:109} INFO - [2022-02-07 17:39:01,487] {dag.py:2396} INFO - Sync 1 DAGs
[2022-02-07 17:39:01,513] {logging_mixin.py:109} INFO - [2022-02-07 17:39:01,513] {dag.py:2935} INFO - Setting next_dagrun for example_branch_dop_operator_v3 to 2022-02-07T17:38:00+00:00
[2022-02-07 17:39:01,526] {processor.py:171} INFO - Processing /home/airflow/.local/lib/python3.7/site-packages/airflow/example_dags/example_branch_python_dop_operator_3.py took 0.232 seconds
