[2022-02-07 17:23:19,485] {processor.py:163} INFO - Started process (PID=158) to work on /home/airflow/.local/lib/python3.7/site-packages/airflow/example_dags/example_trigger_target_dag.py
[2022-02-07 17:23:19,488] {processor.py:642} INFO - Processing file /home/airflow/.local/lib/python3.7/site-packages/airflow/example_dags/example_trigger_target_dag.py for tasks to queue
[2022-02-07 17:23:19,490] {logging_mixin.py:109} INFO - [2022-02-07 17:23:19,490] {dagbag.py:500} INFO - Filling up the DagBag from /home/airflow/.local/lib/python3.7/site-packages/airflow/example_dags/example_trigger_target_dag.py
[2022-02-07 17:23:19,551] {processor.py:654} INFO - DAG(s) dict_keys(['example_trigger_target_dag']) retrieved from /home/airflow/.local/lib/python3.7/site-packages/airflow/example_dags/example_trigger_target_dag.py
[2022-02-07 17:23:21,746] {logging_mixin.py:109} INFO - [2022-02-07 17:23:21,746] {manager.py:496} INFO - Created Permission View: can read on DAG:example_trigger_target_dag
[2022-02-07 17:23:21,770] {logging_mixin.py:109} INFO - [2022-02-07 17:23:21,770] {manager.py:496} INFO - Created Permission View: can edit on DAG:example_trigger_target_dag
[2022-02-07 17:23:21,774] {logging_mixin.py:109} INFO - [2022-02-07 17:23:21,773] {dag.py:2396} INFO - Sync 1 DAGs
[2022-02-07 17:23:21,789] {logging_mixin.py:109} INFO - [2022-02-07 17:23:21,789] {dag.py:2415} INFO - Creating ORM DAG for example_trigger_target_dag
[2022-02-07 17:23:21,804] {logging_mixin.py:109} INFO - [2022-02-07 17:23:21,803] {dag.py:2935} INFO - Setting next_dagrun for example_trigger_target_dag to None
[2022-02-07 17:23:21,828] {processor.py:171} INFO - Processing /home/airflow/.local/lib/python3.7/site-packages/airflow/example_dags/example_trigger_target_dag.py took 2.348 seconds
[2022-02-07 17:23:52,108] {processor.py:163} INFO - Started process (PID=257) to work on /home/airflow/.local/lib/python3.7/site-packages/airflow/example_dags/example_trigger_target_dag.py
[2022-02-07 17:23:52,113] {processor.py:642} INFO - Processing file /home/airflow/.local/lib/python3.7/site-packages/airflow/example_dags/example_trigger_target_dag.py for tasks to queue
[2022-02-07 17:23:52,116] {logging_mixin.py:109} INFO - [2022-02-07 17:23:52,115] {dagbag.py:500} INFO - Filling up the DagBag from /home/airflow/.local/lib/python3.7/site-packages/airflow/example_dags/example_trigger_target_dag.py
[2022-02-07 17:23:52,174] {processor.py:654} INFO - DAG(s) dict_keys(['example_trigger_target_dag']) retrieved from /home/airflow/.local/lib/python3.7/site-packages/airflow/example_dags/example_trigger_target_dag.py
[2022-02-07 17:23:52,204] {logging_mixin.py:109} INFO - [2022-02-07 17:23:52,204] {dag.py:2396} INFO - Sync 1 DAGs
[2022-02-07 17:23:52,227] {logging_mixin.py:109} INFO - [2022-02-07 17:23:52,227] {dag.py:2935} INFO - Setting next_dagrun for example_trigger_target_dag to None
[2022-02-07 17:23:52,258] {processor.py:171} INFO - Processing /home/airflow/.local/lib/python3.7/site-packages/airflow/example_dags/example_trigger_target_dag.py took 0.167 seconds
[2022-02-07 17:24:22,355] {processor.py:163} INFO - Started process (PID=309) to work on /home/airflow/.local/lib/python3.7/site-packages/airflow/example_dags/example_trigger_target_dag.py
[2022-02-07 17:24:22,358] {processor.py:642} INFO - Processing file /home/airflow/.local/lib/python3.7/site-packages/airflow/example_dags/example_trigger_target_dag.py for tasks to queue
[2022-02-07 17:24:22,360] {logging_mixin.py:109} INFO - [2022-02-07 17:24:22,360] {dagbag.py:500} INFO - Filling up the DagBag from /home/airflow/.local/lib/python3.7/site-packages/airflow/example_dags/example_trigger_target_dag.py
[2022-02-07 17:24:22,400] {processor.py:654} INFO - DAG(s) dict_keys(['example_trigger_target_dag']) retrieved from /home/airflow/.local/lib/python3.7/site-packages/airflow/example_dags/example_trigger_target_dag.py
[2022-02-07 17:24:22,414] {logging_mixin.py:109} INFO - [2022-02-07 17:24:22,414] {dag.py:2396} INFO - Sync 1 DAGs
[2022-02-07 17:24:22,438] {logging_mixin.py:109} INFO - [2022-02-07 17:24:22,438] {dag.py:2935} INFO - Setting next_dagrun for example_trigger_target_dag to None
[2022-02-07 17:24:22,454] {processor.py:171} INFO - Processing /home/airflow/.local/lib/python3.7/site-packages/airflow/example_dags/example_trigger_target_dag.py took 0.103 seconds
[2022-02-07 17:24:52,802] {processor.py:163} INFO - Started process (PID=360) to work on /home/airflow/.local/lib/python3.7/site-packages/airflow/example_dags/example_trigger_target_dag.py
[2022-02-07 17:24:52,806] {processor.py:642} INFO - Processing file /home/airflow/.local/lib/python3.7/site-packages/airflow/example_dags/example_trigger_target_dag.py for tasks to queue
[2022-02-07 17:24:52,809] {logging_mixin.py:109} INFO - [2022-02-07 17:24:52,809] {dagbag.py:500} INFO - Filling up the DagBag from /home/airflow/.local/lib/python3.7/site-packages/airflow/example_dags/example_trigger_target_dag.py
[2022-02-07 17:24:52,866] {processor.py:654} INFO - DAG(s) dict_keys(['example_trigger_target_dag']) retrieved from /home/airflow/.local/lib/python3.7/site-packages/airflow/example_dags/example_trigger_target_dag.py
[2022-02-07 17:24:52,892] {logging_mixin.py:109} INFO - [2022-02-07 17:24:52,891] {dag.py:2396} INFO - Sync 1 DAGs
[2022-02-07 17:24:52,924] {logging_mixin.py:109} INFO - [2022-02-07 17:24:52,924] {dag.py:2935} INFO - Setting next_dagrun for example_trigger_target_dag to None
[2022-02-07 17:24:52,942] {processor.py:171} INFO - Processing /home/airflow/.local/lib/python3.7/site-packages/airflow/example_dags/example_trigger_target_dag.py took 0.149 seconds
[2022-02-07 17:25:23,291] {processor.py:163} INFO - Started process (PID=421) to work on /home/airflow/.local/lib/python3.7/site-packages/airflow/example_dags/example_trigger_target_dag.py
[2022-02-07 17:25:23,294] {processor.py:642} INFO - Processing file /home/airflow/.local/lib/python3.7/site-packages/airflow/example_dags/example_trigger_target_dag.py for tasks to queue
[2022-02-07 17:25:23,296] {logging_mixin.py:109} INFO - [2022-02-07 17:25:23,296] {dagbag.py:500} INFO - Filling up the DagBag from /home/airflow/.local/lib/python3.7/site-packages/airflow/example_dags/example_trigger_target_dag.py
[2022-02-07 17:25:23,348] {processor.py:654} INFO - DAG(s) dict_keys(['example_trigger_target_dag']) retrieved from /home/airflow/.local/lib/python3.7/site-packages/airflow/example_dags/example_trigger_target_dag.py
[2022-02-07 17:25:23,369] {logging_mixin.py:109} INFO - [2022-02-07 17:25:23,369] {dag.py:2396} INFO - Sync 1 DAGs
[2022-02-07 17:25:23,391] {logging_mixin.py:109} INFO - [2022-02-07 17:25:23,391] {dag.py:2935} INFO - Setting next_dagrun for example_trigger_target_dag to None
[2022-02-07 17:25:23,405] {processor.py:171} INFO - Processing /home/airflow/.local/lib/python3.7/site-packages/airflow/example_dags/example_trigger_target_dag.py took 0.120 seconds
[2022-02-07 17:25:53,647] {processor.py:163} INFO - Started process (PID=475) to work on /home/airflow/.local/lib/python3.7/site-packages/airflow/example_dags/example_trigger_target_dag.py
[2022-02-07 17:25:53,650] {processor.py:642} INFO - Processing file /home/airflow/.local/lib/python3.7/site-packages/airflow/example_dags/example_trigger_target_dag.py for tasks to queue
[2022-02-07 17:25:53,653] {logging_mixin.py:109} INFO - [2022-02-07 17:25:53,652] {dagbag.py:500} INFO - Filling up the DagBag from /home/airflow/.local/lib/python3.7/site-packages/airflow/example_dags/example_trigger_target_dag.py
[2022-02-07 17:25:53,710] {processor.py:654} INFO - DAG(s) dict_keys(['example_trigger_target_dag']) retrieved from /home/airflow/.local/lib/python3.7/site-packages/airflow/example_dags/example_trigger_target_dag.py
[2022-02-07 17:25:53,732] {logging_mixin.py:109} INFO - [2022-02-07 17:25:53,732] {dag.py:2396} INFO - Sync 1 DAGs
[2022-02-07 17:25:53,757] {logging_mixin.py:109} INFO - [2022-02-07 17:25:53,757] {dag.py:2935} INFO - Setting next_dagrun for example_trigger_target_dag to None
[2022-02-07 17:25:53,777] {processor.py:171} INFO - Processing /home/airflow/.local/lib/python3.7/site-packages/airflow/example_dags/example_trigger_target_dag.py took 0.135 seconds
[2022-02-07 17:26:23,838] {processor.py:163} INFO - Started process (PID=525) to work on /home/airflow/.local/lib/python3.7/site-packages/airflow/example_dags/example_trigger_target_dag.py
[2022-02-07 17:26:23,843] {processor.py:642} INFO - Processing file /home/airflow/.local/lib/python3.7/site-packages/airflow/example_dags/example_trigger_target_dag.py for tasks to queue
[2022-02-07 17:26:23,845] {logging_mixin.py:109} INFO - [2022-02-07 17:26:23,845] {dagbag.py:500} INFO - Filling up the DagBag from /home/airflow/.local/lib/python3.7/site-packages/airflow/example_dags/example_trigger_target_dag.py
[2022-02-07 17:26:23,919] {processor.py:654} INFO - DAG(s) dict_keys(['example_trigger_target_dag']) retrieved from /home/airflow/.local/lib/python3.7/site-packages/airflow/example_dags/example_trigger_target_dag.py
[2022-02-07 17:26:23,937] {logging_mixin.py:109} INFO - [2022-02-07 17:26:23,937] {dag.py:2396} INFO - Sync 1 DAGs
[2022-02-07 17:26:23,962] {logging_mixin.py:109} INFO - [2022-02-07 17:26:23,962] {dag.py:2935} INFO - Setting next_dagrun for example_trigger_target_dag to None
[2022-02-07 17:26:24,001] {processor.py:171} INFO - Processing /home/airflow/.local/lib/python3.7/site-packages/airflow/example_dags/example_trigger_target_dag.py took 0.168 seconds
[2022-02-07 17:26:54,227] {processor.py:163} INFO - Started process (PID=576) to work on /home/airflow/.local/lib/python3.7/site-packages/airflow/example_dags/example_trigger_target_dag.py
[2022-02-07 17:26:54,230] {processor.py:642} INFO - Processing file /home/airflow/.local/lib/python3.7/site-packages/airflow/example_dags/example_trigger_target_dag.py for tasks to queue
[2022-02-07 17:26:54,232] {logging_mixin.py:109} INFO - [2022-02-07 17:26:54,232] {dagbag.py:500} INFO - Filling up the DagBag from /home/airflow/.local/lib/python3.7/site-packages/airflow/example_dags/example_trigger_target_dag.py
[2022-02-07 17:26:54,273] {processor.py:654} INFO - DAG(s) dict_keys(['example_trigger_target_dag']) retrieved from /home/airflow/.local/lib/python3.7/site-packages/airflow/example_dags/example_trigger_target_dag.py
[2022-02-07 17:26:54,287] {logging_mixin.py:109} INFO - [2022-02-07 17:26:54,286] {dag.py:2396} INFO - Sync 1 DAGs
[2022-02-07 17:26:54,306] {logging_mixin.py:109} INFO - [2022-02-07 17:26:54,306] {dag.py:2935} INFO - Setting next_dagrun for example_trigger_target_dag to None
[2022-02-07 17:26:54,324] {processor.py:171} INFO - Processing /home/airflow/.local/lib/python3.7/site-packages/airflow/example_dags/example_trigger_target_dag.py took 0.103 seconds
[2022-02-07 17:27:24,623] {processor.py:163} INFO - Started process (PID=639) to work on /home/airflow/.local/lib/python3.7/site-packages/airflow/example_dags/example_trigger_target_dag.py
[2022-02-07 17:27:24,625] {processor.py:642} INFO - Processing file /home/airflow/.local/lib/python3.7/site-packages/airflow/example_dags/example_trigger_target_dag.py for tasks to queue
[2022-02-07 17:27:24,627] {logging_mixin.py:109} INFO - [2022-02-07 17:27:24,627] {dagbag.py:500} INFO - Filling up the DagBag from /home/airflow/.local/lib/python3.7/site-packages/airflow/example_dags/example_trigger_target_dag.py
[2022-02-07 17:27:24,675] {processor.py:654} INFO - DAG(s) dict_keys(['example_trigger_target_dag']) retrieved from /home/airflow/.local/lib/python3.7/site-packages/airflow/example_dags/example_trigger_target_dag.py
[2022-02-07 17:27:24,691] {logging_mixin.py:109} INFO - [2022-02-07 17:27:24,691] {dag.py:2396} INFO - Sync 1 DAGs
[2022-02-07 17:27:24,710] {logging_mixin.py:109} INFO - [2022-02-07 17:27:24,710] {dag.py:2935} INFO - Setting next_dagrun for example_trigger_target_dag to None
[2022-02-07 17:27:24,728] {processor.py:171} INFO - Processing /home/airflow/.local/lib/python3.7/site-packages/airflow/example_dags/example_trigger_target_dag.py took 0.111 seconds
[2022-02-07 17:27:55,096] {processor.py:163} INFO - Started process (PID=694) to work on /home/airflow/.local/lib/python3.7/site-packages/airflow/example_dags/example_trigger_target_dag.py
[2022-02-07 17:27:55,099] {processor.py:642} INFO - Processing file /home/airflow/.local/lib/python3.7/site-packages/airflow/example_dags/example_trigger_target_dag.py for tasks to queue
[2022-02-07 17:27:55,102] {logging_mixin.py:109} INFO - [2022-02-07 17:27:55,102] {dagbag.py:500} INFO - Filling up the DagBag from /home/airflow/.local/lib/python3.7/site-packages/airflow/example_dags/example_trigger_target_dag.py
[2022-02-07 17:27:55,157] {processor.py:654} INFO - DAG(s) dict_keys(['example_trigger_target_dag']) retrieved from /home/airflow/.local/lib/python3.7/site-packages/airflow/example_dags/example_trigger_target_dag.py
[2022-02-07 17:27:55,175] {logging_mixin.py:109} INFO - [2022-02-07 17:27:55,175] {dag.py:2396} INFO - Sync 1 DAGs
[2022-02-07 17:27:55,198] {logging_mixin.py:109} INFO - [2022-02-07 17:27:55,198] {dag.py:2935} INFO - Setting next_dagrun for example_trigger_target_dag to None
[2022-02-07 17:27:55,215] {processor.py:171} INFO - Processing /home/airflow/.local/lib/python3.7/site-packages/airflow/example_dags/example_trigger_target_dag.py took 0.124 seconds
[2022-02-07 17:28:25,644] {processor.py:163} INFO - Started process (PID=749) to work on /home/airflow/.local/lib/python3.7/site-packages/airflow/example_dags/example_trigger_target_dag.py
[2022-02-07 17:28:25,646] {processor.py:642} INFO - Processing file /home/airflow/.local/lib/python3.7/site-packages/airflow/example_dags/example_trigger_target_dag.py for tasks to queue
[2022-02-07 17:28:25,648] {logging_mixin.py:109} INFO - [2022-02-07 17:28:25,648] {dagbag.py:500} INFO - Filling up the DagBag from /home/airflow/.local/lib/python3.7/site-packages/airflow/example_dags/example_trigger_target_dag.py
[2022-02-07 17:28:25,690] {processor.py:654} INFO - DAG(s) dict_keys(['example_trigger_target_dag']) retrieved from /home/airflow/.local/lib/python3.7/site-packages/airflow/example_dags/example_trigger_target_dag.py
[2022-02-07 17:28:25,704] {logging_mixin.py:109} INFO - [2022-02-07 17:28:25,704] {dag.py:2396} INFO - Sync 1 DAGs
[2022-02-07 17:28:25,724] {logging_mixin.py:109} INFO - [2022-02-07 17:28:25,724] {dag.py:2935} INFO - Setting next_dagrun for example_trigger_target_dag to None
[2022-02-07 17:28:25,738] {processor.py:171} INFO - Processing /home/airflow/.local/lib/python3.7/site-packages/airflow/example_dags/example_trigger_target_dag.py took 0.098 seconds
[2022-02-07 17:28:56,048] {processor.py:163} INFO - Started process (PID=804) to work on /home/airflow/.local/lib/python3.7/site-packages/airflow/example_dags/example_trigger_target_dag.py
[2022-02-07 17:28:56,052] {processor.py:642} INFO - Processing file /home/airflow/.local/lib/python3.7/site-packages/airflow/example_dags/example_trigger_target_dag.py for tasks to queue
[2022-02-07 17:28:56,056] {logging_mixin.py:109} INFO - [2022-02-07 17:28:56,056] {dagbag.py:500} INFO - Filling up the DagBag from /home/airflow/.local/lib/python3.7/site-packages/airflow/example_dags/example_trigger_target_dag.py
[2022-02-07 17:28:56,127] {processor.py:654} INFO - DAG(s) dict_keys(['example_trigger_target_dag']) retrieved from /home/airflow/.local/lib/python3.7/site-packages/airflow/example_dags/example_trigger_target_dag.py
[2022-02-07 17:28:56,157] {logging_mixin.py:109} INFO - [2022-02-07 17:28:56,156] {dag.py:2396} INFO - Sync 1 DAGs
[2022-02-07 17:28:56,186] {logging_mixin.py:109} INFO - [2022-02-07 17:28:56,185] {dag.py:2935} INFO - Setting next_dagrun for example_trigger_target_dag to None
[2022-02-07 17:28:56,211] {processor.py:171} INFO - Processing /home/airflow/.local/lib/python3.7/site-packages/airflow/example_dags/example_trigger_target_dag.py took 0.173 seconds
[2022-02-07 17:29:27,316] {processor.py:163} INFO - Started process (PID=866) to work on /home/airflow/.local/lib/python3.7/site-packages/airflow/example_dags/example_trigger_target_dag.py
[2022-02-07 17:29:27,319] {processor.py:642} INFO - Processing file /home/airflow/.local/lib/python3.7/site-packages/airflow/example_dags/example_trigger_target_dag.py for tasks to queue
[2022-02-07 17:29:27,321] {logging_mixin.py:109} INFO - [2022-02-07 17:29:27,321] {dagbag.py:500} INFO - Filling up the DagBag from /home/airflow/.local/lib/python3.7/site-packages/airflow/example_dags/example_trigger_target_dag.py
[2022-02-07 17:29:27,366] {processor.py:654} INFO - DAG(s) dict_keys(['example_trigger_target_dag']) retrieved from /home/airflow/.local/lib/python3.7/site-packages/airflow/example_dags/example_trigger_target_dag.py
[2022-02-07 17:29:27,386] {logging_mixin.py:109} INFO - [2022-02-07 17:29:27,386] {dag.py:2396} INFO - Sync 1 DAGs
[2022-02-07 17:29:27,405] {logging_mixin.py:109} INFO - [2022-02-07 17:29:27,405] {dag.py:2935} INFO - Setting next_dagrun for example_trigger_target_dag to None
[2022-02-07 17:29:27,427] {processor.py:171} INFO - Processing /home/airflow/.local/lib/python3.7/site-packages/airflow/example_dags/example_trigger_target_dag.py took 0.115 seconds
[2022-02-07 17:29:57,853] {processor.py:163} INFO - Started process (PID=926) to work on /home/airflow/.local/lib/python3.7/site-packages/airflow/example_dags/example_trigger_target_dag.py
[2022-02-07 17:29:57,856] {processor.py:642} INFO - Processing file /home/airflow/.local/lib/python3.7/site-packages/airflow/example_dags/example_trigger_target_dag.py for tasks to queue
[2022-02-07 17:29:57,859] {logging_mixin.py:109} INFO - [2022-02-07 17:29:57,859] {dagbag.py:500} INFO - Filling up the DagBag from /home/airflow/.local/lib/python3.7/site-packages/airflow/example_dags/example_trigger_target_dag.py
[2022-02-07 17:29:57,903] {processor.py:654} INFO - DAG(s) dict_keys(['example_trigger_target_dag']) retrieved from /home/airflow/.local/lib/python3.7/site-packages/airflow/example_dags/example_trigger_target_dag.py
[2022-02-07 17:29:57,924] {logging_mixin.py:109} INFO - [2022-02-07 17:29:57,924] {dag.py:2396} INFO - Sync 1 DAGs
[2022-02-07 17:29:57,951] {logging_mixin.py:109} INFO - [2022-02-07 17:29:57,951] {dag.py:2935} INFO - Setting next_dagrun for example_trigger_target_dag to None
[2022-02-07 17:29:57,965] {processor.py:171} INFO - Processing /home/airflow/.local/lib/python3.7/site-packages/airflow/example_dags/example_trigger_target_dag.py took 0.117 seconds
[2022-02-07 17:30:28,664] {processor.py:163} INFO - Started process (PID=983) to work on /home/airflow/.local/lib/python3.7/site-packages/airflow/example_dags/example_trigger_target_dag.py
[2022-02-07 17:30:28,667] {processor.py:642} INFO - Processing file /home/airflow/.local/lib/python3.7/site-packages/airflow/example_dags/example_trigger_target_dag.py for tasks to queue
[2022-02-07 17:30:28,669] {logging_mixin.py:109} INFO - [2022-02-07 17:30:28,669] {dagbag.py:500} INFO - Filling up the DagBag from /home/airflow/.local/lib/python3.7/site-packages/airflow/example_dags/example_trigger_target_dag.py
[2022-02-07 17:30:28,748] {processor.py:654} INFO - DAG(s) dict_keys(['example_trigger_target_dag']) retrieved from /home/airflow/.local/lib/python3.7/site-packages/airflow/example_dags/example_trigger_target_dag.py
[2022-02-07 17:30:28,770] {logging_mixin.py:109} INFO - [2022-02-07 17:30:28,770] {dag.py:2396} INFO - Sync 1 DAGs
[2022-02-07 17:30:28,796] {logging_mixin.py:109} INFO - [2022-02-07 17:30:28,796] {dag.py:2935} INFO - Setting next_dagrun for example_trigger_target_dag to None
[2022-02-07 17:30:28,813] {processor.py:171} INFO - Processing /home/airflow/.local/lib/python3.7/site-packages/airflow/example_dags/example_trigger_target_dag.py took 0.157 seconds
[2022-02-07 17:30:59,753] {processor.py:163} INFO - Started process (PID=1049) to work on /home/airflow/.local/lib/python3.7/site-packages/airflow/example_dags/example_trigger_target_dag.py
[2022-02-07 17:30:59,757] {processor.py:642} INFO - Processing file /home/airflow/.local/lib/python3.7/site-packages/airflow/example_dags/example_trigger_target_dag.py for tasks to queue
[2022-02-07 17:30:59,762] {logging_mixin.py:109} INFO - [2022-02-07 17:30:59,762] {dagbag.py:500} INFO - Filling up the DagBag from /home/airflow/.local/lib/python3.7/site-packages/airflow/example_dags/example_trigger_target_dag.py
[2022-02-07 17:30:59,845] {processor.py:654} INFO - DAG(s) dict_keys(['example_trigger_target_dag']) retrieved from /home/airflow/.local/lib/python3.7/site-packages/airflow/example_dags/example_trigger_target_dag.py
[2022-02-07 17:30:59,871] {logging_mixin.py:109} INFO - [2022-02-07 17:30:59,871] {dag.py:2396} INFO - Sync 1 DAGs
[2022-02-07 17:30:59,899] {logging_mixin.py:109} INFO - [2022-02-07 17:30:59,898] {dag.py:2935} INFO - Setting next_dagrun for example_trigger_target_dag to None
[2022-02-07 17:30:59,922] {processor.py:171} INFO - Processing /home/airflow/.local/lib/python3.7/site-packages/airflow/example_dags/example_trigger_target_dag.py took 0.179 seconds
[2022-02-07 17:31:30,973] {processor.py:163} INFO - Started process (PID=1104) to work on /home/airflow/.local/lib/python3.7/site-packages/airflow/example_dags/example_trigger_target_dag.py
[2022-02-07 17:31:30,977] {processor.py:642} INFO - Processing file /home/airflow/.local/lib/python3.7/site-packages/airflow/example_dags/example_trigger_target_dag.py for tasks to queue
[2022-02-07 17:31:30,980] {logging_mixin.py:109} INFO - [2022-02-07 17:31:30,980] {dagbag.py:500} INFO - Filling up the DagBag from /home/airflow/.local/lib/python3.7/site-packages/airflow/example_dags/example_trigger_target_dag.py
[2022-02-07 17:31:31,032] {processor.py:654} INFO - DAG(s) dict_keys(['example_trigger_target_dag']) retrieved from /home/airflow/.local/lib/python3.7/site-packages/airflow/example_dags/example_trigger_target_dag.py
[2022-02-07 17:31:31,056] {logging_mixin.py:109} INFO - [2022-02-07 17:31:31,056] {dag.py:2396} INFO - Sync 1 DAGs
[2022-02-07 17:31:31,087] {logging_mixin.py:109} INFO - [2022-02-07 17:31:31,086] {dag.py:2935} INFO - Setting next_dagrun for example_trigger_target_dag to None
[2022-02-07 17:31:31,105] {processor.py:171} INFO - Processing /home/airflow/.local/lib/python3.7/site-packages/airflow/example_dags/example_trigger_target_dag.py took 0.143 seconds
[2022-02-07 17:32:01,815] {processor.py:163} INFO - Started process (PID=1168) to work on /home/airflow/.local/lib/python3.7/site-packages/airflow/example_dags/example_trigger_target_dag.py
[2022-02-07 17:32:01,818] {processor.py:642} INFO - Processing file /home/airflow/.local/lib/python3.7/site-packages/airflow/example_dags/example_trigger_target_dag.py for tasks to queue
[2022-02-07 17:32:01,820] {logging_mixin.py:109} INFO - [2022-02-07 17:32:01,820] {dagbag.py:500} INFO - Filling up the DagBag from /home/airflow/.local/lib/python3.7/site-packages/airflow/example_dags/example_trigger_target_dag.py
[2022-02-07 17:32:01,876] {processor.py:654} INFO - DAG(s) dict_keys(['example_trigger_target_dag']) retrieved from /home/airflow/.local/lib/python3.7/site-packages/airflow/example_dags/example_trigger_target_dag.py
[2022-02-07 17:32:01,892] {logging_mixin.py:109} INFO - [2022-02-07 17:32:01,892] {dag.py:2396} INFO - Sync 1 DAGs
[2022-02-07 17:32:01,912] {logging_mixin.py:109} INFO - [2022-02-07 17:32:01,912] {dag.py:2935} INFO - Setting next_dagrun for example_trigger_target_dag to None
[2022-02-07 17:32:01,928] {processor.py:171} INFO - Processing /home/airflow/.local/lib/python3.7/site-packages/airflow/example_dags/example_trigger_target_dag.py took 0.118 seconds
[2022-02-07 17:32:32,000] {processor.py:163} INFO - Started process (PID=1229) to work on /home/airflow/.local/lib/python3.7/site-packages/airflow/example_dags/example_trigger_target_dag.py
[2022-02-07 17:32:32,004] {processor.py:642} INFO - Processing file /home/airflow/.local/lib/python3.7/site-packages/airflow/example_dags/example_trigger_target_dag.py for tasks to queue
[2022-02-07 17:32:32,006] {logging_mixin.py:109} INFO - [2022-02-07 17:32:32,006] {dagbag.py:500} INFO - Filling up the DagBag from /home/airflow/.local/lib/python3.7/site-packages/airflow/example_dags/example_trigger_target_dag.py
[2022-02-07 17:32:32,093] {processor.py:654} INFO - DAG(s) dict_keys(['example_trigger_target_dag']) retrieved from /home/airflow/.local/lib/python3.7/site-packages/airflow/example_dags/example_trigger_target_dag.py
[2022-02-07 17:32:32,119] {logging_mixin.py:109} INFO - [2022-02-07 17:32:32,119] {dag.py:2396} INFO - Sync 1 DAGs
[2022-02-07 17:32:32,161] {logging_mixin.py:109} INFO - [2022-02-07 17:32:32,161] {dag.py:2935} INFO - Setting next_dagrun for example_trigger_target_dag to None
[2022-02-07 17:32:32,186] {processor.py:171} INFO - Processing /home/airflow/.local/lib/python3.7/site-packages/airflow/example_dags/example_trigger_target_dag.py took 0.191 seconds
[2022-02-07 17:33:02,345] {processor.py:163} INFO - Started process (PID=1296) to work on /home/airflow/.local/lib/python3.7/site-packages/airflow/example_dags/example_trigger_target_dag.py
[2022-02-07 17:33:02,348] {processor.py:642} INFO - Processing file /home/airflow/.local/lib/python3.7/site-packages/airflow/example_dags/example_trigger_target_dag.py for tasks to queue
[2022-02-07 17:33:02,351] {logging_mixin.py:109} INFO - [2022-02-07 17:33:02,351] {dagbag.py:500} INFO - Filling up the DagBag from /home/airflow/.local/lib/python3.7/site-packages/airflow/example_dags/example_trigger_target_dag.py
[2022-02-07 17:33:02,407] {processor.py:654} INFO - DAG(s) dict_keys(['example_trigger_target_dag']) retrieved from /home/airflow/.local/lib/python3.7/site-packages/airflow/example_dags/example_trigger_target_dag.py
[2022-02-07 17:33:02,427] {logging_mixin.py:109} INFO - [2022-02-07 17:33:02,426] {dag.py:2396} INFO - Sync 1 DAGs
[2022-02-07 17:33:02,459] {logging_mixin.py:109} INFO - [2022-02-07 17:33:02,459] {dag.py:2935} INFO - Setting next_dagrun for example_trigger_target_dag to None
[2022-02-07 17:33:02,483] {processor.py:171} INFO - Processing /home/airflow/.local/lib/python3.7/site-packages/airflow/example_dags/example_trigger_target_dag.py took 0.145 seconds
[2022-02-07 17:33:33,023] {processor.py:163} INFO - Started process (PID=1351) to work on /home/airflow/.local/lib/python3.7/site-packages/airflow/example_dags/example_trigger_target_dag.py
[2022-02-07 17:33:33,029] {processor.py:642} INFO - Processing file /home/airflow/.local/lib/python3.7/site-packages/airflow/example_dags/example_trigger_target_dag.py for tasks to queue
[2022-02-07 17:33:33,033] {logging_mixin.py:109} INFO - [2022-02-07 17:33:33,032] {dagbag.py:500} INFO - Filling up the DagBag from /home/airflow/.local/lib/python3.7/site-packages/airflow/example_dags/example_trigger_target_dag.py
[2022-02-07 17:33:33,107] {processor.py:654} INFO - DAG(s) dict_keys(['example_trigger_target_dag']) retrieved from /home/airflow/.local/lib/python3.7/site-packages/airflow/example_dags/example_trigger_target_dag.py
[2022-02-07 17:33:33,133] {logging_mixin.py:109} INFO - [2022-02-07 17:33:33,133] {dag.py:2396} INFO - Sync 1 DAGs
[2022-02-07 17:33:33,166] {logging_mixin.py:109} INFO - [2022-02-07 17:33:33,166] {dag.py:2935} INFO - Setting next_dagrun for example_trigger_target_dag to None
[2022-02-07 17:33:33,185] {processor.py:171} INFO - Processing /home/airflow/.local/lib/python3.7/site-packages/airflow/example_dags/example_trigger_target_dag.py took 0.168 seconds
[2022-02-07 17:34:03,343] {processor.py:163} INFO - Started process (PID=1408) to work on /home/airflow/.local/lib/python3.7/site-packages/airflow/example_dags/example_trigger_target_dag.py
[2022-02-07 17:34:03,345] {processor.py:642} INFO - Processing file /home/airflow/.local/lib/python3.7/site-packages/airflow/example_dags/example_trigger_target_dag.py for tasks to queue
[2022-02-07 17:34:03,348] {logging_mixin.py:109} INFO - [2022-02-07 17:34:03,348] {dagbag.py:500} INFO - Filling up the DagBag from /home/airflow/.local/lib/python3.7/site-packages/airflow/example_dags/example_trigger_target_dag.py
[2022-02-07 17:34:03,433] {processor.py:654} INFO - DAG(s) dict_keys(['example_trigger_target_dag']) retrieved from /home/airflow/.local/lib/python3.7/site-packages/airflow/example_dags/example_trigger_target_dag.py
[2022-02-07 17:34:03,453] {logging_mixin.py:109} INFO - [2022-02-07 17:34:03,452] {dag.py:2396} INFO - Sync 1 DAGs
[2022-02-07 17:34:03,500] {logging_mixin.py:109} INFO - [2022-02-07 17:34:03,500] {dag.py:2935} INFO - Setting next_dagrun for example_trigger_target_dag to None
[2022-02-07 17:34:03,522] {processor.py:171} INFO - Processing /home/airflow/.local/lib/python3.7/site-packages/airflow/example_dags/example_trigger_target_dag.py took 0.189 seconds
[2022-02-07 17:34:33,595] {processor.py:163} INFO - Started process (PID=1464) to work on /home/airflow/.local/lib/python3.7/site-packages/airflow/example_dags/example_trigger_target_dag.py
[2022-02-07 17:34:33,598] {processor.py:642} INFO - Processing file /home/airflow/.local/lib/python3.7/site-packages/airflow/example_dags/example_trigger_target_dag.py for tasks to queue
[2022-02-07 17:34:33,599] {logging_mixin.py:109} INFO - [2022-02-07 17:34:33,599] {dagbag.py:500} INFO - Filling up the DagBag from /home/airflow/.local/lib/python3.7/site-packages/airflow/example_dags/example_trigger_target_dag.py
[2022-02-07 17:34:33,646] {processor.py:654} INFO - DAG(s) dict_keys(['example_trigger_target_dag']) retrieved from /home/airflow/.local/lib/python3.7/site-packages/airflow/example_dags/example_trigger_target_dag.py
[2022-02-07 17:34:33,662] {logging_mixin.py:109} INFO - [2022-02-07 17:34:33,661] {dag.py:2396} INFO - Sync 1 DAGs
[2022-02-07 17:34:33,684] {logging_mixin.py:109} INFO - [2022-02-07 17:34:33,684] {dag.py:2935} INFO - Setting next_dagrun for example_trigger_target_dag to None
[2022-02-07 17:34:33,702] {processor.py:171} INFO - Processing /home/airflow/.local/lib/python3.7/site-packages/airflow/example_dags/example_trigger_target_dag.py took 0.111 seconds
[2022-02-07 17:35:03,857] {processor.py:163} INFO - Started process (PID=1520) to work on /home/airflow/.local/lib/python3.7/site-packages/airflow/example_dags/example_trigger_target_dag.py
[2022-02-07 17:35:03,861] {processor.py:642} INFO - Processing file /home/airflow/.local/lib/python3.7/site-packages/airflow/example_dags/example_trigger_target_dag.py for tasks to queue
[2022-02-07 17:35:03,864] {logging_mixin.py:109} INFO - [2022-02-07 17:35:03,863] {dagbag.py:500} INFO - Filling up the DagBag from /home/airflow/.local/lib/python3.7/site-packages/airflow/example_dags/example_trigger_target_dag.py
[2022-02-07 17:35:03,915] {processor.py:654} INFO - DAG(s) dict_keys(['example_trigger_target_dag']) retrieved from /home/airflow/.local/lib/python3.7/site-packages/airflow/example_dags/example_trigger_target_dag.py
[2022-02-07 17:35:03,936] {logging_mixin.py:109} INFO - [2022-02-07 17:35:03,936] {dag.py:2396} INFO - Sync 1 DAGs
[2022-02-07 17:35:04,066] {logging_mixin.py:109} INFO - [2022-02-07 17:35:04,065] {dag.py:2935} INFO - Setting next_dagrun for example_trigger_target_dag to None
[2022-02-07 17:35:04,086] {processor.py:171} INFO - Processing /home/airflow/.local/lib/python3.7/site-packages/airflow/example_dags/example_trigger_target_dag.py took 0.238 seconds
[2022-02-07 17:35:34,669] {processor.py:163} INFO - Started process (PID=1572) to work on /home/airflow/.local/lib/python3.7/site-packages/airflow/example_dags/example_trigger_target_dag.py
[2022-02-07 17:35:34,671] {processor.py:642} INFO - Processing file /home/airflow/.local/lib/python3.7/site-packages/airflow/example_dags/example_trigger_target_dag.py for tasks to queue
[2022-02-07 17:35:34,674] {logging_mixin.py:109} INFO - [2022-02-07 17:35:34,673] {dagbag.py:500} INFO - Filling up the DagBag from /home/airflow/.local/lib/python3.7/site-packages/airflow/example_dags/example_trigger_target_dag.py
[2022-02-07 17:35:34,745] {processor.py:654} INFO - DAG(s) dict_keys(['example_trigger_target_dag']) retrieved from /home/airflow/.local/lib/python3.7/site-packages/airflow/example_dags/example_trigger_target_dag.py
[2022-02-07 17:35:34,764] {logging_mixin.py:109} INFO - [2022-02-07 17:35:34,764] {dag.py:2396} INFO - Sync 1 DAGs
[2022-02-07 17:35:34,911] {logging_mixin.py:109} INFO - [2022-02-07 17:35:34,910] {dag.py:2935} INFO - Setting next_dagrun for example_trigger_target_dag to None
[2022-02-07 17:35:34,929] {processor.py:171} INFO - Processing /home/airflow/.local/lib/python3.7/site-packages/airflow/example_dags/example_trigger_target_dag.py took 0.264 seconds
[2022-02-07 17:36:05,586] {processor.py:163} INFO - Started process (PID=1636) to work on /home/airflow/.local/lib/python3.7/site-packages/airflow/example_dags/example_trigger_target_dag.py
[2022-02-07 17:36:05,589] {processor.py:642} INFO - Processing file /home/airflow/.local/lib/python3.7/site-packages/airflow/example_dags/example_trigger_target_dag.py for tasks to queue
[2022-02-07 17:36:05,558] {logging_mixin.py:109} INFO - [2022-02-07 17:36:05,558] {dagbag.py:500} INFO - Filling up the DagBag from /home/airflow/.local/lib/python3.7/site-packages/airflow/example_dags/example_trigger_target_dag.py
[2022-02-07 17:36:05,621] {processor.py:654} INFO - DAG(s) dict_keys(['example_trigger_target_dag']) retrieved from /home/airflow/.local/lib/python3.7/site-packages/airflow/example_dags/example_trigger_target_dag.py
[2022-02-07 17:36:05,661] {logging_mixin.py:109} INFO - [2022-02-07 17:36:05,660] {dag.py:2396} INFO - Sync 1 DAGs
[2022-02-07 17:36:05,787] {logging_mixin.py:109} INFO - [2022-02-07 17:36:05,787] {dag.py:2935} INFO - Setting next_dagrun for example_trigger_target_dag to None
[2022-02-07 17:36:05,806] {processor.py:171} INFO - Processing /home/airflow/.local/lib/python3.7/site-packages/airflow/example_dags/example_trigger_target_dag.py took 0.260 seconds
[2022-02-07 17:36:36,285] {processor.py:163} INFO - Started process (PID=1689) to work on /home/airflow/.local/lib/python3.7/site-packages/airflow/example_dags/example_trigger_target_dag.py
[2022-02-07 17:36:36,290] {processor.py:642} INFO - Processing file /home/airflow/.local/lib/python3.7/site-packages/airflow/example_dags/example_trigger_target_dag.py for tasks to queue
[2022-02-07 17:36:36,292] {logging_mixin.py:109} INFO - [2022-02-07 17:36:36,292] {dagbag.py:500} INFO - Filling up the DagBag from /home/airflow/.local/lib/python3.7/site-packages/airflow/example_dags/example_trigger_target_dag.py
[2022-02-07 17:36:36,378] {processor.py:654} INFO - DAG(s) dict_keys(['example_trigger_target_dag']) retrieved from /home/airflow/.local/lib/python3.7/site-packages/airflow/example_dags/example_trigger_target_dag.py
[2022-02-07 17:36:36,544] {logging_mixin.py:109} INFO - [2022-02-07 17:36:36,544] {dag.py:2396} INFO - Sync 1 DAGs
[2022-02-07 17:36:36,571] {logging_mixin.py:109} INFO - [2022-02-07 17:36:36,571] {dag.py:2935} INFO - Setting next_dagrun for example_trigger_target_dag to None
[2022-02-07 17:36:36,592] {processor.py:171} INFO - Processing /home/airflow/.local/lib/python3.7/site-packages/airflow/example_dags/example_trigger_target_dag.py took 0.330 seconds
[2022-02-07 17:37:06,685] {processor.py:163} INFO - Started process (PID=1743) to work on /home/airflow/.local/lib/python3.7/site-packages/airflow/example_dags/example_trigger_target_dag.py
[2022-02-07 17:37:06,687] {processor.py:642} INFO - Processing file /home/airflow/.local/lib/python3.7/site-packages/airflow/example_dags/example_trigger_target_dag.py for tasks to queue
[2022-02-07 17:37:06,689] {logging_mixin.py:109} INFO - [2022-02-07 17:37:06,689] {dagbag.py:500} INFO - Filling up the DagBag from /home/airflow/.local/lib/python3.7/site-packages/airflow/example_dags/example_trigger_target_dag.py
[2022-02-07 17:37:06,747] {processor.py:654} INFO - DAG(s) dict_keys(['example_trigger_target_dag']) retrieved from /home/airflow/.local/lib/python3.7/site-packages/airflow/example_dags/example_trigger_target_dag.py
[2022-02-07 17:37:06,905] {logging_mixin.py:109} INFO - [2022-02-07 17:37:06,905] {dag.py:2396} INFO - Sync 1 DAGs
[2022-02-07 17:37:06,924] {logging_mixin.py:109} INFO - [2022-02-07 17:37:06,924] {dag.py:2935} INFO - Setting next_dagrun for example_trigger_target_dag to None
[2022-02-07 17:37:06,939] {processor.py:171} INFO - Processing /home/airflow/.local/lib/python3.7/site-packages/airflow/example_dags/example_trigger_target_dag.py took 0.259 seconds
[2022-02-07 17:37:37,175] {processor.py:163} INFO - Started process (PID=1795) to work on /home/airflow/.local/lib/python3.7/site-packages/airflow/example_dags/example_trigger_target_dag.py
[2022-02-07 17:37:37,179] {processor.py:642} INFO - Processing file /home/airflow/.local/lib/python3.7/site-packages/airflow/example_dags/example_trigger_target_dag.py for tasks to queue
[2022-02-07 17:37:37,183] {logging_mixin.py:109} INFO - [2022-02-07 17:37:37,183] {dagbag.py:500} INFO - Filling up the DagBag from /home/airflow/.local/lib/python3.7/site-packages/airflow/example_dags/example_trigger_target_dag.py
[2022-02-07 17:37:37,460] {processor.py:654} INFO - DAG(s) dict_keys(['example_trigger_target_dag']) retrieved from /home/airflow/.local/lib/python3.7/site-packages/airflow/example_dags/example_trigger_target_dag.py
[2022-02-07 17:37:37,480] {logging_mixin.py:109} INFO - [2022-02-07 17:37:37,480] {dag.py:2396} INFO - Sync 1 DAGs
[2022-02-07 17:37:37,504] {logging_mixin.py:109} INFO - [2022-02-07 17:37:37,503] {dag.py:2935} INFO - Setting next_dagrun for example_trigger_target_dag to None
[2022-02-07 17:37:37,517] {processor.py:171} INFO - Processing /home/airflow/.local/lib/python3.7/site-packages/airflow/example_dags/example_trigger_target_dag.py took 0.349 seconds
[2022-02-07 17:38:07,738] {processor.py:163} INFO - Started process (PID=1849) to work on /home/airflow/.local/lib/python3.7/site-packages/airflow/example_dags/example_trigger_target_dag.py
[2022-02-07 17:38:07,742] {processor.py:642} INFO - Processing file /home/airflow/.local/lib/python3.7/site-packages/airflow/example_dags/example_trigger_target_dag.py for tasks to queue
[2022-02-07 17:38:07,744] {logging_mixin.py:109} INFO - [2022-02-07 17:38:07,743] {dagbag.py:500} INFO - Filling up the DagBag from /home/airflow/.local/lib/python3.7/site-packages/airflow/example_dags/example_trigger_target_dag.py
[2022-02-07 17:38:07,935] {processor.py:654} INFO - DAG(s) dict_keys(['example_trigger_target_dag']) retrieved from /home/airflow/.local/lib/python3.7/site-packages/airflow/example_dags/example_trigger_target_dag.py
[2022-02-07 17:38:07,953] {logging_mixin.py:109} INFO - [2022-02-07 17:38:07,952] {dag.py:2396} INFO - Sync 1 DAGs
[2022-02-07 17:38:07,980] {logging_mixin.py:109} INFO - [2022-02-07 17:38:07,979] {dag.py:2935} INFO - Setting next_dagrun for example_trigger_target_dag to None
[2022-02-07 17:38:07,999] {processor.py:171} INFO - Processing /home/airflow/.local/lib/python3.7/site-packages/airflow/example_dags/example_trigger_target_dag.py took 0.266 seconds
[2022-02-07 17:38:38,098] {processor.py:163} INFO - Started process (PID=1902) to work on /home/airflow/.local/lib/python3.7/site-packages/airflow/example_dags/example_trigger_target_dag.py
[2022-02-07 17:38:38,103] {processor.py:642} INFO - Processing file /home/airflow/.local/lib/python3.7/site-packages/airflow/example_dags/example_trigger_target_dag.py for tasks to queue
[2022-02-07 17:38:38,111] {logging_mixin.py:109} INFO - [2022-02-07 17:38:38,111] {dagbag.py:500} INFO - Filling up the DagBag from /home/airflow/.local/lib/python3.7/site-packages/airflow/example_dags/example_trigger_target_dag.py
[2022-02-07 17:38:38,291] {processor.py:654} INFO - DAG(s) dict_keys(['example_trigger_target_dag']) retrieved from /home/airflow/.local/lib/python3.7/site-packages/airflow/example_dags/example_trigger_target_dag.py
[2022-02-07 17:38:38,308] {logging_mixin.py:109} INFO - [2022-02-07 17:38:38,308] {dag.py:2396} INFO - Sync 1 DAGs
[2022-02-07 17:38:38,325] {logging_mixin.py:109} INFO - [2022-02-07 17:38:38,325] {dag.py:2935} INFO - Setting next_dagrun for example_trigger_target_dag to None
[2022-02-07 17:38:38,338] {processor.py:171} INFO - Processing /home/airflow/.local/lib/python3.7/site-packages/airflow/example_dags/example_trigger_target_dag.py took 0.247 seconds
[2022-02-07 17:39:08,615] {processor.py:163} INFO - Started process (PID=1965) to work on /home/airflow/.local/lib/python3.7/site-packages/airflow/example_dags/example_trigger_target_dag.py
[2022-02-07 17:39:08,620] {processor.py:642} INFO - Processing file /home/airflow/.local/lib/python3.7/site-packages/airflow/example_dags/example_trigger_target_dag.py for tasks to queue
[2022-02-07 17:39:08,626] {logging_mixin.py:109} INFO - [2022-02-07 17:39:08,625] {dagbag.py:500} INFO - Filling up the DagBag from /home/airflow/.local/lib/python3.7/site-packages/airflow/example_dags/example_trigger_target_dag.py
[2022-02-07 17:39:08,951] {processor.py:654} INFO - DAG(s) dict_keys(['example_trigger_target_dag']) retrieved from /home/airflow/.local/lib/python3.7/site-packages/airflow/example_dags/example_trigger_target_dag.py
[2022-02-07 17:39:08,974] {logging_mixin.py:109} INFO - [2022-02-07 17:39:08,973] {dag.py:2396} INFO - Sync 1 DAGs
[2022-02-07 17:39:09,007] {logging_mixin.py:109} INFO - [2022-02-07 17:39:09,006] {dag.py:2935} INFO - Setting next_dagrun for example_trigger_target_dag to None
[2022-02-07 17:39:09,038] {processor.py:171} INFO - Processing /home/airflow/.local/lib/python3.7/site-packages/airflow/example_dags/example_trigger_target_dag.py took 0.430 seconds
