[2022-02-07 17:23:24,704] {processor.py:163} INFO - Started process (PID=179) to work on /home/airflow/.local/lib/python3.7/site-packages/airflow/example_dags/example_complex.py
[2022-02-07 17:23:24,707] {processor.py:642} INFO - Processing file /home/airflow/.local/lib/python3.7/site-packages/airflow/example_dags/example_complex.py for tasks to queue
[2022-02-07 17:23:24,712] {logging_mixin.py:109} INFO - [2022-02-07 17:23:24,711] {dagbag.py:500} INFO - Filling up the DagBag from /home/airflow/.local/lib/python3.7/site-packages/airflow/example_dags/example_complex.py
[2022-02-07 17:23:24,775] {processor.py:654} INFO - DAG(s) dict_keys(['example_complex']) retrieved from /home/airflow/.local/lib/python3.7/site-packages/airflow/example_dags/example_complex.py
[2022-02-07 17:23:28,153] {logging_mixin.py:109} INFO - [2022-02-07 17:23:28,153] {manager.py:496} INFO - Created Permission View: can read on DAG:example_complex
[2022-02-07 17:23:28,168] {logging_mixin.py:109} INFO - [2022-02-07 17:23:28,168] {manager.py:496} INFO - Created Permission View: can edit on DAG:example_complex
[2022-02-07 17:23:28,171] {logging_mixin.py:109} INFO - [2022-02-07 17:23:28,170] {dag.py:2396} INFO - Sync 1 DAGs
[2022-02-07 17:23:28,181] {logging_mixin.py:109} INFO - [2022-02-07 17:23:28,181] {dag.py:2415} INFO - Creating ORM DAG for example_complex
[2022-02-07 17:23:28,192] {logging_mixin.py:109} INFO - [2022-02-07 17:23:28,191] {dag.py:2935} INFO - Setting next_dagrun for example_complex to None
[2022-02-07 17:23:28,211] {processor.py:171} INFO - Processing /home/airflow/.local/lib/python3.7/site-packages/airflow/example_dags/example_complex.py took 3.512 seconds
[2022-02-07 17:23:58,360] {processor.py:163} INFO - Started process (PID=272) to work on /home/airflow/.local/lib/python3.7/site-packages/airflow/example_dags/example_complex.py
[2022-02-07 17:23:58,362] {processor.py:642} INFO - Processing file /home/airflow/.local/lib/python3.7/site-packages/airflow/example_dags/example_complex.py for tasks to queue
[2022-02-07 17:23:58,364] {logging_mixin.py:109} INFO - [2022-02-07 17:23:58,364] {dagbag.py:500} INFO - Filling up the DagBag from /home/airflow/.local/lib/python3.7/site-packages/airflow/example_dags/example_complex.py
[2022-02-07 17:23:58,434] {processor.py:654} INFO - DAG(s) dict_keys(['example_complex']) retrieved from /home/airflow/.local/lib/python3.7/site-packages/airflow/example_dags/example_complex.py
[2022-02-07 17:23:58,476] {logging_mixin.py:109} INFO - [2022-02-07 17:23:58,476] {dag.py:2396} INFO - Sync 1 DAGs
[2022-02-07 17:23:58,506] {logging_mixin.py:109} INFO - [2022-02-07 17:23:58,506] {dag.py:2935} INFO - Setting next_dagrun for example_complex to None
[2022-02-07 17:23:58,528] {processor.py:171} INFO - Processing /home/airflow/.local/lib/python3.7/site-packages/airflow/example_dags/example_complex.py took 0.173 seconds
[2022-02-07 17:24:28,806] {processor.py:163} INFO - Started process (PID=323) to work on /home/airflow/.local/lib/python3.7/site-packages/airflow/example_dags/example_complex.py
[2022-02-07 17:24:28,811] {processor.py:642} INFO - Processing file /home/airflow/.local/lib/python3.7/site-packages/airflow/example_dags/example_complex.py for tasks to queue
[2022-02-07 17:24:28,818] {logging_mixin.py:109} INFO - [2022-02-07 17:24:28,818] {dagbag.py:500} INFO - Filling up the DagBag from /home/airflow/.local/lib/python3.7/site-packages/airflow/example_dags/example_complex.py
[2022-02-07 17:24:28,881] {processor.py:654} INFO - DAG(s) dict_keys(['example_complex']) retrieved from /home/airflow/.local/lib/python3.7/site-packages/airflow/example_dags/example_complex.py
[2022-02-07 17:24:28,910] {logging_mixin.py:109} INFO - [2022-02-07 17:24:28,910] {dag.py:2396} INFO - Sync 1 DAGs
[2022-02-07 17:24:28,964] {logging_mixin.py:109} INFO - [2022-02-07 17:24:28,964] {dag.py:2935} INFO - Setting next_dagrun for example_complex to None
[2022-02-07 17:24:28,983] {processor.py:171} INFO - Processing /home/airflow/.local/lib/python3.7/site-packages/airflow/example_dags/example_complex.py took 0.182 seconds
[2022-02-07 17:24:59,099] {processor.py:163} INFO - Started process (PID=376) to work on /home/airflow/.local/lib/python3.7/site-packages/airflow/example_dags/example_complex.py
[2022-02-07 17:24:59,106] {processor.py:642} INFO - Processing file /home/airflow/.local/lib/python3.7/site-packages/airflow/example_dags/example_complex.py for tasks to queue
[2022-02-07 17:24:59,109] {logging_mixin.py:109} INFO - [2022-02-07 17:24:59,108] {dagbag.py:500} INFO - Filling up the DagBag from /home/airflow/.local/lib/python3.7/site-packages/airflow/example_dags/example_complex.py
[2022-02-07 17:24:59,252] {processor.py:654} INFO - DAG(s) dict_keys(['example_complex']) retrieved from /home/airflow/.local/lib/python3.7/site-packages/airflow/example_dags/example_complex.py
[2022-02-07 17:24:59,311] {logging_mixin.py:109} INFO - [2022-02-07 17:24:59,311] {dag.py:2396} INFO - Sync 1 DAGs
[2022-02-07 17:24:59,365] {logging_mixin.py:109} INFO - [2022-02-07 17:24:59,365] {dag.py:2935} INFO - Setting next_dagrun for example_complex to None
[2022-02-07 17:24:59,450] {processor.py:171} INFO - Processing /home/airflow/.local/lib/python3.7/site-packages/airflow/example_dags/example_complex.py took 0.358 seconds
[2022-02-07 17:25:29,640] {processor.py:163} INFO - Started process (PID=426) to work on /home/airflow/.local/lib/python3.7/site-packages/airflow/example_dags/example_complex.py
[2022-02-07 17:25:29,643] {processor.py:642} INFO - Processing file /home/airflow/.local/lib/python3.7/site-packages/airflow/example_dags/example_complex.py for tasks to queue
[2022-02-07 17:25:29,648] {logging_mixin.py:109} INFO - [2022-02-07 17:25:29,647] {dagbag.py:500} INFO - Filling up the DagBag from /home/airflow/.local/lib/python3.7/site-packages/airflow/example_dags/example_complex.py
[2022-02-07 17:25:29,710] {processor.py:654} INFO - DAG(s) dict_keys(['example_complex']) retrieved from /home/airflow/.local/lib/python3.7/site-packages/airflow/example_dags/example_complex.py
[2022-02-07 17:25:29,739] {logging_mixin.py:109} INFO - [2022-02-07 17:25:29,739] {dag.py:2396} INFO - Sync 1 DAGs
[2022-02-07 17:25:29,788] {logging_mixin.py:109} INFO - [2022-02-07 17:25:29,788] {dag.py:2935} INFO - Setting next_dagrun for example_complex to None
[2022-02-07 17:25:29,812] {processor.py:171} INFO - Processing /home/airflow/.local/lib/python3.7/site-packages/airflow/example_dags/example_complex.py took 0.178 seconds
[2022-02-07 17:26:00,184] {processor.py:163} INFO - Started process (PID=488) to work on /home/airflow/.local/lib/python3.7/site-packages/airflow/example_dags/example_complex.py
[2022-02-07 17:26:00,189] {processor.py:642} INFO - Processing file /home/airflow/.local/lib/python3.7/site-packages/airflow/example_dags/example_complex.py for tasks to queue
[2022-02-07 17:26:00,192] {logging_mixin.py:109} INFO - [2022-02-07 17:26:00,191] {dagbag.py:500} INFO - Filling up the DagBag from /home/airflow/.local/lib/python3.7/site-packages/airflow/example_dags/example_complex.py
[2022-02-07 17:26:00,258] {processor.py:654} INFO - DAG(s) dict_keys(['example_complex']) retrieved from /home/airflow/.local/lib/python3.7/site-packages/airflow/example_dags/example_complex.py
[2022-02-07 17:26:00,318] {logging_mixin.py:109} INFO - [2022-02-07 17:26:00,317] {dag.py:2396} INFO - Sync 1 DAGs
[2022-02-07 17:26:00,363] {logging_mixin.py:109} INFO - [2022-02-07 17:26:00,363] {dag.py:2935} INFO - Setting next_dagrun for example_complex to None
[2022-02-07 17:26:00,379] {processor.py:171} INFO - Processing /home/airflow/.local/lib/python3.7/site-packages/airflow/example_dags/example_complex.py took 0.203 seconds
[2022-02-07 17:26:30,769] {processor.py:163} INFO - Started process (PID=540) to work on /home/airflow/.local/lib/python3.7/site-packages/airflow/example_dags/example_complex.py
[2022-02-07 17:26:30,772] {processor.py:642} INFO - Processing file /home/airflow/.local/lib/python3.7/site-packages/airflow/example_dags/example_complex.py for tasks to queue
[2022-02-07 17:26:30,777] {logging_mixin.py:109} INFO - [2022-02-07 17:26:30,777] {dagbag.py:500} INFO - Filling up the DagBag from /home/airflow/.local/lib/python3.7/site-packages/airflow/example_dags/example_complex.py
[2022-02-07 17:26:30,884] {processor.py:654} INFO - DAG(s) dict_keys(['example_complex']) retrieved from /home/airflow/.local/lib/python3.7/site-packages/airflow/example_dags/example_complex.py
[2022-02-07 17:26:30,913] {logging_mixin.py:109} INFO - [2022-02-07 17:26:30,913] {dag.py:2396} INFO - Sync 1 DAGs
[2022-02-07 17:26:30,952] {logging_mixin.py:109} INFO - [2022-02-07 17:26:30,952] {dag.py:2935} INFO - Setting next_dagrun for example_complex to None
[2022-02-07 17:26:30,981] {processor.py:171} INFO - Processing /home/airflow/.local/lib/python3.7/site-packages/airflow/example_dags/example_complex.py took 0.226 seconds
[2022-02-07 17:27:01,600] {processor.py:163} INFO - Started process (PID=593) to work on /home/airflow/.local/lib/python3.7/site-packages/airflow/example_dags/example_complex.py
[2022-02-07 17:27:01,603] {processor.py:642} INFO - Processing file /home/airflow/.local/lib/python3.7/site-packages/airflow/example_dags/example_complex.py for tasks to queue
[2022-02-07 17:27:01,606] {logging_mixin.py:109} INFO - [2022-02-07 17:27:01,606] {dagbag.py:500} INFO - Filling up the DagBag from /home/airflow/.local/lib/python3.7/site-packages/airflow/example_dags/example_complex.py
[2022-02-07 17:27:01,664] {processor.py:654} INFO - DAG(s) dict_keys(['example_complex']) retrieved from /home/airflow/.local/lib/python3.7/site-packages/airflow/example_dags/example_complex.py
[2022-02-07 17:27:01,684] {logging_mixin.py:109} INFO - [2022-02-07 17:27:01,684] {dag.py:2396} INFO - Sync 1 DAGs
[2022-02-07 17:27:01,725] {logging_mixin.py:109} INFO - [2022-02-07 17:27:01,725] {dag.py:2935} INFO - Setting next_dagrun for example_complex to None
[2022-02-07 17:27:01,740] {processor.py:171} INFO - Processing /home/airflow/.local/lib/python3.7/site-packages/airflow/example_dags/example_complex.py took 0.145 seconds
[2022-02-07 17:27:31,827] {processor.py:163} INFO - Started process (PID=645) to work on /home/airflow/.local/lib/python3.7/site-packages/airflow/example_dags/example_complex.py
[2022-02-07 17:27:31,839] {processor.py:642} INFO - Processing file /home/airflow/.local/lib/python3.7/site-packages/airflow/example_dags/example_complex.py for tasks to queue
[2022-02-07 17:27:31,847] {logging_mixin.py:109} INFO - [2022-02-07 17:27:31,845] {dagbag.py:500} INFO - Filling up the DagBag from /home/airflow/.local/lib/python3.7/site-packages/airflow/example_dags/example_complex.py
[2022-02-07 17:27:31,960] {processor.py:654} INFO - DAG(s) dict_keys(['example_complex']) retrieved from /home/airflow/.local/lib/python3.7/site-packages/airflow/example_dags/example_complex.py
[2022-02-07 17:27:32,007] {logging_mixin.py:109} INFO - [2022-02-07 17:27:32,006] {dag.py:2396} INFO - Sync 1 DAGs
[2022-02-07 17:27:32,055] {logging_mixin.py:109} INFO - [2022-02-07 17:27:32,054] {dag.py:2935} INFO - Setting next_dagrun for example_complex to None
[2022-02-07 17:27:32,076] {processor.py:171} INFO - Processing /home/airflow/.local/lib/python3.7/site-packages/airflow/example_dags/example_complex.py took 0.260 seconds
[2022-02-07 17:28:02,674] {processor.py:163} INFO - Started process (PID=700) to work on /home/airflow/.local/lib/python3.7/site-packages/airflow/example_dags/example_complex.py
[2022-02-07 17:28:02,680] {processor.py:642} INFO - Processing file /home/airflow/.local/lib/python3.7/site-packages/airflow/example_dags/example_complex.py for tasks to queue
[2022-02-07 17:28:02,683] {logging_mixin.py:109} INFO - [2022-02-07 17:28:02,682] {dagbag.py:500} INFO - Filling up the DagBag from /home/airflow/.local/lib/python3.7/site-packages/airflow/example_dags/example_complex.py
[2022-02-07 17:28:02,839] {processor.py:654} INFO - DAG(s) dict_keys(['example_complex']) retrieved from /home/airflow/.local/lib/python3.7/site-packages/airflow/example_dags/example_complex.py
[2022-02-07 17:28:02,883] {logging_mixin.py:109} INFO - [2022-02-07 17:28:02,883] {dag.py:2396} INFO - Sync 1 DAGs
[2022-02-07 17:28:02,934] {logging_mixin.py:109} INFO - [2022-02-07 17:28:02,934] {dag.py:2935} INFO - Setting next_dagrun for example_complex to None
[2022-02-07 17:28:02,967] {processor.py:171} INFO - Processing /home/airflow/.local/lib/python3.7/site-packages/airflow/example_dags/example_complex.py took 0.303 seconds
[2022-02-07 17:28:33,323] {processor.py:163} INFO - Started process (PID=762) to work on /home/airflow/.local/lib/python3.7/site-packages/airflow/example_dags/example_complex.py
[2022-02-07 17:28:33,326] {processor.py:642} INFO - Processing file /home/airflow/.local/lib/python3.7/site-packages/airflow/example_dags/example_complex.py for tasks to queue
[2022-02-07 17:28:33,329] {logging_mixin.py:109} INFO - [2022-02-07 17:28:33,329] {dagbag.py:500} INFO - Filling up the DagBag from /home/airflow/.local/lib/python3.7/site-packages/airflow/example_dags/example_complex.py
[2022-02-07 17:28:33,388] {processor.py:654} INFO - DAG(s) dict_keys(['example_complex']) retrieved from /home/airflow/.local/lib/python3.7/site-packages/airflow/example_dags/example_complex.py
[2022-02-07 17:28:33,412] {logging_mixin.py:109} INFO - [2022-02-07 17:28:33,412] {dag.py:2396} INFO - Sync 1 DAGs
[2022-02-07 17:28:33,446] {logging_mixin.py:109} INFO - [2022-02-07 17:28:33,446] {dag.py:2935} INFO - Setting next_dagrun for example_complex to None
[2022-02-07 17:28:33,465] {processor.py:171} INFO - Processing /home/airflow/.local/lib/python3.7/site-packages/airflow/example_dags/example_complex.py took 0.146 seconds
[2022-02-07 17:29:03,589] {processor.py:163} INFO - Started process (PID=822) to work on /home/airflow/.local/lib/python3.7/site-packages/airflow/example_dags/example_complex.py
[2022-02-07 17:29:03,607] {processor.py:642} INFO - Processing file /home/airflow/.local/lib/python3.7/site-packages/airflow/example_dags/example_complex.py for tasks to queue
[2022-02-07 17:29:03,633] {logging_mixin.py:109} INFO - [2022-02-07 17:29:03,624] {dagbag.py:500} INFO - Filling up the DagBag from /home/airflow/.local/lib/python3.7/site-packages/airflow/example_dags/example_complex.py
[2022-02-07 17:29:03,769] {processor.py:654} INFO - DAG(s) dict_keys(['example_complex']) retrieved from /home/airflow/.local/lib/python3.7/site-packages/airflow/example_dags/example_complex.py
[2022-02-07 17:29:03,860] {logging_mixin.py:109} INFO - [2022-02-07 17:29:03,842] {dag.py:2396} INFO - Sync 1 DAGs
[2022-02-07 17:29:03,945] {logging_mixin.py:109} INFO - [2022-02-07 17:29:03,944] {dag.py:2935} INFO - Setting next_dagrun for example_complex to None
[2022-02-07 17:29:04,171] {processor.py:171} INFO - Processing /home/airflow/.local/lib/python3.7/site-packages/airflow/example_dags/example_complex.py took 0.600 seconds
[2022-02-07 17:29:34,743] {processor.py:163} INFO - Started process (PID=882) to work on /home/airflow/.local/lib/python3.7/site-packages/airflow/example_dags/example_complex.py
[2022-02-07 17:29:34,750] {processor.py:642} INFO - Processing file /home/airflow/.local/lib/python3.7/site-packages/airflow/example_dags/example_complex.py for tasks to queue
[2022-02-07 17:29:34,757] {logging_mixin.py:109} INFO - [2022-02-07 17:29:34,756] {dagbag.py:500} INFO - Filling up the DagBag from /home/airflow/.local/lib/python3.7/site-packages/airflow/example_dags/example_complex.py
[2022-02-07 17:29:34,882] {processor.py:654} INFO - DAG(s) dict_keys(['example_complex']) retrieved from /home/airflow/.local/lib/python3.7/site-packages/airflow/example_dags/example_complex.py
[2022-02-07 17:29:34,926] {logging_mixin.py:109} INFO - [2022-02-07 17:29:34,925] {dag.py:2396} INFO - Sync 1 DAGs
[2022-02-07 17:29:34,960] {logging_mixin.py:109} INFO - [2022-02-07 17:29:34,960] {dag.py:2935} INFO - Setting next_dagrun for example_complex to None
[2022-02-07 17:29:34,990] {processor.py:171} INFO - Processing /home/airflow/.local/lib/python3.7/site-packages/airflow/example_dags/example_complex.py took 0.260 seconds
[2022-02-07 17:30:05,051] {processor.py:163} INFO - Started process (PID=943) to work on /home/airflow/.local/lib/python3.7/site-packages/airflow/example_dags/example_complex.py
[2022-02-07 17:30:05,053] {processor.py:642} INFO - Processing file /home/airflow/.local/lib/python3.7/site-packages/airflow/example_dags/example_complex.py for tasks to queue
[2022-02-07 17:30:05,056] {logging_mixin.py:109} INFO - [2022-02-07 17:30:05,056] {dagbag.py:500} INFO - Filling up the DagBag from /home/airflow/.local/lib/python3.7/site-packages/airflow/example_dags/example_complex.py
[2022-02-07 17:30:05,110] {processor.py:654} INFO - DAG(s) dict_keys(['example_complex']) retrieved from /home/airflow/.local/lib/python3.7/site-packages/airflow/example_dags/example_complex.py
[2022-02-07 17:30:05,128] {logging_mixin.py:109} INFO - [2022-02-07 17:30:05,128] {dag.py:2396} INFO - Sync 1 DAGs
[2022-02-07 17:30:05,151] {logging_mixin.py:109} INFO - [2022-02-07 17:30:05,151] {dag.py:2935} INFO - Setting next_dagrun for example_complex to None
[2022-02-07 17:30:05,165] {processor.py:171} INFO - Processing /home/airflow/.local/lib/python3.7/site-packages/airflow/example_dags/example_complex.py took 0.118 seconds
[2022-02-07 17:30:35,535] {processor.py:163} INFO - Started process (PID=1001) to work on /home/airflow/.local/lib/python3.7/site-packages/airflow/example_dags/example_complex.py
[2022-02-07 17:30:35,538] {processor.py:642} INFO - Processing file /home/airflow/.local/lib/python3.7/site-packages/airflow/example_dags/example_complex.py for tasks to queue
[2022-02-07 17:30:35,539] {logging_mixin.py:109} INFO - [2022-02-07 17:30:35,539] {dagbag.py:500} INFO - Filling up the DagBag from /home/airflow/.local/lib/python3.7/site-packages/airflow/example_dags/example_complex.py
[2022-02-07 17:30:35,596] {processor.py:654} INFO - DAG(s) dict_keys(['example_complex']) retrieved from /home/airflow/.local/lib/python3.7/site-packages/airflow/example_dags/example_complex.py
[2022-02-07 17:30:35,622] {logging_mixin.py:109} INFO - [2022-02-07 17:30:35,621] {dag.py:2396} INFO - Sync 1 DAGs
[2022-02-07 17:30:35,647] {logging_mixin.py:109} INFO - [2022-02-07 17:30:35,646] {dag.py:2935} INFO - Setting next_dagrun for example_complex to None
[2022-02-07 17:30:35,665] {processor.py:171} INFO - Processing /home/airflow/.local/lib/python3.7/site-packages/airflow/example_dags/example_complex.py took 0.135 seconds
[2022-02-07 17:31:06,031] {processor.py:163} INFO - Started process (PID=1055) to work on /home/airflow/.local/lib/python3.7/site-packages/airflow/example_dags/example_complex.py
[2022-02-07 17:31:06,034] {processor.py:642} INFO - Processing file /home/airflow/.local/lib/python3.7/site-packages/airflow/example_dags/example_complex.py for tasks to queue
[2022-02-07 17:31:06,036] {logging_mixin.py:109} INFO - [2022-02-07 17:31:06,036] {dagbag.py:500} INFO - Filling up the DagBag from /home/airflow/.local/lib/python3.7/site-packages/airflow/example_dags/example_complex.py
[2022-02-07 17:31:06,085] {processor.py:654} INFO - DAG(s) dict_keys(['example_complex']) retrieved from /home/airflow/.local/lib/python3.7/site-packages/airflow/example_dags/example_complex.py
[2022-02-07 17:31:06,105] {logging_mixin.py:109} INFO - [2022-02-07 17:31:06,104] {dag.py:2396} INFO - Sync 1 DAGs
[2022-02-07 17:31:06,127] {logging_mixin.py:109} INFO - [2022-02-07 17:31:06,127] {dag.py:2935} INFO - Setting next_dagrun for example_complex to None
[2022-02-07 17:31:06,141] {processor.py:171} INFO - Processing /home/airflow/.local/lib/python3.7/site-packages/airflow/example_dags/example_complex.py took 0.114 seconds
[2022-02-07 17:31:36,465] {processor.py:163} INFO - Started process (PID=1111) to work on /home/airflow/.local/lib/python3.7/site-packages/airflow/example_dags/example_complex.py
[2022-02-07 17:31:36,467] {processor.py:642} INFO - Processing file /home/airflow/.local/lib/python3.7/site-packages/airflow/example_dags/example_complex.py for tasks to queue
[2022-02-07 17:31:36,469] {logging_mixin.py:109} INFO - [2022-02-07 17:31:36,469] {dagbag.py:500} INFO - Filling up the DagBag from /home/airflow/.local/lib/python3.7/site-packages/airflow/example_dags/example_complex.py
[2022-02-07 17:31:36,549] {processor.py:654} INFO - DAG(s) dict_keys(['example_complex']) retrieved from /home/airflow/.local/lib/python3.7/site-packages/airflow/example_dags/example_complex.py
[2022-02-07 17:31:36,595] {logging_mixin.py:109} INFO - [2022-02-07 17:31:36,595] {dag.py:2396} INFO - Sync 1 DAGs
[2022-02-07 17:31:36,626] {logging_mixin.py:109} INFO - [2022-02-07 17:31:36,626] {dag.py:2935} INFO - Setting next_dagrun for example_complex to None
[2022-02-07 17:31:36,651] {processor.py:171} INFO - Processing /home/airflow/.local/lib/python3.7/site-packages/airflow/example_dags/example_complex.py took 0.192 seconds
[2022-02-07 17:32:07,506] {processor.py:163} INFO - Started process (PID=1183) to work on /home/airflow/.local/lib/python3.7/site-packages/airflow/example_dags/example_complex.py
[2022-02-07 17:32:07,509] {processor.py:642} INFO - Processing file /home/airflow/.local/lib/python3.7/site-packages/airflow/example_dags/example_complex.py for tasks to queue
[2022-02-07 17:32:07,510] {logging_mixin.py:109} INFO - [2022-02-07 17:32:07,510] {dagbag.py:500} INFO - Filling up the DagBag from /home/airflow/.local/lib/python3.7/site-packages/airflow/example_dags/example_complex.py
[2022-02-07 17:32:07,568] {processor.py:654} INFO - DAG(s) dict_keys(['example_complex']) retrieved from /home/airflow/.local/lib/python3.7/site-packages/airflow/example_dags/example_complex.py
[2022-02-07 17:32:07,599] {logging_mixin.py:109} INFO - [2022-02-07 17:32:07,599] {dag.py:2396} INFO - Sync 1 DAGs
[2022-02-07 17:32:07,620] {logging_mixin.py:109} INFO - [2022-02-07 17:32:07,620] {dag.py:2935} INFO - Setting next_dagrun for example_complex to None
[2022-02-07 17:32:07,636] {processor.py:171} INFO - Processing /home/airflow/.local/lib/python3.7/site-packages/airflow/example_dags/example_complex.py took 0.134 seconds
[2022-02-07 17:32:37,937] {processor.py:163} INFO - Started process (PID=1245) to work on /home/airflow/.local/lib/python3.7/site-packages/airflow/example_dags/example_complex.py
[2022-02-07 17:32:37,941] {processor.py:642} INFO - Processing file /home/airflow/.local/lib/python3.7/site-packages/airflow/example_dags/example_complex.py for tasks to queue
[2022-02-07 17:32:37,943] {logging_mixin.py:109} INFO - [2022-02-07 17:32:37,943] {dagbag.py:500} INFO - Filling up the DagBag from /home/airflow/.local/lib/python3.7/site-packages/airflow/example_dags/example_complex.py
[2022-02-07 17:32:38,012] {processor.py:654} INFO - DAG(s) dict_keys(['example_complex']) retrieved from /home/airflow/.local/lib/python3.7/site-packages/airflow/example_dags/example_complex.py
[2022-02-07 17:32:38,032] {logging_mixin.py:109} INFO - [2022-02-07 17:32:38,032] {dag.py:2396} INFO - Sync 1 DAGs
[2022-02-07 17:32:38,060] {logging_mixin.py:109} INFO - [2022-02-07 17:32:38,060] {dag.py:2935} INFO - Setting next_dagrun for example_complex to None
[2022-02-07 17:32:38,075] {processor.py:171} INFO - Processing /home/airflow/.local/lib/python3.7/site-packages/airflow/example_dags/example_complex.py took 0.145 seconds
[2022-02-07 17:33:08,589] {processor.py:163} INFO - Started process (PID=1303) to work on /home/airflow/.local/lib/python3.7/site-packages/airflow/example_dags/example_complex.py
[2022-02-07 17:33:08,592] {processor.py:642} INFO - Processing file /home/airflow/.local/lib/python3.7/site-packages/airflow/example_dags/example_complex.py for tasks to queue
[2022-02-07 17:33:08,594] {logging_mixin.py:109} INFO - [2022-02-07 17:33:08,594] {dagbag.py:500} INFO - Filling up the DagBag from /home/airflow/.local/lib/python3.7/site-packages/airflow/example_dags/example_complex.py
[2022-02-07 17:33:08,652] {processor.py:654} INFO - DAG(s) dict_keys(['example_complex']) retrieved from /home/airflow/.local/lib/python3.7/site-packages/airflow/example_dags/example_complex.py
[2022-02-07 17:33:08,674] {logging_mixin.py:109} INFO - [2022-02-07 17:33:08,674] {dag.py:2396} INFO - Sync 1 DAGs
[2022-02-07 17:33:08,696] {logging_mixin.py:109} INFO - [2022-02-07 17:33:08,696] {dag.py:2935} INFO - Setting next_dagrun for example_complex to None
[2022-02-07 17:33:08,712] {processor.py:171} INFO - Processing /home/airflow/.local/lib/python3.7/site-packages/airflow/example_dags/example_complex.py took 0.128 seconds
[2022-02-07 17:33:39,357] {processor.py:163} INFO - Started process (PID=1358) to work on /home/airflow/.local/lib/python3.7/site-packages/airflow/example_dags/example_complex.py
[2022-02-07 17:33:39,360] {processor.py:642} INFO - Processing file /home/airflow/.local/lib/python3.7/site-packages/airflow/example_dags/example_complex.py for tasks to queue
[2022-02-07 17:33:39,362] {logging_mixin.py:109} INFO - [2022-02-07 17:33:39,362] {dagbag.py:500} INFO - Filling up the DagBag from /home/airflow/.local/lib/python3.7/site-packages/airflow/example_dags/example_complex.py
[2022-02-07 17:33:39,419] {processor.py:654} INFO - DAG(s) dict_keys(['example_complex']) retrieved from /home/airflow/.local/lib/python3.7/site-packages/airflow/example_dags/example_complex.py
[2022-02-07 17:33:39,444] {logging_mixin.py:109} INFO - [2022-02-07 17:33:39,444] {dag.py:2396} INFO - Sync 1 DAGs
[2022-02-07 17:33:39,468] {logging_mixin.py:109} INFO - [2022-02-07 17:33:39,467] {dag.py:2935} INFO - Setting next_dagrun for example_complex to None
[2022-02-07 17:33:39,626] {processor.py:171} INFO - Processing /home/airflow/.local/lib/python3.7/site-packages/airflow/example_dags/example_complex.py took 0.273 seconds
[2022-02-07 17:34:10,085] {processor.py:163} INFO - Started process (PID=1426) to work on /home/airflow/.local/lib/python3.7/site-packages/airflow/example_dags/example_complex.py
[2022-02-07 17:34:10,088] {processor.py:642} INFO - Processing file /home/airflow/.local/lib/python3.7/site-packages/airflow/example_dags/example_complex.py for tasks to queue
[2022-02-07 17:34:10,091] {logging_mixin.py:109} INFO - [2022-02-07 17:34:10,090] {dagbag.py:500} INFO - Filling up the DagBag from /home/airflow/.local/lib/python3.7/site-packages/airflow/example_dags/example_complex.py
[2022-02-07 17:34:10,165] {processor.py:654} INFO - DAG(s) dict_keys(['example_complex']) retrieved from /home/airflow/.local/lib/python3.7/site-packages/airflow/example_dags/example_complex.py
[2022-02-07 17:34:10,205] {logging_mixin.py:109} INFO - [2022-02-07 17:34:10,205] {dag.py:2396} INFO - Sync 1 DAGs
[2022-02-07 17:34:10,373] {logging_mixin.py:109} INFO - [2022-02-07 17:34:10,373] {dag.py:2935} INFO - Setting next_dagrun for example_complex to None
[2022-02-07 17:34:10,398] {processor.py:171} INFO - Processing /home/airflow/.local/lib/python3.7/site-packages/airflow/example_dags/example_complex.py took 0.319 seconds
[2022-02-07 17:34:40,559] {processor.py:163} INFO - Started process (PID=1483) to work on /home/airflow/.local/lib/python3.7/site-packages/airflow/example_dags/example_complex.py
[2022-02-07 17:34:40,564] {processor.py:642} INFO - Processing file /home/airflow/.local/lib/python3.7/site-packages/airflow/example_dags/example_complex.py for tasks to queue
[2022-02-07 17:34:40,569] {logging_mixin.py:109} INFO - [2022-02-07 17:34:40,569] {dagbag.py:500} INFO - Filling up the DagBag from /home/airflow/.local/lib/python3.7/site-packages/airflow/example_dags/example_complex.py
[2022-02-07 17:34:40,681] {processor.py:654} INFO - DAG(s) dict_keys(['example_complex']) retrieved from /home/airflow/.local/lib/python3.7/site-packages/airflow/example_dags/example_complex.py
[2022-02-07 17:34:40,731] {logging_mixin.py:109} INFO - [2022-02-07 17:34:40,731] {dag.py:2396} INFO - Sync 1 DAGs
[2022-02-07 17:34:40,911] {logging_mixin.py:109} INFO - [2022-02-07 17:34:40,911] {dag.py:2935} INFO - Setting next_dagrun for example_complex to None
[2022-02-07 17:34:40,927] {processor.py:171} INFO - Processing /home/airflow/.local/lib/python3.7/site-packages/airflow/example_dags/example_complex.py took 0.376 seconds
[2022-02-07 17:35:11,271] {processor.py:163} INFO - Started process (PID=1536) to work on /home/airflow/.local/lib/python3.7/site-packages/airflow/example_dags/example_complex.py
[2022-02-07 17:35:11,274] {processor.py:642} INFO - Processing file /home/airflow/.local/lib/python3.7/site-packages/airflow/example_dags/example_complex.py for tasks to queue
[2022-02-07 17:35:11,276] {logging_mixin.py:109} INFO - [2022-02-07 17:35:11,276] {dagbag.py:500} INFO - Filling up the DagBag from /home/airflow/.local/lib/python3.7/site-packages/airflow/example_dags/example_complex.py
[2022-02-07 17:35:11,329] {processor.py:654} INFO - DAG(s) dict_keys(['example_complex']) retrieved from /home/airflow/.local/lib/python3.7/site-packages/airflow/example_dags/example_complex.py
[2022-02-07 17:35:11,350] {logging_mixin.py:109} INFO - [2022-02-07 17:35:11,350] {dag.py:2396} INFO - Sync 1 DAGs
[2022-02-07 17:35:11,527] {logging_mixin.py:109} INFO - [2022-02-07 17:35:11,527] {dag.py:2935} INFO - Setting next_dagrun for example_complex to None
[2022-02-07 17:35:11,554] {processor.py:171} INFO - Processing /home/airflow/.local/lib/python3.7/site-packages/airflow/example_dags/example_complex.py took 0.288 seconds
[2022-02-07 17:35:42,028] {processor.py:163} INFO - Started process (PID=1590) to work on /home/airflow/.local/lib/python3.7/site-packages/airflow/example_dags/example_complex.py
[2022-02-07 17:35:42,032] {processor.py:642} INFO - Processing file /home/airflow/.local/lib/python3.7/site-packages/airflow/example_dags/example_complex.py for tasks to queue
[2022-02-07 17:35:42,035] {logging_mixin.py:109} INFO - [2022-02-07 17:35:42,035] {dagbag.py:500} INFO - Filling up the DagBag from /home/airflow/.local/lib/python3.7/site-packages/airflow/example_dags/example_complex.py
[2022-02-07 17:35:42,120] {processor.py:654} INFO - DAG(s) dict_keys(['example_complex']) retrieved from /home/airflow/.local/lib/python3.7/site-packages/airflow/example_dags/example_complex.py
[2022-02-07 17:35:42,314] {logging_mixin.py:109} INFO - [2022-02-07 17:35:42,314] {dag.py:2396} INFO - Sync 1 DAGs
[2022-02-07 17:35:42,353] {logging_mixin.py:109} INFO - [2022-02-07 17:35:42,352] {dag.py:2935} INFO - Setting next_dagrun for example_complex to None
[2022-02-07 17:35:42,394] {processor.py:171} INFO - Processing /home/airflow/.local/lib/python3.7/site-packages/airflow/example_dags/example_complex.py took 0.377 seconds
[2022-02-07 17:36:12,656] {processor.py:163} INFO - Started process (PID=1642) to work on /home/airflow/.local/lib/python3.7/site-packages/airflow/example_dags/example_complex.py
[2022-02-07 17:36:12,658] {processor.py:642} INFO - Processing file /home/airflow/.local/lib/python3.7/site-packages/airflow/example_dags/example_complex.py for tasks to queue
[2022-02-07 17:36:12,661] {logging_mixin.py:109} INFO - [2022-02-07 17:36:12,660] {dagbag.py:500} INFO - Filling up the DagBag from /home/airflow/.local/lib/python3.7/site-packages/airflow/example_dags/example_complex.py
[2022-02-07 17:36:12,717] {processor.py:654} INFO - DAG(s) dict_keys(['example_complex']) retrieved from /home/airflow/.local/lib/python3.7/site-packages/airflow/example_dags/example_complex.py
[2022-02-07 17:36:12,848] {logging_mixin.py:109} INFO - [2022-02-07 17:36:12,847] {dag.py:2396} INFO - Sync 1 DAGs
[2022-02-07 17:36:12,869] {logging_mixin.py:109} INFO - [2022-02-07 17:36:12,869] {dag.py:2935} INFO - Setting next_dagrun for example_complex to None
[2022-02-07 17:36:12,886] {processor.py:171} INFO - Processing /home/airflow/.local/lib/python3.7/site-packages/airflow/example_dags/example_complex.py took 0.235 seconds
[2022-02-07 17:36:43,551] {processor.py:163} INFO - Started process (PID=1695) to work on /home/airflow/.local/lib/python3.7/site-packages/airflow/example_dags/example_complex.py
[2022-02-07 17:36:43,557] {processor.py:642} INFO - Processing file /home/airflow/.local/lib/python3.7/site-packages/airflow/example_dags/example_complex.py for tasks to queue
[2022-02-07 17:36:43,561] {logging_mixin.py:109} INFO - [2022-02-07 17:36:43,560] {dagbag.py:500} INFO - Filling up the DagBag from /home/airflow/.local/lib/python3.7/site-packages/airflow/example_dags/example_complex.py
[2022-02-07 17:36:43,780] {processor.py:654} INFO - DAG(s) dict_keys(['example_complex']) retrieved from /home/airflow/.local/lib/python3.7/site-packages/airflow/example_dags/example_complex.py
[2022-02-07 17:36:43,808] {logging_mixin.py:109} INFO - [2022-02-07 17:36:43,808] {dag.py:2396} INFO - Sync 1 DAGs
[2022-02-07 17:36:43,841] {logging_mixin.py:109} INFO - [2022-02-07 17:36:43,840] {dag.py:2935} INFO - Setting next_dagrun for example_complex to None
[2022-02-07 17:36:43,867] {processor.py:171} INFO - Processing /home/airflow/.local/lib/python3.7/site-packages/airflow/example_dags/example_complex.py took 0.326 seconds
[2022-02-07 17:37:14,776] {processor.py:163} INFO - Started process (PID=1758) to work on /home/airflow/.local/lib/python3.7/site-packages/airflow/example_dags/example_complex.py
[2022-02-07 17:37:14,804] {processor.py:642} INFO - Processing file /home/airflow/.local/lib/python3.7/site-packages/airflow/example_dags/example_complex.py for tasks to queue
[2022-02-07 17:37:14,815] {logging_mixin.py:109} INFO - [2022-02-07 17:37:14,815] {dagbag.py:500} INFO - Filling up the DagBag from /home/airflow/.local/lib/python3.7/site-packages/airflow/example_dags/example_complex.py
[2022-02-07 17:37:15,405] {processor.py:654} INFO - DAG(s) dict_keys(['example_complex']) retrieved from /home/airflow/.local/lib/python3.7/site-packages/airflow/example_dags/example_complex.py
[2022-02-07 17:37:15,506] {logging_mixin.py:109} INFO - [2022-02-07 17:37:15,504] {dag.py:2396} INFO - Sync 1 DAGs
[2022-02-07 17:37:15,564] {logging_mixin.py:109} INFO - [2022-02-07 17:37:15,563] {dag.py:2935} INFO - Setting next_dagrun for example_complex to None
[2022-02-07 17:37:15,596] {processor.py:171} INFO - Processing /home/airflow/.local/lib/python3.7/site-packages/airflow/example_dags/example_complex.py took 0.866 seconds
[2022-02-07 17:37:45,920] {processor.py:163} INFO - Started process (PID=1812) to work on /home/airflow/.local/lib/python3.7/site-packages/airflow/example_dags/example_complex.py
[2022-02-07 17:37:45,925] {processor.py:642} INFO - Processing file /home/airflow/.local/lib/python3.7/site-packages/airflow/example_dags/example_complex.py for tasks to queue
[2022-02-07 17:37:45,927] {logging_mixin.py:109} INFO - [2022-02-07 17:37:45,927] {dagbag.py:500} INFO - Filling up the DagBag from /home/airflow/.local/lib/python3.7/site-packages/airflow/example_dags/example_complex.py
[2022-02-07 17:37:46,160] {processor.py:654} INFO - DAG(s) dict_keys(['example_complex']) retrieved from /home/airflow/.local/lib/python3.7/site-packages/airflow/example_dags/example_complex.py
[2022-02-07 17:37:46,190] {logging_mixin.py:109} INFO - [2022-02-07 17:37:46,190] {dag.py:2396} INFO - Sync 1 DAGs
[2022-02-07 17:37:46,217] {logging_mixin.py:109} INFO - [2022-02-07 17:37:46,217] {dag.py:2935} INFO - Setting next_dagrun for example_complex to None
[2022-02-07 17:37:46,231] {processor.py:171} INFO - Processing /home/airflow/.local/lib/python3.7/site-packages/airflow/example_dags/example_complex.py took 0.317 seconds
[2022-02-07 17:38:16,716] {processor.py:163} INFO - Started process (PID=1865) to work on /home/airflow/.local/lib/python3.7/site-packages/airflow/example_dags/example_complex.py
[2022-02-07 17:38:16,720] {processor.py:642} INFO - Processing file /home/airflow/.local/lib/python3.7/site-packages/airflow/example_dags/example_complex.py for tasks to queue
[2022-02-07 17:38:16,724] {logging_mixin.py:109} INFO - [2022-02-07 17:38:16,723] {dagbag.py:500} INFO - Filling up the DagBag from /home/airflow/.local/lib/python3.7/site-packages/airflow/example_dags/example_complex.py
[2022-02-07 17:38:16,904] {processor.py:654} INFO - DAG(s) dict_keys(['example_complex']) retrieved from /home/airflow/.local/lib/python3.7/site-packages/airflow/example_dags/example_complex.py
[2022-02-07 17:38:16,923] {logging_mixin.py:109} INFO - [2022-02-07 17:38:16,923] {dag.py:2396} INFO - Sync 1 DAGs
[2022-02-07 17:38:16,944] {logging_mixin.py:109} INFO - [2022-02-07 17:38:16,944] {dag.py:2935} INFO - Setting next_dagrun for example_complex to None
[2022-02-07 17:38:16,959] {processor.py:171} INFO - Processing /home/airflow/.local/lib/python3.7/site-packages/airflow/example_dags/example_complex.py took 0.254 seconds
[2022-02-07 17:38:47,600] {processor.py:163} INFO - Started process (PID=1919) to work on /home/airflow/.local/lib/python3.7/site-packages/airflow/example_dags/example_complex.py
[2022-02-07 17:38:47,602] {processor.py:642} INFO - Processing file /home/airflow/.local/lib/python3.7/site-packages/airflow/example_dags/example_complex.py for tasks to queue
[2022-02-07 17:38:47,605] {logging_mixin.py:109} INFO - [2022-02-07 17:38:47,605] {dagbag.py:500} INFO - Filling up the DagBag from /home/airflow/.local/lib/python3.7/site-packages/airflow/example_dags/example_complex.py
[2022-02-07 17:38:47,761] {processor.py:654} INFO - DAG(s) dict_keys(['example_complex']) retrieved from /home/airflow/.local/lib/python3.7/site-packages/airflow/example_dags/example_complex.py
[2022-02-07 17:38:47,780] {logging_mixin.py:109} INFO - [2022-02-07 17:38:47,779] {dag.py:2396} INFO - Sync 1 DAGs
[2022-02-07 17:38:47,801] {logging_mixin.py:109} INFO - [2022-02-07 17:38:47,801] {dag.py:2935} INFO - Setting next_dagrun for example_complex to None
[2022-02-07 17:38:47,821] {processor.py:171} INFO - Processing /home/airflow/.local/lib/python3.7/site-packages/airflow/example_dags/example_complex.py took 0.226 seconds
[2022-02-07 17:39:18,902] {processor.py:163} INFO - Started process (PID=1972) to work on /home/airflow/.local/lib/python3.7/site-packages/airflow/example_dags/example_complex.py
[2022-02-07 17:39:18,905] {processor.py:642} INFO - Processing file /home/airflow/.local/lib/python3.7/site-packages/airflow/example_dags/example_complex.py for tasks to queue
[2022-02-07 17:39:18,907] {logging_mixin.py:109} INFO - [2022-02-07 17:39:18,907] {dagbag.py:500} INFO - Filling up the DagBag from /home/airflow/.local/lib/python3.7/site-packages/airflow/example_dags/example_complex.py
[2022-02-07 17:39:19,071] {processor.py:654} INFO - DAG(s) dict_keys(['example_complex']) retrieved from /home/airflow/.local/lib/python3.7/site-packages/airflow/example_dags/example_complex.py
[2022-02-07 17:39:19,103] {logging_mixin.py:109} INFO - [2022-02-07 17:39:19,103] {dag.py:2396} INFO - Sync 1 DAGs
[2022-02-07 17:39:19,137] {logging_mixin.py:109} INFO - [2022-02-07 17:39:19,137] {dag.py:2935} INFO - Setting next_dagrun for example_complex to None
[2022-02-07 17:39:19,153] {processor.py:171} INFO - Processing /home/airflow/.local/lib/python3.7/site-packages/airflow/example_dags/example_complex.py took 0.254 seconds
