[2022-02-07 17:23:28,297] {processor.py:163} INFO - Started process (PID=189) to work on /home/airflow/.local/lib/python3.7/site-packages/airflow/example_dags/example_skip_dag.py
[2022-02-07 17:23:28,301] {processor.py:642} INFO - Processing file /home/airflow/.local/lib/python3.7/site-packages/airflow/example_dags/example_skip_dag.py for tasks to queue
[2022-02-07 17:23:28,305] {logging_mixin.py:109} INFO - [2022-02-07 17:23:28,305] {dagbag.py:500} INFO - Filling up the DagBag from /home/airflow/.local/lib/python3.7/site-packages/airflow/example_dags/example_skip_dag.py
[2022-02-07 17:23:28,360] {processor.py:654} INFO - DAG(s) dict_keys(['example_skip_dag']) retrieved from /home/airflow/.local/lib/python3.7/site-packages/airflow/example_dags/example_skip_dag.py
[2022-02-07 17:23:31,504] {logging_mixin.py:109} INFO - [2022-02-07 17:23:31,504] {manager.py:496} INFO - Created Permission View: can read on DAG:example_skip_dag
[2022-02-07 17:23:31,517] {logging_mixin.py:109} INFO - [2022-02-07 17:23:31,517] {manager.py:496} INFO - Created Permission View: can edit on DAG:example_skip_dag
[2022-02-07 17:23:31,519] {logging_mixin.py:109} INFO - [2022-02-07 17:23:31,518] {dag.py:2396} INFO - Sync 1 DAGs
[2022-02-07 17:23:31,531] {logging_mixin.py:109} INFO - [2022-02-07 17:23:31,530] {dag.py:2415} INFO - Creating ORM DAG for example_skip_dag
[2022-02-07 17:23:31,544] {logging_mixin.py:109} INFO - [2022-02-07 17:23:31,544] {dag.py:2935} INFO - Setting next_dagrun for example_skip_dag to 2022-02-06T17:23:31.544198+00:00
[2022-02-07 17:23:31,565] {processor.py:171} INFO - Processing /home/airflow/.local/lib/python3.7/site-packages/airflow/example_dags/example_skip_dag.py took 3.278 seconds
[2022-02-07 17:24:02,381] {processor.py:163} INFO - Started process (PID=274) to work on /home/airflow/.local/lib/python3.7/site-packages/airflow/example_dags/example_skip_dag.py
[2022-02-07 17:24:02,383] {processor.py:642} INFO - Processing file /home/airflow/.local/lib/python3.7/site-packages/airflow/example_dags/example_skip_dag.py for tasks to queue
[2022-02-07 17:24:02,386] {logging_mixin.py:109} INFO - [2022-02-07 17:24:02,386] {dagbag.py:500} INFO - Filling up the DagBag from /home/airflow/.local/lib/python3.7/site-packages/airflow/example_dags/example_skip_dag.py
[2022-02-07 17:24:02,462] {processor.py:654} INFO - DAG(s) dict_keys(['example_skip_dag']) retrieved from /home/airflow/.local/lib/python3.7/site-packages/airflow/example_dags/example_skip_dag.py
[2022-02-07 17:24:02,486] {logging_mixin.py:109} INFO - [2022-02-07 17:24:02,485] {dag.py:2396} INFO - Sync 1 DAGs
[2022-02-07 17:24:02,517] {logging_mixin.py:109} INFO - [2022-02-07 17:24:02,516] {dag.py:2935} INFO - Setting next_dagrun for example_skip_dag to 2022-02-06T17:24:02.516368+00:00
[2022-02-07 17:24:02,534] {processor.py:171} INFO - Processing /home/airflow/.local/lib/python3.7/site-packages/airflow/example_dags/example_skip_dag.py took 0.157 seconds
[2022-02-07 17:24:33,041] {processor.py:163} INFO - Started process (PID=325) to work on /home/airflow/.local/lib/python3.7/site-packages/airflow/example_dags/example_skip_dag.py
[2022-02-07 17:24:33,044] {processor.py:642} INFO - Processing file /home/airflow/.local/lib/python3.7/site-packages/airflow/example_dags/example_skip_dag.py for tasks to queue
[2022-02-07 17:24:33,047] {logging_mixin.py:109} INFO - [2022-02-07 17:24:33,046] {dagbag.py:500} INFO - Filling up the DagBag from /home/airflow/.local/lib/python3.7/site-packages/airflow/example_dags/example_skip_dag.py
[2022-02-07 17:24:33,125] {processor.py:654} INFO - DAG(s) dict_keys(['example_skip_dag']) retrieved from /home/airflow/.local/lib/python3.7/site-packages/airflow/example_dags/example_skip_dag.py
[2022-02-07 17:24:33,150] {logging_mixin.py:109} INFO - [2022-02-07 17:24:33,150] {dag.py:2396} INFO - Sync 1 DAGs
[2022-02-07 17:24:33,183] {logging_mixin.py:109} INFO - [2022-02-07 17:24:33,183] {dag.py:2935} INFO - Setting next_dagrun for example_skip_dag to 2022-02-06T17:24:33.182612+00:00
[2022-02-07 17:24:33,208] {processor.py:171} INFO - Processing /home/airflow/.local/lib/python3.7/site-packages/airflow/example_dags/example_skip_dag.py took 0.178 seconds
[2022-02-07 17:25:03,531] {processor.py:163} INFO - Started process (PID=378) to work on /home/airflow/.local/lib/python3.7/site-packages/airflow/example_dags/example_skip_dag.py
[2022-02-07 17:25:03,534] {processor.py:642} INFO - Processing file /home/airflow/.local/lib/python3.7/site-packages/airflow/example_dags/example_skip_dag.py for tasks to queue
[2022-02-07 17:25:03,537] {logging_mixin.py:109} INFO - [2022-02-07 17:25:03,536] {dagbag.py:500} INFO - Filling up the DagBag from /home/airflow/.local/lib/python3.7/site-packages/airflow/example_dags/example_skip_dag.py
[2022-02-07 17:25:03,585] {processor.py:654} INFO - DAG(s) dict_keys(['example_skip_dag']) retrieved from /home/airflow/.local/lib/python3.7/site-packages/airflow/example_dags/example_skip_dag.py
[2022-02-07 17:25:03,602] {logging_mixin.py:109} INFO - [2022-02-07 17:25:03,601] {dag.py:2396} INFO - Sync 1 DAGs
[2022-02-07 17:25:03,624] {logging_mixin.py:109} INFO - [2022-02-07 17:25:03,624] {dag.py:2935} INFO - Setting next_dagrun for example_skip_dag to 2022-02-06T17:25:03.623691+00:00
[2022-02-07 17:25:03,639] {processor.py:171} INFO - Processing /home/airflow/.local/lib/python3.7/site-packages/airflow/example_dags/example_skip_dag.py took 0.114 seconds
[2022-02-07 17:25:33,876] {processor.py:163} INFO - Started process (PID=438) to work on /home/airflow/.local/lib/python3.7/site-packages/airflow/example_dags/example_skip_dag.py
[2022-02-07 17:25:33,879] {processor.py:642} INFO - Processing file /home/airflow/.local/lib/python3.7/site-packages/airflow/example_dags/example_skip_dag.py for tasks to queue
[2022-02-07 17:25:33,880] {logging_mixin.py:109} INFO - [2022-02-07 17:25:33,880] {dagbag.py:500} INFO - Filling up the DagBag from /home/airflow/.local/lib/python3.7/site-packages/airflow/example_dags/example_skip_dag.py
[2022-02-07 17:25:33,927] {processor.py:654} INFO - DAG(s) dict_keys(['example_skip_dag']) retrieved from /home/airflow/.local/lib/python3.7/site-packages/airflow/example_dags/example_skip_dag.py
[2022-02-07 17:25:33,941] {logging_mixin.py:109} INFO - [2022-02-07 17:25:33,941] {dag.py:2396} INFO - Sync 1 DAGs
[2022-02-07 17:25:33,962] {logging_mixin.py:109} INFO - [2022-02-07 17:25:33,962] {dag.py:2935} INFO - Setting next_dagrun for example_skip_dag to 2022-02-06T17:25:33.961550+00:00
[2022-02-07 17:25:33,982] {processor.py:171} INFO - Processing /home/airflow/.local/lib/python3.7/site-packages/airflow/example_dags/example_skip_dag.py took 0.111 seconds
[2022-02-07 17:26:04,426] {processor.py:163} INFO - Started process (PID=492) to work on /home/airflow/.local/lib/python3.7/site-packages/airflow/example_dags/example_skip_dag.py
[2022-02-07 17:26:04,428] {processor.py:642} INFO - Processing file /home/airflow/.local/lib/python3.7/site-packages/airflow/example_dags/example_skip_dag.py for tasks to queue
[2022-02-07 17:26:04,430] {logging_mixin.py:109} INFO - [2022-02-07 17:26:04,430] {dagbag.py:500} INFO - Filling up the DagBag from /home/airflow/.local/lib/python3.7/site-packages/airflow/example_dags/example_skip_dag.py
[2022-02-07 17:26:04,476] {processor.py:654} INFO - DAG(s) dict_keys(['example_skip_dag']) retrieved from /home/airflow/.local/lib/python3.7/site-packages/airflow/example_dags/example_skip_dag.py
[2022-02-07 17:26:04,495] {logging_mixin.py:109} INFO - [2022-02-07 17:26:04,495] {dag.py:2396} INFO - Sync 1 DAGs
[2022-02-07 17:26:04,521] {logging_mixin.py:109} INFO - [2022-02-07 17:26:04,521] {dag.py:2935} INFO - Setting next_dagrun for example_skip_dag to 2022-02-06T17:26:04.520892+00:00
[2022-02-07 17:26:04,543] {processor.py:171} INFO - Processing /home/airflow/.local/lib/python3.7/site-packages/airflow/example_dags/example_skip_dag.py took 0.123 seconds
[2022-02-07 17:26:35,028] {processor.py:163} INFO - Started process (PID=542) to work on /home/airflow/.local/lib/python3.7/site-packages/airflow/example_dags/example_skip_dag.py
[2022-02-07 17:26:35,031] {processor.py:642} INFO - Processing file /home/airflow/.local/lib/python3.7/site-packages/airflow/example_dags/example_skip_dag.py for tasks to queue
[2022-02-07 17:26:35,034] {logging_mixin.py:109} INFO - [2022-02-07 17:26:35,034] {dagbag.py:500} INFO - Filling up the DagBag from /home/airflow/.local/lib/python3.7/site-packages/airflow/example_dags/example_skip_dag.py
[2022-02-07 17:26:35,091] {processor.py:654} INFO - DAG(s) dict_keys(['example_skip_dag']) retrieved from /home/airflow/.local/lib/python3.7/site-packages/airflow/example_dags/example_skip_dag.py
[2022-02-07 17:26:35,113] {logging_mixin.py:109} INFO - [2022-02-07 17:26:35,112] {dag.py:2396} INFO - Sync 1 DAGs
[2022-02-07 17:26:35,145] {logging_mixin.py:109} INFO - [2022-02-07 17:26:35,145] {dag.py:2935} INFO - Setting next_dagrun for example_skip_dag to 2022-02-06T17:26:35.145121+00:00
[2022-02-07 17:26:35,162] {processor.py:171} INFO - Processing /home/airflow/.local/lib/python3.7/site-packages/airflow/example_dags/example_skip_dag.py took 0.138 seconds
[2022-02-07 17:27:05,803] {processor.py:163} INFO - Started process (PID=595) to work on /home/airflow/.local/lib/python3.7/site-packages/airflow/example_dags/example_skip_dag.py
[2022-02-07 17:27:05,809] {processor.py:642} INFO - Processing file /home/airflow/.local/lib/python3.7/site-packages/airflow/example_dags/example_skip_dag.py for tasks to queue
[2022-02-07 17:27:05,812] {logging_mixin.py:109} INFO - [2022-02-07 17:27:05,812] {dagbag.py:500} INFO - Filling up the DagBag from /home/airflow/.local/lib/python3.7/site-packages/airflow/example_dags/example_skip_dag.py
[2022-02-07 17:27:05,877] {processor.py:654} INFO - DAG(s) dict_keys(['example_skip_dag']) retrieved from /home/airflow/.local/lib/python3.7/site-packages/airflow/example_dags/example_skip_dag.py
[2022-02-07 17:27:05,894] {logging_mixin.py:109} INFO - [2022-02-07 17:27:05,894] {dag.py:2396} INFO - Sync 1 DAGs
[2022-02-07 17:27:05,915] {logging_mixin.py:109} INFO - [2022-02-07 17:27:05,915] {dag.py:2935} INFO - Setting next_dagrun for example_skip_dag to 2022-02-06T17:27:05.914889+00:00
[2022-02-07 17:27:05,930] {processor.py:171} INFO - Processing /home/airflow/.local/lib/python3.7/site-packages/airflow/example_dags/example_skip_dag.py took 0.133 seconds
[2022-02-07 17:27:36,400] {processor.py:163} INFO - Started process (PID=658) to work on /home/airflow/.local/lib/python3.7/site-packages/airflow/example_dags/example_skip_dag.py
[2022-02-07 17:27:36,406] {processor.py:642} INFO - Processing file /home/airflow/.local/lib/python3.7/site-packages/airflow/example_dags/example_skip_dag.py for tasks to queue
[2022-02-07 17:27:36,410] {logging_mixin.py:109} INFO - [2022-02-07 17:27:36,409] {dagbag.py:500} INFO - Filling up the DagBag from /home/airflow/.local/lib/python3.7/site-packages/airflow/example_dags/example_skip_dag.py
[2022-02-07 17:27:36,476] {processor.py:654} INFO - DAG(s) dict_keys(['example_skip_dag']) retrieved from /home/airflow/.local/lib/python3.7/site-packages/airflow/example_dags/example_skip_dag.py
[2022-02-07 17:27:36,496] {logging_mixin.py:109} INFO - [2022-02-07 17:27:36,496] {dag.py:2396} INFO - Sync 1 DAGs
[2022-02-07 17:27:36,517] {logging_mixin.py:109} INFO - [2022-02-07 17:27:36,517] {dag.py:2935} INFO - Setting next_dagrun for example_skip_dag to 2022-02-06T17:27:36.516645+00:00
[2022-02-07 17:27:36,534] {processor.py:171} INFO - Processing /home/airflow/.local/lib/python3.7/site-packages/airflow/example_dags/example_skip_dag.py took 0.159 seconds
[2022-02-07 17:28:07,225] {processor.py:163} INFO - Started process (PID=714) to work on /home/airflow/.local/lib/python3.7/site-packages/airflow/example_dags/example_skip_dag.py
[2022-02-07 17:28:07,245] {processor.py:642} INFO - Processing file /home/airflow/.local/lib/python3.7/site-packages/airflow/example_dags/example_skip_dag.py for tasks to queue
[2022-02-07 17:28:07,249] {logging_mixin.py:109} INFO - [2022-02-07 17:28:07,249] {dagbag.py:500} INFO - Filling up the DagBag from /home/airflow/.local/lib/python3.7/site-packages/airflow/example_dags/example_skip_dag.py
[2022-02-07 17:28:07,332] {processor.py:654} INFO - DAG(s) dict_keys(['example_skip_dag']) retrieved from /home/airflow/.local/lib/python3.7/site-packages/airflow/example_dags/example_skip_dag.py
[2022-02-07 17:28:07,363] {logging_mixin.py:109} INFO - [2022-02-07 17:28:07,362] {dag.py:2396} INFO - Sync 1 DAGs
[2022-02-07 17:28:07,398] {logging_mixin.py:109} INFO - [2022-02-07 17:28:07,398] {dag.py:2935} INFO - Setting next_dagrun for example_skip_dag to 2022-02-06T17:28:07.397415+00:00
[2022-02-07 17:28:07,421] {processor.py:171} INFO - Processing /home/airflow/.local/lib/python3.7/site-packages/airflow/example_dags/example_skip_dag.py took 0.207 seconds
[2022-02-07 17:28:37,488] {processor.py:163} INFO - Started process (PID=766) to work on /home/airflow/.local/lib/python3.7/site-packages/airflow/example_dags/example_skip_dag.py
[2022-02-07 17:28:37,491] {processor.py:642} INFO - Processing file /home/airflow/.local/lib/python3.7/site-packages/airflow/example_dags/example_skip_dag.py for tasks to queue
[2022-02-07 17:28:37,493] {logging_mixin.py:109} INFO - [2022-02-07 17:28:37,493] {dagbag.py:500} INFO - Filling up the DagBag from /home/airflow/.local/lib/python3.7/site-packages/airflow/example_dags/example_skip_dag.py
[2022-02-07 17:28:37,528] {processor.py:654} INFO - DAG(s) dict_keys(['example_skip_dag']) retrieved from /home/airflow/.local/lib/python3.7/site-packages/airflow/example_dags/example_skip_dag.py
[2022-02-07 17:28:37,542] {logging_mixin.py:109} INFO - [2022-02-07 17:28:37,541] {dag.py:2396} INFO - Sync 1 DAGs
[2022-02-07 17:28:37,562] {logging_mixin.py:109} INFO - [2022-02-07 17:28:37,562] {dag.py:2935} INFO - Setting next_dagrun for example_skip_dag to 2022-02-06T17:28:37.561935+00:00
[2022-02-07 17:28:37,573] {processor.py:171} INFO - Processing /home/airflow/.local/lib/python3.7/site-packages/airflow/example_dags/example_skip_dag.py took 0.090 seconds
[2022-02-07 17:29:08,384] {processor.py:163} INFO - Started process (PID=827) to work on /home/airflow/.local/lib/python3.7/site-packages/airflow/example_dags/example_skip_dag.py
[2022-02-07 17:29:08,387] {processor.py:642} INFO - Processing file /home/airflow/.local/lib/python3.7/site-packages/airflow/example_dags/example_skip_dag.py for tasks to queue
[2022-02-07 17:29:08,390] {logging_mixin.py:109} INFO - [2022-02-07 17:29:08,389] {dagbag.py:500} INFO - Filling up the DagBag from /home/airflow/.local/lib/python3.7/site-packages/airflow/example_dags/example_skip_dag.py
[2022-02-07 17:29:08,442] {processor.py:654} INFO - DAG(s) dict_keys(['example_skip_dag']) retrieved from /home/airflow/.local/lib/python3.7/site-packages/airflow/example_dags/example_skip_dag.py
[2022-02-07 17:29:08,462] {logging_mixin.py:109} INFO - [2022-02-07 17:29:08,462] {dag.py:2396} INFO - Sync 1 DAGs
[2022-02-07 17:29:08,483] {logging_mixin.py:109} INFO - [2022-02-07 17:29:08,483] {dag.py:2935} INFO - Setting next_dagrun for example_skip_dag to 2022-02-06T17:29:08.482647+00:00
[2022-02-07 17:29:08,501] {processor.py:171} INFO - Processing /home/airflow/.local/lib/python3.7/site-packages/airflow/example_dags/example_skip_dag.py took 0.121 seconds
[2022-02-07 17:29:38,919] {processor.py:163} INFO - Started process (PID=887) to work on /home/airflow/.local/lib/python3.7/site-packages/airflow/example_dags/example_skip_dag.py
[2022-02-07 17:29:38,921] {processor.py:642} INFO - Processing file /home/airflow/.local/lib/python3.7/site-packages/airflow/example_dags/example_skip_dag.py for tasks to queue
[2022-02-07 17:29:38,923] {logging_mixin.py:109} INFO - [2022-02-07 17:29:38,923] {dagbag.py:500} INFO - Filling up the DagBag from /home/airflow/.local/lib/python3.7/site-packages/airflow/example_dags/example_skip_dag.py
[2022-02-07 17:29:38,959] {processor.py:654} INFO - DAG(s) dict_keys(['example_skip_dag']) retrieved from /home/airflow/.local/lib/python3.7/site-packages/airflow/example_dags/example_skip_dag.py
[2022-02-07 17:29:38,973] {logging_mixin.py:109} INFO - [2022-02-07 17:29:38,973] {dag.py:2396} INFO - Sync 1 DAGs
[2022-02-07 17:29:38,994] {logging_mixin.py:109} INFO - [2022-02-07 17:29:38,994] {dag.py:2935} INFO - Setting next_dagrun for example_skip_dag to 2022-02-06T17:29:38.993979+00:00
[2022-02-07 17:29:39,008] {processor.py:171} INFO - Processing /home/airflow/.local/lib/python3.7/site-packages/airflow/example_dags/example_skip_dag.py took 0.095 seconds
[2022-02-07 17:30:09,302] {processor.py:163} INFO - Started process (PID=947) to work on /home/airflow/.local/lib/python3.7/site-packages/airflow/example_dags/example_skip_dag.py
[2022-02-07 17:30:09,304] {processor.py:642} INFO - Processing file /home/airflow/.local/lib/python3.7/site-packages/airflow/example_dags/example_skip_dag.py for tasks to queue
[2022-02-07 17:30:09,306] {logging_mixin.py:109} INFO - [2022-02-07 17:30:09,306] {dagbag.py:500} INFO - Filling up the DagBag from /home/airflow/.local/lib/python3.7/site-packages/airflow/example_dags/example_skip_dag.py
[2022-02-07 17:30:09,356] {processor.py:654} INFO - DAG(s) dict_keys(['example_skip_dag']) retrieved from /home/airflow/.local/lib/python3.7/site-packages/airflow/example_dags/example_skip_dag.py
[2022-02-07 17:30:09,392] {logging_mixin.py:109} INFO - [2022-02-07 17:30:09,391] {dag.py:2396} INFO - Sync 1 DAGs
[2022-02-07 17:30:09,429] {logging_mixin.py:109} INFO - [2022-02-07 17:30:09,428] {dag.py:2935} INFO - Setting next_dagrun for example_skip_dag to 2022-02-06T17:30:09.428570+00:00
[2022-02-07 17:30:09,446] {processor.py:171} INFO - Processing /home/airflow/.local/lib/python3.7/site-packages/airflow/example_dags/example_skip_dag.py took 0.148 seconds
[2022-02-07 17:30:39,701] {processor.py:163} INFO - Started process (PID=1004) to work on /home/airflow/.local/lib/python3.7/site-packages/airflow/example_dags/example_skip_dag.py
[2022-02-07 17:30:39,703] {processor.py:642} INFO - Processing file /home/airflow/.local/lib/python3.7/site-packages/airflow/example_dags/example_skip_dag.py for tasks to queue
[2022-02-07 17:30:39,705] {logging_mixin.py:109} INFO - [2022-02-07 17:30:39,705] {dagbag.py:500} INFO - Filling up the DagBag from /home/airflow/.local/lib/python3.7/site-packages/airflow/example_dags/example_skip_dag.py
[2022-02-07 17:30:39,740] {processor.py:654} INFO - DAG(s) dict_keys(['example_skip_dag']) retrieved from /home/airflow/.local/lib/python3.7/site-packages/airflow/example_dags/example_skip_dag.py
[2022-02-07 17:30:39,759] {logging_mixin.py:109} INFO - [2022-02-07 17:30:39,759] {dag.py:2396} INFO - Sync 1 DAGs
[2022-02-07 17:30:39,779] {logging_mixin.py:109} INFO - [2022-02-07 17:30:39,779] {dag.py:2935} INFO - Setting next_dagrun for example_skip_dag to 2022-02-06T17:30:39.778998+00:00
[2022-02-07 17:30:39,795] {processor.py:171} INFO - Processing /home/airflow/.local/lib/python3.7/site-packages/airflow/example_dags/example_skip_dag.py took 0.099 seconds
[2022-02-07 17:31:10,239] {processor.py:163} INFO - Started process (PID=1058) to work on /home/airflow/.local/lib/python3.7/site-packages/airflow/example_dags/example_skip_dag.py
[2022-02-07 17:31:10,246] {processor.py:642} INFO - Processing file /home/airflow/.local/lib/python3.7/site-packages/airflow/example_dags/example_skip_dag.py for tasks to queue
[2022-02-07 17:31:10,249] {logging_mixin.py:109} INFO - [2022-02-07 17:31:10,249] {dagbag.py:500} INFO - Filling up the DagBag from /home/airflow/.local/lib/python3.7/site-packages/airflow/example_dags/example_skip_dag.py
[2022-02-07 17:31:10,304] {processor.py:654} INFO - DAG(s) dict_keys(['example_skip_dag']) retrieved from /home/airflow/.local/lib/python3.7/site-packages/airflow/example_dags/example_skip_dag.py
[2022-02-07 17:31:10,327] {logging_mixin.py:109} INFO - [2022-02-07 17:31:10,327] {dag.py:2396} INFO - Sync 1 DAGs
[2022-02-07 17:31:10,364] {logging_mixin.py:109} INFO - [2022-02-07 17:31:10,363] {dag.py:2935} INFO - Setting next_dagrun for example_skip_dag to 2022-02-06T17:31:10.363270+00:00
[2022-02-07 17:31:10,388] {processor.py:171} INFO - Processing /home/airflow/.local/lib/python3.7/site-packages/airflow/example_dags/example_skip_dag.py took 0.160 seconds
[2022-02-07 17:31:41,085] {processor.py:163} INFO - Started process (PID=1125) to work on /home/airflow/.local/lib/python3.7/site-packages/airflow/example_dags/example_skip_dag.py
[2022-02-07 17:31:41,095] {processor.py:642} INFO - Processing file /home/airflow/.local/lib/python3.7/site-packages/airflow/example_dags/example_skip_dag.py for tasks to queue
[2022-02-07 17:31:41,101] {logging_mixin.py:109} INFO - [2022-02-07 17:31:41,100] {dagbag.py:500} INFO - Filling up the DagBag from /home/airflow/.local/lib/python3.7/site-packages/airflow/example_dags/example_skip_dag.py
[2022-02-07 17:31:41,184] {processor.py:654} INFO - DAG(s) dict_keys(['example_skip_dag']) retrieved from /home/airflow/.local/lib/python3.7/site-packages/airflow/example_dags/example_skip_dag.py
[2022-02-07 17:31:41,220] {logging_mixin.py:109} INFO - [2022-02-07 17:31:41,220] {dag.py:2396} INFO - Sync 1 DAGs
[2022-02-07 17:31:41,259] {logging_mixin.py:109} INFO - [2022-02-07 17:31:41,259] {dag.py:2935} INFO - Setting next_dagrun for example_skip_dag to 2022-02-06T17:31:41.259173+00:00
[2022-02-07 17:31:41,294] {processor.py:171} INFO - Processing /home/airflow/.local/lib/python3.7/site-packages/airflow/example_dags/example_skip_dag.py took 0.223 seconds
[2022-02-07 17:32:11,405] {processor.py:163} INFO - Started process (PID=1188) to work on /home/airflow/.local/lib/python3.7/site-packages/airflow/example_dags/example_skip_dag.py
[2022-02-07 17:32:11,416] {processor.py:642} INFO - Processing file /home/airflow/.local/lib/python3.7/site-packages/airflow/example_dags/example_skip_dag.py for tasks to queue
[2022-02-07 17:32:11,419] {logging_mixin.py:109} INFO - [2022-02-07 17:32:11,419] {dagbag.py:500} INFO - Filling up the DagBag from /home/airflow/.local/lib/python3.7/site-packages/airflow/example_dags/example_skip_dag.py
[2022-02-07 17:32:11,508] {processor.py:654} INFO - DAG(s) dict_keys(['example_skip_dag']) retrieved from /home/airflow/.local/lib/python3.7/site-packages/airflow/example_dags/example_skip_dag.py
[2022-02-07 17:32:11,541] {logging_mixin.py:109} INFO - [2022-02-07 17:32:11,541] {dag.py:2396} INFO - Sync 1 DAGs
[2022-02-07 17:32:11,565] {logging_mixin.py:109} INFO - [2022-02-07 17:32:11,565] {dag.py:2935} INFO - Setting next_dagrun for example_skip_dag to 2022-02-06T17:32:11.565112+00:00
[2022-02-07 17:32:11,584] {processor.py:171} INFO - Processing /home/airflow/.local/lib/python3.7/site-packages/airflow/example_dags/example_skip_dag.py took 0.197 seconds
[2022-02-07 17:32:41,835] {processor.py:163} INFO - Started process (PID=1250) to work on /home/airflow/.local/lib/python3.7/site-packages/airflow/example_dags/example_skip_dag.py
[2022-02-07 17:32:41,841] {processor.py:642} INFO - Processing file /home/airflow/.local/lib/python3.7/site-packages/airflow/example_dags/example_skip_dag.py for tasks to queue
[2022-02-07 17:32:41,843] {logging_mixin.py:109} INFO - [2022-02-07 17:32:41,843] {dagbag.py:500} INFO - Filling up the DagBag from /home/airflow/.local/lib/python3.7/site-packages/airflow/example_dags/example_skip_dag.py
[2022-02-07 17:32:41,890] {processor.py:654} INFO - DAG(s) dict_keys(['example_skip_dag']) retrieved from /home/airflow/.local/lib/python3.7/site-packages/airflow/example_dags/example_skip_dag.py
[2022-02-07 17:32:41,907] {logging_mixin.py:109} INFO - [2022-02-07 17:32:41,906] {dag.py:2396} INFO - Sync 1 DAGs
[2022-02-07 17:32:41,928] {logging_mixin.py:109} INFO - [2022-02-07 17:32:41,928] {dag.py:2935} INFO - Setting next_dagrun for example_skip_dag to 2022-02-06T17:32:41.927977+00:00
[2022-02-07 17:32:41,944] {processor.py:171} INFO - Processing /home/airflow/.local/lib/python3.7/site-packages/airflow/example_dags/example_skip_dag.py took 0.121 seconds
[2022-02-07 17:33:12,228] {processor.py:163} INFO - Started process (PID=1309) to work on /home/airflow/.local/lib/python3.7/site-packages/airflow/example_dags/example_skip_dag.py
[2022-02-07 17:33:12,234] {processor.py:642} INFO - Processing file /home/airflow/.local/lib/python3.7/site-packages/airflow/example_dags/example_skip_dag.py for tasks to queue
[2022-02-07 17:33:12,238] {logging_mixin.py:109} INFO - [2022-02-07 17:33:12,238] {dagbag.py:500} INFO - Filling up the DagBag from /home/airflow/.local/lib/python3.7/site-packages/airflow/example_dags/example_skip_dag.py
[2022-02-07 17:33:12,314] {processor.py:654} INFO - DAG(s) dict_keys(['example_skip_dag']) retrieved from /home/airflow/.local/lib/python3.7/site-packages/airflow/example_dags/example_skip_dag.py
[2022-02-07 17:33:12,343] {logging_mixin.py:109} INFO - [2022-02-07 17:33:12,343] {dag.py:2396} INFO - Sync 1 DAGs
[2022-02-07 17:33:12,371] {logging_mixin.py:109} INFO - [2022-02-07 17:33:12,371] {dag.py:2935} INFO - Setting next_dagrun for example_skip_dag to 2022-02-06T17:33:12.371322+00:00
[2022-02-07 17:33:12,392] {processor.py:171} INFO - Processing /home/airflow/.local/lib/python3.7/site-packages/airflow/example_dags/example_skip_dag.py took 0.170 seconds
[2022-02-07 17:33:42,868] {processor.py:163} INFO - Started process (PID=1372) to work on /home/airflow/.local/lib/python3.7/site-packages/airflow/example_dags/example_skip_dag.py
[2022-02-07 17:33:42,871] {processor.py:642} INFO - Processing file /home/airflow/.local/lib/python3.7/site-packages/airflow/example_dags/example_skip_dag.py for tasks to queue
[2022-02-07 17:33:42,873] {logging_mixin.py:109} INFO - [2022-02-07 17:33:42,872] {dagbag.py:500} INFO - Filling up the DagBag from /home/airflow/.local/lib/python3.7/site-packages/airflow/example_dags/example_skip_dag.py
[2022-02-07 17:33:42,921] {processor.py:654} INFO - DAG(s) dict_keys(['example_skip_dag']) retrieved from /home/airflow/.local/lib/python3.7/site-packages/airflow/example_dags/example_skip_dag.py
[2022-02-07 17:33:42,942] {logging_mixin.py:109} INFO - [2022-02-07 17:33:42,942] {dag.py:2396} INFO - Sync 1 DAGs
[2022-02-07 17:33:42,969] {logging_mixin.py:109} INFO - [2022-02-07 17:33:42,969] {dag.py:2935} INFO - Setting next_dagrun for example_skip_dag to 2022-02-06T17:33:42.969201+00:00
[2022-02-07 17:33:42,993] {processor.py:171} INFO - Processing /home/airflow/.local/lib/python3.7/site-packages/airflow/example_dags/example_skip_dag.py took 0.129 seconds
[2022-02-07 17:34:13,672] {processor.py:163} INFO - Started process (PID=1431) to work on /home/airflow/.local/lib/python3.7/site-packages/airflow/example_dags/example_skip_dag.py
[2022-02-07 17:34:13,678] {processor.py:642} INFO - Processing file /home/airflow/.local/lib/python3.7/site-packages/airflow/example_dags/example_skip_dag.py for tasks to queue
[2022-02-07 17:34:13,681] {logging_mixin.py:109} INFO - [2022-02-07 17:34:13,681] {dagbag.py:500} INFO - Filling up the DagBag from /home/airflow/.local/lib/python3.7/site-packages/airflow/example_dags/example_skip_dag.py
[2022-02-07 17:34:13,737] {processor.py:654} INFO - DAG(s) dict_keys(['example_skip_dag']) retrieved from /home/airflow/.local/lib/python3.7/site-packages/airflow/example_dags/example_skip_dag.py
[2022-02-07 17:34:13,756] {logging_mixin.py:109} INFO - [2022-02-07 17:34:13,756] {dag.py:2396} INFO - Sync 1 DAGs
[2022-02-07 17:34:13,817] {logging_mixin.py:109} INFO - [2022-02-07 17:34:13,816] {dag.py:2935} INFO - Setting next_dagrun for example_skip_dag to 2022-02-06T17:34:13.814802+00:00
[2022-02-07 17:34:13,846] {processor.py:171} INFO - Processing /home/airflow/.local/lib/python3.7/site-packages/airflow/example_dags/example_skip_dag.py took 0.181 seconds
[2022-02-07 17:34:43,937] {processor.py:163} INFO - Started process (PID=1487) to work on /home/airflow/.local/lib/python3.7/site-packages/airflow/example_dags/example_skip_dag.py
[2022-02-07 17:34:43,939] {processor.py:642} INFO - Processing file /home/airflow/.local/lib/python3.7/site-packages/airflow/example_dags/example_skip_dag.py for tasks to queue
[2022-02-07 17:34:43,941] {logging_mixin.py:109} INFO - [2022-02-07 17:34:43,941] {dagbag.py:500} INFO - Filling up the DagBag from /home/airflow/.local/lib/python3.7/site-packages/airflow/example_dags/example_skip_dag.py
[2022-02-07 17:34:43,983] {processor.py:654} INFO - DAG(s) dict_keys(['example_skip_dag']) retrieved from /home/airflow/.local/lib/python3.7/site-packages/airflow/example_dags/example_skip_dag.py
[2022-02-07 17:34:44,001] {logging_mixin.py:109} INFO - [2022-02-07 17:34:44,001] {dag.py:2396} INFO - Sync 1 DAGs
[2022-02-07 17:34:44,032] {logging_mixin.py:109} INFO - [2022-02-07 17:34:44,032] {dag.py:2935} INFO - Setting next_dagrun for example_skip_dag to 2022-02-06T17:34:44.032016+00:00
[2022-02-07 17:34:44,058] {processor.py:171} INFO - Processing /home/airflow/.local/lib/python3.7/site-packages/airflow/example_dags/example_skip_dag.py took 0.125 seconds
[2022-02-07 17:35:14,128] {processor.py:163} INFO - Started process (PID=1540) to work on /home/airflow/.local/lib/python3.7/site-packages/airflow/example_dags/example_skip_dag.py
[2022-02-07 17:35:14,134] {processor.py:642} INFO - Processing file /home/airflow/.local/lib/python3.7/site-packages/airflow/example_dags/example_skip_dag.py for tasks to queue
[2022-02-07 17:35:14,137] {logging_mixin.py:109} INFO - [2022-02-07 17:35:14,137] {dagbag.py:500} INFO - Filling up the DagBag from /home/airflow/.local/lib/python3.7/site-packages/airflow/example_dags/example_skip_dag.py
[2022-02-07 17:35:14,177] {processor.py:654} INFO - DAG(s) dict_keys(['example_skip_dag']) retrieved from /home/airflow/.local/lib/python3.7/site-packages/airflow/example_dags/example_skip_dag.py
[2022-02-07 17:35:14,194] {logging_mixin.py:109} INFO - [2022-02-07 17:35:14,194] {dag.py:2396} INFO - Sync 1 DAGs
[2022-02-07 17:35:14,220] {logging_mixin.py:109} INFO - [2022-02-07 17:35:14,220] {dag.py:2935} INFO - Setting next_dagrun for example_skip_dag to 2022-02-06T17:35:14.219584+00:00
[2022-02-07 17:35:14,235] {processor.py:171} INFO - Processing /home/airflow/.local/lib/python3.7/site-packages/airflow/example_dags/example_skip_dag.py took 0.111 seconds
[2022-02-07 17:35:44,800] {processor.py:163} INFO - Started process (PID=1594) to work on /home/airflow/.local/lib/python3.7/site-packages/airflow/example_dags/example_skip_dag.py
[2022-02-07 17:35:44,803] {processor.py:642} INFO - Processing file /home/airflow/.local/lib/python3.7/site-packages/airflow/example_dags/example_skip_dag.py for tasks to queue
[2022-02-07 17:35:44,809] {logging_mixin.py:109} INFO - [2022-02-07 17:35:44,808] {dagbag.py:500} INFO - Filling up the DagBag from /home/airflow/.local/lib/python3.7/site-packages/airflow/example_dags/example_skip_dag.py
[2022-02-07 17:35:44,902] {processor.py:654} INFO - DAG(s) dict_keys(['example_skip_dag']) retrieved from /home/airflow/.local/lib/python3.7/site-packages/airflow/example_dags/example_skip_dag.py
[2022-02-07 17:35:44,925] {logging_mixin.py:109} INFO - [2022-02-07 17:35:44,925] {dag.py:2396} INFO - Sync 1 DAGs
[2022-02-07 17:35:44,974] {logging_mixin.py:109} INFO - [2022-02-07 17:35:44,973] {dag.py:2935} INFO - Setting next_dagrun for example_skip_dag to 2022-02-06T17:35:44.973674+00:00
[2022-02-07 17:35:44,995] {processor.py:171} INFO - Processing /home/airflow/.local/lib/python3.7/site-packages/airflow/example_dags/example_skip_dag.py took 0.202 seconds
[2022-02-07 17:36:15,631] {processor.py:163} INFO - Started process (PID=1646) to work on /home/airflow/.local/lib/python3.7/site-packages/airflow/example_dags/example_skip_dag.py
[2022-02-07 17:36:15,636] {processor.py:642} INFO - Processing file /home/airflow/.local/lib/python3.7/site-packages/airflow/example_dags/example_skip_dag.py for tasks to queue
[2022-02-07 17:36:15,639] {logging_mixin.py:109} INFO - [2022-02-07 17:36:15,639] {dagbag.py:500} INFO - Filling up the DagBag from /home/airflow/.local/lib/python3.7/site-packages/airflow/example_dags/example_skip_dag.py
[2022-02-07 17:36:15,703] {processor.py:654} INFO - DAG(s) dict_keys(['example_skip_dag']) retrieved from /home/airflow/.local/lib/python3.7/site-packages/airflow/example_dags/example_skip_dag.py
[2022-02-07 17:36:15,726] {logging_mixin.py:109} INFO - [2022-02-07 17:36:15,725] {dag.py:2396} INFO - Sync 1 DAGs
[2022-02-07 17:36:16,063] {logging_mixin.py:109} INFO - [2022-02-07 17:36:16,062] {dag.py:2935} INFO - Setting next_dagrun for example_skip_dag to 2022-02-06T17:36:16.061021+00:00
[2022-02-07 17:36:16,157] {processor.py:171} INFO - Processing /home/airflow/.local/lib/python3.7/site-packages/airflow/example_dags/example_skip_dag.py took 0.536 seconds
[2022-02-07 17:36:46,633] {processor.py:163} INFO - Started process (PID=1710) to work on /home/airflow/.local/lib/python3.7/site-packages/airflow/example_dags/example_skip_dag.py
[2022-02-07 17:36:46,640] {processor.py:642} INFO - Processing file /home/airflow/.local/lib/python3.7/site-packages/airflow/example_dags/example_skip_dag.py for tasks to queue
[2022-02-07 17:36:46,644] {logging_mixin.py:109} INFO - [2022-02-07 17:36:46,644] {dagbag.py:500} INFO - Filling up the DagBag from /home/airflow/.local/lib/python3.7/site-packages/airflow/example_dags/example_skip_dag.py
[2022-02-07 17:36:46,714] {processor.py:654} INFO - DAG(s) dict_keys(['example_skip_dag']) retrieved from /home/airflow/.local/lib/python3.7/site-packages/airflow/example_dags/example_skip_dag.py
[2022-02-07 17:36:46,743] {logging_mixin.py:109} INFO - [2022-02-07 17:36:46,742] {dag.py:2396} INFO - Sync 1 DAGs
[2022-02-07 17:36:46,935] {logging_mixin.py:109} INFO - [2022-02-07 17:36:46,935] {dag.py:2935} INFO - Setting next_dagrun for example_skip_dag to 2022-02-06T17:36:46.934658+00:00
[2022-02-07 17:36:46,965] {processor.py:171} INFO - Processing /home/airflow/.local/lib/python3.7/site-packages/airflow/example_dags/example_skip_dag.py took 0.340 seconds
[2022-02-07 17:37:17,444] {processor.py:163} INFO - Started process (PID=1762) to work on /home/airflow/.local/lib/python3.7/site-packages/airflow/example_dags/example_skip_dag.py
[2022-02-07 17:37:17,450] {processor.py:642} INFO - Processing file /home/airflow/.local/lib/python3.7/site-packages/airflow/example_dags/example_skip_dag.py for tasks to queue
[2022-02-07 17:37:17,458] {logging_mixin.py:109} INFO - [2022-02-07 17:37:17,456] {dagbag.py:500} INFO - Filling up the DagBag from /home/airflow/.local/lib/python3.7/site-packages/airflow/example_dags/example_skip_dag.py
[2022-02-07 17:37:17,550] {processor.py:654} INFO - DAG(s) dict_keys(['example_skip_dag']) retrieved from /home/airflow/.local/lib/python3.7/site-packages/airflow/example_dags/example_skip_dag.py
[2022-02-07 17:37:17,581] {logging_mixin.py:109} INFO - [2022-02-07 17:37:17,581] {dag.py:2396} INFO - Sync 1 DAGs
[2022-02-07 17:37:17,844] {logging_mixin.py:109} INFO - [2022-02-07 17:37:17,843] {dag.py:2935} INFO - Setting next_dagrun for example_skip_dag to 2022-02-06T17:37:17.843448+00:00
[2022-02-07 17:37:17,890] {processor.py:171} INFO - Processing /home/airflow/.local/lib/python3.7/site-packages/airflow/example_dags/example_skip_dag.py took 0.469 seconds
[2022-02-07 17:37:48,067] {processor.py:163} INFO - Started process (PID=1815) to work on /home/airflow/.local/lib/python3.7/site-packages/airflow/example_dags/example_skip_dag.py
[2022-02-07 17:37:48,078] {processor.py:642} INFO - Processing file /home/airflow/.local/lib/python3.7/site-packages/airflow/example_dags/example_skip_dag.py for tasks to queue
[2022-02-07 17:37:48,089] {logging_mixin.py:109} INFO - [2022-02-07 17:37:48,088] {dagbag.py:500} INFO - Filling up the DagBag from /home/airflow/.local/lib/python3.7/site-packages/airflow/example_dags/example_skip_dag.py
[2022-02-07 17:37:48,193] {processor.py:654} INFO - DAG(s) dict_keys(['example_skip_dag']) retrieved from /home/airflow/.local/lib/python3.7/site-packages/airflow/example_dags/example_skip_dag.py
[2022-02-07 17:37:48,355] {logging_mixin.py:109} INFO - [2022-02-07 17:37:48,354] {dag.py:2396} INFO - Sync 1 DAGs
[2022-02-07 17:37:48,378] {logging_mixin.py:109} INFO - [2022-02-07 17:37:48,378] {dag.py:2935} INFO - Setting next_dagrun for example_skip_dag to 2022-02-06T17:37:48.377999+00:00
[2022-02-07 17:37:48,406] {processor.py:171} INFO - Processing /home/airflow/.local/lib/python3.7/site-packages/airflow/example_dags/example_skip_dag.py took 0.349 seconds
[2022-02-07 17:38:18,478] {processor.py:163} INFO - Started process (PID=1868) to work on /home/airflow/.local/lib/python3.7/site-packages/airflow/example_dags/example_skip_dag.py
[2022-02-07 17:38:18,480] {processor.py:642} INFO - Processing file /home/airflow/.local/lib/python3.7/site-packages/airflow/example_dags/example_skip_dag.py for tasks to queue
[2022-02-07 17:38:18,485] {logging_mixin.py:109} INFO - [2022-02-07 17:38:18,484] {dagbag.py:500} INFO - Filling up the DagBag from /home/airflow/.local/lib/python3.7/site-packages/airflow/example_dags/example_skip_dag.py
[2022-02-07 17:38:18,647] {processor.py:654} INFO - DAG(s) dict_keys(['example_skip_dag']) retrieved from /home/airflow/.local/lib/python3.7/site-packages/airflow/example_dags/example_skip_dag.py
[2022-02-07 17:38:18,681] {logging_mixin.py:109} INFO - [2022-02-07 17:38:18,681] {dag.py:2396} INFO - Sync 1 DAGs
[2022-02-07 17:38:18,708] {logging_mixin.py:109} INFO - [2022-02-07 17:38:18,708] {dag.py:2935} INFO - Setting next_dagrun for example_skip_dag to 2022-02-06T17:38:18.708316+00:00
[2022-02-07 17:38:18,733] {processor.py:171} INFO - Processing /home/airflow/.local/lib/python3.7/site-packages/airflow/example_dags/example_skip_dag.py took 0.260 seconds
[2022-02-07 17:38:48,907] {processor.py:163} INFO - Started process (PID=1922) to work on /home/airflow/.local/lib/python3.7/site-packages/airflow/example_dags/example_skip_dag.py
[2022-02-07 17:38:48,910] {processor.py:642} INFO - Processing file /home/airflow/.local/lib/python3.7/site-packages/airflow/example_dags/example_skip_dag.py for tasks to queue
[2022-02-07 17:38:48,914] {logging_mixin.py:109} INFO - [2022-02-07 17:38:48,914] {dagbag.py:500} INFO - Filling up the DagBag from /home/airflow/.local/lib/python3.7/site-packages/airflow/example_dags/example_skip_dag.py
[2022-02-07 17:38:49,078] {processor.py:654} INFO - DAG(s) dict_keys(['example_skip_dag']) retrieved from /home/airflow/.local/lib/python3.7/site-packages/airflow/example_dags/example_skip_dag.py
[2022-02-07 17:38:49,092] {logging_mixin.py:109} INFO - [2022-02-07 17:38:49,091] {dag.py:2396} INFO - Sync 1 DAGs
[2022-02-07 17:38:49,136] {logging_mixin.py:109} INFO - [2022-02-07 17:38:49,136] {dag.py:2935} INFO - Setting next_dagrun for example_skip_dag to 2022-02-06T17:38:49.136081+00:00
[2022-02-07 17:38:49,149] {processor.py:171} INFO - Processing /home/airflow/.local/lib/python3.7/site-packages/airflow/example_dags/example_skip_dag.py took 0.247 seconds
[2022-02-07 17:39:19,190] {processor.py:163} INFO - Started process (PID=1973) to work on /home/airflow/.local/lib/python3.7/site-packages/airflow/example_dags/example_skip_dag.py
[2022-02-07 17:39:19,193] {processor.py:642} INFO - Processing file /home/airflow/.local/lib/python3.7/site-packages/airflow/example_dags/example_skip_dag.py for tasks to queue
[2022-02-07 17:39:19,194] {logging_mixin.py:109} INFO - [2022-02-07 17:39:19,194] {dagbag.py:500} INFO - Filling up the DagBag from /home/airflow/.local/lib/python3.7/site-packages/airflow/example_dags/example_skip_dag.py
[2022-02-07 17:39:19,383] {processor.py:654} INFO - DAG(s) dict_keys(['example_skip_dag']) retrieved from /home/airflow/.local/lib/python3.7/site-packages/airflow/example_dags/example_skip_dag.py
[2022-02-07 17:39:19,401] {logging_mixin.py:109} INFO - [2022-02-07 17:39:19,401] {dag.py:2396} INFO - Sync 1 DAGs
[2022-02-07 17:39:19,420] {logging_mixin.py:109} INFO - [2022-02-07 17:39:19,420] {dag.py:2935} INFO - Setting next_dagrun for example_skip_dag to 2022-02-06T17:39:19.420283+00:00
[2022-02-07 17:39:19,434] {processor.py:171} INFO - Processing /home/airflow/.local/lib/python3.7/site-packages/airflow/example_dags/example_skip_dag.py took 0.249 seconds
