[2022-02-07 17:22:56,920] {processor.py:163} INFO - Started process (PID=78) to work on /home/airflow/.local/lib/python3.7/site-packages/airflow/example_dags/example_task_group.py
[2022-02-07 17:22:56,923] {processor.py:642} INFO - Processing file /home/airflow/.local/lib/python3.7/site-packages/airflow/example_dags/example_task_group.py for tasks to queue
[2022-02-07 17:22:56,928] {logging_mixin.py:109} INFO - [2022-02-07 17:22:56,928] {dagbag.py:500} INFO - Filling up the DagBag from /home/airflow/.local/lib/python3.7/site-packages/airflow/example_dags/example_task_group.py
[2022-02-07 17:22:57,035] {processor.py:654} INFO - DAG(s) dict_keys(['example_task_group']) retrieved from /home/airflow/.local/lib/python3.7/site-packages/airflow/example_dags/example_task_group.py
[2022-02-07 17:23:03,196] {logging_mixin.py:109} INFO - [2022-02-07 17:23:03,196] {manager.py:496} INFO - Created Permission View: can read on DAG:example_task_group
[2022-02-07 17:23:03,220] {logging_mixin.py:109} INFO - [2022-02-07 17:23:03,219] {manager.py:496} INFO - Created Permission View: can edit on DAG:example_task_group
[2022-02-07 17:23:03,222] {logging_mixin.py:109} INFO - [2022-02-07 17:23:03,221] {dag.py:2396} INFO - Sync 1 DAGs
[2022-02-07 17:23:03,241] {logging_mixin.py:109} INFO - [2022-02-07 17:23:03,240] {dag.py:2415} INFO - Creating ORM DAG for example_task_group
[2022-02-07 17:23:03,262] {logging_mixin.py:109} INFO - [2022-02-07 17:23:03,262] {dag.py:2935} INFO - Setting next_dagrun for example_task_group to 2022-02-06T17:23:03.261245+00:00
[2022-02-07 17:23:03,297] {processor.py:171} INFO - Processing /home/airflow/.local/lib/python3.7/site-packages/airflow/example_dags/example_task_group.py took 6.383 seconds
[2022-02-07 17:23:37,896] {processor.py:163} INFO - Started process (PID=234) to work on /home/airflow/.local/lib/python3.7/site-packages/airflow/example_dags/example_task_group.py
[2022-02-07 17:23:37,900] {processor.py:642} INFO - Processing file /home/airflow/.local/lib/python3.7/site-packages/airflow/example_dags/example_task_group.py for tasks to queue
[2022-02-07 17:23:37,904] {logging_mixin.py:109} INFO - [2022-02-07 17:23:37,903] {dagbag.py:500} INFO - Filling up the DagBag from /home/airflow/.local/lib/python3.7/site-packages/airflow/example_dags/example_task_group.py
[2022-02-07 17:23:37,973] {processor.py:654} INFO - DAG(s) dict_keys(['example_task_group']) retrieved from /home/airflow/.local/lib/python3.7/site-packages/airflow/example_dags/example_task_group.py
[2022-02-07 17:23:37,990] {logging_mixin.py:109} INFO - [2022-02-07 17:23:37,989] {dag.py:2396} INFO - Sync 1 DAGs
[2022-02-07 17:23:38,010] {logging_mixin.py:109} INFO - [2022-02-07 17:23:38,009] {dag.py:2935} INFO - Setting next_dagrun for example_task_group to 2022-02-06T17:23:38.009684+00:00
[2022-02-07 17:23:38,027] {processor.py:171} INFO - Processing /home/airflow/.local/lib/python3.7/site-packages/airflow/example_dags/example_task_group.py took 0.137 seconds
[2022-02-07 17:24:08,244] {processor.py:163} INFO - Started process (PID=284) to work on /home/airflow/.local/lib/python3.7/site-packages/airflow/example_dags/example_task_group.py
[2022-02-07 17:24:08,247] {processor.py:642} INFO - Processing file /home/airflow/.local/lib/python3.7/site-packages/airflow/example_dags/example_task_group.py for tasks to queue
[2022-02-07 17:24:08,249] {logging_mixin.py:109} INFO - [2022-02-07 17:24:08,249] {dagbag.py:500} INFO - Filling up the DagBag from /home/airflow/.local/lib/python3.7/site-packages/airflow/example_dags/example_task_group.py
[2022-02-07 17:24:08,295] {processor.py:654} INFO - DAG(s) dict_keys(['example_task_group']) retrieved from /home/airflow/.local/lib/python3.7/site-packages/airflow/example_dags/example_task_group.py
[2022-02-07 17:24:08,312] {logging_mixin.py:109} INFO - [2022-02-07 17:24:08,311] {dag.py:2396} INFO - Sync 1 DAGs
[2022-02-07 17:24:08,359] {logging_mixin.py:109} INFO - [2022-02-07 17:24:08,358] {dag.py:2935} INFO - Setting next_dagrun for example_task_group to 2022-02-06T17:24:08.357877+00:00
[2022-02-07 17:24:08,388] {processor.py:171} INFO - Processing /home/airflow/.local/lib/python3.7/site-packages/airflow/example_dags/example_task_group.py took 0.152 seconds
[2022-02-07 17:24:39,467] {processor.py:163} INFO - Started process (PID=346) to work on /home/airflow/.local/lib/python3.7/site-packages/airflow/example_dags/example_task_group.py
[2022-02-07 17:24:39,473] {processor.py:642} INFO - Processing file /home/airflow/.local/lib/python3.7/site-packages/airflow/example_dags/example_task_group.py for tasks to queue
[2022-02-07 17:24:39,480] {logging_mixin.py:109} INFO - [2022-02-07 17:24:39,480] {dagbag.py:500} INFO - Filling up the DagBag from /home/airflow/.local/lib/python3.7/site-packages/airflow/example_dags/example_task_group.py
[2022-02-07 17:24:39,582] {processor.py:654} INFO - DAG(s) dict_keys(['example_task_group']) retrieved from /home/airflow/.local/lib/python3.7/site-packages/airflow/example_dags/example_task_group.py
[2022-02-07 17:24:39,632] {logging_mixin.py:109} INFO - [2022-02-07 17:24:39,632] {dag.py:2396} INFO - Sync 1 DAGs
[2022-02-07 17:24:39,674] {logging_mixin.py:109} INFO - [2022-02-07 17:24:39,673] {dag.py:2935} INFO - Setting next_dagrun for example_task_group to 2022-02-06T17:24:39.673339+00:00
[2022-02-07 17:24:39,702] {processor.py:171} INFO - Processing /home/airflow/.local/lib/python3.7/site-packages/airflow/example_dags/example_task_group.py took 0.240 seconds
[2022-02-07 17:25:09,994] {processor.py:163} INFO - Started process (PID=393) to work on /home/airflow/.local/lib/python3.7/site-packages/airflow/example_dags/example_task_group.py
[2022-02-07 17:25:09,997] {processor.py:642} INFO - Processing file /home/airflow/.local/lib/python3.7/site-packages/airflow/example_dags/example_task_group.py for tasks to queue
[2022-02-07 17:25:10,001] {logging_mixin.py:109} INFO - [2022-02-07 17:25:10,001] {dagbag.py:500} INFO - Filling up the DagBag from /home/airflow/.local/lib/python3.7/site-packages/airflow/example_dags/example_task_group.py
[2022-02-07 17:25:10,060] {processor.py:654} INFO - DAG(s) dict_keys(['example_task_group']) retrieved from /home/airflow/.local/lib/python3.7/site-packages/airflow/example_dags/example_task_group.py
[2022-02-07 17:25:10,076] {logging_mixin.py:109} INFO - [2022-02-07 17:25:10,076] {dag.py:2396} INFO - Sync 1 DAGs
[2022-02-07 17:25:10,111] {logging_mixin.py:109} INFO - [2022-02-07 17:25:10,111] {dag.py:2935} INFO - Setting next_dagrun for example_task_group to 2022-02-06T17:25:10.110080+00:00
[2022-02-07 17:25:10,145] {processor.py:171} INFO - Processing /home/airflow/.local/lib/python3.7/site-packages/airflow/example_dags/example_task_group.py took 0.155 seconds
[2022-02-07 17:25:40,433] {processor.py:163} INFO - Started process (PID=444) to work on /home/airflow/.local/lib/python3.7/site-packages/airflow/example_dags/example_task_group.py
[2022-02-07 17:25:40,435] {processor.py:642} INFO - Processing file /home/airflow/.local/lib/python3.7/site-packages/airflow/example_dags/example_task_group.py for tasks to queue
[2022-02-07 17:25:40,437] {logging_mixin.py:109} INFO - [2022-02-07 17:25:40,437] {dagbag.py:500} INFO - Filling up the DagBag from /home/airflow/.local/lib/python3.7/site-packages/airflow/example_dags/example_task_group.py
[2022-02-07 17:25:40,483] {processor.py:654} INFO - DAG(s) dict_keys(['example_task_group']) retrieved from /home/airflow/.local/lib/python3.7/site-packages/airflow/example_dags/example_task_group.py
[2022-02-07 17:25:40,500] {logging_mixin.py:109} INFO - [2022-02-07 17:25:40,500] {dag.py:2396} INFO - Sync 1 DAGs
[2022-02-07 17:25:40,523] {logging_mixin.py:109} INFO - [2022-02-07 17:25:40,523] {dag.py:2935} INFO - Setting next_dagrun for example_task_group to 2022-02-06T17:25:40.523223+00:00
[2022-02-07 17:25:40,542] {processor.py:171} INFO - Processing /home/airflow/.local/lib/python3.7/site-packages/airflow/example_dags/example_task_group.py took 0.117 seconds
[2022-02-07 17:26:11,055] {processor.py:163} INFO - Started process (PID=498) to work on /home/airflow/.local/lib/python3.7/site-packages/airflow/example_dags/example_task_group.py
[2022-02-07 17:26:11,061] {processor.py:642} INFO - Processing file /home/airflow/.local/lib/python3.7/site-packages/airflow/example_dags/example_task_group.py for tasks to queue
[2022-02-07 17:26:11,064] {logging_mixin.py:109} INFO - [2022-02-07 17:26:11,064] {dagbag.py:500} INFO - Filling up the DagBag from /home/airflow/.local/lib/python3.7/site-packages/airflow/example_dags/example_task_group.py
[2022-02-07 17:26:11,126] {processor.py:654} INFO - DAG(s) dict_keys(['example_task_group']) retrieved from /home/airflow/.local/lib/python3.7/site-packages/airflow/example_dags/example_task_group.py
[2022-02-07 17:26:11,147] {logging_mixin.py:109} INFO - [2022-02-07 17:26:11,147] {dag.py:2396} INFO - Sync 1 DAGs
[2022-02-07 17:26:11,180] {logging_mixin.py:109} INFO - [2022-02-07 17:26:11,179] {dag.py:2935} INFO - Setting next_dagrun for example_task_group to 2022-02-06T17:26:11.179245+00:00
[2022-02-07 17:26:11,198] {processor.py:171} INFO - Processing /home/airflow/.local/lib/python3.7/site-packages/airflow/example_dags/example_task_group.py took 0.148 seconds
[2022-02-07 17:26:41,528] {processor.py:163} INFO - Started process (PID=558) to work on /home/airflow/.local/lib/python3.7/site-packages/airflow/example_dags/example_task_group.py
[2022-02-07 17:26:41,532] {processor.py:642} INFO - Processing file /home/airflow/.local/lib/python3.7/site-packages/airflow/example_dags/example_task_group.py for tasks to queue
[2022-02-07 17:26:41,534] {logging_mixin.py:109} INFO - [2022-02-07 17:26:41,534] {dagbag.py:500} INFO - Filling up the DagBag from /home/airflow/.local/lib/python3.7/site-packages/airflow/example_dags/example_task_group.py
[2022-02-07 17:26:41,602] {processor.py:654} INFO - DAG(s) dict_keys(['example_task_group']) retrieved from /home/airflow/.local/lib/python3.7/site-packages/airflow/example_dags/example_task_group.py
[2022-02-07 17:26:41,644] {logging_mixin.py:109} INFO - [2022-02-07 17:26:41,643] {dag.py:2396} INFO - Sync 1 DAGs
[2022-02-07 17:26:41,677] {logging_mixin.py:109} INFO - [2022-02-07 17:26:41,677] {dag.py:2935} INFO - Setting next_dagrun for example_task_group to 2022-02-06T17:26:41.676834+00:00
[2022-02-07 17:26:41,700] {processor.py:171} INFO - Processing /home/airflow/.local/lib/python3.7/site-packages/airflow/example_dags/example_task_group.py took 0.179 seconds
[2022-02-07 17:27:12,205] {processor.py:163} INFO - Started process (PID=611) to work on /home/airflow/.local/lib/python3.7/site-packages/airflow/example_dags/example_task_group.py
[2022-02-07 17:27:12,212] {processor.py:642} INFO - Processing file /home/airflow/.local/lib/python3.7/site-packages/airflow/example_dags/example_task_group.py for tasks to queue
[2022-02-07 17:27:12,215] {logging_mixin.py:109} INFO - [2022-02-07 17:27:12,215] {dagbag.py:500} INFO - Filling up the DagBag from /home/airflow/.local/lib/python3.7/site-packages/airflow/example_dags/example_task_group.py
[2022-02-07 17:27:12,296] {processor.py:654} INFO - DAG(s) dict_keys(['example_task_group']) retrieved from /home/airflow/.local/lib/python3.7/site-packages/airflow/example_dags/example_task_group.py
[2022-02-07 17:27:12,329] {logging_mixin.py:109} INFO - [2022-02-07 17:27:12,329] {dag.py:2396} INFO - Sync 1 DAGs
[2022-02-07 17:27:12,357] {logging_mixin.py:109} INFO - [2022-02-07 17:27:12,357] {dag.py:2935} INFO - Setting next_dagrun for example_task_group to 2022-02-06T17:27:12.356619+00:00
[2022-02-07 17:27:12,378] {processor.py:171} INFO - Processing /home/airflow/.local/lib/python3.7/site-packages/airflow/example_dags/example_task_group.py took 0.188 seconds
[2022-02-07 17:27:43,080] {processor.py:163} INFO - Started process (PID=665) to work on /home/airflow/.local/lib/python3.7/site-packages/airflow/example_dags/example_task_group.py
[2022-02-07 17:27:43,083] {processor.py:642} INFO - Processing file /home/airflow/.local/lib/python3.7/site-packages/airflow/example_dags/example_task_group.py for tasks to queue
[2022-02-07 17:27:43,085] {logging_mixin.py:109} INFO - [2022-02-07 17:27:43,085] {dagbag.py:500} INFO - Filling up the DagBag from /home/airflow/.local/lib/python3.7/site-packages/airflow/example_dags/example_task_group.py
[2022-02-07 17:27:43,145] {processor.py:654} INFO - DAG(s) dict_keys(['example_task_group']) retrieved from /home/airflow/.local/lib/python3.7/site-packages/airflow/example_dags/example_task_group.py
[2022-02-07 17:27:43,161] {logging_mixin.py:109} INFO - [2022-02-07 17:27:43,161] {dag.py:2396} INFO - Sync 1 DAGs
[2022-02-07 17:27:43,190] {logging_mixin.py:109} INFO - [2022-02-07 17:27:43,190] {dag.py:2935} INFO - Setting next_dagrun for example_task_group to 2022-02-06T17:27:43.189955+00:00
[2022-02-07 17:27:43,218] {processor.py:171} INFO - Processing /home/airflow/.local/lib/python3.7/site-packages/airflow/example_dags/example_task_group.py took 0.149 seconds
[2022-02-07 17:28:13,635] {processor.py:163} INFO - Started process (PID=722) to work on /home/airflow/.local/lib/python3.7/site-packages/airflow/example_dags/example_task_group.py
[2022-02-07 17:28:13,641] {processor.py:642} INFO - Processing file /home/airflow/.local/lib/python3.7/site-packages/airflow/example_dags/example_task_group.py for tasks to queue
[2022-02-07 17:28:13,644] {logging_mixin.py:109} INFO - [2022-02-07 17:28:13,644] {dagbag.py:500} INFO - Filling up the DagBag from /home/airflow/.local/lib/python3.7/site-packages/airflow/example_dags/example_task_group.py
[2022-02-07 17:28:13,724] {processor.py:654} INFO - DAG(s) dict_keys(['example_task_group']) retrieved from /home/airflow/.local/lib/python3.7/site-packages/airflow/example_dags/example_task_group.py
[2022-02-07 17:28:13,765] {logging_mixin.py:109} INFO - [2022-02-07 17:28:13,763] {dag.py:2396} INFO - Sync 1 DAGs
[2022-02-07 17:28:13,821] {logging_mixin.py:109} INFO - [2022-02-07 17:28:13,821] {dag.py:2935} INFO - Setting next_dagrun for example_task_group to 2022-02-06T17:28:13.820797+00:00
[2022-02-07 17:28:13,843] {processor.py:171} INFO - Processing /home/airflow/.local/lib/python3.7/site-packages/airflow/example_dags/example_task_group.py took 0.220 seconds
[2022-02-07 17:28:44,160] {processor.py:163} INFO - Started process (PID=773) to work on /home/airflow/.local/lib/python3.7/site-packages/airflow/example_dags/example_task_group.py
[2022-02-07 17:28:44,163] {processor.py:642} INFO - Processing file /home/airflow/.local/lib/python3.7/site-packages/airflow/example_dags/example_task_group.py for tasks to queue
[2022-02-07 17:28:44,166] {logging_mixin.py:109} INFO - [2022-02-07 17:28:44,166] {dagbag.py:500} INFO - Filling up the DagBag from /home/airflow/.local/lib/python3.7/site-packages/airflow/example_dags/example_task_group.py
[2022-02-07 17:28:44,207] {processor.py:654} INFO - DAG(s) dict_keys(['example_task_group']) retrieved from /home/airflow/.local/lib/python3.7/site-packages/airflow/example_dags/example_task_group.py
[2022-02-07 17:28:44,230] {logging_mixin.py:109} INFO - [2022-02-07 17:28:44,230] {dag.py:2396} INFO - Sync 1 DAGs
[2022-02-07 17:28:44,258] {logging_mixin.py:109} INFO - [2022-02-07 17:28:44,258] {dag.py:2935} INFO - Setting next_dagrun for example_task_group to 2022-02-06T17:28:44.258058+00:00
[2022-02-07 17:28:44,277] {processor.py:171} INFO - Processing /home/airflow/.local/lib/python3.7/site-packages/airflow/example_dags/example_task_group.py took 0.125 seconds
[2022-02-07 17:29:14,966] {processor.py:163} INFO - Started process (PID=835) to work on /home/airflow/.local/lib/python3.7/site-packages/airflow/example_dags/example_task_group.py
[2022-02-07 17:29:14,969] {processor.py:642} INFO - Processing file /home/airflow/.local/lib/python3.7/site-packages/airflow/example_dags/example_task_group.py for tasks to queue
[2022-02-07 17:29:14,972] {logging_mixin.py:109} INFO - [2022-02-07 17:29:14,972] {dagbag.py:500} INFO - Filling up the DagBag from /home/airflow/.local/lib/python3.7/site-packages/airflow/example_dags/example_task_group.py
[2022-02-07 17:29:15,041] {processor.py:654} INFO - DAG(s) dict_keys(['example_task_group']) retrieved from /home/airflow/.local/lib/python3.7/site-packages/airflow/example_dags/example_task_group.py
[2022-02-07 17:29:15,068] {logging_mixin.py:109} INFO - [2022-02-07 17:29:15,067] {dag.py:2396} INFO - Sync 1 DAGs
[2022-02-07 17:29:15,101] {logging_mixin.py:109} INFO - [2022-02-07 17:29:15,101] {dag.py:2935} INFO - Setting next_dagrun for example_task_group to 2022-02-06T17:29:15.100655+00:00
[2022-02-07 17:29:15,124] {processor.py:171} INFO - Processing /home/airflow/.local/lib/python3.7/site-packages/airflow/example_dags/example_task_group.py took 0.168 seconds
[2022-02-07 17:29:45,632] {processor.py:163} INFO - Started process (PID=904) to work on /home/airflow/.local/lib/python3.7/site-packages/airflow/example_dags/example_task_group.py
[2022-02-07 17:29:45,636] {processor.py:642} INFO - Processing file /home/airflow/.local/lib/python3.7/site-packages/airflow/example_dags/example_task_group.py for tasks to queue
[2022-02-07 17:29:45,642] {logging_mixin.py:109} INFO - [2022-02-07 17:29:45,642] {dagbag.py:500} INFO - Filling up the DagBag from /home/airflow/.local/lib/python3.7/site-packages/airflow/example_dags/example_task_group.py
[2022-02-07 17:29:45,726] {processor.py:654} INFO - DAG(s) dict_keys(['example_task_group']) retrieved from /home/airflow/.local/lib/python3.7/site-packages/airflow/example_dags/example_task_group.py
[2022-02-07 17:29:45,761] {logging_mixin.py:109} INFO - [2022-02-07 17:29:45,760] {dag.py:2396} INFO - Sync 1 DAGs
[2022-02-07 17:29:45,804] {logging_mixin.py:109} INFO - [2022-02-07 17:29:45,804] {dag.py:2935} INFO - Setting next_dagrun for example_task_group to 2022-02-06T17:29:45.803999+00:00
[2022-02-07 17:29:45,833] {processor.py:171} INFO - Processing /home/airflow/.local/lib/python3.7/site-packages/airflow/example_dags/example_task_group.py took 0.213 seconds
[2022-02-07 17:30:15,993] {processor.py:163} INFO - Started process (PID=964) to work on /home/airflow/.local/lib/python3.7/site-packages/airflow/example_dags/example_task_group.py
[2022-02-07 17:30:16,001] {processor.py:642} INFO - Processing file /home/airflow/.local/lib/python3.7/site-packages/airflow/example_dags/example_task_group.py for tasks to queue
[2022-02-07 17:30:16,007] {logging_mixin.py:109} INFO - [2022-02-07 17:30:16,007] {dagbag.py:500} INFO - Filling up the DagBag from /home/airflow/.local/lib/python3.7/site-packages/airflow/example_dags/example_task_group.py
[2022-02-07 17:30:16,113] {processor.py:654} INFO - DAG(s) dict_keys(['example_task_group']) retrieved from /home/airflow/.local/lib/python3.7/site-packages/airflow/example_dags/example_task_group.py
[2022-02-07 17:30:16,159] {logging_mixin.py:109} INFO - [2022-02-07 17:30:16,159] {dag.py:2396} INFO - Sync 1 DAGs
[2022-02-07 17:30:16,225] {logging_mixin.py:109} INFO - [2022-02-07 17:30:16,225] {dag.py:2935} INFO - Setting next_dagrun for example_task_group to 2022-02-06T17:30:16.224329+00:00
[2022-02-07 17:30:16,282] {processor.py:171} INFO - Processing /home/airflow/.local/lib/python3.7/site-packages/airflow/example_dags/example_task_group.py took 0.303 seconds
[2022-02-07 17:30:46,439] {processor.py:163} INFO - Started process (PID=1020) to work on /home/airflow/.local/lib/python3.7/site-packages/airflow/example_dags/example_task_group.py
[2022-02-07 17:30:46,442] {processor.py:642} INFO - Processing file /home/airflow/.local/lib/python3.7/site-packages/airflow/example_dags/example_task_group.py for tasks to queue
[2022-02-07 17:30:46,445] {logging_mixin.py:109} INFO - [2022-02-07 17:30:46,444] {dagbag.py:500} INFO - Filling up the DagBag from /home/airflow/.local/lib/python3.7/site-packages/airflow/example_dags/example_task_group.py
[2022-02-07 17:30:46,503] {processor.py:654} INFO - DAG(s) dict_keys(['example_task_group']) retrieved from /home/airflow/.local/lib/python3.7/site-packages/airflow/example_dags/example_task_group.py
[2022-02-07 17:30:46,530] {logging_mixin.py:109} INFO - [2022-02-07 17:30:46,530] {dag.py:2396} INFO - Sync 1 DAGs
[2022-02-07 17:30:46,567] {logging_mixin.py:109} INFO - [2022-02-07 17:30:46,566] {dag.py:2935} INFO - Setting next_dagrun for example_task_group to 2022-02-06T17:30:46.566390+00:00
[2022-02-07 17:30:46,598] {processor.py:171} INFO - Processing /home/airflow/.local/lib/python3.7/site-packages/airflow/example_dags/example_task_group.py took 0.164 seconds
[2022-02-07 17:31:16,714] {processor.py:163} INFO - Started process (PID=1074) to work on /home/airflow/.local/lib/python3.7/site-packages/airflow/example_dags/example_task_group.py
[2022-02-07 17:31:16,716] {processor.py:642} INFO - Processing file /home/airflow/.local/lib/python3.7/site-packages/airflow/example_dags/example_task_group.py for tasks to queue
[2022-02-07 17:31:16,718] {logging_mixin.py:109} INFO - [2022-02-07 17:31:16,718] {dagbag.py:500} INFO - Filling up the DagBag from /home/airflow/.local/lib/python3.7/site-packages/airflow/example_dags/example_task_group.py
[2022-02-07 17:31:16,765] {processor.py:654} INFO - DAG(s) dict_keys(['example_task_group']) retrieved from /home/airflow/.local/lib/python3.7/site-packages/airflow/example_dags/example_task_group.py
[2022-02-07 17:31:16,781] {logging_mixin.py:109} INFO - [2022-02-07 17:31:16,781] {dag.py:2396} INFO - Sync 1 DAGs
[2022-02-07 17:31:16,803] {logging_mixin.py:109} INFO - [2022-02-07 17:31:16,803] {dag.py:2935} INFO - Setting next_dagrun for example_task_group to 2022-02-06T17:31:16.802496+00:00
[2022-02-07 17:31:16,825] {processor.py:171} INFO - Processing /home/airflow/.local/lib/python3.7/site-packages/airflow/example_dags/example_task_group.py took 0.119 seconds
[2022-02-07 17:31:47,651] {processor.py:163} INFO - Started process (PID=1134) to work on /home/airflow/.local/lib/python3.7/site-packages/airflow/example_dags/example_task_group.py
[2022-02-07 17:31:47,654] {processor.py:642} INFO - Processing file /home/airflow/.local/lib/python3.7/site-packages/airflow/example_dags/example_task_group.py for tasks to queue
[2022-02-07 17:31:47,656] {logging_mixin.py:109} INFO - [2022-02-07 17:31:47,656] {dagbag.py:500} INFO - Filling up the DagBag from /home/airflow/.local/lib/python3.7/site-packages/airflow/example_dags/example_task_group.py
[2022-02-07 17:31:47,739] {processor.py:654} INFO - DAG(s) dict_keys(['example_task_group']) retrieved from /home/airflow/.local/lib/python3.7/site-packages/airflow/example_dags/example_task_group.py
[2022-02-07 17:31:47,784] {logging_mixin.py:109} INFO - [2022-02-07 17:31:47,784] {dag.py:2396} INFO - Sync 1 DAGs
[2022-02-07 17:31:47,835] {logging_mixin.py:109} INFO - [2022-02-07 17:31:47,834] {dag.py:2935} INFO - Setting next_dagrun for example_task_group to 2022-02-06T17:31:47.833731+00:00
[2022-02-07 17:31:47,874] {processor.py:171} INFO - Processing /home/airflow/.local/lib/python3.7/site-packages/airflow/example_dags/example_task_group.py took 0.227 seconds
[2022-02-07 17:32:18,363] {processor.py:163} INFO - Started process (PID=1200) to work on /home/airflow/.local/lib/python3.7/site-packages/airflow/example_dags/example_task_group.py
[2022-02-07 17:32:18,367] {processor.py:642} INFO - Processing file /home/airflow/.local/lib/python3.7/site-packages/airflow/example_dags/example_task_group.py for tasks to queue
[2022-02-07 17:32:18,374] {logging_mixin.py:109} INFO - [2022-02-07 17:32:18,374] {dagbag.py:500} INFO - Filling up the DagBag from /home/airflow/.local/lib/python3.7/site-packages/airflow/example_dags/example_task_group.py
[2022-02-07 17:32:18,428] {processor.py:654} INFO - DAG(s) dict_keys(['example_task_group']) retrieved from /home/airflow/.local/lib/python3.7/site-packages/airflow/example_dags/example_task_group.py
[2022-02-07 17:32:18,448] {logging_mixin.py:109} INFO - [2022-02-07 17:32:18,448] {dag.py:2396} INFO - Sync 1 DAGs
[2022-02-07 17:32:18,481] {logging_mixin.py:109} INFO - [2022-02-07 17:32:18,481] {dag.py:2935} INFO - Setting next_dagrun for example_task_group to 2022-02-06T17:32:18.480465+00:00
[2022-02-07 17:32:18,504] {processor.py:171} INFO - Processing /home/airflow/.local/lib/python3.7/site-packages/airflow/example_dags/example_task_group.py took 0.155 seconds
[2022-02-07 17:32:49,397] {processor.py:163} INFO - Started process (PID=1268) to work on /home/airflow/.local/lib/python3.7/site-packages/airflow/example_dags/example_task_group.py
[2022-02-07 17:32:49,400] {processor.py:642} INFO - Processing file /home/airflow/.local/lib/python3.7/site-packages/airflow/example_dags/example_task_group.py for tasks to queue
[2022-02-07 17:32:49,404] {logging_mixin.py:109} INFO - [2022-02-07 17:32:49,404] {dagbag.py:500} INFO - Filling up the DagBag from /home/airflow/.local/lib/python3.7/site-packages/airflow/example_dags/example_task_group.py
[2022-02-07 17:32:49,475] {processor.py:654} INFO - DAG(s) dict_keys(['example_task_group']) retrieved from /home/airflow/.local/lib/python3.7/site-packages/airflow/example_dags/example_task_group.py
[2022-02-07 17:32:49,499] {logging_mixin.py:109} INFO - [2022-02-07 17:32:49,498] {dag.py:2396} INFO - Sync 1 DAGs
[2022-02-07 17:32:49,530] {logging_mixin.py:109} INFO - [2022-02-07 17:32:49,530] {dag.py:2935} INFO - Setting next_dagrun for example_task_group to 2022-02-06T17:32:49.529892+00:00
[2022-02-07 17:32:49,550] {processor.py:171} INFO - Processing /home/airflow/.local/lib/python3.7/site-packages/airflow/example_dags/example_task_group.py took 0.157 seconds
[2022-02-07 17:33:19,995] {processor.py:163} INFO - Started process (PID=1323) to work on /home/airflow/.local/lib/python3.7/site-packages/airflow/example_dags/example_task_group.py
[2022-02-07 17:33:19,997] {processor.py:642} INFO - Processing file /home/airflow/.local/lib/python3.7/site-packages/airflow/example_dags/example_task_group.py for tasks to queue
[2022-02-07 17:33:20,000] {logging_mixin.py:109} INFO - [2022-02-07 17:33:19,999] {dagbag.py:500} INFO - Filling up the DagBag from /home/airflow/.local/lib/python3.7/site-packages/airflow/example_dags/example_task_group.py
[2022-02-07 17:33:20,057] {processor.py:654} INFO - DAG(s) dict_keys(['example_task_group']) retrieved from /home/airflow/.local/lib/python3.7/site-packages/airflow/example_dags/example_task_group.py
[2022-02-07 17:33:20,076] {logging_mixin.py:109} INFO - [2022-02-07 17:33:20,076] {dag.py:2396} INFO - Sync 1 DAGs
[2022-02-07 17:33:20,101] {logging_mixin.py:109} INFO - [2022-02-07 17:33:20,100] {dag.py:2935} INFO - Setting next_dagrun for example_task_group to 2022-02-06T17:33:20.100535+00:00
[2022-02-07 17:33:20,119] {processor.py:171} INFO - Processing /home/airflow/.local/lib/python3.7/site-packages/airflow/example_dags/example_task_group.py took 0.130 seconds
[2022-02-07 17:33:50,287] {processor.py:163} INFO - Started process (PID=1378) to work on /home/airflow/.local/lib/python3.7/site-packages/airflow/example_dags/example_task_group.py
[2022-02-07 17:33:50,290] {processor.py:642} INFO - Processing file /home/airflow/.local/lib/python3.7/site-packages/airflow/example_dags/example_task_group.py for tasks to queue
[2022-02-07 17:33:50,293] {logging_mixin.py:109} INFO - [2022-02-07 17:33:50,293] {dagbag.py:500} INFO - Filling up the DagBag from /home/airflow/.local/lib/python3.7/site-packages/airflow/example_dags/example_task_group.py
[2022-02-07 17:33:50,360] {processor.py:654} INFO - DAG(s) dict_keys(['example_task_group']) retrieved from /home/airflow/.local/lib/python3.7/site-packages/airflow/example_dags/example_task_group.py
[2022-02-07 17:33:50,389] {logging_mixin.py:109} INFO - [2022-02-07 17:33:50,389] {dag.py:2396} INFO - Sync 1 DAGs
[2022-02-07 17:33:50,449] {logging_mixin.py:109} INFO - [2022-02-07 17:33:50,448] {dag.py:2935} INFO - Setting next_dagrun for example_task_group to 2022-02-06T17:33:50.446744+00:00
[2022-02-07 17:33:50,486] {processor.py:171} INFO - Processing /home/airflow/.local/lib/python3.7/site-packages/airflow/example_dags/example_task_group.py took 0.203 seconds
[2022-02-07 17:34:20,641] {processor.py:163} INFO - Started process (PID=1438) to work on /home/airflow/.local/lib/python3.7/site-packages/airflow/example_dags/example_task_group.py
[2022-02-07 17:34:20,646] {processor.py:642} INFO - Processing file /home/airflow/.local/lib/python3.7/site-packages/airflow/example_dags/example_task_group.py for tasks to queue
[2022-02-07 17:34:20,650] {logging_mixin.py:109} INFO - [2022-02-07 17:34:20,650] {dagbag.py:500} INFO - Filling up the DagBag from /home/airflow/.local/lib/python3.7/site-packages/airflow/example_dags/example_task_group.py
[2022-02-07 17:34:20,696] {processor.py:654} INFO - DAG(s) dict_keys(['example_task_group']) retrieved from /home/airflow/.local/lib/python3.7/site-packages/airflow/example_dags/example_task_group.py
[2022-02-07 17:34:20,712] {logging_mixin.py:109} INFO - [2022-02-07 17:34:20,712] {dag.py:2396} INFO - Sync 1 DAGs
[2022-02-07 17:34:20,744] {logging_mixin.py:109} INFO - [2022-02-07 17:34:20,744] {dag.py:2935} INFO - Setting next_dagrun for example_task_group to 2022-02-06T17:34:20.743761+00:00
[2022-02-07 17:34:20,762] {processor.py:171} INFO - Processing /home/airflow/.local/lib/python3.7/site-packages/airflow/example_dags/example_task_group.py took 0.135 seconds
[2022-02-07 17:34:51,014] {processor.py:163} INFO - Started process (PID=1494) to work on /home/airflow/.local/lib/python3.7/site-packages/airflow/example_dags/example_task_group.py
[2022-02-07 17:34:51,017] {processor.py:642} INFO - Processing file /home/airflow/.local/lib/python3.7/site-packages/airflow/example_dags/example_task_group.py for tasks to queue
[2022-02-07 17:34:51,019] {logging_mixin.py:109} INFO - [2022-02-07 17:34:51,019] {dagbag.py:500} INFO - Filling up the DagBag from /home/airflow/.local/lib/python3.7/site-packages/airflow/example_dags/example_task_group.py
[2022-02-07 17:34:51,072] {processor.py:654} INFO - DAG(s) dict_keys(['example_task_group']) retrieved from /home/airflow/.local/lib/python3.7/site-packages/airflow/example_dags/example_task_group.py
[2022-02-07 17:34:51,092] {logging_mixin.py:109} INFO - [2022-02-07 17:34:51,092] {dag.py:2396} INFO - Sync 1 DAGs
[2022-02-07 17:34:51,121] {logging_mixin.py:109} INFO - [2022-02-07 17:34:51,121] {dag.py:2935} INFO - Setting next_dagrun for example_task_group to 2022-02-06T17:34:51.120730+00:00
[2022-02-07 17:34:51,160] {processor.py:171} INFO - Processing /home/airflow/.local/lib/python3.7/site-packages/airflow/example_dags/example_task_group.py took 0.150 seconds
[2022-02-07 17:35:21,818] {processor.py:163} INFO - Started process (PID=1556) to work on /home/airflow/.local/lib/python3.7/site-packages/airflow/example_dags/example_task_group.py
[2022-02-07 17:35:21,821] {processor.py:642} INFO - Processing file /home/airflow/.local/lib/python3.7/site-packages/airflow/example_dags/example_task_group.py for tasks to queue
[2022-02-07 17:35:21,824] {logging_mixin.py:109} INFO - [2022-02-07 17:35:21,824] {dagbag.py:500} INFO - Filling up the DagBag from /home/airflow/.local/lib/python3.7/site-packages/airflow/example_dags/example_task_group.py
[2022-02-07 17:35:21,914] {processor.py:654} INFO - DAG(s) dict_keys(['example_task_group']) retrieved from /home/airflow/.local/lib/python3.7/site-packages/airflow/example_dags/example_task_group.py
[2022-02-07 17:35:21,943] {logging_mixin.py:109} INFO - [2022-02-07 17:35:21,943] {dag.py:2396} INFO - Sync 1 DAGs
[2022-02-07 17:35:22,197] {logging_mixin.py:109} INFO - [2022-02-07 17:35:22,197] {dag.py:2935} INFO - Setting next_dagrun for example_task_group to 2022-02-06T17:35:22.196547+00:00
[2022-02-07 17:35:22,217] {processor.py:171} INFO - Processing /home/airflow/.local/lib/python3.7/site-packages/airflow/example_dags/example_task_group.py took 0.406 seconds
[2022-02-07 17:35:52,759] {processor.py:163} INFO - Started process (PID=1610) to work on /home/airflow/.local/lib/python3.7/site-packages/airflow/example_dags/example_task_group.py
[2022-02-07 17:35:52,761] {processor.py:642} INFO - Processing file /home/airflow/.local/lib/python3.7/site-packages/airflow/example_dags/example_task_group.py for tasks to queue
[2022-02-07 17:35:52,764] {logging_mixin.py:109} INFO - [2022-02-07 17:35:52,763] {dagbag.py:500} INFO - Filling up the DagBag from /home/airflow/.local/lib/python3.7/site-packages/airflow/example_dags/example_task_group.py
[2022-02-07 17:35:52,821] {processor.py:654} INFO - DAG(s) dict_keys(['example_task_group']) retrieved from /home/airflow/.local/lib/python3.7/site-packages/airflow/example_dags/example_task_group.py
[2022-02-07 17:35:52,840] {logging_mixin.py:109} INFO - [2022-02-07 17:35:52,840] {dag.py:2396} INFO - Sync 1 DAGs
[2022-02-07 17:35:52,980] {logging_mixin.py:109} INFO - [2022-02-07 17:35:52,980] {dag.py:2935} INFO - Setting next_dagrun for example_task_group to 2022-02-06T17:35:52.980133+00:00
[2022-02-07 17:35:52,997] {processor.py:171} INFO - Processing /home/airflow/.local/lib/python3.7/site-packages/airflow/example_dags/example_task_group.py took 0.241 seconds
[2022-02-07 17:36:23,145] {processor.py:163} INFO - Started process (PID=1663) to work on /home/airflow/.local/lib/python3.7/site-packages/airflow/example_dags/example_task_group.py
[2022-02-07 17:36:23,147] {processor.py:642} INFO - Processing file /home/airflow/.local/lib/python3.7/site-packages/airflow/example_dags/example_task_group.py for tasks to queue
[2022-02-07 17:36:23,150] {logging_mixin.py:109} INFO - [2022-02-07 17:36:23,150] {dagbag.py:500} INFO - Filling up the DagBag from /home/airflow/.local/lib/python3.7/site-packages/airflow/example_dags/example_task_group.py
[2022-02-07 17:36:23,214] {processor.py:654} INFO - DAG(s) dict_keys(['example_task_group']) retrieved from /home/airflow/.local/lib/python3.7/site-packages/airflow/example_dags/example_task_group.py
[2022-02-07 17:36:23,234] {logging_mixin.py:109} INFO - [2022-02-07 17:36:23,233] {dag.py:2396} INFO - Sync 1 DAGs
[2022-02-07 17:36:23,425] {logging_mixin.py:109} INFO - [2022-02-07 17:36:23,425] {dag.py:2935} INFO - Setting next_dagrun for example_task_group to 2022-02-06T17:36:23.425236+00:00
[2022-02-07 17:36:23,453] {processor.py:171} INFO - Processing /home/airflow/.local/lib/python3.7/site-packages/airflow/example_dags/example_task_group.py took 0.313 seconds
[2022-02-07 17:36:54,191] {processor.py:163} INFO - Started process (PID=1717) to work on /home/airflow/.local/lib/python3.7/site-packages/airflow/example_dags/example_task_group.py
[2022-02-07 17:36:54,194] {processor.py:642} INFO - Processing file /home/airflow/.local/lib/python3.7/site-packages/airflow/example_dags/example_task_group.py for tasks to queue
[2022-02-07 17:36:54,196] {logging_mixin.py:109} INFO - [2022-02-07 17:36:54,196] {dagbag.py:500} INFO - Filling up the DagBag from /home/airflow/.local/lib/python3.7/site-packages/airflow/example_dags/example_task_group.py
[2022-02-07 17:36:54,256] {processor.py:654} INFO - DAG(s) dict_keys(['example_task_group']) retrieved from /home/airflow/.local/lib/python3.7/site-packages/airflow/example_dags/example_task_group.py
[2022-02-07 17:36:54,282] {logging_mixin.py:109} INFO - [2022-02-07 17:36:54,281] {dag.py:2396} INFO - Sync 1 DAGs
[2022-02-07 17:36:54,438] {logging_mixin.py:109} INFO - [2022-02-07 17:36:54,437] {dag.py:2935} INFO - Setting next_dagrun for example_task_group to 2022-02-06T17:36:54.437620+00:00
[2022-02-07 17:36:54,452] {processor.py:171} INFO - Processing /home/airflow/.local/lib/python3.7/site-packages/airflow/example_dags/example_task_group.py took 0.267 seconds
[2022-02-07 17:37:25,089] {processor.py:163} INFO - Started process (PID=1769) to work on /home/airflow/.local/lib/python3.7/site-packages/airflow/example_dags/example_task_group.py
[2022-02-07 17:37:25,095] {processor.py:642} INFO - Processing file /home/airflow/.local/lib/python3.7/site-packages/airflow/example_dags/example_task_group.py for tasks to queue
[2022-02-07 17:37:25,099] {logging_mixin.py:109} INFO - [2022-02-07 17:37:25,098] {dagbag.py:500} INFO - Filling up the DagBag from /home/airflow/.local/lib/python3.7/site-packages/airflow/example_dags/example_task_group.py
[2022-02-07 17:37:25,176] {processor.py:654} INFO - DAG(s) dict_keys(['example_task_group']) retrieved from /home/airflow/.local/lib/python3.7/site-packages/airflow/example_dags/example_task_group.py
[2022-02-07 17:37:25,217] {logging_mixin.py:109} INFO - [2022-02-07 17:37:25,216] {dag.py:2396} INFO - Sync 1 DAGs
[2022-02-07 17:37:25,426] {logging_mixin.py:109} INFO - [2022-02-07 17:37:25,426] {dag.py:2935} INFO - Setting next_dagrun for example_task_group to 2022-02-06T17:37:25.426051+00:00
[2022-02-07 17:37:25,457] {processor.py:171} INFO - Processing /home/airflow/.local/lib/python3.7/site-packages/airflow/example_dags/example_task_group.py took 0.376 seconds
[2022-02-07 17:37:55,692] {processor.py:163} INFO - Started process (PID=1823) to work on /home/airflow/.local/lib/python3.7/site-packages/airflow/example_dags/example_task_group.py
[2022-02-07 17:37:55,697] {processor.py:642} INFO - Processing file /home/airflow/.local/lib/python3.7/site-packages/airflow/example_dags/example_task_group.py for tasks to queue
[2022-02-07 17:37:55,700] {logging_mixin.py:109} INFO - [2022-02-07 17:37:55,700] {dagbag.py:500} INFO - Filling up the DagBag from /home/airflow/.local/lib/python3.7/site-packages/airflow/example_dags/example_task_group.py
[2022-02-07 17:37:55,909] {processor.py:654} INFO - DAG(s) dict_keys(['example_task_group']) retrieved from /home/airflow/.local/lib/python3.7/site-packages/airflow/example_dags/example_task_group.py
[2022-02-07 17:37:55,930] {logging_mixin.py:109} INFO - [2022-02-07 17:37:55,930] {dag.py:2396} INFO - Sync 1 DAGs
[2022-02-07 17:37:55,957] {logging_mixin.py:109} INFO - [2022-02-07 17:37:55,957] {dag.py:2935} INFO - Setting next_dagrun for example_task_group to 2022-02-06T17:37:55.956930+00:00
[2022-02-07 17:37:55,992] {processor.py:171} INFO - Processing /home/airflow/.local/lib/python3.7/site-packages/airflow/example_dags/example_task_group.py took 0.306 seconds
[2022-02-07 17:38:26,756] {processor.py:163} INFO - Started process (PID=1886) to work on /home/airflow/.local/lib/python3.7/site-packages/airflow/example_dags/example_task_group.py
[2022-02-07 17:38:26,760] {processor.py:642} INFO - Processing file /home/airflow/.local/lib/python3.7/site-packages/airflow/example_dags/example_task_group.py for tasks to queue
[2022-02-07 17:38:26,762] {logging_mixin.py:109} INFO - [2022-02-07 17:38:26,762] {dagbag.py:500} INFO - Filling up the DagBag from /home/airflow/.local/lib/python3.7/site-packages/airflow/example_dags/example_task_group.py
[2022-02-07 17:38:26,924] {processor.py:654} INFO - DAG(s) dict_keys(['example_task_group']) retrieved from /home/airflow/.local/lib/python3.7/site-packages/airflow/example_dags/example_task_group.py
[2022-02-07 17:38:26,948] {logging_mixin.py:109} INFO - [2022-02-07 17:38:26,948] {dag.py:2396} INFO - Sync 1 DAGs
[2022-02-07 17:38:26,990] {logging_mixin.py:109} INFO - [2022-02-07 17:38:26,989] {dag.py:2935} INFO - Setting next_dagrun for example_task_group to 2022-02-06T17:38:26.988877+00:00
[2022-02-07 17:38:27,016] {processor.py:171} INFO - Processing /home/airflow/.local/lib/python3.7/site-packages/airflow/example_dags/example_task_group.py took 0.264 seconds
[2022-02-07 17:38:57,168] {processor.py:163} INFO - Started process (PID=1940) to work on /home/airflow/.local/lib/python3.7/site-packages/airflow/example_dags/example_task_group.py
[2022-02-07 17:38:57,171] {processor.py:642} INFO - Processing file /home/airflow/.local/lib/python3.7/site-packages/airflow/example_dags/example_task_group.py for tasks to queue
[2022-02-07 17:38:57,174] {logging_mixin.py:109} INFO - [2022-02-07 17:38:57,173] {dagbag.py:500} INFO - Filling up the DagBag from /home/airflow/.local/lib/python3.7/site-packages/airflow/example_dags/example_task_group.py
[2022-02-07 17:38:57,322] {processor.py:654} INFO - DAG(s) dict_keys(['example_task_group']) retrieved from /home/airflow/.local/lib/python3.7/site-packages/airflow/example_dags/example_task_group.py
[2022-02-07 17:38:57,335] {logging_mixin.py:109} INFO - [2022-02-07 17:38:57,335] {dag.py:2396} INFO - Sync 1 DAGs
[2022-02-07 17:38:57,356] {logging_mixin.py:109} INFO - [2022-02-07 17:38:57,356] {dag.py:2935} INFO - Setting next_dagrun for example_task_group to 2022-02-06T17:38:57.356241+00:00
[2022-02-07 17:38:57,374] {processor.py:171} INFO - Processing /home/airflow/.local/lib/python3.7/site-packages/airflow/example_dags/example_task_group.py took 0.213 seconds
