[2022-02-07 17:22:34,750] {processor.py:163} INFO - Started process (PID=41) to work on /home/airflow/.local/lib/python3.7/site-packages/airflow/example_dags/example_branch_labels.py
[2022-02-07 17:22:34,756] {processor.py:642} INFO - Processing file /home/airflow/.local/lib/python3.7/site-packages/airflow/example_dags/example_branch_labels.py for tasks to queue
[2022-02-07 17:22:34,769] {logging_mixin.py:109} INFO - [2022-02-07 17:22:34,768] {dagbag.py:500} INFO - Filling up the DagBag from /home/airflow/.local/lib/python3.7/site-packages/airflow/example_dags/example_branch_labels.py
[2022-02-07 17:22:34,909] {processor.py:654} INFO - DAG(s) dict_keys(['example_branch_labels']) retrieved from /home/airflow/.local/lib/python3.7/site-packages/airflow/example_dags/example_branch_labels.py
[2022-02-07 17:22:50,723] {logging_mixin.py:109} INFO - [2022-02-07 17:22:50,723] {manager.py:496} INFO - Created Permission View: can read on DAG:example_branch_labels
[2022-02-07 17:22:50,742] {logging_mixin.py:109} INFO - [2022-02-07 17:22:50,742] {manager.py:496} INFO - Created Permission View: can edit on DAG:example_branch_labels
[2022-02-07 17:22:50,744] {logging_mixin.py:109} INFO - [2022-02-07 17:22:50,744] {dag.py:2396} INFO - Sync 1 DAGs
[2022-02-07 17:22:50,762] {logging_mixin.py:109} INFO - [2022-02-07 17:22:50,761] {dag.py:2415} INFO - Creating ORM DAG for example_branch_labels
[2022-02-07 17:22:50,780] {logging_mixin.py:109} INFO - [2022-02-07 17:22:50,780] {dag.py:2935} INFO - Setting next_dagrun for example_branch_labels to 2022-02-06 00:00:00+00:00
[2022-02-07 17:22:50,801] {processor.py:171} INFO - Processing /home/airflow/.local/lib/python3.7/site-packages/airflow/example_dags/example_branch_labels.py took 16.095 seconds
[2022-02-07 17:23:37,718] {processor.py:163} INFO - Started process (PID=231) to work on /home/airflow/.local/lib/python3.7/site-packages/airflow/example_dags/example_branch_labels.py
[2022-02-07 17:23:37,721] {processor.py:642} INFO - Processing file /home/airflow/.local/lib/python3.7/site-packages/airflow/example_dags/example_branch_labels.py for tasks to queue
[2022-02-07 17:23:37,723] {logging_mixin.py:109} INFO - [2022-02-07 17:23:37,723] {dagbag.py:500} INFO - Filling up the DagBag from /home/airflow/.local/lib/python3.7/site-packages/airflow/example_dags/example_branch_labels.py
[2022-02-07 17:23:37,774] {processor.py:654} INFO - DAG(s) dict_keys(['example_branch_labels']) retrieved from /home/airflow/.local/lib/python3.7/site-packages/airflow/example_dags/example_branch_labels.py
[2022-02-07 17:23:37,789] {logging_mixin.py:109} INFO - [2022-02-07 17:23:37,789] {dag.py:2396} INFO - Sync 1 DAGs
[2022-02-07 17:23:37,823] {logging_mixin.py:109} INFO - [2022-02-07 17:23:37,823] {dag.py:2935} INFO - Setting next_dagrun for example_branch_labels to 2022-02-06 00:00:00+00:00
[2022-02-07 17:23:37,845] {processor.py:171} INFO - Processing /home/airflow/.local/lib/python3.7/site-packages/airflow/example_dags/example_branch_labels.py took 0.132 seconds
[2022-02-07 17:24:08,085] {processor.py:163} INFO - Started process (PID=282) to work on /home/airflow/.local/lib/python3.7/site-packages/airflow/example_dags/example_branch_labels.py
[2022-02-07 17:24:08,088] {processor.py:642} INFO - Processing file /home/airflow/.local/lib/python3.7/site-packages/airflow/example_dags/example_branch_labels.py for tasks to queue
[2022-02-07 17:24:08,089] {logging_mixin.py:109} INFO - [2022-02-07 17:24:08,089] {dagbag.py:500} INFO - Filling up the DagBag from /home/airflow/.local/lib/python3.7/site-packages/airflow/example_dags/example_branch_labels.py
[2022-02-07 17:24:08,137] {processor.py:654} INFO - DAG(s) dict_keys(['example_branch_labels']) retrieved from /home/airflow/.local/lib/python3.7/site-packages/airflow/example_dags/example_branch_labels.py
[2022-02-07 17:24:08,151] {logging_mixin.py:109} INFO - [2022-02-07 17:24:08,151] {dag.py:2396} INFO - Sync 1 DAGs
[2022-02-07 17:24:08,176] {logging_mixin.py:109} INFO - [2022-02-07 17:24:08,176] {dag.py:2935} INFO - Setting next_dagrun for example_branch_labels to 2022-02-06 00:00:00+00:00
[2022-02-07 17:24:08,190] {processor.py:171} INFO - Processing /home/airflow/.local/lib/python3.7/site-packages/airflow/example_dags/example_branch_labels.py took 0.109 seconds
[2022-02-07 17:24:38,283] {processor.py:163} INFO - Started process (PID=339) to work on /home/airflow/.local/lib/python3.7/site-packages/airflow/example_dags/example_branch_labels.py
[2022-02-07 17:24:38,290] {processor.py:642} INFO - Processing file /home/airflow/.local/lib/python3.7/site-packages/airflow/example_dags/example_branch_labels.py for tasks to queue
[2022-02-07 17:24:38,303] {logging_mixin.py:109} INFO - [2022-02-07 17:24:38,293] {dagbag.py:500} INFO - Filling up the DagBag from /home/airflow/.local/lib/python3.7/site-packages/airflow/example_dags/example_branch_labels.py
[2022-02-07 17:24:38,421] {processor.py:654} INFO - DAG(s) dict_keys(['example_branch_labels']) retrieved from /home/airflow/.local/lib/python3.7/site-packages/airflow/example_dags/example_branch_labels.py
[2022-02-07 17:24:38,452] {logging_mixin.py:109} INFO - [2022-02-07 17:24:38,452] {dag.py:2396} INFO - Sync 1 DAGs
[2022-02-07 17:24:38,506] {logging_mixin.py:109} INFO - [2022-02-07 17:24:38,506] {dag.py:2935} INFO - Setting next_dagrun for example_branch_labels to 2022-02-06 00:00:00+00:00
[2022-02-07 17:24:38,537] {processor.py:171} INFO - Processing /home/airflow/.local/lib/python3.7/site-packages/airflow/example_dags/example_branch_labels.py took 0.262 seconds
[2022-02-07 17:25:08,770] {processor.py:163} INFO - Started process (PID=391) to work on /home/airflow/.local/lib/python3.7/site-packages/airflow/example_dags/example_branch_labels.py
[2022-02-07 17:25:08,774] {processor.py:642} INFO - Processing file /home/airflow/.local/lib/python3.7/site-packages/airflow/example_dags/example_branch_labels.py for tasks to queue
[2022-02-07 17:25:08,778] {logging_mixin.py:109} INFO - [2022-02-07 17:25:08,778] {dagbag.py:500} INFO - Filling up the DagBag from /home/airflow/.local/lib/python3.7/site-packages/airflow/example_dags/example_branch_labels.py
[2022-02-07 17:25:08,882] {processor.py:654} INFO - DAG(s) dict_keys(['example_branch_labels']) retrieved from /home/airflow/.local/lib/python3.7/site-packages/airflow/example_dags/example_branch_labels.py
[2022-02-07 17:25:08,902] {logging_mixin.py:109} INFO - [2022-02-07 17:25:08,901] {dag.py:2396} INFO - Sync 1 DAGs
[2022-02-07 17:25:08,923] {logging_mixin.py:109} INFO - [2022-02-07 17:25:08,923] {dag.py:2935} INFO - Setting next_dagrun for example_branch_labels to 2022-02-06 00:00:00+00:00
[2022-02-07 17:25:08,942] {processor.py:171} INFO - Processing /home/airflow/.local/lib/python3.7/site-packages/airflow/example_dags/example_branch_labels.py took 0.177 seconds
[2022-02-07 17:25:39,128] {processor.py:163} INFO - Started process (PID=442) to work on /home/airflow/.local/lib/python3.7/site-packages/airflow/example_dags/example_branch_labels.py
[2022-02-07 17:25:39,133] {processor.py:642} INFO - Processing file /home/airflow/.local/lib/python3.7/site-packages/airflow/example_dags/example_branch_labels.py for tasks to queue
[2022-02-07 17:25:39,137] {logging_mixin.py:109} INFO - [2022-02-07 17:25:39,137] {dagbag.py:500} INFO - Filling up the DagBag from /home/airflow/.local/lib/python3.7/site-packages/airflow/example_dags/example_branch_labels.py
[2022-02-07 17:25:39,249] {processor.py:654} INFO - DAG(s) dict_keys(['example_branch_labels']) retrieved from /home/airflow/.local/lib/python3.7/site-packages/airflow/example_dags/example_branch_labels.py
[2022-02-07 17:25:39,276] {logging_mixin.py:109} INFO - [2022-02-07 17:25:39,276] {dag.py:2396} INFO - Sync 1 DAGs
[2022-02-07 17:25:39,369] {logging_mixin.py:109} INFO - [2022-02-07 17:25:39,369] {dag.py:2935} INFO - Setting next_dagrun for example_branch_labels to 2022-02-06 00:00:00+00:00
[2022-02-07 17:25:39,391] {processor.py:171} INFO - Processing /home/airflow/.local/lib/python3.7/site-packages/airflow/example_dags/example_branch_labels.py took 0.287 seconds
[2022-02-07 17:26:09,736] {processor.py:163} INFO - Started process (PID=496) to work on /home/airflow/.local/lib/python3.7/site-packages/airflow/example_dags/example_branch_labels.py
[2022-02-07 17:26:09,758] {processor.py:642} INFO - Processing file /home/airflow/.local/lib/python3.7/site-packages/airflow/example_dags/example_branch_labels.py for tasks to queue
[2022-02-07 17:26:09,768] {logging_mixin.py:109} INFO - [2022-02-07 17:26:09,767] {dagbag.py:500} INFO - Filling up the DagBag from /home/airflow/.local/lib/python3.7/site-packages/airflow/example_dags/example_branch_labels.py
[2022-02-07 17:26:09,874] {processor.py:654} INFO - DAG(s) dict_keys(['example_branch_labels']) retrieved from /home/airflow/.local/lib/python3.7/site-packages/airflow/example_dags/example_branch_labels.py
[2022-02-07 17:26:09,912] {logging_mixin.py:109} INFO - [2022-02-07 17:26:09,911] {dag.py:2396} INFO - Sync 1 DAGs
[2022-02-07 17:26:09,971] {logging_mixin.py:109} INFO - [2022-02-07 17:26:09,970] {dag.py:2935} INFO - Setting next_dagrun for example_branch_labels to 2022-02-06 00:00:00+00:00
[2022-02-07 17:26:10,006] {processor.py:171} INFO - Processing /home/airflow/.local/lib/python3.7/site-packages/airflow/example_dags/example_branch_labels.py took 0.281 seconds
[2022-02-07 17:26:40,298] {processor.py:163} INFO - Started process (PID=546) to work on /home/airflow/.local/lib/python3.7/site-packages/airflow/example_dags/example_branch_labels.py
[2022-02-07 17:26:40,300] {processor.py:642} INFO - Processing file /home/airflow/.local/lib/python3.7/site-packages/airflow/example_dags/example_branch_labels.py for tasks to queue
[2022-02-07 17:26:40,303] {logging_mixin.py:109} INFO - [2022-02-07 17:26:40,303] {dagbag.py:500} INFO - Filling up the DagBag from /home/airflow/.local/lib/python3.7/site-packages/airflow/example_dags/example_branch_labels.py
[2022-02-07 17:26:40,378] {processor.py:654} INFO - DAG(s) dict_keys(['example_branch_labels']) retrieved from /home/airflow/.local/lib/python3.7/site-packages/airflow/example_dags/example_branch_labels.py
[2022-02-07 17:26:40,396] {logging_mixin.py:109} INFO - [2022-02-07 17:26:40,396] {dag.py:2396} INFO - Sync 1 DAGs
[2022-02-07 17:26:40,427] {logging_mixin.py:109} INFO - [2022-02-07 17:26:40,427] {dag.py:2935} INFO - Setting next_dagrun for example_branch_labels to 2022-02-06 00:00:00+00:00
[2022-02-07 17:26:40,449] {processor.py:171} INFO - Processing /home/airflow/.local/lib/python3.7/site-packages/airflow/example_dags/example_branch_labels.py took 0.157 seconds
[2022-02-07 17:27:10,960] {processor.py:163} INFO - Started process (PID=609) to work on /home/airflow/.local/lib/python3.7/site-packages/airflow/example_dags/example_branch_labels.py
[2022-02-07 17:27:10,962] {processor.py:642} INFO - Processing file /home/airflow/.local/lib/python3.7/site-packages/airflow/example_dags/example_branch_labels.py for tasks to queue
[2022-02-07 17:27:10,964] {logging_mixin.py:109} INFO - [2022-02-07 17:27:10,964] {dagbag.py:500} INFO - Filling up the DagBag from /home/airflow/.local/lib/python3.7/site-packages/airflow/example_dags/example_branch_labels.py
[2022-02-07 17:27:11,021] {processor.py:654} INFO - DAG(s) dict_keys(['example_branch_labels']) retrieved from /home/airflow/.local/lib/python3.7/site-packages/airflow/example_dags/example_branch_labels.py
[2022-02-07 17:27:11,044] {logging_mixin.py:109} INFO - [2022-02-07 17:27:11,044] {dag.py:2396} INFO - Sync 1 DAGs
[2022-02-07 17:27:11,088] {logging_mixin.py:109} INFO - [2022-02-07 17:27:11,088] {dag.py:2935} INFO - Setting next_dagrun for example_branch_labels to 2022-02-06 00:00:00+00:00
[2022-02-07 17:27:11,136] {processor.py:171} INFO - Processing /home/airflow/.local/lib/python3.7/site-packages/airflow/example_dags/example_branch_labels.py took 0.180 seconds
[2022-02-07 17:27:41,867] {processor.py:163} INFO - Started process (PID=663) to work on /home/airflow/.local/lib/python3.7/site-packages/airflow/example_dags/example_branch_labels.py
[2022-02-07 17:27:41,874] {processor.py:642} INFO - Processing file /home/airflow/.local/lib/python3.7/site-packages/airflow/example_dags/example_branch_labels.py for tasks to queue
[2022-02-07 17:27:41,880] {logging_mixin.py:109} INFO - [2022-02-07 17:27:41,879] {dagbag.py:500} INFO - Filling up the DagBag from /home/airflow/.local/lib/python3.7/site-packages/airflow/example_dags/example_branch_labels.py
[2022-02-07 17:27:41,948] {processor.py:654} INFO - DAG(s) dict_keys(['example_branch_labels']) retrieved from /home/airflow/.local/lib/python3.7/site-packages/airflow/example_dags/example_branch_labels.py
[2022-02-07 17:27:41,965] {logging_mixin.py:109} INFO - [2022-02-07 17:27:41,965] {dag.py:2396} INFO - Sync 1 DAGs
[2022-02-07 17:27:41,996] {logging_mixin.py:109} INFO - [2022-02-07 17:27:41,996] {dag.py:2935} INFO - Setting next_dagrun for example_branch_labels to 2022-02-06 00:00:00+00:00
[2022-02-07 17:27:42,016] {processor.py:171} INFO - Processing /home/airflow/.local/lib/python3.7/site-packages/airflow/example_dags/example_branch_labels.py took 0.156 seconds
[2022-02-07 17:28:12,440] {processor.py:163} INFO - Started process (PID=719) to work on /home/airflow/.local/lib/python3.7/site-packages/airflow/example_dags/example_branch_labels.py
[2022-02-07 17:28:12,443] {processor.py:642} INFO - Processing file /home/airflow/.local/lib/python3.7/site-packages/airflow/example_dags/example_branch_labels.py for tasks to queue
[2022-02-07 17:28:12,445] {logging_mixin.py:109} INFO - [2022-02-07 17:28:12,445] {dagbag.py:500} INFO - Filling up the DagBag from /home/airflow/.local/lib/python3.7/site-packages/airflow/example_dags/example_branch_labels.py
[2022-02-07 17:28:12,493] {processor.py:654} INFO - DAG(s) dict_keys(['example_branch_labels']) retrieved from /home/airflow/.local/lib/python3.7/site-packages/airflow/example_dags/example_branch_labels.py
[2022-02-07 17:28:12,512] {logging_mixin.py:109} INFO - [2022-02-07 17:28:12,512] {dag.py:2396} INFO - Sync 1 DAGs
[2022-02-07 17:28:12,536] {logging_mixin.py:109} INFO - [2022-02-07 17:28:12,536] {dag.py:2935} INFO - Setting next_dagrun for example_branch_labels to 2022-02-06 00:00:00+00:00
[2022-02-07 17:28:12,552] {processor.py:171} INFO - Processing /home/airflow/.local/lib/python3.7/site-packages/airflow/example_dags/example_branch_labels.py took 0.117 seconds
[2022-02-07 17:28:42,704] {processor.py:163} INFO - Started process (PID=770) to work on /home/airflow/.local/lib/python3.7/site-packages/airflow/example_dags/example_branch_labels.py
[2022-02-07 17:28:42,706] {processor.py:642} INFO - Processing file /home/airflow/.local/lib/python3.7/site-packages/airflow/example_dags/example_branch_labels.py for tasks to queue
[2022-02-07 17:28:42,710] {logging_mixin.py:109} INFO - [2022-02-07 17:28:42,710] {dagbag.py:500} INFO - Filling up the DagBag from /home/airflow/.local/lib/python3.7/site-packages/airflow/example_dags/example_branch_labels.py
[2022-02-07 17:28:42,777] {processor.py:654} INFO - DAG(s) dict_keys(['example_branch_labels']) retrieved from /home/airflow/.local/lib/python3.7/site-packages/airflow/example_dags/example_branch_labels.py
[2022-02-07 17:28:42,806] {logging_mixin.py:109} INFO - [2022-02-07 17:28:42,806] {dag.py:2396} INFO - Sync 1 DAGs
[2022-02-07 17:28:42,871] {logging_mixin.py:109} INFO - [2022-02-07 17:28:42,871] {dag.py:2935} INFO - Setting next_dagrun for example_branch_labels to 2022-02-06 00:00:00+00:00
[2022-02-07 17:28:42,901] {processor.py:171} INFO - Processing /home/airflow/.local/lib/python3.7/site-packages/airflow/example_dags/example_branch_labels.py took 0.206 seconds
[2022-02-07 17:29:13,695] {processor.py:163} INFO - Started process (PID=833) to work on /home/airflow/.local/lib/python3.7/site-packages/airflow/example_dags/example_branch_labels.py
[2022-02-07 17:29:13,697] {processor.py:642} INFO - Processing file /home/airflow/.local/lib/python3.7/site-packages/airflow/example_dags/example_branch_labels.py for tasks to queue
[2022-02-07 17:29:13,699] {logging_mixin.py:109} INFO - [2022-02-07 17:29:13,699] {dagbag.py:500} INFO - Filling up the DagBag from /home/airflow/.local/lib/python3.7/site-packages/airflow/example_dags/example_branch_labels.py
[2022-02-07 17:29:13,754] {processor.py:654} INFO - DAG(s) dict_keys(['example_branch_labels']) retrieved from /home/airflow/.local/lib/python3.7/site-packages/airflow/example_dags/example_branch_labels.py
[2022-02-07 17:29:13,796] {logging_mixin.py:109} INFO - [2022-02-07 17:29:13,796] {dag.py:2396} INFO - Sync 1 DAGs
[2022-02-07 17:29:13,839] {logging_mixin.py:109} INFO - [2022-02-07 17:29:13,839] {dag.py:2935} INFO - Setting next_dagrun for example_branch_labels to 2022-02-06 00:00:00+00:00
[2022-02-07 17:29:13,889] {processor.py:171} INFO - Processing /home/airflow/.local/lib/python3.7/site-packages/airflow/example_dags/example_branch_labels.py took 0.199 seconds
[2022-02-07 17:29:44,390] {processor.py:163} INFO - Started process (PID=893) to work on /home/airflow/.local/lib/python3.7/site-packages/airflow/example_dags/example_branch_labels.py
[2022-02-07 17:29:44,395] {processor.py:642} INFO - Processing file /home/airflow/.local/lib/python3.7/site-packages/airflow/example_dags/example_branch_labels.py for tasks to queue
[2022-02-07 17:29:44,400] {logging_mixin.py:109} INFO - [2022-02-07 17:29:44,399] {dagbag.py:500} INFO - Filling up the DagBag from /home/airflow/.local/lib/python3.7/site-packages/airflow/example_dags/example_branch_labels.py
[2022-02-07 17:29:44,484] {processor.py:654} INFO - DAG(s) dict_keys(['example_branch_labels']) retrieved from /home/airflow/.local/lib/python3.7/site-packages/airflow/example_dags/example_branch_labels.py
[2022-02-07 17:29:44,498] {logging_mixin.py:109} INFO - [2022-02-07 17:29:44,498] {dag.py:2396} INFO - Sync 1 DAGs
[2022-02-07 17:29:44,545] {logging_mixin.py:109} INFO - [2022-02-07 17:29:44,544] {dag.py:2935} INFO - Setting next_dagrun for example_branch_labels to 2022-02-06 00:00:00+00:00
[2022-02-07 17:29:44,566] {processor.py:171} INFO - Processing /home/airflow/.local/lib/python3.7/site-packages/airflow/example_dags/example_branch_labels.py took 0.184 seconds
[2022-02-07 17:30:14,650] {processor.py:163} INFO - Started process (PID=953) to work on /home/airflow/.local/lib/python3.7/site-packages/airflow/example_dags/example_branch_labels.py
[2022-02-07 17:30:14,654] {processor.py:642} INFO - Processing file /home/airflow/.local/lib/python3.7/site-packages/airflow/example_dags/example_branch_labels.py for tasks to queue
[2022-02-07 17:30:14,656] {logging_mixin.py:109} INFO - [2022-02-07 17:30:14,656] {dagbag.py:500} INFO - Filling up the DagBag from /home/airflow/.local/lib/python3.7/site-packages/airflow/example_dags/example_branch_labels.py
[2022-02-07 17:30:14,720] {processor.py:654} INFO - DAG(s) dict_keys(['example_branch_labels']) retrieved from /home/airflow/.local/lib/python3.7/site-packages/airflow/example_dags/example_branch_labels.py
[2022-02-07 17:30:14,745] {logging_mixin.py:109} INFO - [2022-02-07 17:30:14,745] {dag.py:2396} INFO - Sync 1 DAGs
[2022-02-07 17:30:14,779] {logging_mixin.py:109} INFO - [2022-02-07 17:30:14,778] {dag.py:2935} INFO - Setting next_dagrun for example_branch_labels to 2022-02-06 00:00:00+00:00
[2022-02-07 17:30:14,796] {processor.py:171} INFO - Processing /home/airflow/.local/lib/python3.7/site-packages/airflow/example_dags/example_branch_labels.py took 0.150 seconds
[2022-02-07 17:30:45,011] {processor.py:163} INFO - Started process (PID=1018) to work on /home/airflow/.local/lib/python3.7/site-packages/airflow/example_dags/example_branch_labels.py
[2022-02-07 17:30:45,013] {processor.py:642} INFO - Processing file /home/airflow/.local/lib/python3.7/site-packages/airflow/example_dags/example_branch_labels.py for tasks to queue
[2022-02-07 17:30:45,015] {logging_mixin.py:109} INFO - [2022-02-07 17:30:45,015] {dagbag.py:500} INFO - Filling up the DagBag from /home/airflow/.local/lib/python3.7/site-packages/airflow/example_dags/example_branch_labels.py
[2022-02-07 17:30:45,087] {processor.py:654} INFO - DAG(s) dict_keys(['example_branch_labels']) retrieved from /home/airflow/.local/lib/python3.7/site-packages/airflow/example_dags/example_branch_labels.py
[2022-02-07 17:30:45,103] {logging_mixin.py:109} INFO - [2022-02-07 17:30:45,103] {dag.py:2396} INFO - Sync 1 DAGs
[2022-02-07 17:30:45,128] {logging_mixin.py:109} INFO - [2022-02-07 17:30:45,128] {dag.py:2935} INFO - Setting next_dagrun for example_branch_labels to 2022-02-06 00:00:00+00:00
[2022-02-07 17:30:45,145] {processor.py:171} INFO - Processing /home/airflow/.local/lib/python3.7/site-packages/airflow/example_dags/example_branch_labels.py took 0.141 seconds
[2022-02-07 17:31:15,509] {processor.py:163} INFO - Started process (PID=1072) to work on /home/airflow/.local/lib/python3.7/site-packages/airflow/example_dags/example_branch_labels.py
[2022-02-07 17:31:15,512] {processor.py:642} INFO - Processing file /home/airflow/.local/lib/python3.7/site-packages/airflow/example_dags/example_branch_labels.py for tasks to queue
[2022-02-07 17:31:15,514] {logging_mixin.py:109} INFO - [2022-02-07 17:31:15,514] {dagbag.py:500} INFO - Filling up the DagBag from /home/airflow/.local/lib/python3.7/site-packages/airflow/example_dags/example_branch_labels.py
[2022-02-07 17:31:15,568] {processor.py:654} INFO - DAG(s) dict_keys(['example_branch_labels']) retrieved from /home/airflow/.local/lib/python3.7/site-packages/airflow/example_dags/example_branch_labels.py
[2022-02-07 17:31:15,585] {logging_mixin.py:109} INFO - [2022-02-07 17:31:15,585] {dag.py:2396} INFO - Sync 1 DAGs
[2022-02-07 17:31:15,612] {logging_mixin.py:109} INFO - [2022-02-07 17:31:15,612] {dag.py:2935} INFO - Setting next_dagrun for example_branch_labels to 2022-02-06 00:00:00+00:00
[2022-02-07 17:31:15,643] {processor.py:171} INFO - Processing /home/airflow/.local/lib/python3.7/site-packages/airflow/example_dags/example_branch_labels.py took 0.138 seconds
[2022-02-07 17:31:46,413] {processor.py:163} INFO - Started process (PID=1131) to work on /home/airflow/.local/lib/python3.7/site-packages/airflow/example_dags/example_branch_labels.py
[2022-02-07 17:31:46,416] {processor.py:642} INFO - Processing file /home/airflow/.local/lib/python3.7/site-packages/airflow/example_dags/example_branch_labels.py for tasks to queue
[2022-02-07 17:31:46,419] {logging_mixin.py:109} INFO - [2022-02-07 17:31:46,418] {dagbag.py:500} INFO - Filling up the DagBag from /home/airflow/.local/lib/python3.7/site-packages/airflow/example_dags/example_branch_labels.py
[2022-02-07 17:31:46,509] {processor.py:654} INFO - DAG(s) dict_keys(['example_branch_labels']) retrieved from /home/airflow/.local/lib/python3.7/site-packages/airflow/example_dags/example_branch_labels.py
[2022-02-07 17:31:46,534] {logging_mixin.py:109} INFO - [2022-02-07 17:31:46,533] {dag.py:2396} INFO - Sync 1 DAGs
[2022-02-07 17:31:46,577] {logging_mixin.py:109} INFO - [2022-02-07 17:31:46,577] {dag.py:2935} INFO - Setting next_dagrun for example_branch_labels to 2022-02-06 00:00:00+00:00
[2022-02-07 17:31:46,599] {processor.py:171} INFO - Processing /home/airflow/.local/lib/python3.7/site-packages/airflow/example_dags/example_branch_labels.py took 0.191 seconds
[2022-02-07 17:32:17,153] {processor.py:163} INFO - Started process (PID=1194) to work on /home/airflow/.local/lib/python3.7/site-packages/airflow/example_dags/example_branch_labels.py
[2022-02-07 17:32:17,156] {processor.py:642} INFO - Processing file /home/airflow/.local/lib/python3.7/site-packages/airflow/example_dags/example_branch_labels.py for tasks to queue
[2022-02-07 17:32:17,158] {logging_mixin.py:109} INFO - [2022-02-07 17:32:17,158] {dagbag.py:500} INFO - Filling up the DagBag from /home/airflow/.local/lib/python3.7/site-packages/airflow/example_dags/example_branch_labels.py
[2022-02-07 17:32:17,211] {processor.py:654} INFO - DAG(s) dict_keys(['example_branch_labels']) retrieved from /home/airflow/.local/lib/python3.7/site-packages/airflow/example_dags/example_branch_labels.py
[2022-02-07 17:32:17,233] {logging_mixin.py:109} INFO - [2022-02-07 17:32:17,232] {dag.py:2396} INFO - Sync 1 DAGs
[2022-02-07 17:32:17,263] {logging_mixin.py:109} INFO - [2022-02-07 17:32:17,263] {dag.py:2935} INFO - Setting next_dagrun for example_branch_labels to 2022-02-06 00:00:00+00:00
[2022-02-07 17:32:17,289] {processor.py:171} INFO - Processing /home/airflow/.local/lib/python3.7/site-packages/airflow/example_dags/example_branch_labels.py took 0.141 seconds
[2022-02-07 17:32:47,364] {processor.py:163} INFO - Started process (PID=1265) to work on /home/airflow/.local/lib/python3.7/site-packages/airflow/example_dags/example_branch_labels.py
[2022-02-07 17:32:47,368] {processor.py:642} INFO - Processing file /home/airflow/.local/lib/python3.7/site-packages/airflow/example_dags/example_branch_labels.py for tasks to queue
[2022-02-07 17:32:47,372] {logging_mixin.py:109} INFO - [2022-02-07 17:32:47,372] {dagbag.py:500} INFO - Filling up the DagBag from /home/airflow/.local/lib/python3.7/site-packages/airflow/example_dags/example_branch_labels.py
[2022-02-07 17:32:47,420] {processor.py:654} INFO - DAG(s) dict_keys(['example_branch_labels']) retrieved from /home/airflow/.local/lib/python3.7/site-packages/airflow/example_dags/example_branch_labels.py
[2022-02-07 17:32:47,435] {logging_mixin.py:109} INFO - [2022-02-07 17:32:47,435] {dag.py:2396} INFO - Sync 1 DAGs
[2022-02-07 17:32:47,473] {logging_mixin.py:109} INFO - [2022-02-07 17:32:47,473] {dag.py:2935} INFO - Setting next_dagrun for example_branch_labels to 2022-02-06 00:00:00+00:00
[2022-02-07 17:32:47,491] {processor.py:171} INFO - Processing /home/airflow/.local/lib/python3.7/site-packages/airflow/example_dags/example_branch_labels.py took 0.133 seconds
[2022-02-07 17:33:17,773] {processor.py:163} INFO - Started process (PID=1321) to work on /home/airflow/.local/lib/python3.7/site-packages/airflow/example_dags/example_branch_labels.py
[2022-02-07 17:33:17,775] {processor.py:642} INFO - Processing file /home/airflow/.local/lib/python3.7/site-packages/airflow/example_dags/example_branch_labels.py for tasks to queue
[2022-02-07 17:33:17,777] {logging_mixin.py:109} INFO - [2022-02-07 17:33:17,777] {dagbag.py:500} INFO - Filling up the DagBag from /home/airflow/.local/lib/python3.7/site-packages/airflow/example_dags/example_branch_labels.py
[2022-02-07 17:33:17,844] {processor.py:654} INFO - DAG(s) dict_keys(['example_branch_labels']) retrieved from /home/airflow/.local/lib/python3.7/site-packages/airflow/example_dags/example_branch_labels.py
[2022-02-07 17:33:17,868] {logging_mixin.py:109} INFO - [2022-02-07 17:33:17,868] {dag.py:2396} INFO - Sync 1 DAGs
[2022-02-07 17:33:17,901] {logging_mixin.py:109} INFO - [2022-02-07 17:33:17,899] {dag.py:2935} INFO - Setting next_dagrun for example_branch_labels to 2022-02-06 00:00:00+00:00
[2022-02-07 17:33:17,937] {processor.py:171} INFO - Processing /home/airflow/.local/lib/python3.7/site-packages/airflow/example_dags/example_branch_labels.py took 0.168 seconds
[2022-02-07 17:33:48,104] {processor.py:163} INFO - Started process (PID=1376) to work on /home/airflow/.local/lib/python3.7/site-packages/airflow/example_dags/example_branch_labels.py
[2022-02-07 17:33:48,108] {processor.py:642} INFO - Processing file /home/airflow/.local/lib/python3.7/site-packages/airflow/example_dags/example_branch_labels.py for tasks to queue
[2022-02-07 17:33:48,112] {logging_mixin.py:109} INFO - [2022-02-07 17:33:48,112] {dagbag.py:500} INFO - Filling up the DagBag from /home/airflow/.local/lib/python3.7/site-packages/airflow/example_dags/example_branch_labels.py
[2022-02-07 17:33:48,162] {processor.py:654} INFO - DAG(s) dict_keys(['example_branch_labels']) retrieved from /home/airflow/.local/lib/python3.7/site-packages/airflow/example_dags/example_branch_labels.py
[2022-02-07 17:33:48,191] {logging_mixin.py:109} INFO - [2022-02-07 17:33:48,190] {dag.py:2396} INFO - Sync 1 DAGs
[2022-02-07 17:33:48,231] {logging_mixin.py:109} INFO - [2022-02-07 17:33:48,230] {dag.py:2935} INFO - Setting next_dagrun for example_branch_labels to 2022-02-06 00:00:00+00:00
[2022-02-07 17:33:48,246] {processor.py:171} INFO - Processing /home/airflow/.local/lib/python3.7/site-packages/airflow/example_dags/example_branch_labels.py took 0.148 seconds
[2022-02-07 17:34:18,368] {processor.py:163} INFO - Started process (PID=1436) to work on /home/airflow/.local/lib/python3.7/site-packages/airflow/example_dags/example_branch_labels.py
[2022-02-07 17:34:18,372] {processor.py:642} INFO - Processing file /home/airflow/.local/lib/python3.7/site-packages/airflow/example_dags/example_branch_labels.py for tasks to queue
[2022-02-07 17:34:18,379] {logging_mixin.py:109} INFO - [2022-02-07 17:34:18,378] {dagbag.py:500} INFO - Filling up the DagBag from /home/airflow/.local/lib/python3.7/site-packages/airflow/example_dags/example_branch_labels.py
[2022-02-07 17:34:18,465] {processor.py:654} INFO - DAG(s) dict_keys(['example_branch_labels']) retrieved from /home/airflow/.local/lib/python3.7/site-packages/airflow/example_dags/example_branch_labels.py
[2022-02-07 17:34:18,491] {logging_mixin.py:109} INFO - [2022-02-07 17:34:18,491] {dag.py:2396} INFO - Sync 1 DAGs
[2022-02-07 17:34:18,544] {logging_mixin.py:109} INFO - [2022-02-07 17:34:18,543] {dag.py:2935} INFO - Setting next_dagrun for example_branch_labels to 2022-02-06 00:00:00+00:00
[2022-02-07 17:34:18,577] {processor.py:171} INFO - Processing /home/airflow/.local/lib/python3.7/site-packages/airflow/example_dags/example_branch_labels.py took 0.219 seconds
[2022-02-07 17:34:48,788] {processor.py:163} INFO - Started process (PID=1492) to work on /home/airflow/.local/lib/python3.7/site-packages/airflow/example_dags/example_branch_labels.py
[2022-02-07 17:34:48,791] {processor.py:642} INFO - Processing file /home/airflow/.local/lib/python3.7/site-packages/airflow/example_dags/example_branch_labels.py for tasks to queue
[2022-02-07 17:34:48,793] {logging_mixin.py:109} INFO - [2022-02-07 17:34:48,793] {dagbag.py:500} INFO - Filling up the DagBag from /home/airflow/.local/lib/python3.7/site-packages/airflow/example_dags/example_branch_labels.py
[2022-02-07 17:34:48,849] {processor.py:654} INFO - DAG(s) dict_keys(['example_branch_labels']) retrieved from /home/airflow/.local/lib/python3.7/site-packages/airflow/example_dags/example_branch_labels.py
[2022-02-07 17:34:48,872] {logging_mixin.py:109} INFO - [2022-02-07 17:34:48,872] {dag.py:2396} INFO - Sync 1 DAGs
[2022-02-07 17:34:48,920] {logging_mixin.py:109} INFO - [2022-02-07 17:34:48,920] {dag.py:2935} INFO - Setting next_dagrun for example_branch_labels to 2022-02-06 00:00:00+00:00
[2022-02-07 17:34:48,941] {processor.py:171} INFO - Processing /home/airflow/.local/lib/python3.7/site-packages/airflow/example_dags/example_branch_labels.py took 0.157 seconds
[2022-02-07 17:35:19,580] {processor.py:163} INFO - Started process (PID=1545) to work on /home/airflow/.local/lib/python3.7/site-packages/airflow/example_dags/example_branch_labels.py
[2022-02-07 17:35:19,582] {processor.py:642} INFO - Processing file /home/airflow/.local/lib/python3.7/site-packages/airflow/example_dags/example_branch_labels.py for tasks to queue
[2022-02-07 17:35:19,585] {logging_mixin.py:109} INFO - [2022-02-07 17:35:19,584] {dagbag.py:500} INFO - Filling up the DagBag from /home/airflow/.local/lib/python3.7/site-packages/airflow/example_dags/example_branch_labels.py
[2022-02-07 17:35:19,685] {processor.py:654} INFO - DAG(s) dict_keys(['example_branch_labels']) retrieved from /home/airflow/.local/lib/python3.7/site-packages/airflow/example_dags/example_branch_labels.py
[2022-02-07 17:35:19,700] {logging_mixin.py:109} INFO - [2022-02-07 17:35:19,700] {dag.py:2396} INFO - Sync 1 DAGs
[2022-02-07 17:35:19,726] {logging_mixin.py:109} INFO - [2022-02-07 17:35:19,726] {dag.py:2935} INFO - Setting next_dagrun for example_branch_labels to 2022-02-06 00:00:00+00:00
[2022-02-07 17:35:19,743] {processor.py:171} INFO - Processing /home/airflow/.local/lib/python3.7/site-packages/airflow/example_dags/example_branch_labels.py took 0.172 seconds
[2022-02-07 17:35:50,604] {processor.py:163} INFO - Started process (PID=1608) to work on /home/airflow/.local/lib/python3.7/site-packages/airflow/example_dags/example_branch_labels.py
[2022-02-07 17:35:50,606] {processor.py:642} INFO - Processing file /home/airflow/.local/lib/python3.7/site-packages/airflow/example_dags/example_branch_labels.py for tasks to queue
[2022-02-07 17:35:50,608] {logging_mixin.py:109} INFO - [2022-02-07 17:35:50,608] {dagbag.py:500} INFO - Filling up the DagBag from /home/airflow/.local/lib/python3.7/site-packages/airflow/example_dags/example_branch_labels.py
[2022-02-07 17:35:50,656] {processor.py:654} INFO - DAG(s) dict_keys(['example_branch_labels']) retrieved from /home/airflow/.local/lib/python3.7/site-packages/airflow/example_dags/example_branch_labels.py
[2022-02-07 17:35:50,670] {logging_mixin.py:109} INFO - [2022-02-07 17:35:50,669] {dag.py:2396} INFO - Sync 1 DAGs
[2022-02-07 17:35:50,696] {logging_mixin.py:109} INFO - [2022-02-07 17:35:50,696] {dag.py:2935} INFO - Setting next_dagrun for example_branch_labels to 2022-02-06 00:00:00+00:00
[2022-02-07 17:35:50,712] {processor.py:171} INFO - Processing /home/airflow/.local/lib/python3.7/site-packages/airflow/example_dags/example_branch_labels.py took 0.112 seconds
[2022-02-07 17:36:21,587] {processor.py:163} INFO - Started process (PID=1661) to work on /home/airflow/.local/lib/python3.7/site-packages/airflow/example_dags/example_branch_labels.py
[2022-02-07 17:36:21,605] {processor.py:642} INFO - Processing file /home/airflow/.local/lib/python3.7/site-packages/airflow/example_dags/example_branch_labels.py for tasks to queue
[2022-02-07 17:36:21,610] {logging_mixin.py:109} INFO - [2022-02-07 17:36:21,610] {dagbag.py:500} INFO - Filling up the DagBag from /home/airflow/.local/lib/python3.7/site-packages/airflow/example_dags/example_branch_labels.py
[2022-02-07 17:36:21,730] {processor.py:654} INFO - DAG(s) dict_keys(['example_branch_labels']) retrieved from /home/airflow/.local/lib/python3.7/site-packages/airflow/example_dags/example_branch_labels.py
[2022-02-07 17:36:21,771] {logging_mixin.py:109} INFO - [2022-02-07 17:36:21,770] {dag.py:2396} INFO - Sync 1 DAGs
[2022-02-07 17:36:22,009] {logging_mixin.py:109} INFO - [2022-02-07 17:36:22,008] {dag.py:2935} INFO - Setting next_dagrun for example_branch_labels to 2022-02-06 00:00:00+00:00
[2022-02-07 17:36:22,058] {processor.py:171} INFO - Processing /home/airflow/.local/lib/python3.7/site-packages/airflow/example_dags/example_branch_labels.py took 0.505 seconds
[2022-02-07 17:36:52,891] {processor.py:163} INFO - Started process (PID=1715) to work on /home/airflow/.local/lib/python3.7/site-packages/airflow/example_dags/example_branch_labels.py
[2022-02-07 17:36:52,893] {processor.py:642} INFO - Processing file /home/airflow/.local/lib/python3.7/site-packages/airflow/example_dags/example_branch_labels.py for tasks to queue
[2022-02-07 17:36:52,896] {logging_mixin.py:109} INFO - [2022-02-07 17:36:52,896] {dagbag.py:500} INFO - Filling up the DagBag from /home/airflow/.local/lib/python3.7/site-packages/airflow/example_dags/example_branch_labels.py
[2022-02-07 17:36:52,956] {processor.py:654} INFO - DAG(s) dict_keys(['example_branch_labels']) retrieved from /home/airflow/.local/lib/python3.7/site-packages/airflow/example_dags/example_branch_labels.py
[2022-02-07 17:36:52,971] {logging_mixin.py:109} INFO - [2022-02-07 17:36:52,970] {dag.py:2396} INFO - Sync 1 DAGs
[2022-02-07 17:36:53,103] {logging_mixin.py:109} INFO - [2022-02-07 17:36:53,103] {dag.py:2935} INFO - Setting next_dagrun for example_branch_labels to 2022-02-06 00:00:00+00:00
[2022-02-07 17:36:53,116] {processor.py:171} INFO - Processing /home/airflow/.local/lib/python3.7/site-packages/airflow/example_dags/example_branch_labels.py took 0.231 seconds
[2022-02-07 17:37:23,765] {processor.py:163} INFO - Started process (PID=1767) to work on /home/airflow/.local/lib/python3.7/site-packages/airflow/example_dags/example_branch_labels.py
[2022-02-07 17:37:23,767] {processor.py:642} INFO - Processing file /home/airflow/.local/lib/python3.7/site-packages/airflow/example_dags/example_branch_labels.py for tasks to queue
[2022-02-07 17:37:23,769] {logging_mixin.py:109} INFO - [2022-02-07 17:37:23,769] {dagbag.py:500} INFO - Filling up the DagBag from /home/airflow/.local/lib/python3.7/site-packages/airflow/example_dags/example_branch_labels.py
[2022-02-07 17:37:23,817] {processor.py:654} INFO - DAG(s) dict_keys(['example_branch_labels']) retrieved from /home/airflow/.local/lib/python3.7/site-packages/airflow/example_dags/example_branch_labels.py
[2022-02-07 17:37:23,849] {logging_mixin.py:109} INFO - [2022-02-07 17:37:23,849] {dag.py:2396} INFO - Sync 1 DAGs
[2022-02-07 17:37:23,995] {logging_mixin.py:109} INFO - [2022-02-07 17:37:23,995] {dag.py:2935} INFO - Setting next_dagrun for example_branch_labels to 2022-02-06 00:00:00+00:00
[2022-02-07 17:37:24,012] {processor.py:171} INFO - Processing /home/airflow/.local/lib/python3.7/site-packages/airflow/example_dags/example_branch_labels.py took 0.251 seconds
[2022-02-07 17:37:54,090] {processor.py:163} INFO - Started process (PID=1821) to work on /home/airflow/.local/lib/python3.7/site-packages/airflow/example_dags/example_branch_labels.py
[2022-02-07 17:37:54,092] {processor.py:642} INFO - Processing file /home/airflow/.local/lib/python3.7/site-packages/airflow/example_dags/example_branch_labels.py for tasks to queue
[2022-02-07 17:37:54,094] {logging_mixin.py:109} INFO - [2022-02-07 17:37:54,094] {dagbag.py:500} INFO - Filling up the DagBag from /home/airflow/.local/lib/python3.7/site-packages/airflow/example_dags/example_branch_labels.py
[2022-02-07 17:37:54,141] {processor.py:654} INFO - DAG(s) dict_keys(['example_branch_labels']) retrieved from /home/airflow/.local/lib/python3.7/site-packages/airflow/example_dags/example_branch_labels.py
[2022-02-07 17:37:54,285] {logging_mixin.py:109} INFO - [2022-02-07 17:37:54,285] {dag.py:2396} INFO - Sync 1 DAGs
[2022-02-07 17:37:54,316] {logging_mixin.py:109} INFO - [2022-02-07 17:37:54,316] {dag.py:2935} INFO - Setting next_dagrun for example_branch_labels to 2022-02-06 00:00:00+00:00
[2022-02-07 17:37:54,336] {processor.py:171} INFO - Processing /home/airflow/.local/lib/python3.7/site-packages/airflow/example_dags/example_branch_labels.py took 0.253 seconds
[2022-02-07 17:38:24,460] {processor.py:163} INFO - Started process (PID=1874) to work on /home/airflow/.local/lib/python3.7/site-packages/airflow/example_dags/example_branch_labels.py
[2022-02-07 17:38:24,464] {processor.py:642} INFO - Processing file /home/airflow/.local/lib/python3.7/site-packages/airflow/example_dags/example_branch_labels.py for tasks to queue
[2022-02-07 17:38:24,470] {logging_mixin.py:109} INFO - [2022-02-07 17:38:24,469] {dagbag.py:500} INFO - Filling up the DagBag from /home/airflow/.local/lib/python3.7/site-packages/airflow/example_dags/example_branch_labels.py
[2022-02-07 17:38:24,659] {processor.py:654} INFO - DAG(s) dict_keys(['example_branch_labels']) retrieved from /home/airflow/.local/lib/python3.7/site-packages/airflow/example_dags/example_branch_labels.py
[2022-02-07 17:38:24,671] {logging_mixin.py:109} INFO - [2022-02-07 17:38:24,671] {dag.py:2396} INFO - Sync 1 DAGs
[2022-02-07 17:38:24,694] {logging_mixin.py:109} INFO - [2022-02-07 17:38:24,694] {dag.py:2935} INFO - Setting next_dagrun for example_branch_labels to 2022-02-06 00:00:00+00:00
[2022-02-07 17:38:24,710] {processor.py:171} INFO - Processing /home/airflow/.local/lib/python3.7/site-packages/airflow/example_dags/example_branch_labels.py took 0.261 seconds
[2022-02-07 17:38:54,829] {processor.py:163} INFO - Started process (PID=1938) to work on /home/airflow/.local/lib/python3.7/site-packages/airflow/example_dags/example_branch_labels.py
[2022-02-07 17:38:54,832] {processor.py:642} INFO - Processing file /home/airflow/.local/lib/python3.7/site-packages/airflow/example_dags/example_branch_labels.py for tasks to queue
[2022-02-07 17:38:54,836] {logging_mixin.py:109} INFO - [2022-02-07 17:38:54,835] {dagbag.py:500} INFO - Filling up the DagBag from /home/airflow/.local/lib/python3.7/site-packages/airflow/example_dags/example_branch_labels.py
[2022-02-07 17:38:54,993] {processor.py:654} INFO - DAG(s) dict_keys(['example_branch_labels']) retrieved from /home/airflow/.local/lib/python3.7/site-packages/airflow/example_dags/example_branch_labels.py
[2022-02-07 17:38:55,008] {logging_mixin.py:109} INFO - [2022-02-07 17:38:55,008] {dag.py:2396} INFO - Sync 1 DAGs
[2022-02-07 17:38:55,037] {logging_mixin.py:109} INFO - [2022-02-07 17:38:55,037] {dag.py:2935} INFO - Setting next_dagrun for example_branch_labels to 2022-02-06 00:00:00+00:00
[2022-02-07 17:38:55,060] {processor.py:171} INFO - Processing /home/airflow/.local/lib/python3.7/site-packages/airflow/example_dags/example_branch_labels.py took 0.235 seconds
