[2022-02-07 17:23:13,515] {processor.py:163} INFO - Started process (PID=129) to work on /home/airflow/.local/lib/python3.7/site-packages/airflow/example_dags/example_task_group_decorator.py
[2022-02-07 17:23:13,518] {processor.py:642} INFO - Processing file /home/airflow/.local/lib/python3.7/site-packages/airflow/example_dags/example_task_group_decorator.py for tasks to queue
[2022-02-07 17:23:13,521] {logging_mixin.py:109} INFO - [2022-02-07 17:23:13,520] {dagbag.py:500} INFO - Filling up the DagBag from /home/airflow/.local/lib/python3.7/site-packages/airflow/example_dags/example_task_group_decorator.py
[2022-02-07 17:23:13,601] {processor.py:654} INFO - DAG(s) dict_keys(['example_task_group_decorator']) retrieved from /home/airflow/.local/lib/python3.7/site-packages/airflow/example_dags/example_task_group_decorator.py
[2022-02-07 17:23:16,495] {logging_mixin.py:109} INFO - [2022-02-07 17:23:16,495] {manager.py:496} INFO - Created Permission View: can read on DAG:example_task_group_decorator
[2022-02-07 17:23:16,519] {logging_mixin.py:109} INFO - [2022-02-07 17:23:16,519] {manager.py:496} INFO - Created Permission View: can edit on DAG:example_task_group_decorator
[2022-02-07 17:23:16,523] {logging_mixin.py:109} INFO - [2022-02-07 17:23:16,523] {dag.py:2396} INFO - Sync 1 DAGs
[2022-02-07 17:23:16,540] {logging_mixin.py:109} INFO - [2022-02-07 17:23:16,540] {dag.py:2415} INFO - Creating ORM DAG for example_task_group_decorator
[2022-02-07 17:23:16,560] {logging_mixin.py:109} INFO - [2022-02-07 17:23:16,560] {dag.py:2935} INFO - Setting next_dagrun for example_task_group_decorator to 2022-02-06T17:23:16.560047+00:00
[2022-02-07 17:23:16,584] {processor.py:171} INFO - Processing /home/airflow/.local/lib/python3.7/site-packages/airflow/example_dags/example_task_group_decorator.py took 3.076 seconds
[2022-02-07 17:23:46,661] {processor.py:163} INFO - Started process (PID=254) to work on /home/airflow/.local/lib/python3.7/site-packages/airflow/example_dags/example_task_group_decorator.py
[2022-02-07 17:23:46,663] {processor.py:642} INFO - Processing file /home/airflow/.local/lib/python3.7/site-packages/airflow/example_dags/example_task_group_decorator.py for tasks to queue
[2022-02-07 17:23:46,666] {logging_mixin.py:109} INFO - [2022-02-07 17:23:46,666] {dagbag.py:500} INFO - Filling up the DagBag from /home/airflow/.local/lib/python3.7/site-packages/airflow/example_dags/example_task_group_decorator.py
[2022-02-07 17:23:46,737] {processor.py:654} INFO - DAG(s) dict_keys(['example_task_group_decorator']) retrieved from /home/airflow/.local/lib/python3.7/site-packages/airflow/example_dags/example_task_group_decorator.py
[2022-02-07 17:23:47,128] {logging_mixin.py:109} INFO - [2022-02-07 17:23:47,128] {dag.py:2396} INFO - Sync 1 DAGs
[2022-02-07 17:23:47,145] {logging_mixin.py:109} INFO - [2022-02-07 17:23:47,145] {dag.py:2935} INFO - Setting next_dagrun for example_task_group_decorator to 2022-02-06T17:23:47.144889+00:00
[2022-02-07 17:23:47,161] {processor.py:171} INFO - Processing /home/airflow/.local/lib/python3.7/site-packages/airflow/example_dags/example_task_group_decorator.py took 0.506 seconds
[2022-02-07 17:24:18,067] {processor.py:163} INFO - Started process (PID=306) to work on /home/airflow/.local/lib/python3.7/site-packages/airflow/example_dags/example_task_group_decorator.py
[2022-02-07 17:24:18,071] {processor.py:642} INFO - Processing file /home/airflow/.local/lib/python3.7/site-packages/airflow/example_dags/example_task_group_decorator.py for tasks to queue
[2022-02-07 17:24:18,075] {logging_mixin.py:109} INFO - [2022-02-07 17:24:18,075] {dagbag.py:500} INFO - Filling up the DagBag from /home/airflow/.local/lib/python3.7/site-packages/airflow/example_dags/example_task_group_decorator.py
[2022-02-07 17:24:18,143] {processor.py:654} INFO - DAG(s) dict_keys(['example_task_group_decorator']) retrieved from /home/airflow/.local/lib/python3.7/site-packages/airflow/example_dags/example_task_group_decorator.py
[2022-02-07 17:24:18,520] {logging_mixin.py:109} INFO - [2022-02-07 17:24:18,520] {dag.py:2396} INFO - Sync 1 DAGs
[2022-02-07 17:24:18,538] {logging_mixin.py:109} INFO - [2022-02-07 17:24:18,537] {dag.py:2935} INFO - Setting next_dagrun for example_task_group_decorator to 2022-02-06T17:24:18.537601+00:00
[2022-02-07 17:24:18,556] {processor.py:171} INFO - Processing /home/airflow/.local/lib/python3.7/site-packages/airflow/example_dags/example_task_group_decorator.py took 0.512 seconds
[2022-02-07 17:24:48,629] {processor.py:163} INFO - Started process (PID=357) to work on /home/airflow/.local/lib/python3.7/site-packages/airflow/example_dags/example_task_group_decorator.py
[2022-02-07 17:24:48,632] {processor.py:642} INFO - Processing file /home/airflow/.local/lib/python3.7/site-packages/airflow/example_dags/example_task_group_decorator.py for tasks to queue
[2022-02-07 17:24:48,634] {logging_mixin.py:109} INFO - [2022-02-07 17:24:48,634] {dagbag.py:500} INFO - Filling up the DagBag from /home/airflow/.local/lib/python3.7/site-packages/airflow/example_dags/example_task_group_decorator.py
[2022-02-07 17:24:48,695] {processor.py:654} INFO - DAG(s) dict_keys(['example_task_group_decorator']) retrieved from /home/airflow/.local/lib/python3.7/site-packages/airflow/example_dags/example_task_group_decorator.py
[2022-02-07 17:24:49,044] {logging_mixin.py:109} INFO - [2022-02-07 17:24:49,044] {dag.py:2396} INFO - Sync 1 DAGs
[2022-02-07 17:24:49,064] {logging_mixin.py:109} INFO - [2022-02-07 17:24:49,064] {dag.py:2935} INFO - Setting next_dagrun for example_task_group_decorator to 2022-02-06T17:24:49.064582+00:00
[2022-02-07 17:24:49,084] {processor.py:171} INFO - Processing /home/airflow/.local/lib/python3.7/site-packages/airflow/example_dags/example_task_group_decorator.py took 0.462 seconds
[2022-02-07 17:25:19,236] {processor.py:163} INFO - Started process (PID=409) to work on /home/airflow/.local/lib/python3.7/site-packages/airflow/example_dags/example_task_group_decorator.py
[2022-02-07 17:25:19,238] {processor.py:642} INFO - Processing file /home/airflow/.local/lib/python3.7/site-packages/airflow/example_dags/example_task_group_decorator.py for tasks to queue
[2022-02-07 17:25:19,240] {logging_mixin.py:109} INFO - [2022-02-07 17:25:19,240] {dagbag.py:500} INFO - Filling up the DagBag from /home/airflow/.local/lib/python3.7/site-packages/airflow/example_dags/example_task_group_decorator.py
[2022-02-07 17:25:19,302] {processor.py:654} INFO - DAG(s) dict_keys(['example_task_group_decorator']) retrieved from /home/airflow/.local/lib/python3.7/site-packages/airflow/example_dags/example_task_group_decorator.py
[2022-02-07 17:25:19,679] {logging_mixin.py:109} INFO - [2022-02-07 17:25:19,678] {dag.py:2396} INFO - Sync 1 DAGs
[2022-02-07 17:25:19,700] {logging_mixin.py:109} INFO - [2022-02-07 17:25:19,700] {dag.py:2935} INFO - Setting next_dagrun for example_task_group_decorator to 2022-02-06T17:25:19.699951+00:00
[2022-02-07 17:25:19,731] {processor.py:171} INFO - Processing /home/airflow/.local/lib/python3.7/site-packages/airflow/example_dags/example_task_group_decorator.py took 0.502 seconds
[2022-02-07 17:25:49,973] {processor.py:163} INFO - Started process (PID=472) to work on /home/airflow/.local/lib/python3.7/site-packages/airflow/example_dags/example_task_group_decorator.py
[2022-02-07 17:25:49,976] {processor.py:642} INFO - Processing file /home/airflow/.local/lib/python3.7/site-packages/airflow/example_dags/example_task_group_decorator.py for tasks to queue
[2022-02-07 17:25:49,979] {logging_mixin.py:109} INFO - [2022-02-07 17:25:49,979] {dagbag.py:500} INFO - Filling up the DagBag from /home/airflow/.local/lib/python3.7/site-packages/airflow/example_dags/example_task_group_decorator.py
[2022-02-07 17:25:50,067] {processor.py:654} INFO - DAG(s) dict_keys(['example_task_group_decorator']) retrieved from /home/airflow/.local/lib/python3.7/site-packages/airflow/example_dags/example_task_group_decorator.py
[2022-02-07 17:25:50,555] {logging_mixin.py:109} INFO - [2022-02-07 17:25:50,555] {dag.py:2396} INFO - Sync 1 DAGs
[2022-02-07 17:25:50,581] {logging_mixin.py:109} INFO - [2022-02-07 17:25:50,580] {dag.py:2935} INFO - Setting next_dagrun for example_task_group_decorator to 2022-02-06T17:25:50.580700+00:00
[2022-02-07 17:25:50,603] {processor.py:171} INFO - Processing /home/airflow/.local/lib/python3.7/site-packages/airflow/example_dags/example_task_group_decorator.py took 0.634 seconds
[2022-02-07 17:26:21,074] {processor.py:163} INFO - Started process (PID=523) to work on /home/airflow/.local/lib/python3.7/site-packages/airflow/example_dags/example_task_group_decorator.py
[2022-02-07 17:26:21,081] {processor.py:642} INFO - Processing file /home/airflow/.local/lib/python3.7/site-packages/airflow/example_dags/example_task_group_decorator.py for tasks to queue
[2022-02-07 17:26:21,088] {logging_mixin.py:109} INFO - [2022-02-07 17:26:21,087] {dagbag.py:500} INFO - Filling up the DagBag from /home/airflow/.local/lib/python3.7/site-packages/airflow/example_dags/example_task_group_decorator.py
[2022-02-07 17:26:21,174] {processor.py:654} INFO - DAG(s) dict_keys(['example_task_group_decorator']) retrieved from /home/airflow/.local/lib/python3.7/site-packages/airflow/example_dags/example_task_group_decorator.py
[2022-02-07 17:26:21,571] {logging_mixin.py:109} INFO - [2022-02-07 17:26:21,571] {dag.py:2396} INFO - Sync 1 DAGs
[2022-02-07 17:26:21,590] {logging_mixin.py:109} INFO - [2022-02-07 17:26:21,590] {dag.py:2935} INFO - Setting next_dagrun for example_task_group_decorator to 2022-02-06T17:26:21.590174+00:00
[2022-02-07 17:26:21,606] {processor.py:171} INFO - Processing /home/airflow/.local/lib/python3.7/site-packages/airflow/example_dags/example_task_group_decorator.py took 0.546 seconds
[2022-02-07 17:26:52,015] {processor.py:163} INFO - Started process (PID=574) to work on /home/airflow/.local/lib/python3.7/site-packages/airflow/example_dags/example_task_group_decorator.py
[2022-02-07 17:26:52,018] {processor.py:642} INFO - Processing file /home/airflow/.local/lib/python3.7/site-packages/airflow/example_dags/example_task_group_decorator.py for tasks to queue
[2022-02-07 17:26:52,020] {logging_mixin.py:109} INFO - [2022-02-07 17:26:52,020] {dagbag.py:500} INFO - Filling up the DagBag from /home/airflow/.local/lib/python3.7/site-packages/airflow/example_dags/example_task_group_decorator.py
[2022-02-07 17:26:52,125] {processor.py:654} INFO - DAG(s) dict_keys(['example_task_group_decorator']) retrieved from /home/airflow/.local/lib/python3.7/site-packages/airflow/example_dags/example_task_group_decorator.py
[2022-02-07 17:26:52,519] {logging_mixin.py:109} INFO - [2022-02-07 17:26:52,518] {dag.py:2396} INFO - Sync 1 DAGs
[2022-02-07 17:26:52,539] {logging_mixin.py:109} INFO - [2022-02-07 17:26:52,539] {dag.py:2935} INFO - Setting next_dagrun for example_task_group_decorator to 2022-02-06T17:26:52.539122+00:00
[2022-02-07 17:26:52,573] {processor.py:171} INFO - Processing /home/airflow/.local/lib/python3.7/site-packages/airflow/example_dags/example_task_group_decorator.py took 0.564 seconds
[2022-02-07 17:27:23,498] {processor.py:163} INFO - Started process (PID=638) to work on /home/airflow/.local/lib/python3.7/site-packages/airflow/example_dags/example_task_group_decorator.py
[2022-02-07 17:27:23,500] {processor.py:642} INFO - Processing file /home/airflow/.local/lib/python3.7/site-packages/airflow/example_dags/example_task_group_decorator.py for tasks to queue
[2022-02-07 17:27:23,502] {logging_mixin.py:109} INFO - [2022-02-07 17:27:23,502] {dagbag.py:500} INFO - Filling up the DagBag from /home/airflow/.local/lib/python3.7/site-packages/airflow/example_dags/example_task_group_decorator.py
[2022-02-07 17:27:23,563] {processor.py:654} INFO - DAG(s) dict_keys(['example_task_group_decorator']) retrieved from /home/airflow/.local/lib/python3.7/site-packages/airflow/example_dags/example_task_group_decorator.py
[2022-02-07 17:27:23,935] {logging_mixin.py:109} INFO - [2022-02-07 17:27:23,934] {dag.py:2396} INFO - Sync 1 DAGs
[2022-02-07 17:27:23,954] {logging_mixin.py:109} INFO - [2022-02-07 17:27:23,954] {dag.py:2935} INFO - Setting next_dagrun for example_task_group_decorator to 2022-02-06T17:27:23.953737+00:00
[2022-02-07 17:27:23,971] {processor.py:171} INFO - Processing /home/airflow/.local/lib/python3.7/site-packages/airflow/example_dags/example_task_group_decorator.py took 0.478 seconds
[2022-02-07 17:27:54,484] {processor.py:163} INFO - Started process (PID=693) to work on /home/airflow/.local/lib/python3.7/site-packages/airflow/example_dags/example_task_group_decorator.py
[2022-02-07 17:27:54,487] {processor.py:642} INFO - Processing file /home/airflow/.local/lib/python3.7/site-packages/airflow/example_dags/example_task_group_decorator.py for tasks to queue
[2022-02-07 17:27:54,492] {logging_mixin.py:109} INFO - [2022-02-07 17:27:54,491] {dagbag.py:500} INFO - Filling up the DagBag from /home/airflow/.local/lib/python3.7/site-packages/airflow/example_dags/example_task_group_decorator.py
[2022-02-07 17:27:54,589] {processor.py:654} INFO - DAG(s) dict_keys(['example_task_group_decorator']) retrieved from /home/airflow/.local/lib/python3.7/site-packages/airflow/example_dags/example_task_group_decorator.py
[2022-02-07 17:27:54,996] {logging_mixin.py:109} INFO - [2022-02-07 17:27:54,996] {dag.py:2396} INFO - Sync 1 DAGs
[2022-02-07 17:27:55,015] {logging_mixin.py:109} INFO - [2022-02-07 17:27:55,015] {dag.py:2935} INFO - Setting next_dagrun for example_task_group_decorator to 2022-02-06T17:27:55.015146+00:00
[2022-02-07 17:27:55,030] {processor.py:171} INFO - Processing /home/airflow/.local/lib/python3.7/site-packages/airflow/example_dags/example_task_group_decorator.py took 0.552 seconds
[2022-02-07 17:28:25,150] {processor.py:163} INFO - Started process (PID=748) to work on /home/airflow/.local/lib/python3.7/site-packages/airflow/example_dags/example_task_group_decorator.py
[2022-02-07 17:28:25,152] {processor.py:642} INFO - Processing file /home/airflow/.local/lib/python3.7/site-packages/airflow/example_dags/example_task_group_decorator.py for tasks to queue
[2022-02-07 17:28:25,154] {logging_mixin.py:109} INFO - [2022-02-07 17:28:25,154] {dagbag.py:500} INFO - Filling up the DagBag from /home/airflow/.local/lib/python3.7/site-packages/airflow/example_dags/example_task_group_decorator.py
[2022-02-07 17:28:25,210] {processor.py:654} INFO - DAG(s) dict_keys(['example_task_group_decorator']) retrieved from /home/airflow/.local/lib/python3.7/site-packages/airflow/example_dags/example_task_group_decorator.py
[2022-02-07 17:28:25,550] {logging_mixin.py:109} INFO - [2022-02-07 17:28:25,550] {dag.py:2396} INFO - Sync 1 DAGs
[2022-02-07 17:28:25,570] {logging_mixin.py:109} INFO - [2022-02-07 17:28:25,570] {dag.py:2935} INFO - Setting next_dagrun for example_task_group_decorator to 2022-02-06T17:28:25.569895+00:00
[2022-02-07 17:28:25,591] {processor.py:171} INFO - Processing /home/airflow/.local/lib/python3.7/site-packages/airflow/example_dags/example_task_group_decorator.py took 0.445 seconds
[2022-02-07 17:28:56,036] {processor.py:163} INFO - Started process (PID=803) to work on /home/airflow/.local/lib/python3.7/site-packages/airflow/example_dags/example_task_group_decorator.py
[2022-02-07 17:28:56,038] {processor.py:642} INFO - Processing file /home/airflow/.local/lib/python3.7/site-packages/airflow/example_dags/example_task_group_decorator.py for tasks to queue
[2022-02-07 17:28:56,040] {logging_mixin.py:109} INFO - [2022-02-07 17:28:56,040] {dagbag.py:500} INFO - Filling up the DagBag from /home/airflow/.local/lib/python3.7/site-packages/airflow/example_dags/example_task_group_decorator.py
[2022-02-07 17:28:56,106] {processor.py:654} INFO - DAG(s) dict_keys(['example_task_group_decorator']) retrieved from /home/airflow/.local/lib/python3.7/site-packages/airflow/example_dags/example_task_group_decorator.py
[2022-02-07 17:28:56,519] {logging_mixin.py:109} INFO - [2022-02-07 17:28:56,518] {dag.py:2396} INFO - Sync 1 DAGs
[2022-02-07 17:28:56,542] {logging_mixin.py:109} INFO - [2022-02-07 17:28:56,542] {dag.py:2935} INFO - Setting next_dagrun for example_task_group_decorator to 2022-02-06T17:28:56.541692+00:00
[2022-02-07 17:28:56,558] {processor.py:171} INFO - Processing /home/airflow/.local/lib/python3.7/site-packages/airflow/example_dags/example_task_group_decorator.py took 0.527 seconds
[2022-02-07 17:29:26,817] {processor.py:163} INFO - Started process (PID=865) to work on /home/airflow/.local/lib/python3.7/site-packages/airflow/example_dags/example_task_group_decorator.py
[2022-02-07 17:29:26,820] {processor.py:642} INFO - Processing file /home/airflow/.local/lib/python3.7/site-packages/airflow/example_dags/example_task_group_decorator.py for tasks to queue
[2022-02-07 17:29:26,822] {logging_mixin.py:109} INFO - [2022-02-07 17:29:26,822] {dagbag.py:500} INFO - Filling up the DagBag from /home/airflow/.local/lib/python3.7/site-packages/airflow/example_dags/example_task_group_decorator.py
[2022-02-07 17:29:26,891] {processor.py:654} INFO - DAG(s) dict_keys(['example_task_group_decorator']) retrieved from /home/airflow/.local/lib/python3.7/site-packages/airflow/example_dags/example_task_group_decorator.py
[2022-02-07 17:29:27,226] {logging_mixin.py:109} INFO - [2022-02-07 17:29:27,226] {dag.py:2396} INFO - Sync 1 DAGs
[2022-02-07 17:29:27,246] {logging_mixin.py:109} INFO - [2022-02-07 17:29:27,246] {dag.py:2935} INFO - Setting next_dagrun for example_task_group_decorator to 2022-02-06T17:29:27.246392+00:00
[2022-02-07 17:29:27,268] {processor.py:171} INFO - Processing /home/airflow/.local/lib/python3.7/site-packages/airflow/example_dags/example_task_group_decorator.py took 0.455 seconds
[2022-02-07 17:29:57,324] {processor.py:163} INFO - Started process (PID=924) to work on /home/airflow/.local/lib/python3.7/site-packages/airflow/example_dags/example_task_group_decorator.py
[2022-02-07 17:29:57,330] {processor.py:642} INFO - Processing file /home/airflow/.local/lib/python3.7/site-packages/airflow/example_dags/example_task_group_decorator.py for tasks to queue
[2022-02-07 17:29:57,333] {logging_mixin.py:109} INFO - [2022-02-07 17:29:57,333] {dagbag.py:500} INFO - Filling up the DagBag from /home/airflow/.local/lib/python3.7/site-packages/airflow/example_dags/example_task_group_decorator.py
[2022-02-07 17:29:57,417] {processor.py:654} INFO - DAG(s) dict_keys(['example_task_group_decorator']) retrieved from /home/airflow/.local/lib/python3.7/site-packages/airflow/example_dags/example_task_group_decorator.py
[2022-02-07 17:29:57,756] {logging_mixin.py:109} INFO - [2022-02-07 17:29:57,756] {dag.py:2396} INFO - Sync 1 DAGs
[2022-02-07 17:29:57,782] {logging_mixin.py:109} INFO - [2022-02-07 17:29:57,782] {dag.py:2935} INFO - Setting next_dagrun for example_task_group_decorator to 2022-02-06T17:29:57.781674+00:00
[2022-02-07 17:29:57,806] {processor.py:171} INFO - Processing /home/airflow/.local/lib/python3.7/site-packages/airflow/example_dags/example_task_group_decorator.py took 0.492 seconds
[2022-02-07 17:30:28,124] {processor.py:163} INFO - Started process (PID=982) to work on /home/airflow/.local/lib/python3.7/site-packages/airflow/example_dags/example_task_group_decorator.py
[2022-02-07 17:30:28,129] {processor.py:642} INFO - Processing file /home/airflow/.local/lib/python3.7/site-packages/airflow/example_dags/example_task_group_decorator.py for tasks to queue
[2022-02-07 17:30:28,133] {logging_mixin.py:109} INFO - [2022-02-07 17:30:28,132] {dagbag.py:500} INFO - Filling up the DagBag from /home/airflow/.local/lib/python3.7/site-packages/airflow/example_dags/example_task_group_decorator.py
[2022-02-07 17:30:28,253] {processor.py:654} INFO - DAG(s) dict_keys(['example_task_group_decorator']) retrieved from /home/airflow/.local/lib/python3.7/site-packages/airflow/example_dags/example_task_group_decorator.py
[2022-02-07 17:30:28,752] {logging_mixin.py:109} INFO - [2022-02-07 17:30:28,752] {dag.py:2396} INFO - Sync 1 DAGs
[2022-02-07 17:30:28,783] {logging_mixin.py:109} INFO - [2022-02-07 17:30:28,783] {dag.py:2935} INFO - Setting next_dagrun for example_task_group_decorator to 2022-02-06T17:30:28.783237+00:00
[2022-02-07 17:30:28,804] {processor.py:171} INFO - Processing /home/airflow/.local/lib/python3.7/site-packages/airflow/example_dags/example_task_group_decorator.py took 0.685 seconds
[2022-02-07 17:30:59,061] {processor.py:163} INFO - Started process (PID=1048) to work on /home/airflow/.local/lib/python3.7/site-packages/airflow/example_dags/example_task_group_decorator.py
[2022-02-07 17:30:59,065] {processor.py:642} INFO - Processing file /home/airflow/.local/lib/python3.7/site-packages/airflow/example_dags/example_task_group_decorator.py for tasks to queue
[2022-02-07 17:30:59,067] {logging_mixin.py:109} INFO - [2022-02-07 17:30:59,067] {dagbag.py:500} INFO - Filling up the DagBag from /home/airflow/.local/lib/python3.7/site-packages/airflow/example_dags/example_task_group_decorator.py
[2022-02-07 17:30:59,227] {processor.py:654} INFO - DAG(s) dict_keys(['example_task_group_decorator']) retrieved from /home/airflow/.local/lib/python3.7/site-packages/airflow/example_dags/example_task_group_decorator.py
[2022-02-07 17:30:59,733] {logging_mixin.py:109} INFO - [2022-02-07 17:30:59,733] {dag.py:2396} INFO - Sync 1 DAGs
[2022-02-07 17:30:59,758] {logging_mixin.py:109} INFO - [2022-02-07 17:30:59,758] {dag.py:2935} INFO - Setting next_dagrun for example_task_group_decorator to 2022-02-06T17:30:59.757979+00:00
[2022-02-07 17:30:59,782] {processor.py:171} INFO - Processing /home/airflow/.local/lib/python3.7/site-packages/airflow/example_dags/example_task_group_decorator.py took 0.730 seconds
[2022-02-07 17:31:30,470] {processor.py:163} INFO - Started process (PID=1103) to work on /home/airflow/.local/lib/python3.7/site-packages/airflow/example_dags/example_task_group_decorator.py
[2022-02-07 17:31:30,473] {processor.py:642} INFO - Processing file /home/airflow/.local/lib/python3.7/site-packages/airflow/example_dags/example_task_group_decorator.py for tasks to queue
[2022-02-07 17:31:30,475] {logging_mixin.py:109} INFO - [2022-02-07 17:31:30,475] {dagbag.py:500} INFO - Filling up the DagBag from /home/airflow/.local/lib/python3.7/site-packages/airflow/example_dags/example_task_group_decorator.py
[2022-02-07 17:31:30,537] {processor.py:654} INFO - DAG(s) dict_keys(['example_task_group_decorator']) retrieved from /home/airflow/.local/lib/python3.7/site-packages/airflow/example_dags/example_task_group_decorator.py
[2022-02-07 17:31:30,885] {logging_mixin.py:109} INFO - [2022-02-07 17:31:30,885] {dag.py:2396} INFO - Sync 1 DAGs
[2022-02-07 17:31:30,905] {logging_mixin.py:109} INFO - [2022-02-07 17:31:30,905] {dag.py:2935} INFO - Setting next_dagrun for example_task_group_decorator to 2022-02-06T17:31:30.905195+00:00
[2022-02-07 17:31:30,923] {processor.py:171} INFO - Processing /home/airflow/.local/lib/python3.7/site-packages/airflow/example_dags/example_task_group_decorator.py took 0.461 seconds
[2022-02-07 17:32:01,670] {processor.py:163} INFO - Started process (PID=1167) to work on /home/airflow/.local/lib/python3.7/site-packages/airflow/example_dags/example_task_group_decorator.py
[2022-02-07 17:32:01,672] {processor.py:642} INFO - Processing file /home/airflow/.local/lib/python3.7/site-packages/airflow/example_dags/example_task_group_decorator.py for tasks to queue
[2022-02-07 17:32:01,674] {logging_mixin.py:109} INFO - [2022-02-07 17:32:01,674] {dagbag.py:500} INFO - Filling up the DagBag from /home/airflow/.local/lib/python3.7/site-packages/airflow/example_dags/example_task_group_decorator.py
[2022-02-07 17:32:01,733] {processor.py:654} INFO - DAG(s) dict_keys(['example_task_group_decorator']) retrieved from /home/airflow/.local/lib/python3.7/site-packages/airflow/example_dags/example_task_group_decorator.py
[2022-02-07 17:32:02,070] {logging_mixin.py:109} INFO - [2022-02-07 17:32:02,070] {dag.py:2396} INFO - Sync 1 DAGs
[2022-02-07 17:32:02,091] {logging_mixin.py:109} INFO - [2022-02-07 17:32:02,091] {dag.py:2935} INFO - Setting next_dagrun for example_task_group_decorator to 2022-02-06T17:32:02.090910+00:00
[2022-02-07 17:32:02,113] {processor.py:171} INFO - Processing /home/airflow/.local/lib/python3.7/site-packages/airflow/example_dags/example_task_group_decorator.py took 0.448 seconds
[2022-02-07 17:32:32,244] {processor.py:163} INFO - Started process (PID=1230) to work on /home/airflow/.local/lib/python3.7/site-packages/airflow/example_dags/example_task_group_decorator.py
[2022-02-07 17:32:32,247] {processor.py:642} INFO - Processing file /home/airflow/.local/lib/python3.7/site-packages/airflow/example_dags/example_task_group_decorator.py for tasks to queue
[2022-02-07 17:32:32,250] {logging_mixin.py:109} INFO - [2022-02-07 17:32:32,250] {dagbag.py:500} INFO - Filling up the DagBag from /home/airflow/.local/lib/python3.7/site-packages/airflow/example_dags/example_task_group_decorator.py
[2022-02-07 17:32:32,324] {processor.py:654} INFO - DAG(s) dict_keys(['example_task_group_decorator']) retrieved from /home/airflow/.local/lib/python3.7/site-packages/airflow/example_dags/example_task_group_decorator.py
[2022-02-07 17:32:32,782] {logging_mixin.py:109} INFO - [2022-02-07 17:32:32,782] {dag.py:2396} INFO - Sync 1 DAGs
[2022-02-07 17:32:32,807] {logging_mixin.py:109} INFO - [2022-02-07 17:32:32,807] {dag.py:2935} INFO - Setting next_dagrun for example_task_group_decorator to 2022-02-06T17:32:32.807035+00:00
[2022-02-07 17:32:32,831] {processor.py:171} INFO - Processing /home/airflow/.local/lib/python3.7/site-packages/airflow/example_dags/example_task_group_decorator.py took 0.592 seconds
[2022-02-07 17:33:03,356] {processor.py:163} INFO - Started process (PID=1298) to work on /home/airflow/.local/lib/python3.7/site-packages/airflow/example_dags/example_task_group_decorator.py
[2022-02-07 17:33:03,359] {processor.py:642} INFO - Processing file /home/airflow/.local/lib/python3.7/site-packages/airflow/example_dags/example_task_group_decorator.py for tasks to queue
[2022-02-07 17:33:03,361] {logging_mixin.py:109} INFO - [2022-02-07 17:33:03,361] {dagbag.py:500} INFO - Filling up the DagBag from /home/airflow/.local/lib/python3.7/site-packages/airflow/example_dags/example_task_group_decorator.py
[2022-02-07 17:33:03,467] {processor.py:654} INFO - DAG(s) dict_keys(['example_task_group_decorator']) retrieved from /home/airflow/.local/lib/python3.7/site-packages/airflow/example_dags/example_task_group_decorator.py
[2022-02-07 17:33:03,853] {logging_mixin.py:109} INFO - [2022-02-07 17:33:03,853] {dag.py:2396} INFO - Sync 1 DAGs
[2022-02-07 17:33:03,873] {logging_mixin.py:109} INFO - [2022-02-07 17:33:03,873] {dag.py:2935} INFO - Setting next_dagrun for example_task_group_decorator to 2022-02-06T17:33:03.872936+00:00
[2022-02-07 17:33:03,893] {processor.py:171} INFO - Processing /home/airflow/.local/lib/python3.7/site-packages/airflow/example_dags/example_task_group_decorator.py took 0.541 seconds
[2022-02-07 17:33:34,164] {processor.py:163} INFO - Started process (PID=1353) to work on /home/airflow/.local/lib/python3.7/site-packages/airflow/example_dags/example_task_group_decorator.py
[2022-02-07 17:33:34,166] {processor.py:642} INFO - Processing file /home/airflow/.local/lib/python3.7/site-packages/airflow/example_dags/example_task_group_decorator.py for tasks to queue
[2022-02-07 17:33:34,168] {logging_mixin.py:109} INFO - [2022-02-07 17:33:34,168] {dagbag.py:500} INFO - Filling up the DagBag from /home/airflow/.local/lib/python3.7/site-packages/airflow/example_dags/example_task_group_decorator.py
[2022-02-07 17:33:34,303] {processor.py:654} INFO - DAG(s) dict_keys(['example_task_group_decorator']) retrieved from /home/airflow/.local/lib/python3.7/site-packages/airflow/example_dags/example_task_group_decorator.py
[2022-02-07 17:33:34,835] {logging_mixin.py:109} INFO - [2022-02-07 17:33:34,834] {dag.py:2396} INFO - Sync 1 DAGs
[2022-02-07 17:33:34,863] {logging_mixin.py:109} INFO - [2022-02-07 17:33:34,863] {dag.py:2935} INFO - Setting next_dagrun for example_task_group_decorator to 2022-02-06T17:33:34.862584+00:00
[2022-02-07 17:33:34,890] {processor.py:171} INFO - Processing /home/airflow/.local/lib/python3.7/site-packages/airflow/example_dags/example_task_group_decorator.py took 0.731 seconds
[2022-02-07 17:34:05,494] {processor.py:163} INFO - Started process (PID=1410) to work on /home/airflow/.local/lib/python3.7/site-packages/airflow/example_dags/example_task_group_decorator.py
[2022-02-07 17:34:05,500] {processor.py:642} INFO - Processing file /home/airflow/.local/lib/python3.7/site-packages/airflow/example_dags/example_task_group_decorator.py for tasks to queue
[2022-02-07 17:34:05,503] {logging_mixin.py:109} INFO - [2022-02-07 17:34:05,503] {dagbag.py:500} INFO - Filling up the DagBag from /home/airflow/.local/lib/python3.7/site-packages/airflow/example_dags/example_task_group_decorator.py
[2022-02-07 17:34:05,689] {processor.py:654} INFO - DAG(s) dict_keys(['example_task_group_decorator']) retrieved from /home/airflow/.local/lib/python3.7/site-packages/airflow/example_dags/example_task_group_decorator.py
[2022-02-07 17:34:06,266] {logging_mixin.py:109} INFO - [2022-02-07 17:34:06,266] {dag.py:2396} INFO - Sync 1 DAGs
[2022-02-07 17:34:06,307] {logging_mixin.py:109} INFO - [2022-02-07 17:34:06,307] {dag.py:2935} INFO - Setting next_dagrun for example_task_group_decorator to 2022-02-06T17:34:06.306279+00:00
[2022-02-07 17:34:06,340] {processor.py:171} INFO - Processing /home/airflow/.local/lib/python3.7/site-packages/airflow/example_dags/example_task_group_decorator.py took 0.889 seconds
[2022-02-07 17:34:36,751] {processor.py:163} INFO - Started process (PID=1467) to work on /home/airflow/.local/lib/python3.7/site-packages/airflow/example_dags/example_task_group_decorator.py
[2022-02-07 17:34:36,759] {processor.py:642} INFO - Processing file /home/airflow/.local/lib/python3.7/site-packages/airflow/example_dags/example_task_group_decorator.py for tasks to queue
[2022-02-07 17:34:36,762] {logging_mixin.py:109} INFO - [2022-02-07 17:34:36,762] {dagbag.py:500} INFO - Filling up the DagBag from /home/airflow/.local/lib/python3.7/site-packages/airflow/example_dags/example_task_group_decorator.py
[2022-02-07 17:34:37,013] {processor.py:654} INFO - DAG(s) dict_keys(['example_task_group_decorator']) retrieved from /home/airflow/.local/lib/python3.7/site-packages/airflow/example_dags/example_task_group_decorator.py
[2022-02-07 17:34:37,594] {logging_mixin.py:109} INFO - [2022-02-07 17:34:37,593] {dag.py:2396} INFO - Sync 1 DAGs
[2022-02-07 17:34:37,623] {logging_mixin.py:109} INFO - [2022-02-07 17:34:37,623] {dag.py:2935} INFO - Setting next_dagrun for example_task_group_decorator to 2022-02-06T17:34:37.622958+00:00
[2022-02-07 17:34:37,644] {processor.py:171} INFO - Processing /home/airflow/.local/lib/python3.7/site-packages/airflow/example_dags/example_task_group_decorator.py took 0.922 seconds
[2022-02-07 17:35:07,877] {processor.py:163} INFO - Started process (PID=1532) to work on /home/airflow/.local/lib/python3.7/site-packages/airflow/example_dags/example_task_group_decorator.py
[2022-02-07 17:35:07,888] {processor.py:642} INFO - Processing file /home/airflow/.local/lib/python3.7/site-packages/airflow/example_dags/example_task_group_decorator.py for tasks to queue
[2022-02-07 17:35:07,892] {logging_mixin.py:109} INFO - [2022-02-07 17:35:07,892] {dagbag.py:500} INFO - Filling up the DagBag from /home/airflow/.local/lib/python3.7/site-packages/airflow/example_dags/example_task_group_decorator.py
[2022-02-07 17:35:08,054] {processor.py:654} INFO - DAG(s) dict_keys(['example_task_group_decorator']) retrieved from /home/airflow/.local/lib/python3.7/site-packages/airflow/example_dags/example_task_group_decorator.py
[2022-02-07 17:35:08,744] {logging_mixin.py:109} INFO - [2022-02-07 17:35:08,744] {dag.py:2396} INFO - Sync 1 DAGs
[2022-02-07 17:35:08,803] {logging_mixin.py:109} INFO - [2022-02-07 17:35:08,803] {dag.py:2935} INFO - Setting next_dagrun for example_task_group_decorator to 2022-02-06T17:35:08.803264+00:00
[2022-02-07 17:35:08,834] {processor.py:171} INFO - Processing /home/airflow/.local/lib/python3.7/site-packages/airflow/example_dags/example_task_group_decorator.py took 0.973 seconds
[2022-02-07 17:35:38,956] {processor.py:163} INFO - Started process (PID=1585) to work on /home/airflow/.local/lib/python3.7/site-packages/airflow/example_dags/example_task_group_decorator.py
[2022-02-07 17:35:38,960] {processor.py:642} INFO - Processing file /home/airflow/.local/lib/python3.7/site-packages/airflow/example_dags/example_task_group_decorator.py for tasks to queue
[2022-02-07 17:35:38,963] {logging_mixin.py:109} INFO - [2022-02-07 17:35:38,963] {dagbag.py:500} INFO - Filling up the DagBag from /home/airflow/.local/lib/python3.7/site-packages/airflow/example_dags/example_task_group_decorator.py
[2022-02-07 17:35:39,029] {processor.py:654} INFO - DAG(s) dict_keys(['example_task_group_decorator']) retrieved from /home/airflow/.local/lib/python3.7/site-packages/airflow/example_dags/example_task_group_decorator.py
[2022-02-07 17:35:39,516] {logging_mixin.py:109} INFO - [2022-02-07 17:35:39,516] {dag.py:2396} INFO - Sync 1 DAGs
[2022-02-07 17:35:39,539] {logging_mixin.py:109} INFO - [2022-02-07 17:35:39,538] {dag.py:2935} INFO - Setting next_dagrun for example_task_group_decorator to 2022-02-06T17:35:39.538761+00:00
[2022-02-07 17:35:39,564] {processor.py:171} INFO - Processing /home/airflow/.local/lib/python3.7/site-packages/airflow/example_dags/example_task_group_decorator.py took 0.619 seconds
[2022-02-07 17:36:09,872] {processor.py:163} INFO - Started process (PID=1637) to work on /home/airflow/.local/lib/python3.7/site-packages/airflow/example_dags/example_task_group_decorator.py
[2022-02-07 17:36:09,875] {processor.py:642} INFO - Processing file /home/airflow/.local/lib/python3.7/site-packages/airflow/example_dags/example_task_group_decorator.py for tasks to queue
[2022-02-07 17:36:09,877] {logging_mixin.py:109} INFO - [2022-02-07 17:36:09,877] {dagbag.py:500} INFO - Filling up the DagBag from /home/airflow/.local/lib/python3.7/site-packages/airflow/example_dags/example_task_group_decorator.py
[2022-02-07 17:36:09,935] {processor.py:654} INFO - DAG(s) dict_keys(['example_task_group_decorator']) retrieved from /home/airflow/.local/lib/python3.7/site-packages/airflow/example_dags/example_task_group_decorator.py
[2022-02-07 17:36:10,260] {logging_mixin.py:109} INFO - [2022-02-07 17:36:10,259] {dag.py:2396} INFO - Sync 1 DAGs
[2022-02-07 17:36:10,281] {logging_mixin.py:109} INFO - [2022-02-07 17:36:10,281] {dag.py:2935} INFO - Setting next_dagrun for example_task_group_decorator to 2022-02-06T17:36:10.281202+00:00
[2022-02-07 17:36:10,336] {processor.py:171} INFO - Processing /home/airflow/.local/lib/python3.7/site-packages/airflow/example_dags/example_task_group_decorator.py took 0.470 seconds
[2022-02-07 17:36:40,645] {processor.py:163} INFO - Started process (PID=1690) to work on /home/airflow/.local/lib/python3.7/site-packages/airflow/example_dags/example_task_group_decorator.py
[2022-02-07 17:36:40,649] {processor.py:642} INFO - Processing file /home/airflow/.local/lib/python3.7/site-packages/airflow/example_dags/example_task_group_decorator.py for tasks to queue
[2022-02-07 17:36:40,651] {logging_mixin.py:109} INFO - [2022-02-07 17:36:40,651] {dagbag.py:500} INFO - Filling up the DagBag from /home/airflow/.local/lib/python3.7/site-packages/airflow/example_dags/example_task_group_decorator.py
[2022-02-07 17:36:40,836] {processor.py:654} INFO - DAG(s) dict_keys(['example_task_group_decorator']) retrieved from /home/airflow/.local/lib/python3.7/site-packages/airflow/example_dags/example_task_group_decorator.py
[2022-02-07 17:36:41,098] {logging_mixin.py:109} INFO - [2022-02-07 17:36:41,098] {dag.py:2396} INFO - Sync 1 DAGs
[2022-02-07 17:36:41,117] {logging_mixin.py:109} INFO - [2022-02-07 17:36:41,117] {dag.py:2935} INFO - Setting next_dagrun for example_task_group_decorator to 2022-02-06T17:36:41.116829+00:00
[2022-02-07 17:36:41,134] {processor.py:171} INFO - Processing /home/airflow/.local/lib/python3.7/site-packages/airflow/example_dags/example_task_group_decorator.py took 0.495 seconds
[2022-02-07 17:37:11,721] {processor.py:163} INFO - Started process (PID=1744) to work on /home/airflow/.local/lib/python3.7/site-packages/airflow/example_dags/example_task_group_decorator.py
[2022-02-07 17:37:11,725] {processor.py:642} INFO - Processing file /home/airflow/.local/lib/python3.7/site-packages/airflow/example_dags/example_task_group_decorator.py for tasks to queue
[2022-02-07 17:37:11,727] {logging_mixin.py:109} INFO - [2022-02-07 17:37:11,727] {dagbag.py:500} INFO - Filling up the DagBag from /home/airflow/.local/lib/python3.7/site-packages/airflow/example_dags/example_task_group_decorator.py
[2022-02-07 17:37:12,391] {processor.py:654} INFO - DAG(s) dict_keys(['example_task_group_decorator']) retrieved from /home/airflow/.local/lib/python3.7/site-packages/airflow/example_dags/example_task_group_decorator.py
[2022-02-07 17:37:13,527] {logging_mixin.py:109} INFO - [2022-02-07 17:37:13,527] {dag.py:2396} INFO - Sync 1 DAGs
[2022-02-07 17:37:13,566] {logging_mixin.py:109} INFO - [2022-02-07 17:37:13,565] {dag.py:2935} INFO - Setting next_dagrun for example_task_group_decorator to 2022-02-06T17:37:13.564965+00:00
[2022-02-07 17:37:13,603] {processor.py:171} INFO - Processing /home/airflow/.local/lib/python3.7/site-packages/airflow/example_dags/example_task_group_decorator.py took 1.890 seconds
[2022-02-07 17:37:44,232] {processor.py:163} INFO - Started process (PID=1798) to work on /home/airflow/.local/lib/python3.7/site-packages/airflow/example_dags/example_task_group_decorator.py
[2022-02-07 17:37:44,235] {processor.py:642} INFO - Processing file /home/airflow/.local/lib/python3.7/site-packages/airflow/example_dags/example_task_group_decorator.py for tasks to queue
[2022-02-07 17:37:44,237] {logging_mixin.py:109} INFO - [2022-02-07 17:37:44,237] {dagbag.py:500} INFO - Filling up the DagBag from /home/airflow/.local/lib/python3.7/site-packages/airflow/example_dags/example_task_group_decorator.py
[2022-02-07 17:37:44,411] {processor.py:654} INFO - DAG(s) dict_keys(['example_task_group_decorator']) retrieved from /home/airflow/.local/lib/python3.7/site-packages/airflow/example_dags/example_task_group_decorator.py
[2022-02-07 17:37:44,764] {logging_mixin.py:109} INFO - [2022-02-07 17:37:44,764] {dag.py:2396} INFO - Sync 1 DAGs
[2022-02-07 17:37:44,796] {logging_mixin.py:109} INFO - [2022-02-07 17:37:44,796] {dag.py:2935} INFO - Setting next_dagrun for example_task_group_decorator to 2022-02-06T17:37:44.796140+00:00
[2022-02-07 17:37:44,828] {processor.py:171} INFO - Processing /home/airflow/.local/lib/python3.7/site-packages/airflow/example_dags/example_task_group_decorator.py took 0.599 seconds
[2022-02-07 17:38:15,054] {processor.py:163} INFO - Started process (PID=1862) to work on /home/airflow/.local/lib/python3.7/site-packages/airflow/example_dags/example_task_group_decorator.py
[2022-02-07 17:38:15,057] {processor.py:642} INFO - Processing file /home/airflow/.local/lib/python3.7/site-packages/airflow/example_dags/example_task_group_decorator.py for tasks to queue
[2022-02-07 17:38:15,058] {logging_mixin.py:109} INFO - [2022-02-07 17:38:15,058] {dagbag.py:500} INFO - Filling up the DagBag from /home/airflow/.local/lib/python3.7/site-packages/airflow/example_dags/example_task_group_decorator.py
[2022-02-07 17:38:15,238] {processor.py:654} INFO - DAG(s) dict_keys(['example_task_group_decorator']) retrieved from /home/airflow/.local/lib/python3.7/site-packages/airflow/example_dags/example_task_group_decorator.py
[2022-02-07 17:38:15,566] {logging_mixin.py:109} INFO - [2022-02-07 17:38:15,566] {dag.py:2396} INFO - Sync 1 DAGs
[2022-02-07 17:38:15,592] {logging_mixin.py:109} INFO - [2022-02-07 17:38:15,592] {dag.py:2935} INFO - Setting next_dagrun for example_task_group_decorator to 2022-02-06T17:38:15.592234+00:00
[2022-02-07 17:38:15,616] {processor.py:171} INFO - Processing /home/airflow/.local/lib/python3.7/site-packages/airflow/example_dags/example_task_group_decorator.py took 0.567 seconds
[2022-02-07 17:38:46,469] {processor.py:163} INFO - Started process (PID=1916) to work on /home/airflow/.local/lib/python3.7/site-packages/airflow/example_dags/example_task_group_decorator.py
[2022-02-07 17:38:46,472] {processor.py:642} INFO - Processing file /home/airflow/.local/lib/python3.7/site-packages/airflow/example_dags/example_task_group_decorator.py for tasks to queue
[2022-02-07 17:38:46,475] {logging_mixin.py:109} INFO - [2022-02-07 17:38:46,475] {dagbag.py:500} INFO - Filling up the DagBag from /home/airflow/.local/lib/python3.7/site-packages/airflow/example_dags/example_task_group_decorator.py
[2022-02-07 17:38:46,708] {processor.py:654} INFO - DAG(s) dict_keys(['example_task_group_decorator']) retrieved from /home/airflow/.local/lib/python3.7/site-packages/airflow/example_dags/example_task_group_decorator.py
[2022-02-07 17:38:47,095] {logging_mixin.py:109} INFO - [2022-02-07 17:38:47,094] {dag.py:2396} INFO - Sync 1 DAGs
[2022-02-07 17:38:47,144] {logging_mixin.py:109} INFO - [2022-02-07 17:38:47,144] {dag.py:2935} INFO - Setting next_dagrun for example_task_group_decorator to 2022-02-06T17:38:47.143218+00:00
[2022-02-07 17:38:47,188] {processor.py:171} INFO - Processing /home/airflow/.local/lib/python3.7/site-packages/airflow/example_dags/example_task_group_decorator.py took 0.725 seconds
[2022-02-07 17:39:17,815] {processor.py:163} INFO - Started process (PID=1968) to work on /home/airflow/.local/lib/python3.7/site-packages/airflow/example_dags/example_task_group_decorator.py
[2022-02-07 17:39:17,818] {processor.py:642} INFO - Processing file /home/airflow/.local/lib/python3.7/site-packages/airflow/example_dags/example_task_group_decorator.py for tasks to queue
[2022-02-07 17:39:17,821] {logging_mixin.py:109} INFO - [2022-02-07 17:39:17,821] {dagbag.py:500} INFO - Filling up the DagBag from /home/airflow/.local/lib/python3.7/site-packages/airflow/example_dags/example_task_group_decorator.py
[2022-02-07 17:39:18,042] {processor.py:654} INFO - DAG(s) dict_keys(['example_task_group_decorator']) retrieved from /home/airflow/.local/lib/python3.7/site-packages/airflow/example_dags/example_task_group_decorator.py
[2022-02-07 17:39:18,308] {logging_mixin.py:109} INFO - [2022-02-07 17:39:18,308] {dag.py:2396} INFO - Sync 1 DAGs
[2022-02-07 17:39:18,331] {logging_mixin.py:109} INFO - [2022-02-07 17:39:18,330] {dag.py:2935} INFO - Setting next_dagrun for example_task_group_decorator to 2022-02-06T17:39:18.330453+00:00
[2022-02-07 17:39:18,359] {processor.py:171} INFO - Processing /home/airflow/.local/lib/python3.7/site-packages/airflow/example_dags/example_task_group_decorator.py took 0.550 seconds
