[2022-02-07 17:23:19,589] {processor.py:163} INFO - Started process (PID=159) to work on /home/airflow/.local/lib/python3.7/site-packages/airflow/example_dags/example_dag_decorator.py
[2022-02-07 17:23:19,592] {processor.py:642} INFO - Processing file /home/airflow/.local/lib/python3.7/site-packages/airflow/example_dags/example_dag_decorator.py for tasks to queue
[2022-02-07 17:23:19,594] {logging_mixin.py:109} INFO - [2022-02-07 17:23:19,594] {dagbag.py:500} INFO - Filling up the DagBag from /home/airflow/.local/lib/python3.7/site-packages/airflow/example_dags/example_dag_decorator.py
[2022-02-07 17:23:19,660] {processor.py:654} INFO - DAG(s) dict_keys(['example_dag_decorator']) retrieved from /home/airflow/.local/lib/python3.7/site-packages/airflow/example_dags/example_dag_decorator.py
[2022-02-07 17:23:21,953] {logging_mixin.py:109} INFO - [2022-02-07 17:23:21,953] {manager.py:496} INFO - Created Permission View: can read on DAG:example_dag_decorator
[2022-02-07 17:23:21,971] {logging_mixin.py:109} INFO - [2022-02-07 17:23:21,971] {manager.py:496} INFO - Created Permission View: can edit on DAG:example_dag_decorator
[2022-02-07 17:23:21,972] {logging_mixin.py:109} INFO - [2022-02-07 17:23:21,972] {dag.py:2396} INFO - Sync 1 DAGs
[2022-02-07 17:23:21,983] {logging_mixin.py:109} INFO - [2022-02-07 17:23:21,983] {dag.py:2415} INFO - Creating ORM DAG for example_dag_decorator
[2022-02-07 17:23:21,993] {logging_mixin.py:109} INFO - [2022-02-07 17:23:21,993] {dag.py:2935} INFO - Setting next_dagrun for example_dag_decorator to None
[2022-02-07 17:23:22,014] {processor.py:171} INFO - Processing /home/airflow/.local/lib/python3.7/site-packages/airflow/example_dags/example_dag_decorator.py took 2.428 seconds
[2022-02-07 17:23:52,113] {processor.py:163} INFO - Started process (PID=258) to work on /home/airflow/.local/lib/python3.7/site-packages/airflow/example_dags/example_dag_decorator.py
[2022-02-07 17:23:52,116] {processor.py:642} INFO - Processing file /home/airflow/.local/lib/python3.7/site-packages/airflow/example_dags/example_dag_decorator.py for tasks to queue
[2022-02-07 17:23:52,121] {logging_mixin.py:109} INFO - [2022-02-07 17:23:52,121] {dagbag.py:500} INFO - Filling up the DagBag from /home/airflow/.local/lib/python3.7/site-packages/airflow/example_dags/example_dag_decorator.py
[2022-02-07 17:23:52,174] {processor.py:654} INFO - DAG(s) dict_keys(['example_dag_decorator']) retrieved from /home/airflow/.local/lib/python3.7/site-packages/airflow/example_dags/example_dag_decorator.py
[2022-02-07 17:23:52,515] {logging_mixin.py:109} INFO - [2022-02-07 17:23:52,515] {dag.py:2396} INFO - Sync 1 DAGs
[2022-02-07 17:23:52,532] {logging_mixin.py:109} INFO - [2022-02-07 17:23:52,532] {dag.py:2935} INFO - Setting next_dagrun for example_dag_decorator to None
[2022-02-07 17:23:52,552] {processor.py:171} INFO - Processing /home/airflow/.local/lib/python3.7/site-packages/airflow/example_dags/example_dag_decorator.py took 0.444 seconds
[2022-02-07 17:24:23,374] {processor.py:163} INFO - Started process (PID=310) to work on /home/airflow/.local/lib/python3.7/site-packages/airflow/example_dags/example_dag_decorator.py
[2022-02-07 17:24:23,376] {processor.py:642} INFO - Processing file /home/airflow/.local/lib/python3.7/site-packages/airflow/example_dags/example_dag_decorator.py for tasks to queue
[2022-02-07 17:24:23,378] {logging_mixin.py:109} INFO - [2022-02-07 17:24:23,377] {dagbag.py:500} INFO - Filling up the DagBag from /home/airflow/.local/lib/python3.7/site-packages/airflow/example_dags/example_dag_decorator.py
[2022-02-07 17:24:23,435] {processor.py:654} INFO - DAG(s) dict_keys(['example_dag_decorator']) retrieved from /home/airflow/.local/lib/python3.7/site-packages/airflow/example_dags/example_dag_decorator.py
[2022-02-07 17:24:23,767] {logging_mixin.py:109} INFO - [2022-02-07 17:24:23,767] {dag.py:2396} INFO - Sync 1 DAGs
[2022-02-07 17:24:23,791] {logging_mixin.py:109} INFO - [2022-02-07 17:24:23,791] {dag.py:2935} INFO - Setting next_dagrun for example_dag_decorator to None
[2022-02-07 17:24:23,818] {processor.py:171} INFO - Processing /home/airflow/.local/lib/python3.7/site-packages/airflow/example_dags/example_dag_decorator.py took 0.451 seconds
[2022-02-07 17:24:53,987] {processor.py:163} INFO - Started process (PID=372) to work on /home/airflow/.local/lib/python3.7/site-packages/airflow/example_dags/example_dag_decorator.py
[2022-02-07 17:24:53,990] {processor.py:642} INFO - Processing file /home/airflow/.local/lib/python3.7/site-packages/airflow/example_dags/example_dag_decorator.py for tasks to queue
[2022-02-07 17:24:53,994] {logging_mixin.py:109} INFO - [2022-02-07 17:24:53,993] {dagbag.py:500} INFO - Filling up the DagBag from /home/airflow/.local/lib/python3.7/site-packages/airflow/example_dags/example_dag_decorator.py
[2022-02-07 17:24:54,053] {processor.py:654} INFO - DAG(s) dict_keys(['example_dag_decorator']) retrieved from /home/airflow/.local/lib/python3.7/site-packages/airflow/example_dags/example_dag_decorator.py
[2022-02-07 17:24:54,381] {logging_mixin.py:109} INFO - [2022-02-07 17:24:54,381] {dag.py:2396} INFO - Sync 1 DAGs
[2022-02-07 17:24:54,413] {logging_mixin.py:109} INFO - [2022-02-07 17:24:54,412] {dag.py:2935} INFO - Setting next_dagrun for example_dag_decorator to None
[2022-02-07 17:24:54,437] {processor.py:171} INFO - Processing /home/airflow/.local/lib/python3.7/site-packages/airflow/example_dags/example_dag_decorator.py took 0.459 seconds
[2022-02-07 17:25:25,298] {processor.py:163} INFO - Started process (PID=422) to work on /home/airflow/.local/lib/python3.7/site-packages/airflow/example_dags/example_dag_decorator.py
[2022-02-07 17:25:25,301] {processor.py:642} INFO - Processing file /home/airflow/.local/lib/python3.7/site-packages/airflow/example_dags/example_dag_decorator.py for tasks to queue
[2022-02-07 17:25:25,304] {logging_mixin.py:109} INFO - [2022-02-07 17:25:25,303] {dagbag.py:500} INFO - Filling up the DagBag from /home/airflow/.local/lib/python3.7/site-packages/airflow/example_dags/example_dag_decorator.py
[2022-02-07 17:25:25,366] {processor.py:654} INFO - DAG(s) dict_keys(['example_dag_decorator']) retrieved from /home/airflow/.local/lib/python3.7/site-packages/airflow/example_dags/example_dag_decorator.py
[2022-02-07 17:25:25,756] {logging_mixin.py:109} INFO - [2022-02-07 17:25:25,755] {dag.py:2396} INFO - Sync 1 DAGs
[2022-02-07 17:25:25,783] {logging_mixin.py:109} INFO - [2022-02-07 17:25:25,783] {dag.py:2935} INFO - Setting next_dagrun for example_dag_decorator to None
[2022-02-07 17:25:25,803] {processor.py:171} INFO - Processing /home/airflow/.local/lib/python3.7/site-packages/airflow/example_dags/example_dag_decorator.py took 0.510 seconds
[2022-02-07 17:25:55,963] {processor.py:163} INFO - Started process (PID=476) to work on /home/airflow/.local/lib/python3.7/site-packages/airflow/example_dags/example_dag_decorator.py
[2022-02-07 17:25:55,966] {processor.py:642} INFO - Processing file /home/airflow/.local/lib/python3.7/site-packages/airflow/example_dags/example_dag_decorator.py for tasks to queue
[2022-02-07 17:25:55,968] {logging_mixin.py:109} INFO - [2022-02-07 17:25:55,968] {dagbag.py:500} INFO - Filling up the DagBag from /home/airflow/.local/lib/python3.7/site-packages/airflow/example_dags/example_dag_decorator.py
[2022-02-07 17:25:56,019] {processor.py:654} INFO - DAG(s) dict_keys(['example_dag_decorator']) retrieved from /home/airflow/.local/lib/python3.7/site-packages/airflow/example_dags/example_dag_decorator.py
[2022-02-07 17:25:56,357] {logging_mixin.py:109} INFO - [2022-02-07 17:25:56,357] {dag.py:2396} INFO - Sync 1 DAGs
[2022-02-07 17:25:56,377] {logging_mixin.py:109} INFO - [2022-02-07 17:25:56,377] {dag.py:2935} INFO - Setting next_dagrun for example_dag_decorator to None
[2022-02-07 17:25:56,396] {processor.py:171} INFO - Processing /home/airflow/.local/lib/python3.7/site-packages/airflow/example_dags/example_dag_decorator.py took 0.436 seconds
[2022-02-07 17:26:26,516] {processor.py:163} INFO - Started process (PID=527) to work on /home/airflow/.local/lib/python3.7/site-packages/airflow/example_dags/example_dag_decorator.py
[2022-02-07 17:26:26,519] {processor.py:642} INFO - Processing file /home/airflow/.local/lib/python3.7/site-packages/airflow/example_dags/example_dag_decorator.py for tasks to queue
[2022-02-07 17:26:26,523] {logging_mixin.py:109} INFO - [2022-02-07 17:26:26,522] {dagbag.py:500} INFO - Filling up the DagBag from /home/airflow/.local/lib/python3.7/site-packages/airflow/example_dags/example_dag_decorator.py
[2022-02-07 17:26:26,576] {processor.py:654} INFO - DAG(s) dict_keys(['example_dag_decorator']) retrieved from /home/airflow/.local/lib/python3.7/site-packages/airflow/example_dags/example_dag_decorator.py
[2022-02-07 17:26:26,933] {logging_mixin.py:109} INFO - [2022-02-07 17:26:26,932] {dag.py:2396} INFO - Sync 1 DAGs
[2022-02-07 17:26:26,948] {logging_mixin.py:109} INFO - [2022-02-07 17:26:26,948] {dag.py:2935} INFO - Setting next_dagrun for example_dag_decorator to None
[2022-02-07 17:26:26,971] {processor.py:171} INFO - Processing /home/airflow/.local/lib/python3.7/site-packages/airflow/example_dags/example_dag_decorator.py took 0.463 seconds
[2022-02-07 17:26:57,375] {processor.py:163} INFO - Started process (PID=589) to work on /home/airflow/.local/lib/python3.7/site-packages/airflow/example_dags/example_dag_decorator.py
[2022-02-07 17:26:57,379] {processor.py:642} INFO - Processing file /home/airflow/.local/lib/python3.7/site-packages/airflow/example_dags/example_dag_decorator.py for tasks to queue
[2022-02-07 17:26:57,382] {logging_mixin.py:109} INFO - [2022-02-07 17:26:57,381] {dagbag.py:500} INFO - Filling up the DagBag from /home/airflow/.local/lib/python3.7/site-packages/airflow/example_dags/example_dag_decorator.py
[2022-02-07 17:26:57,446] {processor.py:654} INFO - DAG(s) dict_keys(['example_dag_decorator']) retrieved from /home/airflow/.local/lib/python3.7/site-packages/airflow/example_dags/example_dag_decorator.py
[2022-02-07 17:26:57,803] {logging_mixin.py:109} INFO - [2022-02-07 17:26:57,803] {dag.py:2396} INFO - Sync 1 DAGs
[2022-02-07 17:26:57,834] {logging_mixin.py:109} INFO - [2022-02-07 17:26:57,833] {dag.py:2935} INFO - Setting next_dagrun for example_dag_decorator to None
[2022-02-07 17:26:57,866] {processor.py:171} INFO - Processing /home/airflow/.local/lib/python3.7/site-packages/airflow/example_dags/example_dag_decorator.py took 0.496 seconds
[2022-02-07 17:27:28,323] {processor.py:163} INFO - Started process (PID=641) to work on /home/airflow/.local/lib/python3.7/site-packages/airflow/example_dags/example_dag_decorator.py
[2022-02-07 17:27:28,326] {processor.py:642} INFO - Processing file /home/airflow/.local/lib/python3.7/site-packages/airflow/example_dags/example_dag_decorator.py for tasks to queue
[2022-02-07 17:27:28,328] {logging_mixin.py:109} INFO - [2022-02-07 17:27:28,328] {dagbag.py:500} INFO - Filling up the DagBag from /home/airflow/.local/lib/python3.7/site-packages/airflow/example_dags/example_dag_decorator.py
[2022-02-07 17:27:28,384] {processor.py:654} INFO - DAG(s) dict_keys(['example_dag_decorator']) retrieved from /home/airflow/.local/lib/python3.7/site-packages/airflow/example_dags/example_dag_decorator.py
[2022-02-07 17:27:28,700] {logging_mixin.py:109} INFO - [2022-02-07 17:27:28,700] {dag.py:2396} INFO - Sync 1 DAGs
[2022-02-07 17:27:28,719] {logging_mixin.py:109} INFO - [2022-02-07 17:27:28,719] {dag.py:2935} INFO - Setting next_dagrun for example_dag_decorator to None
[2022-02-07 17:27:28,741] {processor.py:171} INFO - Processing /home/airflow/.local/lib/python3.7/site-packages/airflow/example_dags/example_dag_decorator.py took 0.423 seconds
[2022-02-07 17:27:59,613] {processor.py:163} INFO - Started process (PID=697) to work on /home/airflow/.local/lib/python3.7/site-packages/airflow/example_dags/example_dag_decorator.py
[2022-02-07 17:27:59,616] {processor.py:642} INFO - Processing file /home/airflow/.local/lib/python3.7/site-packages/airflow/example_dags/example_dag_decorator.py for tasks to queue
[2022-02-07 17:27:59,618] {logging_mixin.py:109} INFO - [2022-02-07 17:27:59,618] {dagbag.py:500} INFO - Filling up the DagBag from /home/airflow/.local/lib/python3.7/site-packages/airflow/example_dags/example_dag_decorator.py
[2022-02-07 17:27:59,669] {processor.py:654} INFO - DAG(s) dict_keys(['example_dag_decorator']) retrieved from /home/airflow/.local/lib/python3.7/site-packages/airflow/example_dags/example_dag_decorator.py
[2022-02-07 17:28:00,257] {logging_mixin.py:109} INFO - [2022-02-07 17:28:00,257] {dag.py:2396} INFO - Sync 1 DAGs
[2022-02-07 17:28:00,281] {logging_mixin.py:109} INFO - [2022-02-07 17:28:00,281] {dag.py:2935} INFO - Setting next_dagrun for example_dag_decorator to None
[2022-02-07 17:28:00,305] {processor.py:171} INFO - Processing /home/airflow/.local/lib/python3.7/site-packages/airflow/example_dags/example_dag_decorator.py took 0.697 seconds
[2022-02-07 17:28:30,802] {processor.py:163} INFO - Started process (PID=752) to work on /home/airflow/.local/lib/python3.7/site-packages/airflow/example_dags/example_dag_decorator.py
[2022-02-07 17:28:30,805] {processor.py:642} INFO - Processing file /home/airflow/.local/lib/python3.7/site-packages/airflow/example_dags/example_dag_decorator.py for tasks to queue
[2022-02-07 17:28:30,807] {logging_mixin.py:109} INFO - [2022-02-07 17:28:30,807] {dagbag.py:500} INFO - Filling up the DagBag from /home/airflow/.local/lib/python3.7/site-packages/airflow/example_dags/example_dag_decorator.py
[2022-02-07 17:28:30,873] {processor.py:654} INFO - DAG(s) dict_keys(['example_dag_decorator']) retrieved from /home/airflow/.local/lib/python3.7/site-packages/airflow/example_dags/example_dag_decorator.py
[2022-02-07 17:28:31,218] {logging_mixin.py:109} INFO - [2022-02-07 17:28:31,218] {dag.py:2396} INFO - Sync 1 DAGs
[2022-02-07 17:28:31,239] {logging_mixin.py:109} INFO - [2022-02-07 17:28:31,239] {dag.py:2935} INFO - Setting next_dagrun for example_dag_decorator to None
[2022-02-07 17:28:31,259] {processor.py:171} INFO - Processing /home/airflow/.local/lib/python3.7/site-packages/airflow/example_dags/example_dag_decorator.py took 0.460 seconds
[2022-02-07 17:29:01,426] {processor.py:163} INFO - Started process (PID=818) to work on /home/airflow/.local/lib/python3.7/site-packages/airflow/example_dags/example_dag_decorator.py
[2022-02-07 17:29:01,429] {processor.py:642} INFO - Processing file /home/airflow/.local/lib/python3.7/site-packages/airflow/example_dags/example_dag_decorator.py for tasks to queue
[2022-02-07 17:29:01,431] {logging_mixin.py:109} INFO - [2022-02-07 17:29:01,431] {dagbag.py:500} INFO - Filling up the DagBag from /home/airflow/.local/lib/python3.7/site-packages/airflow/example_dags/example_dag_decorator.py
[2022-02-07 17:29:01,542] {processor.py:654} INFO - DAG(s) dict_keys(['example_dag_decorator']) retrieved from /home/airflow/.local/lib/python3.7/site-packages/airflow/example_dags/example_dag_decorator.py
[2022-02-07 17:29:02,187] {logging_mixin.py:109} INFO - [2022-02-07 17:29:02,186] {dag.py:2396} INFO - Sync 1 DAGs
[2022-02-07 17:29:02,230] {logging_mixin.py:109} INFO - [2022-02-07 17:29:02,229] {dag.py:2935} INFO - Setting next_dagrun for example_dag_decorator to None
[2022-02-07 17:29:02,257] {processor.py:171} INFO - Processing /home/airflow/.local/lib/python3.7/site-packages/airflow/example_dags/example_dag_decorator.py took 0.851 seconds
[2022-02-07 17:29:32,670] {processor.py:163} INFO - Started process (PID=880) to work on /home/airflow/.local/lib/python3.7/site-packages/airflow/example_dags/example_dag_decorator.py
[2022-02-07 17:29:32,681] {processor.py:642} INFO - Processing file /home/airflow/.local/lib/python3.7/site-packages/airflow/example_dags/example_dag_decorator.py for tasks to queue
[2022-02-07 17:29:32,686] {logging_mixin.py:109} INFO - [2022-02-07 17:29:32,686] {dagbag.py:500} INFO - Filling up the DagBag from /home/airflow/.local/lib/python3.7/site-packages/airflow/example_dags/example_dag_decorator.py
[2022-02-07 17:29:32,841] {processor.py:654} INFO - DAG(s) dict_keys(['example_dag_decorator']) retrieved from /home/airflow/.local/lib/python3.7/site-packages/airflow/example_dags/example_dag_decorator.py
[2022-02-07 17:29:33,504] {logging_mixin.py:109} INFO - [2022-02-07 17:29:33,503] {dag.py:2396} INFO - Sync 1 DAGs
[2022-02-07 17:29:33,544] {logging_mixin.py:109} INFO - [2022-02-07 17:29:33,544] {dag.py:2935} INFO - Setting next_dagrun for example_dag_decorator to None
[2022-02-07 17:29:33,585] {processor.py:171} INFO - Processing /home/airflow/.local/lib/python3.7/site-packages/airflow/example_dags/example_dag_decorator.py took 0.930 seconds
[2022-02-07 17:30:04,474] {processor.py:163} INFO - Started process (PID=941) to work on /home/airflow/.local/lib/python3.7/site-packages/airflow/example_dags/example_dag_decorator.py
[2022-02-07 17:30:04,480] {processor.py:642} INFO - Processing file /home/airflow/.local/lib/python3.7/site-packages/airflow/example_dags/example_dag_decorator.py for tasks to queue
[2022-02-07 17:30:04,484] {logging_mixin.py:109} INFO - [2022-02-07 17:30:04,483] {dagbag.py:500} INFO - Filling up the DagBag from /home/airflow/.local/lib/python3.7/site-packages/airflow/example_dags/example_dag_decorator.py
[2022-02-07 17:30:04,563] {processor.py:654} INFO - DAG(s) dict_keys(['example_dag_decorator']) retrieved from /home/airflow/.local/lib/python3.7/site-packages/airflow/example_dags/example_dag_decorator.py
[2022-02-07 17:30:04,980] {logging_mixin.py:109} INFO - [2022-02-07 17:30:04,979] {dag.py:2396} INFO - Sync 1 DAGs
[2022-02-07 17:30:04,996] {logging_mixin.py:109} INFO - [2022-02-07 17:30:04,996] {dag.py:2935} INFO - Setting next_dagrun for example_dag_decorator to None
[2022-02-07 17:30:05,009] {processor.py:171} INFO - Processing /home/airflow/.local/lib/python3.7/site-packages/airflow/example_dags/example_dag_decorator.py took 0.544 seconds
[2022-02-07 17:30:35,067] {processor.py:163} INFO - Started process (PID=999) to work on /home/airflow/.local/lib/python3.7/site-packages/airflow/example_dags/example_dag_decorator.py
[2022-02-07 17:30:35,071] {processor.py:642} INFO - Processing file /home/airflow/.local/lib/python3.7/site-packages/airflow/example_dags/example_dag_decorator.py for tasks to queue
[2022-02-07 17:30:35,073] {logging_mixin.py:109} INFO - [2022-02-07 17:30:35,073] {dagbag.py:500} INFO - Filling up the DagBag from /home/airflow/.local/lib/python3.7/site-packages/airflow/example_dags/example_dag_decorator.py
[2022-02-07 17:30:35,122] {processor.py:654} INFO - DAG(s) dict_keys(['example_dag_decorator']) retrieved from /home/airflow/.local/lib/python3.7/site-packages/airflow/example_dags/example_dag_decorator.py
[2022-02-07 17:30:35,462] {logging_mixin.py:109} INFO - [2022-02-07 17:30:35,462] {dag.py:2396} INFO - Sync 1 DAGs
[2022-02-07 17:30:35,477] {logging_mixin.py:109} INFO - [2022-02-07 17:30:35,477] {dag.py:2935} INFO - Setting next_dagrun for example_dag_decorator to None
[2022-02-07 17:30:35,493] {processor.py:171} INFO - Processing /home/airflow/.local/lib/python3.7/site-packages/airflow/example_dags/example_dag_decorator.py took 0.431 seconds
[2022-02-07 17:31:05,607] {processor.py:163} INFO - Started process (PID=1053) to work on /home/airflow/.local/lib/python3.7/site-packages/airflow/example_dags/example_dag_decorator.py
[2022-02-07 17:31:05,609] {processor.py:642} INFO - Processing file /home/airflow/.local/lib/python3.7/site-packages/airflow/example_dags/example_dag_decorator.py for tasks to queue
[2022-02-07 17:31:05,611] {logging_mixin.py:109} INFO - [2022-02-07 17:31:05,611] {dagbag.py:500} INFO - Filling up the DagBag from /home/airflow/.local/lib/python3.7/site-packages/airflow/example_dags/example_dag_decorator.py
[2022-02-07 17:31:05,658] {processor.py:654} INFO - DAG(s) dict_keys(['example_dag_decorator']) retrieved from /home/airflow/.local/lib/python3.7/site-packages/airflow/example_dags/example_dag_decorator.py
[2022-02-07 17:31:05,958] {logging_mixin.py:109} INFO - [2022-02-07 17:31:05,958] {dag.py:2396} INFO - Sync 1 DAGs
[2022-02-07 17:31:05,975] {logging_mixin.py:109} INFO - [2022-02-07 17:31:05,975] {dag.py:2935} INFO - Setting next_dagrun for example_dag_decorator to None
[2022-02-07 17:31:05,989] {processor.py:171} INFO - Processing /home/airflow/.local/lib/python3.7/site-packages/airflow/example_dags/example_dag_decorator.py took 0.421 seconds
[2022-02-07 17:31:36,306] {processor.py:163} INFO - Started process (PID=1109) to work on /home/airflow/.local/lib/python3.7/site-packages/airflow/example_dags/example_dag_decorator.py
[2022-02-07 17:31:36,314] {processor.py:642} INFO - Processing file /home/airflow/.local/lib/python3.7/site-packages/airflow/example_dags/example_dag_decorator.py for tasks to queue
[2022-02-07 17:31:36,316] {logging_mixin.py:109} INFO - [2022-02-07 17:31:36,316] {dagbag.py:500} INFO - Filling up the DagBag from /home/airflow/.local/lib/python3.7/site-packages/airflow/example_dags/example_dag_decorator.py
[2022-02-07 17:31:36,378] {processor.py:654} INFO - DAG(s) dict_keys(['example_dag_decorator']) retrieved from /home/airflow/.local/lib/python3.7/site-packages/airflow/example_dags/example_dag_decorator.py
[2022-02-07 17:31:36,776] {logging_mixin.py:109} INFO - [2022-02-07 17:31:36,776] {dag.py:2396} INFO - Sync 1 DAGs
[2022-02-07 17:31:36,792] {logging_mixin.py:109} INFO - [2022-02-07 17:31:36,792] {dag.py:2935} INFO - Setting next_dagrun for example_dag_decorator to None
[2022-02-07 17:31:36,810] {processor.py:171} INFO - Processing /home/airflow/.local/lib/python3.7/site-packages/airflow/example_dags/example_dag_decorator.py took 0.515 seconds
[2022-02-07 17:32:07,506] {processor.py:163} INFO - Started process (PID=1182) to work on /home/airflow/.local/lib/python3.7/site-packages/airflow/example_dags/example_dag_decorator.py
[2022-02-07 17:32:07,512] {processor.py:642} INFO - Processing file /home/airflow/.local/lib/python3.7/site-packages/airflow/example_dags/example_dag_decorator.py for tasks to queue
[2022-02-07 17:32:07,515] {logging_mixin.py:109} INFO - [2022-02-07 17:32:07,515] {dagbag.py:500} INFO - Filling up the DagBag from /home/airflow/.local/lib/python3.7/site-packages/airflow/example_dags/example_dag_decorator.py
[2022-02-07 17:32:07,584] {processor.py:654} INFO - DAG(s) dict_keys(['example_dag_decorator']) retrieved from /home/airflow/.local/lib/python3.7/site-packages/airflow/example_dags/example_dag_decorator.py
[2022-02-07 17:32:08,030] {logging_mixin.py:109} INFO - [2022-02-07 17:32:08,029] {dag.py:2396} INFO - Sync 1 DAGs
[2022-02-07 17:32:08,067] {logging_mixin.py:109} INFO - [2022-02-07 17:32:08,067] {dag.py:2935} INFO - Setting next_dagrun for example_dag_decorator to None
[2022-02-07 17:32:08,081] {processor.py:171} INFO - Processing /home/airflow/.local/lib/python3.7/site-packages/airflow/example_dags/example_dag_decorator.py took 0.584 seconds
[2022-02-07 17:32:39,057] {processor.py:163} INFO - Started process (PID=1246) to work on /home/airflow/.local/lib/python3.7/site-packages/airflow/example_dags/example_dag_decorator.py
[2022-02-07 17:32:39,060] {processor.py:642} INFO - Processing file /home/airflow/.local/lib/python3.7/site-packages/airflow/example_dags/example_dag_decorator.py for tasks to queue
[2022-02-07 17:32:39,066] {logging_mixin.py:109} INFO - [2022-02-07 17:32:39,066] {dagbag.py:500} INFO - Filling up the DagBag from /home/airflow/.local/lib/python3.7/site-packages/airflow/example_dags/example_dag_decorator.py
[2022-02-07 17:32:39,142] {processor.py:654} INFO - DAG(s) dict_keys(['example_dag_decorator']) retrieved from /home/airflow/.local/lib/python3.7/site-packages/airflow/example_dags/example_dag_decorator.py
[2022-02-07 17:32:39,510] {logging_mixin.py:109} INFO - [2022-02-07 17:32:39,510] {dag.py:2396} INFO - Sync 1 DAGs
[2022-02-07 17:32:39,526] {logging_mixin.py:109} INFO - [2022-02-07 17:32:39,526] {dag.py:2935} INFO - Setting next_dagrun for example_dag_decorator to None
[2022-02-07 17:32:39,555] {processor.py:171} INFO - Processing /home/airflow/.local/lib/python3.7/site-packages/airflow/example_dags/example_dag_decorator.py took 0.505 seconds
[2022-02-07 17:33:09,717] {processor.py:163} INFO - Started process (PID=1305) to work on /home/airflow/.local/lib/python3.7/site-packages/airflow/example_dags/example_dag_decorator.py
[2022-02-07 17:33:09,723] {processor.py:642} INFO - Processing file /home/airflow/.local/lib/python3.7/site-packages/airflow/example_dags/example_dag_decorator.py for tasks to queue
[2022-02-07 17:33:09,727] {logging_mixin.py:109} INFO - [2022-02-07 17:33:09,726] {dagbag.py:500} INFO - Filling up the DagBag from /home/airflow/.local/lib/python3.7/site-packages/airflow/example_dags/example_dag_decorator.py
[2022-02-07 17:33:09,795] {processor.py:654} INFO - DAG(s) dict_keys(['example_dag_decorator']) retrieved from /home/airflow/.local/lib/python3.7/site-packages/airflow/example_dags/example_dag_decorator.py
[2022-02-07 17:33:10,108] {logging_mixin.py:109} INFO - [2022-02-07 17:33:10,108] {dag.py:2396} INFO - Sync 1 DAGs
[2022-02-07 17:33:10,125] {logging_mixin.py:109} INFO - [2022-02-07 17:33:10,125] {dag.py:2935} INFO - Setting next_dagrun for example_dag_decorator to None
[2022-02-07 17:33:10,139] {processor.py:171} INFO - Processing /home/airflow/.local/lib/python3.7/site-packages/airflow/example_dags/example_dag_decorator.py took 0.430 seconds
[2022-02-07 17:33:40,369] {processor.py:163} INFO - Started process (PID=1359) to work on /home/airflow/.local/lib/python3.7/site-packages/airflow/example_dags/example_dag_decorator.py
[2022-02-07 17:33:40,373] {processor.py:642} INFO - Processing file /home/airflow/.local/lib/python3.7/site-packages/airflow/example_dags/example_dag_decorator.py for tasks to queue
[2022-02-07 17:33:40,377] {logging_mixin.py:109} INFO - [2022-02-07 17:33:40,376] {dagbag.py:500} INFO - Filling up the DagBag from /home/airflow/.local/lib/python3.7/site-packages/airflow/example_dags/example_dag_decorator.py
[2022-02-07 17:33:40,437] {processor.py:654} INFO - DAG(s) dict_keys(['example_dag_decorator']) retrieved from /home/airflow/.local/lib/python3.7/site-packages/airflow/example_dags/example_dag_decorator.py
[2022-02-07 17:33:40,767] {logging_mixin.py:109} INFO - [2022-02-07 17:33:40,767] {dag.py:2396} INFO - Sync 1 DAGs
[2022-02-07 17:33:40,787] {logging_mixin.py:109} INFO - [2022-02-07 17:33:40,787] {dag.py:2935} INFO - Setting next_dagrun for example_dag_decorator to None
[2022-02-07 17:33:40,811] {processor.py:171} INFO - Processing /home/airflow/.local/lib/python3.7/site-packages/airflow/example_dags/example_dag_decorator.py took 0.449 seconds
[2022-02-07 17:34:11,111] {processor.py:163} INFO - Started process (PID=1427) to work on /home/airflow/.local/lib/python3.7/site-packages/airflow/example_dags/example_dag_decorator.py
[2022-02-07 17:34:11,128] {processor.py:642} INFO - Processing file /home/airflow/.local/lib/python3.7/site-packages/airflow/example_dags/example_dag_decorator.py for tasks to queue
[2022-02-07 17:34:11,131] {logging_mixin.py:109} INFO - [2022-02-07 17:34:11,131] {dagbag.py:500} INFO - Filling up the DagBag from /home/airflow/.local/lib/python3.7/site-packages/airflow/example_dags/example_dag_decorator.py
[2022-02-07 17:34:11,290] {processor.py:654} INFO - DAG(s) dict_keys(['example_dag_decorator']) retrieved from /home/airflow/.local/lib/python3.7/site-packages/airflow/example_dags/example_dag_decorator.py
[2022-02-07 17:34:11,861] {logging_mixin.py:109} INFO - [2022-02-07 17:34:11,861] {dag.py:2396} INFO - Sync 1 DAGs
[2022-02-07 17:34:11,898] {logging_mixin.py:109} INFO - [2022-02-07 17:34:11,897] {dag.py:2935} INFO - Setting next_dagrun for example_dag_decorator to None
[2022-02-07 17:34:11,932] {processor.py:171} INFO - Processing /home/airflow/.local/lib/python3.7/site-packages/airflow/example_dags/example_dag_decorator.py took 0.833 seconds
[2022-02-07 17:34:42,169] {processor.py:163} INFO - Started process (PID=1485) to work on /home/airflow/.local/lib/python3.7/site-packages/airflow/example_dags/example_dag_decorator.py
[2022-02-07 17:34:42,172] {processor.py:642} INFO - Processing file /home/airflow/.local/lib/python3.7/site-packages/airflow/example_dags/example_dag_decorator.py for tasks to queue
[2022-02-07 17:34:42,175] {logging_mixin.py:109} INFO - [2022-02-07 17:34:42,174] {dagbag.py:500} INFO - Filling up the DagBag from /home/airflow/.local/lib/python3.7/site-packages/airflow/example_dags/example_dag_decorator.py
[2022-02-07 17:34:42,337] {processor.py:654} INFO - DAG(s) dict_keys(['example_dag_decorator']) retrieved from /home/airflow/.local/lib/python3.7/site-packages/airflow/example_dags/example_dag_decorator.py
[2022-02-07 17:34:42,723] {logging_mixin.py:109} INFO - [2022-02-07 17:34:42,723] {dag.py:2396} INFO - Sync 1 DAGs
[2022-02-07 17:34:42,741] {logging_mixin.py:109} INFO - [2022-02-07 17:34:42,741] {dag.py:2935} INFO - Setting next_dagrun for example_dag_decorator to None
[2022-02-07 17:34:42,758] {processor.py:171} INFO - Processing /home/airflow/.local/lib/python3.7/site-packages/airflow/example_dags/example_dag_decorator.py took 0.594 seconds
[2022-02-07 17:35:13,628] {processor.py:163} INFO - Started process (PID=1538) to work on /home/airflow/.local/lib/python3.7/site-packages/airflow/example_dags/example_dag_decorator.py
[2022-02-07 17:35:13,631] {processor.py:642} INFO - Processing file /home/airflow/.local/lib/python3.7/site-packages/airflow/example_dags/example_dag_decorator.py for tasks to queue
[2022-02-07 17:35:13,633] {logging_mixin.py:109} INFO - [2022-02-07 17:35:13,633] {dagbag.py:500} INFO - Filling up the DagBag from /home/airflow/.local/lib/python3.7/site-packages/airflow/example_dags/example_dag_decorator.py
[2022-02-07 17:35:13,705] {processor.py:654} INFO - DAG(s) dict_keys(['example_dag_decorator']) retrieved from /home/airflow/.local/lib/python3.7/site-packages/airflow/example_dags/example_dag_decorator.py
[2022-02-07 17:35:14,057] {logging_mixin.py:109} INFO - [2022-02-07 17:35:14,057] {dag.py:2396} INFO - Sync 1 DAGs
[2022-02-07 17:35:14,076] {logging_mixin.py:109} INFO - [2022-02-07 17:35:14,076] {dag.py:2935} INFO - Setting next_dagrun for example_dag_decorator to None
[2022-02-07 17:35:14,091] {processor.py:171} INFO - Processing /home/airflow/.local/lib/python3.7/site-packages/airflow/example_dags/example_dag_decorator.py took 0.469 seconds
[2022-02-07 17:35:44,467] {processor.py:163} INFO - Started process (PID=1592) to work on /home/airflow/.local/lib/python3.7/site-packages/airflow/example_dags/example_dag_decorator.py
[2022-02-07 17:35:44,469] {processor.py:642} INFO - Processing file /home/airflow/.local/lib/python3.7/site-packages/airflow/example_dags/example_dag_decorator.py for tasks to queue
[2022-02-07 17:35:44,471] {logging_mixin.py:109} INFO - [2022-02-07 17:35:44,471] {dagbag.py:500} INFO - Filling up the DagBag from /home/airflow/.local/lib/python3.7/site-packages/airflow/example_dags/example_dag_decorator.py
[2022-02-07 17:35:44,534] {processor.py:654} INFO - DAG(s) dict_keys(['example_dag_decorator']) retrieved from /home/airflow/.local/lib/python3.7/site-packages/airflow/example_dags/example_dag_decorator.py
[2022-02-07 17:35:45,054] {logging_mixin.py:109} INFO - [2022-02-07 17:35:45,054] {dag.py:2396} INFO - Sync 1 DAGs
[2022-02-07 17:35:45,071] {logging_mixin.py:109} INFO - [2022-02-07 17:35:45,071] {dag.py:2935} INFO - Setting next_dagrun for example_dag_decorator to None
[2022-02-07 17:35:45,088] {processor.py:171} INFO - Processing /home/airflow/.local/lib/python3.7/site-packages/airflow/example_dags/example_dag_decorator.py took 0.628 seconds
[2022-02-07 17:36:15,218] {processor.py:163} INFO - Started process (PID=1644) to work on /home/airflow/.local/lib/python3.7/site-packages/airflow/example_dags/example_dag_decorator.py
[2022-02-07 17:36:15,223] {processor.py:642} INFO - Processing file /home/airflow/.local/lib/python3.7/site-packages/airflow/example_dags/example_dag_decorator.py for tasks to queue
[2022-02-07 17:36:15,229] {logging_mixin.py:109} INFO - [2022-02-07 17:36:15,228] {dagbag.py:500} INFO - Filling up the DagBag from /home/airflow/.local/lib/python3.7/site-packages/airflow/example_dags/example_dag_decorator.py
[2022-02-07 17:36:15,333] {processor.py:654} INFO - DAG(s) dict_keys(['example_dag_decorator']) retrieved from /home/airflow/.local/lib/python3.7/site-packages/airflow/example_dags/example_dag_decorator.py
[2022-02-07 17:36:15,815] {logging_mixin.py:109} INFO - [2022-02-07 17:36:15,815] {dag.py:2396} INFO - Sync 1 DAGs
[2022-02-07 17:36:15,852] {logging_mixin.py:109} INFO - [2022-02-07 17:36:15,852] {dag.py:2935} INFO - Setting next_dagrun for example_dag_decorator to None
[2022-02-07 17:36:15,909] {processor.py:171} INFO - Processing /home/airflow/.local/lib/python3.7/site-packages/airflow/example_dags/example_dag_decorator.py took 0.709 seconds
[2022-02-07 17:36:46,199] {processor.py:163} INFO - Started process (PID=1708) to work on /home/airflow/.local/lib/python3.7/site-packages/airflow/example_dags/example_dag_decorator.py
[2022-02-07 17:36:46,213] {processor.py:642} INFO - Processing file /home/airflow/.local/lib/python3.7/site-packages/airflow/example_dags/example_dag_decorator.py for tasks to queue
[2022-02-07 17:36:46,218] {logging_mixin.py:109} INFO - [2022-02-07 17:36:46,218] {dagbag.py:500} INFO - Filling up the DagBag from /home/airflow/.local/lib/python3.7/site-packages/airflow/example_dags/example_dag_decorator.py
[2022-02-07 17:36:46,486] {processor.py:654} INFO - DAG(s) dict_keys(['example_dag_decorator']) retrieved from /home/airflow/.local/lib/python3.7/site-packages/airflow/example_dags/example_dag_decorator.py
[2022-02-07 17:36:46,862] {logging_mixin.py:109} INFO - [2022-02-07 17:36:46,862] {dag.py:2396} INFO - Sync 1 DAGs
[2022-02-07 17:36:46,887] {logging_mixin.py:109} INFO - [2022-02-07 17:36:46,886] {dag.py:2935} INFO - Setting next_dagrun for example_dag_decorator to None
[2022-02-07 17:36:46,909] {processor.py:171} INFO - Processing /home/airflow/.local/lib/python3.7/site-packages/airflow/example_dags/example_dag_decorator.py took 0.716 seconds
[2022-02-07 17:37:17,429] {processor.py:163} INFO - Started process (PID=1761) to work on /home/airflow/.local/lib/python3.7/site-packages/airflow/example_dags/example_dag_decorator.py
[2022-02-07 17:37:17,431] {processor.py:642} INFO - Processing file /home/airflow/.local/lib/python3.7/site-packages/airflow/example_dags/example_dag_decorator.py for tasks to queue
[2022-02-07 17:37:17,435] {logging_mixin.py:109} INFO - [2022-02-07 17:37:17,435] {dagbag.py:500} INFO - Filling up the DagBag from /home/airflow/.local/lib/python3.7/site-packages/airflow/example_dags/example_dag_decorator.py
[2022-02-07 17:37:17,744] {processor.py:654} INFO - DAG(s) dict_keys(['example_dag_decorator']) retrieved from /home/airflow/.local/lib/python3.7/site-packages/airflow/example_dags/example_dag_decorator.py
[2022-02-07 17:37:18,257] {logging_mixin.py:109} INFO - [2022-02-07 17:37:18,256] {dag.py:2396} INFO - Sync 1 DAGs
[2022-02-07 17:37:18,280] {logging_mixin.py:109} INFO - [2022-02-07 17:37:18,279] {dag.py:2935} INFO - Setting next_dagrun for example_dag_decorator to None
[2022-02-07 17:37:18,302] {processor.py:171} INFO - Processing /home/airflow/.local/lib/python3.7/site-packages/airflow/example_dags/example_dag_decorator.py took 0.880 seconds
[2022-02-07 17:37:48,475] {processor.py:163} INFO - Started process (PID=1816) to work on /home/airflow/.local/lib/python3.7/site-packages/airflow/example_dags/example_dag_decorator.py
[2022-02-07 17:37:48,483] {processor.py:642} INFO - Processing file /home/airflow/.local/lib/python3.7/site-packages/airflow/example_dags/example_dag_decorator.py for tasks to queue
[2022-02-07 17:37:48,489] {logging_mixin.py:109} INFO - [2022-02-07 17:37:48,488] {dagbag.py:500} INFO - Filling up the DagBag from /home/airflow/.local/lib/python3.7/site-packages/airflow/example_dags/example_dag_decorator.py
[2022-02-07 17:37:48,769] {processor.py:654} INFO - DAG(s) dict_keys(['example_dag_decorator']) retrieved from /home/airflow/.local/lib/python3.7/site-packages/airflow/example_dags/example_dag_decorator.py
[2022-02-07 17:37:49,156] {logging_mixin.py:109} INFO - [2022-02-07 17:37:49,156] {dag.py:2396} INFO - Sync 1 DAGs
[2022-02-07 17:37:49,192] {logging_mixin.py:109} INFO - [2022-02-07 17:37:49,191] {dag.py:2935} INFO - Setting next_dagrun for example_dag_decorator to None
[2022-02-07 17:37:49,217] {processor.py:171} INFO - Processing /home/airflow/.local/lib/python3.7/site-packages/airflow/example_dags/example_dag_decorator.py took 0.760 seconds
[2022-02-07 17:38:19,530] {processor.py:163} INFO - Started process (PID=1869) to work on /home/airflow/.local/lib/python3.7/site-packages/airflow/example_dags/example_dag_decorator.py
[2022-02-07 17:38:19,535] {processor.py:642} INFO - Processing file /home/airflow/.local/lib/python3.7/site-packages/airflow/example_dags/example_dag_decorator.py for tasks to queue
[2022-02-07 17:38:19,536] {logging_mixin.py:109} INFO - [2022-02-07 17:38:19,536] {dagbag.py:500} INFO - Filling up the DagBag from /home/airflow/.local/lib/python3.7/site-packages/airflow/example_dags/example_dag_decorator.py
[2022-02-07 17:38:19,691] {processor.py:654} INFO - DAG(s) dict_keys(['example_dag_decorator']) retrieved from /home/airflow/.local/lib/python3.7/site-packages/airflow/example_dags/example_dag_decorator.py
[2022-02-07 17:38:19,902] {logging_mixin.py:109} INFO - [2022-02-07 17:38:19,901] {dag.py:2396} INFO - Sync 1 DAGs
[2022-02-07 17:38:19,920] {logging_mixin.py:109} INFO - [2022-02-07 17:38:19,920] {dag.py:2935} INFO - Setting next_dagrun for example_dag_decorator to None
[2022-02-07 17:38:19,937] {processor.py:171} INFO - Processing /home/airflow/.local/lib/python3.7/site-packages/airflow/example_dags/example_dag_decorator.py took 0.413 seconds
[2022-02-07 17:38:50,194] {processor.py:163} INFO - Started process (PID=1923) to work on /home/airflow/.local/lib/python3.7/site-packages/airflow/example_dags/example_dag_decorator.py
[2022-02-07 17:38:50,197] {processor.py:642} INFO - Processing file /home/airflow/.local/lib/python3.7/site-packages/airflow/example_dags/example_dag_decorator.py for tasks to queue
[2022-02-07 17:38:50,199] {logging_mixin.py:109} INFO - [2022-02-07 17:38:50,199] {dagbag.py:500} INFO - Filling up the DagBag from /home/airflow/.local/lib/python3.7/site-packages/airflow/example_dags/example_dag_decorator.py
[2022-02-07 17:38:50,357] {processor.py:654} INFO - DAG(s) dict_keys(['example_dag_decorator']) retrieved from /home/airflow/.local/lib/python3.7/site-packages/airflow/example_dags/example_dag_decorator.py
[2022-02-07 17:38:50,576] {logging_mixin.py:109} INFO - [2022-02-07 17:38:50,575] {dag.py:2396} INFO - Sync 1 DAGs
[2022-02-07 17:38:50,593] {logging_mixin.py:109} INFO - [2022-02-07 17:38:50,593] {dag.py:2935} INFO - Setting next_dagrun for example_dag_decorator to None
[2022-02-07 17:38:50,610] {processor.py:171} INFO - Processing /home/airflow/.local/lib/python3.7/site-packages/airflow/example_dags/example_dag_decorator.py took 0.419 seconds
[2022-02-07 17:39:20,726] {processor.py:163} INFO - Started process (PID=1983) to work on /home/airflow/.local/lib/python3.7/site-packages/airflow/example_dags/example_dag_decorator.py
[2022-02-07 17:39:20,729] {processor.py:642} INFO - Processing file /home/airflow/.local/lib/python3.7/site-packages/airflow/example_dags/example_dag_decorator.py for tasks to queue
[2022-02-07 17:39:20,732] {logging_mixin.py:109} INFO - [2022-02-07 17:39:20,732] {dagbag.py:500} INFO - Filling up the DagBag from /home/airflow/.local/lib/python3.7/site-packages/airflow/example_dags/example_dag_decorator.py
[2022-02-07 17:39:20,917] {processor.py:654} INFO - DAG(s) dict_keys(['example_dag_decorator']) retrieved from /home/airflow/.local/lib/python3.7/site-packages/airflow/example_dags/example_dag_decorator.py
[2022-02-07 17:39:21,174] {logging_mixin.py:109} INFO - [2022-02-07 17:39:21,173] {dag.py:2396} INFO - Sync 1 DAGs
[2022-02-07 17:39:21,215] {logging_mixin.py:109} INFO - [2022-02-07 17:39:21,214] {dag.py:2935} INFO - Setting next_dagrun for example_dag_decorator to None
[2022-02-07 17:39:21,246] {processor.py:171} INFO - Processing /home/airflow/.local/lib/python3.7/site-packages/airflow/example_dags/example_dag_decorator.py took 0.525 seconds
