[2022-02-07 17:23:34,845] {processor.py:163} INFO - Started process (PID=219) to work on /home/airflow/.local/lib/python3.7/site-packages/airflow/example_dags/example_python_operator.py
[2022-02-07 17:23:34,850] {processor.py:642} INFO - Processing file /home/airflow/.local/lib/python3.7/site-packages/airflow/example_dags/example_python_operator.py for tasks to queue
[2022-02-07 17:23:34,853] {logging_mixin.py:109} INFO - [2022-02-07 17:23:34,852] {dagbag.py:500} INFO - Filling up the DagBag from /home/airflow/.local/lib/python3.7/site-packages/airflow/example_dags/example_python_operator.py
[2022-02-07 17:23:34,952] {processor.py:654} INFO - DAG(s) dict_keys(['example_python_operator']) retrieved from /home/airflow/.local/lib/python3.7/site-packages/airflow/example_dags/example_python_operator.py
[2022-02-07 17:23:37,548] {logging_mixin.py:109} INFO - [2022-02-07 17:23:37,548] {manager.py:496} INFO - Created Permission View: can read on DAG:example_python_operator
[2022-02-07 17:23:37,570] {logging_mixin.py:109} INFO - [2022-02-07 17:23:37,570] {manager.py:496} INFO - Created Permission View: can edit on DAG:example_python_operator
[2022-02-07 17:23:37,572] {logging_mixin.py:109} INFO - [2022-02-07 17:23:37,571] {dag.py:2396} INFO - Sync 1 DAGs
[2022-02-07 17:23:37,585] {logging_mixin.py:109} INFO - [2022-02-07 17:23:37,584] {dag.py:2415} INFO - Creating ORM DAG for example_python_operator
[2022-02-07 17:23:37,602] {logging_mixin.py:109} INFO - [2022-02-07 17:23:37,602] {dag.py:2935} INFO - Setting next_dagrun for example_python_operator to None
[2022-02-07 17:23:37,643] {processor.py:171} INFO - Processing /home/airflow/.local/lib/python3.7/site-packages/airflow/example_dags/example_python_operator.py took 2.842 seconds
[2022-02-07 17:24:07,925] {processor.py:163} INFO - Started process (PID=279) to work on /home/airflow/.local/lib/python3.7/site-packages/airflow/example_dags/example_python_operator.py
[2022-02-07 17:24:07,928] {processor.py:642} INFO - Processing file /home/airflow/.local/lib/python3.7/site-packages/airflow/example_dags/example_python_operator.py for tasks to queue
[2022-02-07 17:24:07,930] {logging_mixin.py:109} INFO - [2022-02-07 17:24:07,930] {dagbag.py:500} INFO - Filling up the DagBag from /home/airflow/.local/lib/python3.7/site-packages/airflow/example_dags/example_python_operator.py
[2022-02-07 17:24:07,986] {processor.py:654} INFO - DAG(s) dict_keys(['example_python_operator']) retrieved from /home/airflow/.local/lib/python3.7/site-packages/airflow/example_dags/example_python_operator.py
[2022-02-07 17:24:08,002] {logging_mixin.py:109} INFO - [2022-02-07 17:24:08,002] {dag.py:2396} INFO - Sync 1 DAGs
[2022-02-07 17:24:08,028] {logging_mixin.py:109} INFO - [2022-02-07 17:24:08,027] {dag.py:2935} INFO - Setting next_dagrun for example_python_operator to None
[2022-02-07 17:24:08,049] {processor.py:171} INFO - Processing /home/airflow/.local/lib/python3.7/site-packages/airflow/example_dags/example_python_operator.py took 0.132 seconds
[2022-02-07 17:24:38,933] {processor.py:163} INFO - Started process (PID=342) to work on /home/airflow/.local/lib/python3.7/site-packages/airflow/example_dags/example_python_operator.py
[2022-02-07 17:24:38,938] {processor.py:642} INFO - Processing file /home/airflow/.local/lib/python3.7/site-packages/airflow/example_dags/example_python_operator.py for tasks to queue
[2022-02-07 17:24:38,949] {logging_mixin.py:109} INFO - [2022-02-07 17:24:38,948] {dagbag.py:500} INFO - Filling up the DagBag from /home/airflow/.local/lib/python3.7/site-packages/airflow/example_dags/example_python_operator.py
[2022-02-07 17:24:39,146] {processor.py:654} INFO - DAG(s) dict_keys(['example_python_operator']) retrieved from /home/airflow/.local/lib/python3.7/site-packages/airflow/example_dags/example_python_operator.py
[2022-02-07 17:24:39,175] {logging_mixin.py:109} INFO - [2022-02-07 17:24:39,175] {dag.py:2396} INFO - Sync 1 DAGs
[2022-02-07 17:24:39,217] {logging_mixin.py:109} INFO - [2022-02-07 17:24:39,217] {dag.py:2935} INFO - Setting next_dagrun for example_python_operator to None
[2022-02-07 17:24:39,242] {processor.py:171} INFO - Processing /home/airflow/.local/lib/python3.7/site-packages/airflow/example_dags/example_python_operator.py took 0.333 seconds
[2022-02-07 17:25:10,184] {processor.py:163} INFO - Started process (PID=395) to work on /home/airflow/.local/lib/python3.7/site-packages/airflow/example_dags/example_python_operator.py
[2022-02-07 17:25:10,187] {processor.py:642} INFO - Processing file /home/airflow/.local/lib/python3.7/site-packages/airflow/example_dags/example_python_operator.py for tasks to queue
[2022-02-07 17:25:10,189] {logging_mixin.py:109} INFO - [2022-02-07 17:25:10,189] {dagbag.py:500} INFO - Filling up the DagBag from /home/airflow/.local/lib/python3.7/site-packages/airflow/example_dags/example_python_operator.py
[2022-02-07 17:25:10,260] {processor.py:654} INFO - DAG(s) dict_keys(['example_python_operator']) retrieved from /home/airflow/.local/lib/python3.7/site-packages/airflow/example_dags/example_python_operator.py
[2022-02-07 17:25:10,280] {logging_mixin.py:109} INFO - [2022-02-07 17:25:10,280] {dag.py:2396} INFO - Sync 1 DAGs
[2022-02-07 17:25:10,329] {logging_mixin.py:109} INFO - [2022-02-07 17:25:10,328] {dag.py:2935} INFO - Setting next_dagrun for example_python_operator to None
[2022-02-07 17:25:10,354] {processor.py:171} INFO - Processing /home/airflow/.local/lib/python3.7/site-packages/airflow/example_dags/example_python_operator.py took 0.176 seconds
[2022-02-07 17:25:40,579] {processor.py:163} INFO - Started process (PID=446) to work on /home/airflow/.local/lib/python3.7/site-packages/airflow/example_dags/example_python_operator.py
[2022-02-07 17:25:40,582] {processor.py:642} INFO - Processing file /home/airflow/.local/lib/python3.7/site-packages/airflow/example_dags/example_python_operator.py for tasks to queue
[2022-02-07 17:25:40,584] {logging_mixin.py:109} INFO - [2022-02-07 17:25:40,584] {dagbag.py:500} INFO - Filling up the DagBag from /home/airflow/.local/lib/python3.7/site-packages/airflow/example_dags/example_python_operator.py
[2022-02-07 17:25:40,700] {processor.py:654} INFO - DAG(s) dict_keys(['example_python_operator']) retrieved from /home/airflow/.local/lib/python3.7/site-packages/airflow/example_dags/example_python_operator.py
[2022-02-07 17:25:40,721] {logging_mixin.py:109} INFO - [2022-02-07 17:25:40,721] {dag.py:2396} INFO - Sync 1 DAGs
[2022-02-07 17:25:40,757] {logging_mixin.py:109} INFO - [2022-02-07 17:25:40,757] {dag.py:2935} INFO - Setting next_dagrun for example_python_operator to None
[2022-02-07 17:25:40,797] {processor.py:171} INFO - Processing /home/airflow/.local/lib/python3.7/site-packages/airflow/example_dags/example_python_operator.py took 0.222 seconds
[2022-02-07 17:26:11,414] {processor.py:163} INFO - Started process (PID=502) to work on /home/airflow/.local/lib/python3.7/site-packages/airflow/example_dags/example_python_operator.py
[2022-02-07 17:26:11,416] {processor.py:642} INFO - Processing file /home/airflow/.local/lib/python3.7/site-packages/airflow/example_dags/example_python_operator.py for tasks to queue
[2022-02-07 17:26:11,419] {logging_mixin.py:109} INFO - [2022-02-07 17:26:11,418] {dagbag.py:500} INFO - Filling up the DagBag from /home/airflow/.local/lib/python3.7/site-packages/airflow/example_dags/example_python_operator.py
[2022-02-07 17:26:11,473] {processor.py:654} INFO - DAG(s) dict_keys(['example_python_operator']) retrieved from /home/airflow/.local/lib/python3.7/site-packages/airflow/example_dags/example_python_operator.py
[2022-02-07 17:26:11,488] {logging_mixin.py:109} INFO - [2022-02-07 17:26:11,488] {dag.py:2396} INFO - Sync 1 DAGs
[2022-02-07 17:26:11,511] {logging_mixin.py:109} INFO - [2022-02-07 17:26:11,511] {dag.py:2935} INFO - Setting next_dagrun for example_python_operator to None
[2022-02-07 17:26:11,539] {processor.py:171} INFO - Processing /home/airflow/.local/lib/python3.7/site-packages/airflow/example_dags/example_python_operator.py took 0.129 seconds
[2022-02-07 17:26:42,108] {processor.py:163} INFO - Started process (PID=563) to work on /home/airflow/.local/lib/python3.7/site-packages/airflow/example_dags/example_python_operator.py
[2022-02-07 17:26:42,115] {processor.py:642} INFO - Processing file /home/airflow/.local/lib/python3.7/site-packages/airflow/example_dags/example_python_operator.py for tasks to queue
[2022-02-07 17:26:42,118] {logging_mixin.py:109} INFO - [2022-02-07 17:26:42,118] {dagbag.py:500} INFO - Filling up the DagBag from /home/airflow/.local/lib/python3.7/site-packages/airflow/example_dags/example_python_operator.py
[2022-02-07 17:26:42,214] {processor.py:654} INFO - DAG(s) dict_keys(['example_python_operator']) retrieved from /home/airflow/.local/lib/python3.7/site-packages/airflow/example_dags/example_python_operator.py
[2022-02-07 17:26:42,243] {logging_mixin.py:109} INFO - [2022-02-07 17:26:42,243] {dag.py:2396} INFO - Sync 1 DAGs
[2022-02-07 17:26:42,289] {logging_mixin.py:109} INFO - [2022-02-07 17:26:42,288] {dag.py:2935} INFO - Setting next_dagrun for example_python_operator to None
[2022-02-07 17:26:42,318] {processor.py:171} INFO - Processing /home/airflow/.local/lib/python3.7/site-packages/airflow/example_dags/example_python_operator.py took 0.219 seconds
[2022-02-07 17:27:12,623] {processor.py:163} INFO - Started process (PID=616) to work on /home/airflow/.local/lib/python3.7/site-packages/airflow/example_dags/example_python_operator.py
[2022-02-07 17:27:12,629] {processor.py:642} INFO - Processing file /home/airflow/.local/lib/python3.7/site-packages/airflow/example_dags/example_python_operator.py for tasks to queue
[2022-02-07 17:27:12,634] {logging_mixin.py:109} INFO - [2022-02-07 17:27:12,634] {dagbag.py:500} INFO - Filling up the DagBag from /home/airflow/.local/lib/python3.7/site-packages/airflow/example_dags/example_python_operator.py
[2022-02-07 17:27:12,693] {processor.py:654} INFO - DAG(s) dict_keys(['example_python_operator']) retrieved from /home/airflow/.local/lib/python3.7/site-packages/airflow/example_dags/example_python_operator.py
[2022-02-07 17:27:12,717] {logging_mixin.py:109} INFO - [2022-02-07 17:27:12,716] {dag.py:2396} INFO - Sync 1 DAGs
[2022-02-07 17:27:12,746] {logging_mixin.py:109} INFO - [2022-02-07 17:27:12,746] {dag.py:2935} INFO - Setting next_dagrun for example_python_operator to None
[2022-02-07 17:27:12,767] {processor.py:171} INFO - Processing /home/airflow/.local/lib/python3.7/site-packages/airflow/example_dags/example_python_operator.py took 0.149 seconds
[2022-02-07 17:27:43,438] {processor.py:163} INFO - Started process (PID=670) to work on /home/airflow/.local/lib/python3.7/site-packages/airflow/example_dags/example_python_operator.py
[2022-02-07 17:27:43,442] {processor.py:642} INFO - Processing file /home/airflow/.local/lib/python3.7/site-packages/airflow/example_dags/example_python_operator.py for tasks to queue
[2022-02-07 17:27:43,446] {logging_mixin.py:109} INFO - [2022-02-07 17:27:43,446] {dagbag.py:500} INFO - Filling up the DagBag from /home/airflow/.local/lib/python3.7/site-packages/airflow/example_dags/example_python_operator.py
[2022-02-07 17:27:43,516] {processor.py:654} INFO - DAG(s) dict_keys(['example_python_operator']) retrieved from /home/airflow/.local/lib/python3.7/site-packages/airflow/example_dags/example_python_operator.py
[2022-02-07 17:27:43,532] {logging_mixin.py:109} INFO - [2022-02-07 17:27:43,532] {dag.py:2396} INFO - Sync 1 DAGs
[2022-02-07 17:27:43,555] {logging_mixin.py:109} INFO - [2022-02-07 17:27:43,555] {dag.py:2935} INFO - Setting next_dagrun for example_python_operator to None
[2022-02-07 17:27:43,570] {processor.py:171} INFO - Processing /home/airflow/.local/lib/python3.7/site-packages/airflow/example_dags/example_python_operator.py took 0.136 seconds
[2022-02-07 17:28:14,111] {processor.py:163} INFO - Started process (PID=727) to work on /home/airflow/.local/lib/python3.7/site-packages/airflow/example_dags/example_python_operator.py
[2022-02-07 17:28:14,116] {processor.py:642} INFO - Processing file /home/airflow/.local/lib/python3.7/site-packages/airflow/example_dags/example_python_operator.py for tasks to queue
[2022-02-07 17:28:14,119] {logging_mixin.py:109} INFO - [2022-02-07 17:28:14,119] {dagbag.py:500} INFO - Filling up the DagBag from /home/airflow/.local/lib/python3.7/site-packages/airflow/example_dags/example_python_operator.py
[2022-02-07 17:28:14,192] {processor.py:654} INFO - DAG(s) dict_keys(['example_python_operator']) retrieved from /home/airflow/.local/lib/python3.7/site-packages/airflow/example_dags/example_python_operator.py
[2022-02-07 17:28:14,226] {logging_mixin.py:109} INFO - [2022-02-07 17:28:14,225] {dag.py:2396} INFO - Sync 1 DAGs
[2022-02-07 17:28:14,281] {logging_mixin.py:109} INFO - [2022-02-07 17:28:14,280] {dag.py:2935} INFO - Setting next_dagrun for example_python_operator to None
[2022-02-07 17:28:14,315] {processor.py:171} INFO - Processing /home/airflow/.local/lib/python3.7/site-packages/airflow/example_dags/example_python_operator.py took 0.209 seconds
[2022-02-07 17:28:44,469] {processor.py:163} INFO - Started process (PID=778) to work on /home/airflow/.local/lib/python3.7/site-packages/airflow/example_dags/example_python_operator.py
[2022-02-07 17:28:44,472] {processor.py:642} INFO - Processing file /home/airflow/.local/lib/python3.7/site-packages/airflow/example_dags/example_python_operator.py for tasks to queue
[2022-02-07 17:28:44,474] {logging_mixin.py:109} INFO - [2022-02-07 17:28:44,473] {dagbag.py:500} INFO - Filling up the DagBag from /home/airflow/.local/lib/python3.7/site-packages/airflow/example_dags/example_python_operator.py
[2022-02-07 17:28:44,530] {processor.py:654} INFO - DAG(s) dict_keys(['example_python_operator']) retrieved from /home/airflow/.local/lib/python3.7/site-packages/airflow/example_dags/example_python_operator.py
[2022-02-07 17:28:44,547] {logging_mixin.py:109} INFO - [2022-02-07 17:28:44,547] {dag.py:2396} INFO - Sync 1 DAGs
[2022-02-07 17:28:44,570] {logging_mixin.py:109} INFO - [2022-02-07 17:28:44,570] {dag.py:2935} INFO - Setting next_dagrun for example_python_operator to None
[2022-02-07 17:28:44,585] {processor.py:171} INFO - Processing /home/airflow/.local/lib/python3.7/site-packages/airflow/example_dags/example_python_operator.py took 0.121 seconds
[2022-02-07 17:29:15,535] {processor.py:163} INFO - Started process (PID=840) to work on /home/airflow/.local/lib/python3.7/site-packages/airflow/example_dags/example_python_operator.py
[2022-02-07 17:29:15,538] {processor.py:642} INFO - Processing file /home/airflow/.local/lib/python3.7/site-packages/airflow/example_dags/example_python_operator.py for tasks to queue
[2022-02-07 17:29:15,540] {logging_mixin.py:109} INFO - [2022-02-07 17:29:15,540] {dagbag.py:500} INFO - Filling up the DagBag from /home/airflow/.local/lib/python3.7/site-packages/airflow/example_dags/example_python_operator.py
[2022-02-07 17:29:15,602] {processor.py:654} INFO - DAG(s) dict_keys(['example_python_operator']) retrieved from /home/airflow/.local/lib/python3.7/site-packages/airflow/example_dags/example_python_operator.py
[2022-02-07 17:29:15,625] {logging_mixin.py:109} INFO - [2022-02-07 17:29:15,624] {dag.py:2396} INFO - Sync 1 DAGs
[2022-02-07 17:29:15,650] {logging_mixin.py:109} INFO - [2022-02-07 17:29:15,650] {dag.py:2935} INFO - Setting next_dagrun for example_python_operator to None
[2022-02-07 17:29:15,677] {processor.py:171} INFO - Processing /home/airflow/.local/lib/python3.7/site-packages/airflow/example_dags/example_python_operator.py took 0.148 seconds
[2022-02-07 17:29:46,784] {processor.py:163} INFO - Started process (PID=910) to work on /home/airflow/.local/lib/python3.7/site-packages/airflow/example_dags/example_python_operator.py
[2022-02-07 17:29:46,787] {processor.py:642} INFO - Processing file /home/airflow/.local/lib/python3.7/site-packages/airflow/example_dags/example_python_operator.py for tasks to queue
[2022-02-07 17:29:46,795] {logging_mixin.py:109} INFO - [2022-02-07 17:29:46,795] {dagbag.py:500} INFO - Filling up the DagBag from /home/airflow/.local/lib/python3.7/site-packages/airflow/example_dags/example_python_operator.py
[2022-02-07 17:29:46,996] {processor.py:654} INFO - DAG(s) dict_keys(['example_python_operator']) retrieved from /home/airflow/.local/lib/python3.7/site-packages/airflow/example_dags/example_python_operator.py
[2022-02-07 17:29:47,026] {logging_mixin.py:109} INFO - [2022-02-07 17:29:47,026] {dag.py:2396} INFO - Sync 1 DAGs
[2022-02-07 17:29:47,062] {logging_mixin.py:109} INFO - [2022-02-07 17:29:47,062] {dag.py:2935} INFO - Setting next_dagrun for example_python_operator to None
[2022-02-07 17:29:47,089] {processor.py:171} INFO - Processing /home/airflow/.local/lib/python3.7/site-packages/airflow/example_dags/example_python_operator.py took 0.334 seconds
[2022-02-07 17:30:17,778] {processor.py:163} INFO - Started process (PID=969) to work on /home/airflow/.local/lib/python3.7/site-packages/airflow/example_dags/example_python_operator.py
[2022-02-07 17:30:17,782] {processor.py:642} INFO - Processing file /home/airflow/.local/lib/python3.7/site-packages/airflow/example_dags/example_python_operator.py for tasks to queue
[2022-02-07 17:30:17,787] {logging_mixin.py:109} INFO - [2022-02-07 17:30:17,786] {dagbag.py:500} INFO - Filling up the DagBag from /home/airflow/.local/lib/python3.7/site-packages/airflow/example_dags/example_python_operator.py
[2022-02-07 17:30:17,926] {processor.py:654} INFO - DAG(s) dict_keys(['example_python_operator']) retrieved from /home/airflow/.local/lib/python3.7/site-packages/airflow/example_dags/example_python_operator.py
[2022-02-07 17:30:17,971] {logging_mixin.py:109} INFO - [2022-02-07 17:30:17,971] {dag.py:2396} INFO - Sync 1 DAGs
[2022-02-07 17:30:18,008] {logging_mixin.py:109} INFO - [2022-02-07 17:30:18,007] {dag.py:2935} INFO - Setting next_dagrun for example_python_operator to None
[2022-02-07 17:30:18,030] {processor.py:171} INFO - Processing /home/airflow/.local/lib/python3.7/site-packages/airflow/example_dags/example_python_operator.py took 0.274 seconds
[2022-02-07 17:30:49,194] {processor.py:163} INFO - Started process (PID=1027) to work on /home/airflow/.local/lib/python3.7/site-packages/airflow/example_dags/example_python_operator.py
[2022-02-07 17:30:49,196] {processor.py:642} INFO - Processing file /home/airflow/.local/lib/python3.7/site-packages/airflow/example_dags/example_python_operator.py for tasks to queue
[2022-02-07 17:30:49,198] {logging_mixin.py:109} INFO - [2022-02-07 17:30:49,198] {dagbag.py:500} INFO - Filling up the DagBag from /home/airflow/.local/lib/python3.7/site-packages/airflow/example_dags/example_python_operator.py
[2022-02-07 17:30:49,252] {processor.py:654} INFO - DAG(s) dict_keys(['example_python_operator']) retrieved from /home/airflow/.local/lib/python3.7/site-packages/airflow/example_dags/example_python_operator.py
[2022-02-07 17:30:49,278] {logging_mixin.py:109} INFO - [2022-02-07 17:30:49,278] {dag.py:2396} INFO - Sync 1 DAGs
[2022-02-07 17:30:49,314] {logging_mixin.py:109} INFO - [2022-02-07 17:30:49,314] {dag.py:2935} INFO - Setting next_dagrun for example_python_operator to None
[2022-02-07 17:30:49,334] {processor.py:171} INFO - Processing /home/airflow/.local/lib/python3.7/site-packages/airflow/example_dags/example_python_operator.py took 0.144 seconds
[2022-02-07 17:31:20,210] {processor.py:163} INFO - Started process (PID=1081) to work on /home/airflow/.local/lib/python3.7/site-packages/airflow/example_dags/example_python_operator.py
[2022-02-07 17:31:20,212] {processor.py:642} INFO - Processing file /home/airflow/.local/lib/python3.7/site-packages/airflow/example_dags/example_python_operator.py for tasks to queue
[2022-02-07 17:31:20,215] {logging_mixin.py:109} INFO - [2022-02-07 17:31:20,214] {dagbag.py:500} INFO - Filling up the DagBag from /home/airflow/.local/lib/python3.7/site-packages/airflow/example_dags/example_python_operator.py
[2022-02-07 17:31:20,288] {processor.py:654} INFO - DAG(s) dict_keys(['example_python_operator']) retrieved from /home/airflow/.local/lib/python3.7/site-packages/airflow/example_dags/example_python_operator.py
[2022-02-07 17:31:20,313] {logging_mixin.py:109} INFO - [2022-02-07 17:31:20,313] {dag.py:2396} INFO - Sync 1 DAGs
[2022-02-07 17:31:20,342] {logging_mixin.py:109} INFO - [2022-02-07 17:31:20,342] {dag.py:2935} INFO - Setting next_dagrun for example_python_operator to None
[2022-02-07 17:31:20,362] {processor.py:171} INFO - Processing /home/airflow/.local/lib/python3.7/site-packages/airflow/example_dags/example_python_operator.py took 0.157 seconds
[2022-02-07 17:31:50,541] {processor.py:163} INFO - Started process (PID=1141) to work on /home/airflow/.local/lib/python3.7/site-packages/airflow/example_dags/example_python_operator.py
[2022-02-07 17:31:50,551] {processor.py:642} INFO - Processing file /home/airflow/.local/lib/python3.7/site-packages/airflow/example_dags/example_python_operator.py for tasks to queue
[2022-02-07 17:31:50,561] {logging_mixin.py:109} INFO - [2022-02-07 17:31:50,561] {dagbag.py:500} INFO - Filling up the DagBag from /home/airflow/.local/lib/python3.7/site-packages/airflow/example_dags/example_python_operator.py
[2022-02-07 17:31:50,659] {processor.py:654} INFO - DAG(s) dict_keys(['example_python_operator']) retrieved from /home/airflow/.local/lib/python3.7/site-packages/airflow/example_dags/example_python_operator.py
[2022-02-07 17:31:50,685] {logging_mixin.py:109} INFO - [2022-02-07 17:31:50,685] {dag.py:2396} INFO - Sync 1 DAGs
[2022-02-07 17:31:50,731] {logging_mixin.py:109} INFO - [2022-02-07 17:31:50,731] {dag.py:2935} INFO - Setting next_dagrun for example_python_operator to None
[2022-02-07 17:31:50,752] {processor.py:171} INFO - Processing /home/airflow/.local/lib/python3.7/site-packages/airflow/example_dags/example_python_operator.py took 0.217 seconds
[2022-02-07 17:32:21,123] {processor.py:163} INFO - Started process (PID=1217) to work on /home/airflow/.local/lib/python3.7/site-packages/airflow/example_dags/example_python_operator.py
[2022-02-07 17:32:21,129] {processor.py:642} INFO - Processing file /home/airflow/.local/lib/python3.7/site-packages/airflow/example_dags/example_python_operator.py for tasks to queue
[2022-02-07 17:32:21,132] {logging_mixin.py:109} INFO - [2022-02-07 17:32:21,132] {dagbag.py:500} INFO - Filling up the DagBag from /home/airflow/.local/lib/python3.7/site-packages/airflow/example_dags/example_python_operator.py
[2022-02-07 17:32:21,272] {processor.py:654} INFO - DAG(s) dict_keys(['example_python_operator']) retrieved from /home/airflow/.local/lib/python3.7/site-packages/airflow/example_dags/example_python_operator.py
[2022-02-07 17:32:21,313] {logging_mixin.py:109} INFO - [2022-02-07 17:32:21,312] {dag.py:2396} INFO - Sync 1 DAGs
[2022-02-07 17:32:21,381] {logging_mixin.py:109} INFO - [2022-02-07 17:32:21,381] {dag.py:2935} INFO - Setting next_dagrun for example_python_operator to None
[2022-02-07 17:32:21,452] {processor.py:171} INFO - Processing /home/airflow/.local/lib/python3.7/site-packages/airflow/example_dags/example_python_operator.py took 0.336 seconds
[2022-02-07 17:32:52,423] {processor.py:163} INFO - Started process (PID=1276) to work on /home/airflow/.local/lib/python3.7/site-packages/airflow/example_dags/example_python_operator.py
[2022-02-07 17:32:52,429] {processor.py:642} INFO - Processing file /home/airflow/.local/lib/python3.7/site-packages/airflow/example_dags/example_python_operator.py for tasks to queue
[2022-02-07 17:32:52,433] {logging_mixin.py:109} INFO - [2022-02-07 17:32:52,432] {dagbag.py:500} INFO - Filling up the DagBag from /home/airflow/.local/lib/python3.7/site-packages/airflow/example_dags/example_python_operator.py
[2022-02-07 17:32:52,530] {processor.py:654} INFO - DAG(s) dict_keys(['example_python_operator']) retrieved from /home/airflow/.local/lib/python3.7/site-packages/airflow/example_dags/example_python_operator.py
[2022-02-07 17:32:52,562] {logging_mixin.py:109} INFO - [2022-02-07 17:32:52,561] {dag.py:2396} INFO - Sync 1 DAGs
[2022-02-07 17:32:52,593] {logging_mixin.py:109} INFO - [2022-02-07 17:32:52,593] {dag.py:2935} INFO - Setting next_dagrun for example_python_operator to None
[2022-02-07 17:32:52,616] {processor.py:171} INFO - Processing /home/airflow/.local/lib/python3.7/site-packages/airflow/example_dags/example_python_operator.py took 0.207 seconds
[2022-02-07 17:33:22,744] {processor.py:163} INFO - Started process (PID=1332) to work on /home/airflow/.local/lib/python3.7/site-packages/airflow/example_dags/example_python_operator.py
[2022-02-07 17:33:22,750] {processor.py:642} INFO - Processing file /home/airflow/.local/lib/python3.7/site-packages/airflow/example_dags/example_python_operator.py for tasks to queue
[2022-02-07 17:33:22,753] {logging_mixin.py:109} INFO - [2022-02-07 17:33:22,752] {dagbag.py:500} INFO - Filling up the DagBag from /home/airflow/.local/lib/python3.7/site-packages/airflow/example_dags/example_python_operator.py
[2022-02-07 17:33:22,828] {processor.py:654} INFO - DAG(s) dict_keys(['example_python_operator']) retrieved from /home/airflow/.local/lib/python3.7/site-packages/airflow/example_dags/example_python_operator.py
[2022-02-07 17:33:22,848] {logging_mixin.py:109} INFO - [2022-02-07 17:33:22,848] {dag.py:2396} INFO - Sync 1 DAGs
[2022-02-07 17:33:22,889] {logging_mixin.py:109} INFO - [2022-02-07 17:33:22,888] {dag.py:2935} INFO - Setting next_dagrun for example_python_operator to None
[2022-02-07 17:33:22,915] {processor.py:171} INFO - Processing /home/airflow/.local/lib/python3.7/site-packages/airflow/example_dags/example_python_operator.py took 0.177 seconds
[2022-02-07 17:33:53,145] {processor.py:163} INFO - Started process (PID=1386) to work on /home/airflow/.local/lib/python3.7/site-packages/airflow/example_dags/example_python_operator.py
[2022-02-07 17:33:53,147] {processor.py:642} INFO - Processing file /home/airflow/.local/lib/python3.7/site-packages/airflow/example_dags/example_python_operator.py for tasks to queue
[2022-02-07 17:33:53,149] {logging_mixin.py:109} INFO - [2022-02-07 17:33:53,149] {dagbag.py:500} INFO - Filling up the DagBag from /home/airflow/.local/lib/python3.7/site-packages/airflow/example_dags/example_python_operator.py
[2022-02-07 17:33:53,238] {processor.py:654} INFO - DAG(s) dict_keys(['example_python_operator']) retrieved from /home/airflow/.local/lib/python3.7/site-packages/airflow/example_dags/example_python_operator.py
[2022-02-07 17:33:53,253] {logging_mixin.py:109} INFO - [2022-02-07 17:33:53,253] {dag.py:2396} INFO - Sync 1 DAGs
[2022-02-07 17:33:53,284] {logging_mixin.py:109} INFO - [2022-02-07 17:33:53,284] {dag.py:2935} INFO - Setting next_dagrun for example_python_operator to None
[2022-02-07 17:33:53,309] {processor.py:171} INFO - Processing /home/airflow/.local/lib/python3.7/site-packages/airflow/example_dags/example_python_operator.py took 0.169 seconds
[2022-02-07 17:34:24,092] {processor.py:163} INFO - Started process (PID=1453) to work on /home/airflow/.local/lib/python3.7/site-packages/airflow/example_dags/example_python_operator.py
[2022-02-07 17:34:24,095] {processor.py:642} INFO - Processing file /home/airflow/.local/lib/python3.7/site-packages/airflow/example_dags/example_python_operator.py for tasks to queue
[2022-02-07 17:34:24,097] {logging_mixin.py:109} INFO - [2022-02-07 17:34:24,097] {dagbag.py:500} INFO - Filling up the DagBag from /home/airflow/.local/lib/python3.7/site-packages/airflow/example_dags/example_python_operator.py
[2022-02-07 17:34:24,170] {processor.py:654} INFO - DAG(s) dict_keys(['example_python_operator']) retrieved from /home/airflow/.local/lib/python3.7/site-packages/airflow/example_dags/example_python_operator.py
[2022-02-07 17:34:24,195] {logging_mixin.py:109} INFO - [2022-02-07 17:34:24,194] {dag.py:2396} INFO - Sync 1 DAGs
[2022-02-07 17:34:24,228] {logging_mixin.py:109} INFO - [2022-02-07 17:34:24,228] {dag.py:2935} INFO - Setting next_dagrun for example_python_operator to None
[2022-02-07 17:34:24,376] {processor.py:171} INFO - Processing /home/airflow/.local/lib/python3.7/site-packages/airflow/example_dags/example_python_operator.py took 0.290 seconds
[2022-02-07 17:34:54,457] {processor.py:163} INFO - Started process (PID=1512) to work on /home/airflow/.local/lib/python3.7/site-packages/airflow/example_dags/example_python_operator.py
[2022-02-07 17:34:54,462] {processor.py:642} INFO - Processing file /home/airflow/.local/lib/python3.7/site-packages/airflow/example_dags/example_python_operator.py for tasks to queue
[2022-02-07 17:34:54,468] {logging_mixin.py:109} INFO - [2022-02-07 17:34:54,467] {dagbag.py:500} INFO - Filling up the DagBag from /home/airflow/.local/lib/python3.7/site-packages/airflow/example_dags/example_python_operator.py
[2022-02-07 17:34:54,570] {processor.py:654} INFO - DAG(s) dict_keys(['example_python_operator']) retrieved from /home/airflow/.local/lib/python3.7/site-packages/airflow/example_dags/example_python_operator.py
[2022-02-07 17:34:54,605] {logging_mixin.py:109} INFO - [2022-02-07 17:34:54,605] {dag.py:2396} INFO - Sync 1 DAGs
[2022-02-07 17:34:54,847] {logging_mixin.py:109} INFO - [2022-02-07 17:34:54,847] {dag.py:2935} INFO - Setting next_dagrun for example_python_operator to None
[2022-02-07 17:34:54,863] {processor.py:171} INFO - Processing /home/airflow/.local/lib/python3.7/site-packages/airflow/example_dags/example_python_operator.py took 0.417 seconds
[2022-02-07 17:35:25,376] {processor.py:163} INFO - Started process (PID=1566) to work on /home/airflow/.local/lib/python3.7/site-packages/airflow/example_dags/example_python_operator.py
[2022-02-07 17:35:25,379] {processor.py:642} INFO - Processing file /home/airflow/.local/lib/python3.7/site-packages/airflow/example_dags/example_python_operator.py for tasks to queue
[2022-02-07 17:35:25,381] {logging_mixin.py:109} INFO - [2022-02-07 17:35:25,381] {dagbag.py:500} INFO - Filling up the DagBag from /home/airflow/.local/lib/python3.7/site-packages/airflow/example_dags/example_python_operator.py
[2022-02-07 17:35:25,445] {processor.py:654} INFO - DAG(s) dict_keys(['example_python_operator']) retrieved from /home/airflow/.local/lib/python3.7/site-packages/airflow/example_dags/example_python_operator.py
[2022-02-07 17:35:25,467] {logging_mixin.py:109} INFO - [2022-02-07 17:35:25,467] {dag.py:2396} INFO - Sync 1 DAGs
[2022-02-07 17:35:25,629] {logging_mixin.py:109} INFO - [2022-02-07 17:35:25,629] {dag.py:2935} INFO - Setting next_dagrun for example_python_operator to None
[2022-02-07 17:35:25,654] {processor.py:171} INFO - Processing /home/airflow/.local/lib/python3.7/site-packages/airflow/example_dags/example_python_operator.py took 0.288 seconds
[2022-02-07 17:35:56,143] {processor.py:163} INFO - Started process (PID=1620) to work on /home/airflow/.local/lib/python3.7/site-packages/airflow/example_dags/example_python_operator.py
[2022-02-07 17:35:56,146] {processor.py:642} INFO - Processing file /home/airflow/.local/lib/python3.7/site-packages/airflow/example_dags/example_python_operator.py for tasks to queue
[2022-02-07 17:35:56,147] {logging_mixin.py:109} INFO - [2022-02-07 17:35:56,147] {dagbag.py:500} INFO - Filling up the DagBag from /home/airflow/.local/lib/python3.7/site-packages/airflow/example_dags/example_python_operator.py
[2022-02-07 17:35:56,212] {processor.py:654} INFO - DAG(s) dict_keys(['example_python_operator']) retrieved from /home/airflow/.local/lib/python3.7/site-packages/airflow/example_dags/example_python_operator.py
[2022-02-07 17:35:56,231] {logging_mixin.py:109} INFO - [2022-02-07 17:35:56,231] {dag.py:2396} INFO - Sync 1 DAGs
[2022-02-07 17:35:56,379] {logging_mixin.py:109} INFO - [2022-02-07 17:35:56,379] {dag.py:2935} INFO - Setting next_dagrun for example_python_operator to None
[2022-02-07 17:35:56,394] {processor.py:171} INFO - Processing /home/airflow/.local/lib/python3.7/site-packages/airflow/example_dags/example_python_operator.py took 0.256 seconds
[2022-02-07 17:36:26,761] {processor.py:163} INFO - Started process (PID=1673) to work on /home/airflow/.local/lib/python3.7/site-packages/airflow/example_dags/example_python_operator.py
[2022-02-07 17:36:26,763] {processor.py:642} INFO - Processing file /home/airflow/.local/lib/python3.7/site-packages/airflow/example_dags/example_python_operator.py for tasks to queue
[2022-02-07 17:36:26,766] {logging_mixin.py:109} INFO - [2022-02-07 17:36:26,765] {dagbag.py:500} INFO - Filling up the DagBag from /home/airflow/.local/lib/python3.7/site-packages/airflow/example_dags/example_python_operator.py
[2022-02-07 17:36:26,831] {processor.py:654} INFO - DAG(s) dict_keys(['example_python_operator']) retrieved from /home/airflow/.local/lib/python3.7/site-packages/airflow/example_dags/example_python_operator.py
[2022-02-07 17:36:26,984] {logging_mixin.py:109} INFO - [2022-02-07 17:36:26,984] {dag.py:2396} INFO - Sync 1 DAGs
[2022-02-07 17:36:27,010] {logging_mixin.py:109} INFO - [2022-02-07 17:36:27,010] {dag.py:2935} INFO - Setting next_dagrun for example_python_operator to None
[2022-02-07 17:36:27,029] {processor.py:171} INFO - Processing /home/airflow/.local/lib/python3.7/site-packages/airflow/example_dags/example_python_operator.py took 0.275 seconds
[2022-02-07 17:36:57,833] {processor.py:163} INFO - Started process (PID=1725) to work on /home/airflow/.local/lib/python3.7/site-packages/airflow/example_dags/example_python_operator.py
[2022-02-07 17:36:57,838] {processor.py:642} INFO - Processing file /home/airflow/.local/lib/python3.7/site-packages/airflow/example_dags/example_python_operator.py for tasks to queue
[2022-02-07 17:36:57,840] {logging_mixin.py:109} INFO - [2022-02-07 17:36:57,840] {dagbag.py:500} INFO - Filling up the DagBag from /home/airflow/.local/lib/python3.7/site-packages/airflow/example_dags/example_python_operator.py
[2022-02-07 17:36:57,942] {processor.py:654} INFO - DAG(s) dict_keys(['example_python_operator']) retrieved from /home/airflow/.local/lib/python3.7/site-packages/airflow/example_dags/example_python_operator.py
[2022-02-07 17:36:58,166] {logging_mixin.py:109} INFO - [2022-02-07 17:36:58,165] {dag.py:2396} INFO - Sync 1 DAGs
[2022-02-07 17:36:58,212] {logging_mixin.py:109} INFO - [2022-02-07 17:36:58,205] {dag.py:2935} INFO - Setting next_dagrun for example_python_operator to None
[2022-02-07 17:36:58,259] {processor.py:171} INFO - Processing /home/airflow/.local/lib/python3.7/site-packages/airflow/example_dags/example_python_operator.py took 0.432 seconds
[2022-02-07 17:37:28,727] {processor.py:163} INFO - Started process (PID=1777) to work on /home/airflow/.local/lib/python3.7/site-packages/airflow/example_dags/example_python_operator.py
[2022-02-07 17:37:28,731] {processor.py:642} INFO - Processing file /home/airflow/.local/lib/python3.7/site-packages/airflow/example_dags/example_python_operator.py for tasks to queue
[2022-02-07 17:37:28,735] {logging_mixin.py:109} INFO - [2022-02-07 17:37:28,735] {dagbag.py:500} INFO - Filling up the DagBag from /home/airflow/.local/lib/python3.7/site-packages/airflow/example_dags/example_python_operator.py
[2022-02-07 17:37:28,818] {processor.py:654} INFO - DAG(s) dict_keys(['example_python_operator']) retrieved from /home/airflow/.local/lib/python3.7/site-packages/airflow/example_dags/example_python_operator.py
[2022-02-07 17:37:29,028] {logging_mixin.py:109} INFO - [2022-02-07 17:37:29,027] {dag.py:2396} INFO - Sync 1 DAGs
[2022-02-07 17:37:29,082] {logging_mixin.py:109} INFO - [2022-02-07 17:37:29,082] {dag.py:2935} INFO - Setting next_dagrun for example_python_operator to None
[2022-02-07 17:37:29,105] {processor.py:171} INFO - Processing /home/airflow/.local/lib/python3.7/site-packages/airflow/example_dags/example_python_operator.py took 0.388 seconds
[2022-02-07 17:37:59,967] {processor.py:163} INFO - Started process (PID=1842) to work on /home/airflow/.local/lib/python3.7/site-packages/airflow/example_dags/example_python_operator.py
[2022-02-07 17:37:59,970] {processor.py:642} INFO - Processing file /home/airflow/.local/lib/python3.7/site-packages/airflow/example_dags/example_python_operator.py for tasks to queue
[2022-02-07 17:37:59,973] {logging_mixin.py:109} INFO - [2022-02-07 17:37:59,973] {dagbag.py:500} INFO - Filling up the DagBag from /home/airflow/.local/lib/python3.7/site-packages/airflow/example_dags/example_python_operator.py
[2022-02-07 17:38:00,164] {processor.py:654} INFO - DAG(s) dict_keys(['example_python_operator']) retrieved from /home/airflow/.local/lib/python3.7/site-packages/airflow/example_dags/example_python_operator.py
[2022-02-07 17:38:00,181] {logging_mixin.py:109} INFO - [2022-02-07 17:38:00,180] {dag.py:2396} INFO - Sync 1 DAGs
[2022-02-07 17:38:00,201] {logging_mixin.py:109} INFO - [2022-02-07 17:38:00,201] {dag.py:2935} INFO - Setting next_dagrun for example_python_operator to None
[2022-02-07 17:38:00,229] {processor.py:171} INFO - Processing /home/airflow/.local/lib/python3.7/site-packages/airflow/example_dags/example_python_operator.py took 0.268 seconds
[2022-02-07 17:38:31,024] {processor.py:163} INFO - Started process (PID=1895) to work on /home/airflow/.local/lib/python3.7/site-packages/airflow/example_dags/example_python_operator.py
[2022-02-07 17:38:31,044] {processor.py:642} INFO - Processing file /home/airflow/.local/lib/python3.7/site-packages/airflow/example_dags/example_python_operator.py for tasks to queue
[2022-02-07 17:38:31,047] {logging_mixin.py:109} INFO - [2022-02-07 17:38:31,047] {dagbag.py:500} INFO - Filling up the DagBag from /home/airflow/.local/lib/python3.7/site-packages/airflow/example_dags/example_python_operator.py
[2022-02-07 17:38:31,276] {processor.py:654} INFO - DAG(s) dict_keys(['example_python_operator']) retrieved from /home/airflow/.local/lib/python3.7/site-packages/airflow/example_dags/example_python_operator.py
[2022-02-07 17:38:31,302] {logging_mixin.py:109} INFO - [2022-02-07 17:38:31,302] {dag.py:2396} INFO - Sync 1 DAGs
[2022-02-07 17:38:31,341] {logging_mixin.py:109} INFO - [2022-02-07 17:38:31,340] {dag.py:2935} INFO - Setting next_dagrun for example_python_operator to None
[2022-02-07 17:38:31,355] {processor.py:171} INFO - Processing /home/airflow/.local/lib/python3.7/site-packages/airflow/example_dags/example_python_operator.py took 0.336 seconds
[2022-02-07 17:39:01,600] {processor.py:163} INFO - Started process (PID=1949) to work on /home/airflow/.local/lib/python3.7/site-packages/airflow/example_dags/example_python_operator.py
[2022-02-07 17:39:01,603] {processor.py:642} INFO - Processing file /home/airflow/.local/lib/python3.7/site-packages/airflow/example_dags/example_python_operator.py for tasks to queue
[2022-02-07 17:39:01,606] {logging_mixin.py:109} INFO - [2022-02-07 17:39:01,605] {dagbag.py:500} INFO - Filling up the DagBag from /home/airflow/.local/lib/python3.7/site-packages/airflow/example_dags/example_python_operator.py
[2022-02-07 17:39:01,797] {processor.py:654} INFO - DAG(s) dict_keys(['example_python_operator']) retrieved from /home/airflow/.local/lib/python3.7/site-packages/airflow/example_dags/example_python_operator.py
[2022-02-07 17:39:01,825] {logging_mixin.py:109} INFO - [2022-02-07 17:39:01,825] {dag.py:2396} INFO - Sync 1 DAGs
[2022-02-07 17:39:01,856] {logging_mixin.py:109} INFO - [2022-02-07 17:39:01,855] {dag.py:2935} INFO - Setting next_dagrun for example_python_operator to None
[2022-02-07 17:39:01,871] {processor.py:171} INFO - Processing /home/airflow/.local/lib/python3.7/site-packages/airflow/example_dags/example_python_operator.py took 0.278 seconds
