[2022-02-07 17:23:11,206] {processor.py:163} INFO - Started process (PID=119) to work on /home/airflow/.local/lib/python3.7/site-packages/airflow/example_dags/example_xcomargs.py
[2022-02-07 17:23:11,209] {processor.py:642} INFO - Processing file /home/airflow/.local/lib/python3.7/site-packages/airflow/example_dags/example_xcomargs.py for tasks to queue
[2022-02-07 17:23:11,213] {logging_mixin.py:109} INFO - [2022-02-07 17:23:11,213] {dagbag.py:500} INFO - Filling up the DagBag from /home/airflow/.local/lib/python3.7/site-packages/airflow/example_dags/example_xcomargs.py
[2022-02-07 17:23:11,268] {processor.py:654} INFO - DAG(s) dict_keys(['example_xcom_args', 'example_xcom_args_with_operators']) retrieved from /home/airflow/.local/lib/python3.7/site-packages/airflow/example_dags/example_xcomargs.py
[2022-02-07 17:23:13,303] {logging_mixin.py:109} INFO - [2022-02-07 17:23:13,303] {manager.py:496} INFO - Created Permission View: can read on DAG:example_xcom_args
[2022-02-07 17:23:13,318] {logging_mixin.py:109} INFO - [2022-02-07 17:23:13,318] {manager.py:496} INFO - Created Permission View: can edit on DAG:example_xcom_args
[2022-02-07 17:23:13,344] {logging_mixin.py:109} INFO - [2022-02-07 17:23:13,344] {manager.py:496} INFO - Created Permission View: can read on DAG:example_xcom_args_with_operators
[2022-02-07 17:23:13,362] {logging_mixin.py:109} INFO - [2022-02-07 17:23:13,361] {manager.py:496} INFO - Created Permission View: can edit on DAG:example_xcom_args_with_operators
[2022-02-07 17:23:13,363] {logging_mixin.py:109} INFO - [2022-02-07 17:23:13,363] {dag.py:2396} INFO - Sync 2 DAGs
[2022-02-07 17:23:13,375] {logging_mixin.py:109} INFO - [2022-02-07 17:23:13,375] {dag.py:2415} INFO - Creating ORM DAG for example_xcom_args_with_operators
[2022-02-07 17:23:13,380] {logging_mixin.py:109} INFO - [2022-02-07 17:23:13,379] {dag.py:2415} INFO - Creating ORM DAG for example_xcom_args
[2022-02-07 17:23:13,396] {logging_mixin.py:109} INFO - [2022-02-07 17:23:13,396] {dag.py:2935} INFO - Setting next_dagrun for example_xcom_args to None
[2022-02-07 17:23:13,399] {logging_mixin.py:109} INFO - [2022-02-07 17:23:13,398] {dag.py:2935} INFO - Setting next_dagrun for example_xcom_args_with_operators to None
[2022-02-07 17:23:13,425] {processor.py:171} INFO - Processing /home/airflow/.local/lib/python3.7/site-packages/airflow/example_dags/example_xcomargs.py took 2.228 seconds
[2022-02-07 17:23:43,969] {processor.py:163} INFO - Started process (PID=252) to work on /home/airflow/.local/lib/python3.7/site-packages/airflow/example_dags/example_xcomargs.py
[2022-02-07 17:23:43,975] {processor.py:642} INFO - Processing file /home/airflow/.local/lib/python3.7/site-packages/airflow/example_dags/example_xcomargs.py for tasks to queue
[2022-02-07 17:23:43,979] {logging_mixin.py:109} INFO - [2022-02-07 17:23:43,979] {dagbag.py:500} INFO - Filling up the DagBag from /home/airflow/.local/lib/python3.7/site-packages/airflow/example_dags/example_xcomargs.py
[2022-02-07 17:23:44,072] {processor.py:654} INFO - DAG(s) dict_keys(['example_xcom_args', 'example_xcom_args_with_operators']) retrieved from /home/airflow/.local/lib/python3.7/site-packages/airflow/example_dags/example_xcomargs.py
[2022-02-07 17:23:44,530] {logging_mixin.py:109} INFO - [2022-02-07 17:23:44,529] {dag.py:2396} INFO - Sync 2 DAGs
[2022-02-07 17:23:44,557] {logging_mixin.py:109} INFO - [2022-02-07 17:23:44,557] {dag.py:2935} INFO - Setting next_dagrun for example_xcom_args to None
[2022-02-07 17:23:44,559] {logging_mixin.py:109} INFO - [2022-02-07 17:23:44,559] {dag.py:2935} INFO - Setting next_dagrun for example_xcom_args_with_operators to None
[2022-02-07 17:23:44,591] {processor.py:171} INFO - Processing /home/airflow/.local/lib/python3.7/site-packages/airflow/example_dags/example_xcomargs.py took 0.640 seconds
[2022-02-07 17:24:15,454] {processor.py:163} INFO - Started process (PID=304) to work on /home/airflow/.local/lib/python3.7/site-packages/airflow/example_dags/example_xcomargs.py
[2022-02-07 17:24:15,457] {processor.py:642} INFO - Processing file /home/airflow/.local/lib/python3.7/site-packages/airflow/example_dags/example_xcomargs.py for tasks to queue
[2022-02-07 17:24:15,460] {logging_mixin.py:109} INFO - [2022-02-07 17:24:15,460] {dagbag.py:500} INFO - Filling up the DagBag from /home/airflow/.local/lib/python3.7/site-packages/airflow/example_dags/example_xcomargs.py
[2022-02-07 17:24:15,513] {processor.py:654} INFO - DAG(s) dict_keys(['example_xcom_args', 'example_xcom_args_with_operators']) retrieved from /home/airflow/.local/lib/python3.7/site-packages/airflow/example_dags/example_xcomargs.py
[2022-02-07 17:24:15,914] {logging_mixin.py:109} INFO - [2022-02-07 17:24:15,914] {dag.py:2396} INFO - Sync 2 DAGs
[2022-02-07 17:24:15,940] {logging_mixin.py:109} INFO - [2022-02-07 17:24:15,939] {dag.py:2935} INFO - Setting next_dagrun for example_xcom_args to None
[2022-02-07 17:24:15,941] {logging_mixin.py:109} INFO - [2022-02-07 17:24:15,941] {dag.py:2935} INFO - Setting next_dagrun for example_xcom_args_with_operators to None
[2022-02-07 17:24:15,962] {processor.py:171} INFO - Processing /home/airflow/.local/lib/python3.7/site-packages/airflow/example_dags/example_xcomargs.py took 0.512 seconds
[2022-02-07 17:24:46,348] {processor.py:163} INFO - Started process (PID=355) to work on /home/airflow/.local/lib/python3.7/site-packages/airflow/example_dags/example_xcomargs.py
[2022-02-07 17:24:46,350] {processor.py:642} INFO - Processing file /home/airflow/.local/lib/python3.7/site-packages/airflow/example_dags/example_xcomargs.py for tasks to queue
[2022-02-07 17:24:46,352] {logging_mixin.py:109} INFO - [2022-02-07 17:24:46,352] {dagbag.py:500} INFO - Filling up the DagBag from /home/airflow/.local/lib/python3.7/site-packages/airflow/example_dags/example_xcomargs.py
[2022-02-07 17:24:46,410] {processor.py:654} INFO - DAG(s) dict_keys(['example_xcom_args', 'example_xcom_args_with_operators']) retrieved from /home/airflow/.local/lib/python3.7/site-packages/airflow/example_dags/example_xcomargs.py
[2022-02-07 17:24:46,825] {logging_mixin.py:109} INFO - [2022-02-07 17:24:46,824] {dag.py:2396} INFO - Sync 2 DAGs
[2022-02-07 17:24:46,849] {logging_mixin.py:109} INFO - [2022-02-07 17:24:46,849] {dag.py:2935} INFO - Setting next_dagrun for example_xcom_args to None
[2022-02-07 17:24:46,851] {logging_mixin.py:109} INFO - [2022-02-07 17:24:46,851] {dag.py:2935} INFO - Setting next_dagrun for example_xcom_args_with_operators to None
[2022-02-07 17:24:46,875] {processor.py:171} INFO - Processing /home/airflow/.local/lib/python3.7/site-packages/airflow/example_dags/example_xcomargs.py took 0.531 seconds
[2022-02-07 17:25:17,756] {processor.py:163} INFO - Started process (PID=407) to work on /home/airflow/.local/lib/python3.7/site-packages/airflow/example_dags/example_xcomargs.py
[2022-02-07 17:25:17,758] {processor.py:642} INFO - Processing file /home/airflow/.local/lib/python3.7/site-packages/airflow/example_dags/example_xcomargs.py for tasks to queue
[2022-02-07 17:25:17,760] {logging_mixin.py:109} INFO - [2022-02-07 17:25:17,760] {dagbag.py:500} INFO - Filling up the DagBag from /home/airflow/.local/lib/python3.7/site-packages/airflow/example_dags/example_xcomargs.py
[2022-02-07 17:25:17,820] {processor.py:654} INFO - DAG(s) dict_keys(['example_xcom_args', 'example_xcom_args_with_operators']) retrieved from /home/airflow/.local/lib/python3.7/site-packages/airflow/example_dags/example_xcomargs.py
[2022-02-07 17:25:18,149] {logging_mixin.py:109} INFO - [2022-02-07 17:25:18,149] {dag.py:2396} INFO - Sync 2 DAGs
[2022-02-07 17:25:18,166] {logging_mixin.py:109} INFO - [2022-02-07 17:25:18,166] {dag.py:2935} INFO - Setting next_dagrun for example_xcom_args to None
[2022-02-07 17:25:18,168] {logging_mixin.py:109} INFO - [2022-02-07 17:25:18,168] {dag.py:2935} INFO - Setting next_dagrun for example_xcom_args_with_operators to None
[2022-02-07 17:25:18,184] {processor.py:171} INFO - Processing /home/airflow/.local/lib/python3.7/site-packages/airflow/example_dags/example_xcomargs.py took 0.437 seconds
[2022-02-07 17:25:48,381] {processor.py:163} INFO - Started process (PID=471) to work on /home/airflow/.local/lib/python3.7/site-packages/airflow/example_dags/example_xcomargs.py
[2022-02-07 17:25:48,385] {processor.py:642} INFO - Processing file /home/airflow/.local/lib/python3.7/site-packages/airflow/example_dags/example_xcomargs.py for tasks to queue
[2022-02-07 17:25:48,389] {logging_mixin.py:109} INFO - [2022-02-07 17:25:48,389] {dagbag.py:500} INFO - Filling up the DagBag from /home/airflow/.local/lib/python3.7/site-packages/airflow/example_dags/example_xcomargs.py
[2022-02-07 17:25:48,460] {processor.py:654} INFO - DAG(s) dict_keys(['example_xcom_args', 'example_xcom_args_with_operators']) retrieved from /home/airflow/.local/lib/python3.7/site-packages/airflow/example_dags/example_xcomargs.py
[2022-02-07 17:25:48,879] {logging_mixin.py:109} INFO - [2022-02-07 17:25:48,879] {dag.py:2396} INFO - Sync 2 DAGs
[2022-02-07 17:25:48,898] {logging_mixin.py:109} INFO - [2022-02-07 17:25:48,898] {dag.py:2935} INFO - Setting next_dagrun for example_xcom_args to None
[2022-02-07 17:25:48,900] {logging_mixin.py:109} INFO - [2022-02-07 17:25:48,900] {dag.py:2935} INFO - Setting next_dagrun for example_xcom_args_with_operators to None
[2022-02-07 17:25:48,919] {processor.py:171} INFO - Processing /home/airflow/.local/lib/python3.7/site-packages/airflow/example_dags/example_xcomargs.py took 0.545 seconds
[2022-02-07 17:26:19,032] {processor.py:163} INFO - Started process (PID=522) to work on /home/airflow/.local/lib/python3.7/site-packages/airflow/example_dags/example_xcomargs.py
[2022-02-07 17:26:19,036] {processor.py:642} INFO - Processing file /home/airflow/.local/lib/python3.7/site-packages/airflow/example_dags/example_xcomargs.py for tasks to queue
[2022-02-07 17:26:19,039] {logging_mixin.py:109} INFO - [2022-02-07 17:26:19,039] {dagbag.py:500} INFO - Filling up the DagBag from /home/airflow/.local/lib/python3.7/site-packages/airflow/example_dags/example_xcomargs.py
[2022-02-07 17:26:19,106] {processor.py:654} INFO - DAG(s) dict_keys(['example_xcom_args', 'example_xcom_args_with_operators']) retrieved from /home/airflow/.local/lib/python3.7/site-packages/airflow/example_dags/example_xcomargs.py
[2022-02-07 17:26:19,511] {logging_mixin.py:109} INFO - [2022-02-07 17:26:19,511] {dag.py:2396} INFO - Sync 2 DAGs
[2022-02-07 17:26:19,532] {logging_mixin.py:109} INFO - [2022-02-07 17:26:19,532] {dag.py:2935} INFO - Setting next_dagrun for example_xcom_args to None
[2022-02-07 17:26:19,534] {logging_mixin.py:109} INFO - [2022-02-07 17:26:19,534] {dag.py:2935} INFO - Setting next_dagrun for example_xcom_args_with_operators to None
[2022-02-07 17:26:19,565] {processor.py:171} INFO - Processing /home/airflow/.local/lib/python3.7/site-packages/airflow/example_dags/example_xcomargs.py took 0.538 seconds
[2022-02-07 17:26:50,381] {processor.py:163} INFO - Started process (PID=573) to work on /home/airflow/.local/lib/python3.7/site-packages/airflow/example_dags/example_xcomargs.py
[2022-02-07 17:26:50,386] {processor.py:642} INFO - Processing file /home/airflow/.local/lib/python3.7/site-packages/airflow/example_dags/example_xcomargs.py for tasks to queue
[2022-02-07 17:26:50,394] {logging_mixin.py:109} INFO - [2022-02-07 17:26:50,392] {dagbag.py:500} INFO - Filling up the DagBag from /home/airflow/.local/lib/python3.7/site-packages/airflow/example_dags/example_xcomargs.py
[2022-02-07 17:26:50,473] {processor.py:654} INFO - DAG(s) dict_keys(['example_xcom_args', 'example_xcom_args_with_operators']) retrieved from /home/airflow/.local/lib/python3.7/site-packages/airflow/example_dags/example_xcomargs.py
[2022-02-07 17:26:50,909] {logging_mixin.py:109} INFO - [2022-02-07 17:26:50,909] {dag.py:2396} INFO - Sync 2 DAGs
[2022-02-07 17:26:50,928] {logging_mixin.py:109} INFO - [2022-02-07 17:26:50,928] {dag.py:2935} INFO - Setting next_dagrun for example_xcom_args to None
[2022-02-07 17:26:50,930] {logging_mixin.py:109} INFO - [2022-02-07 17:26:50,930] {dag.py:2935} INFO - Setting next_dagrun for example_xcom_args_with_operators to None
[2022-02-07 17:26:50,951] {processor.py:171} INFO - Processing /home/airflow/.local/lib/python3.7/site-packages/airflow/example_dags/example_xcomargs.py took 0.577 seconds
[2022-02-07 17:27:21,313] {processor.py:163} INFO - Started process (PID=634) to work on /home/airflow/.local/lib/python3.7/site-packages/airflow/example_dags/example_xcomargs.py
[2022-02-07 17:27:21,315] {processor.py:642} INFO - Processing file /home/airflow/.local/lib/python3.7/site-packages/airflow/example_dags/example_xcomargs.py for tasks to queue
[2022-02-07 17:27:21,317] {logging_mixin.py:109} INFO - [2022-02-07 17:27:21,317] {dagbag.py:500} INFO - Filling up the DagBag from /home/airflow/.local/lib/python3.7/site-packages/airflow/example_dags/example_xcomargs.py
[2022-02-07 17:27:21,369] {processor.py:654} INFO - DAG(s) dict_keys(['example_xcom_args', 'example_xcom_args_with_operators']) retrieved from /home/airflow/.local/lib/python3.7/site-packages/airflow/example_dags/example_xcomargs.py
[2022-02-07 17:27:21,765] {logging_mixin.py:109} INFO - [2022-02-07 17:27:21,765] {dag.py:2396} INFO - Sync 2 DAGs
[2022-02-07 17:27:21,783] {logging_mixin.py:109} INFO - [2022-02-07 17:27:21,782] {dag.py:2935} INFO - Setting next_dagrun for example_xcom_args to None
[2022-02-07 17:27:21,784] {logging_mixin.py:109} INFO - [2022-02-07 17:27:21,784] {dag.py:2935} INFO - Setting next_dagrun for example_xcom_args_with_operators to None
[2022-02-07 17:27:21,806] {processor.py:171} INFO - Processing /home/airflow/.local/lib/python3.7/site-packages/airflow/example_dags/example_xcomargs.py took 0.497 seconds
[2022-02-07 17:27:51,998] {processor.py:163} INFO - Started process (PID=691) to work on /home/airflow/.local/lib/python3.7/site-packages/airflow/example_dags/example_xcomargs.py
[2022-02-07 17:27:52,026] {processor.py:642} INFO - Processing file /home/airflow/.local/lib/python3.7/site-packages/airflow/example_dags/example_xcomargs.py for tasks to queue
[2022-02-07 17:27:52,051] {logging_mixin.py:109} INFO - [2022-02-07 17:27:52,040] {dagbag.py:500} INFO - Filling up the DagBag from /home/airflow/.local/lib/python3.7/site-packages/airflow/example_dags/example_xcomargs.py
[2022-02-07 17:27:52,272] {processor.py:654} INFO - DAG(s) dict_keys(['example_xcom_args', 'example_xcom_args_with_operators']) retrieved from /home/airflow/.local/lib/python3.7/site-packages/airflow/example_dags/example_xcomargs.py
[2022-02-07 17:27:53,496] {logging_mixin.py:109} INFO - [2022-02-07 17:27:53,495] {dag.py:2396} INFO - Sync 2 DAGs
[2022-02-07 17:27:53,550] {logging_mixin.py:109} INFO - [2022-02-07 17:27:53,550] {dag.py:2935} INFO - Setting next_dagrun for example_xcom_args to None
[2022-02-07 17:27:53,553] {logging_mixin.py:109} INFO - [2022-02-07 17:27:53,553] {dag.py:2935} INFO - Setting next_dagrun for example_xcom_args_with_operators to None
[2022-02-07 17:27:53,605] {processor.py:171} INFO - Processing /home/airflow/.local/lib/python3.7/site-packages/airflow/example_dags/example_xcomargs.py took 1.618 seconds
[2022-02-07 17:28:24,645] {processor.py:163} INFO - Started process (PID=747) to work on /home/airflow/.local/lib/python3.7/site-packages/airflow/example_dags/example_xcomargs.py
[2022-02-07 17:28:24,648] {processor.py:642} INFO - Processing file /home/airflow/.local/lib/python3.7/site-packages/airflow/example_dags/example_xcomargs.py for tasks to queue
[2022-02-07 17:28:24,649] {logging_mixin.py:109} INFO - [2022-02-07 17:28:24,649] {dagbag.py:500} INFO - Filling up the DagBag from /home/airflow/.local/lib/python3.7/site-packages/airflow/example_dags/example_xcomargs.py
[2022-02-07 17:28:24,694] {processor.py:654} INFO - DAG(s) dict_keys(['example_xcom_args', 'example_xcom_args_with_operators']) retrieved from /home/airflow/.local/lib/python3.7/site-packages/airflow/example_dags/example_xcomargs.py
[2022-02-07 17:28:25,076] {logging_mixin.py:109} INFO - [2022-02-07 17:28:25,076] {dag.py:2396} INFO - Sync 2 DAGs
[2022-02-07 17:28:25,095] {logging_mixin.py:109} INFO - [2022-02-07 17:28:25,095] {dag.py:2935} INFO - Setting next_dagrun for example_xcom_args to None
[2022-02-07 17:28:25,097] {logging_mixin.py:109} INFO - [2022-02-07 17:28:25,096] {dag.py:2935} INFO - Setting next_dagrun for example_xcom_args_with_operators to None
[2022-02-07 17:28:25,114] {processor.py:171} INFO - Processing /home/airflow/.local/lib/python3.7/site-packages/airflow/example_dags/example_xcomargs.py took 0.474 seconds
[2022-02-07 17:28:55,554] {processor.py:163} INFO - Started process (PID=802) to work on /home/airflow/.local/lib/python3.7/site-packages/airflow/example_dags/example_xcomargs.py
[2022-02-07 17:28:55,557] {processor.py:642} INFO - Processing file /home/airflow/.local/lib/python3.7/site-packages/airflow/example_dags/example_xcomargs.py for tasks to queue
[2022-02-07 17:28:55,560] {logging_mixin.py:109} INFO - [2022-02-07 17:28:55,560] {dagbag.py:500} INFO - Filling up the DagBag from /home/airflow/.local/lib/python3.7/site-packages/airflow/example_dags/example_xcomargs.py
[2022-02-07 17:28:55,606] {processor.py:654} INFO - DAG(s) dict_keys(['example_xcom_args', 'example_xcom_args_with_operators']) retrieved from /home/airflow/.local/lib/python3.7/site-packages/airflow/example_dags/example_xcomargs.py
[2022-02-07 17:28:55,938] {logging_mixin.py:109} INFO - [2022-02-07 17:28:55,938] {dag.py:2396} INFO - Sync 2 DAGs
[2022-02-07 17:28:55,956] {logging_mixin.py:109} INFO - [2022-02-07 17:28:55,956] {dag.py:2935} INFO - Setting next_dagrun for example_xcom_args to None
[2022-02-07 17:28:55,958] {logging_mixin.py:109} INFO - [2022-02-07 17:28:55,958] {dag.py:2935} INFO - Setting next_dagrun for example_xcom_args_with_operators to None
[2022-02-07 17:28:55,976] {processor.py:171} INFO - Processing /home/airflow/.local/lib/python3.7/site-packages/airflow/example_dags/example_xcomargs.py took 0.427 seconds
[2022-02-07 17:29:26,822] {processor.py:163} INFO - Started process (PID=864) to work on /home/airflow/.local/lib/python3.7/site-packages/airflow/example_dags/example_xcomargs.py
[2022-02-07 17:29:26,824] {processor.py:642} INFO - Processing file /home/airflow/.local/lib/python3.7/site-packages/airflow/example_dags/example_xcomargs.py for tasks to queue
[2022-02-07 17:29:26,826] {logging_mixin.py:109} INFO - [2022-02-07 17:29:26,826] {dagbag.py:500} INFO - Filling up the DagBag from /home/airflow/.local/lib/python3.7/site-packages/airflow/example_dags/example_xcomargs.py
[2022-02-07 17:29:26,882] {processor.py:654} INFO - DAG(s) dict_keys(['example_xcom_args', 'example_xcom_args_with_operators']) retrieved from /home/airflow/.local/lib/python3.7/site-packages/airflow/example_dags/example_xcomargs.py
[2022-02-07 17:29:27,231] {logging_mixin.py:109} INFO - [2022-02-07 17:29:27,231] {dag.py:2396} INFO - Sync 2 DAGs
[2022-02-07 17:29:27,256] {logging_mixin.py:109} INFO - [2022-02-07 17:29:27,256] {dag.py:2935} INFO - Setting next_dagrun for example_xcom_args to None
[2022-02-07 17:29:27,259] {logging_mixin.py:109} INFO - [2022-02-07 17:29:27,259] {dag.py:2935} INFO - Setting next_dagrun for example_xcom_args_with_operators to None
[2022-02-07 17:29:27,283] {processor.py:171} INFO - Processing /home/airflow/.local/lib/python3.7/site-packages/airflow/example_dags/example_xcomargs.py took 0.474 seconds
[2022-02-07 17:29:57,365] {processor.py:163} INFO - Started process (PID=925) to work on /home/airflow/.local/lib/python3.7/site-packages/airflow/example_dags/example_xcomargs.py
[2022-02-07 17:29:57,368] {processor.py:642} INFO - Processing file /home/airflow/.local/lib/python3.7/site-packages/airflow/example_dags/example_xcomargs.py for tasks to queue
[2022-02-07 17:29:57,370] {logging_mixin.py:109} INFO - [2022-02-07 17:29:57,370] {dagbag.py:500} INFO - Filling up the DagBag from /home/airflow/.local/lib/python3.7/site-packages/airflow/example_dags/example_xcomargs.py
[2022-02-07 17:29:57,414] {processor.py:654} INFO - DAG(s) dict_keys(['example_xcom_args', 'example_xcom_args_with_operators']) retrieved from /home/airflow/.local/lib/python3.7/site-packages/airflow/example_dags/example_xcomargs.py
[2022-02-07 17:29:57,761] {logging_mixin.py:109} INFO - [2022-02-07 17:29:57,761] {dag.py:2396} INFO - Sync 2 DAGs
[2022-02-07 17:29:57,782] {logging_mixin.py:109} INFO - [2022-02-07 17:29:57,782] {dag.py:2935} INFO - Setting next_dagrun for example_xcom_args to None
[2022-02-07 17:29:57,785] {logging_mixin.py:109} INFO - [2022-02-07 17:29:57,784] {dag.py:2935} INFO - Setting next_dagrun for example_xcom_args_with_operators to None
[2022-02-07 17:29:57,806] {processor.py:171} INFO - Processing /home/airflow/.local/lib/python3.7/site-packages/airflow/example_dags/example_xcomargs.py took 0.445 seconds
[2022-02-07 17:30:28,001] {processor.py:163} INFO - Started process (PID=981) to work on /home/airflow/.local/lib/python3.7/site-packages/airflow/example_dags/example_xcomargs.py
[2022-02-07 17:30:28,004] {processor.py:642} INFO - Processing file /home/airflow/.local/lib/python3.7/site-packages/airflow/example_dags/example_xcomargs.py for tasks to queue
[2022-02-07 17:30:28,006] {logging_mixin.py:109} INFO - [2022-02-07 17:30:28,005] {dagbag.py:500} INFO - Filling up the DagBag from /home/airflow/.local/lib/python3.7/site-packages/airflow/example_dags/example_xcomargs.py
[2022-02-07 17:30:28,089] {processor.py:654} INFO - DAG(s) dict_keys(['example_xcom_args', 'example_xcom_args_with_operators']) retrieved from /home/airflow/.local/lib/python3.7/site-packages/airflow/example_dags/example_xcomargs.py
[2022-02-07 17:30:28,548] {logging_mixin.py:109} INFO - [2022-02-07 17:30:28,548] {dag.py:2396} INFO - Sync 2 DAGs
[2022-02-07 17:30:28,570] {logging_mixin.py:109} INFO - [2022-02-07 17:30:28,570] {dag.py:2935} INFO - Setting next_dagrun for example_xcom_args to None
[2022-02-07 17:30:28,572] {logging_mixin.py:109} INFO - [2022-02-07 17:30:28,572] {dag.py:2935} INFO - Setting next_dagrun for example_xcom_args_with_operators to None
[2022-02-07 17:30:28,597] {processor.py:171} INFO - Processing /home/airflow/.local/lib/python3.7/site-packages/airflow/example_dags/example_xcomargs.py took 0.602 seconds
[2022-02-07 17:30:59,025] {processor.py:163} INFO - Started process (PID=1047) to work on /home/airflow/.local/lib/python3.7/site-packages/airflow/example_dags/example_xcomargs.py
[2022-02-07 17:30:59,028] {processor.py:642} INFO - Processing file /home/airflow/.local/lib/python3.7/site-packages/airflow/example_dags/example_xcomargs.py for tasks to queue
[2022-02-07 17:30:59,031] {logging_mixin.py:109} INFO - [2022-02-07 17:30:59,031] {dagbag.py:500} INFO - Filling up the DagBag from /home/airflow/.local/lib/python3.7/site-packages/airflow/example_dags/example_xcomargs.py
[2022-02-07 17:30:59,178] {processor.py:654} INFO - DAG(s) dict_keys(['example_xcom_args', 'example_xcom_args_with_operators']) retrieved from /home/airflow/.local/lib/python3.7/site-packages/airflow/example_dags/example_xcomargs.py
[2022-02-07 17:30:59,653] {logging_mixin.py:109} INFO - [2022-02-07 17:30:59,653] {dag.py:2396} INFO - Sync 2 DAGs
[2022-02-07 17:30:59,677] {logging_mixin.py:109} INFO - [2022-02-07 17:30:59,677] {dag.py:2935} INFO - Setting next_dagrun for example_xcom_args to None
[2022-02-07 17:30:59,678] {logging_mixin.py:109} INFO - [2022-02-07 17:30:59,678] {dag.py:2935} INFO - Setting next_dagrun for example_xcom_args_with_operators to None
[2022-02-07 17:30:59,698] {processor.py:171} INFO - Processing /home/airflow/.local/lib/python3.7/site-packages/airflow/example_dags/example_xcomargs.py took 0.679 seconds
[2022-02-07 17:31:30,467] {processor.py:163} INFO - Started process (PID=1102) to work on /home/airflow/.local/lib/python3.7/site-packages/airflow/example_dags/example_xcomargs.py
[2022-02-07 17:31:30,472] {processor.py:642} INFO - Processing file /home/airflow/.local/lib/python3.7/site-packages/airflow/example_dags/example_xcomargs.py for tasks to queue
[2022-02-07 17:31:30,475] {logging_mixin.py:109} INFO - [2022-02-07 17:31:30,474] {dagbag.py:500} INFO - Filling up the DagBag from /home/airflow/.local/lib/python3.7/site-packages/airflow/example_dags/example_xcomargs.py
[2022-02-07 17:31:30,532] {processor.py:654} INFO - DAG(s) dict_keys(['example_xcom_args', 'example_xcom_args_with_operators']) retrieved from /home/airflow/.local/lib/python3.7/site-packages/airflow/example_dags/example_xcomargs.py
[2022-02-07 17:31:30,894] {logging_mixin.py:109} INFO - [2022-02-07 17:31:30,894] {dag.py:2396} INFO - Sync 2 DAGs
[2022-02-07 17:31:30,913] {logging_mixin.py:109} INFO - [2022-02-07 17:31:30,913] {dag.py:2935} INFO - Setting next_dagrun for example_xcom_args to None
[2022-02-07 17:31:30,915] {logging_mixin.py:109} INFO - [2022-02-07 17:31:30,914] {dag.py:2935} INFO - Setting next_dagrun for example_xcom_args_with_operators to None
[2022-02-07 17:31:30,932] {processor.py:171} INFO - Processing /home/airflow/.local/lib/python3.7/site-packages/airflow/example_dags/example_xcomargs.py took 0.474 seconds
[2022-02-07 17:32:01,664] {processor.py:163} INFO - Started process (PID=1166) to work on /home/airflow/.local/lib/python3.7/site-packages/airflow/example_dags/example_xcomargs.py
[2022-02-07 17:32:01,666] {processor.py:642} INFO - Processing file /home/airflow/.local/lib/python3.7/site-packages/airflow/example_dags/example_xcomargs.py for tasks to queue
[2022-02-07 17:32:01,668] {logging_mixin.py:109} INFO - [2022-02-07 17:32:01,668] {dagbag.py:500} INFO - Filling up the DagBag from /home/airflow/.local/lib/python3.7/site-packages/airflow/example_dags/example_xcomargs.py
[2022-02-07 17:32:01,721] {processor.py:654} INFO - DAG(s) dict_keys(['example_xcom_args', 'example_xcom_args_with_operators']) retrieved from /home/airflow/.local/lib/python3.7/site-packages/airflow/example_dags/example_xcomargs.py
[2022-02-07 17:32:01,741] {logging_mixin.py:109} INFO - [2022-02-07 17:32:01,741] {dag.py:2396} INFO - Sync 2 DAGs
[2022-02-07 17:32:01,763] {logging_mixin.py:109} INFO - [2022-02-07 17:32:01,763] {dag.py:2935} INFO - Setting next_dagrun for example_xcom_args to None
[2022-02-07 17:32:01,765] {logging_mixin.py:109} INFO - [2022-02-07 17:32:01,765] {dag.py:2935} INFO - Setting next_dagrun for example_xcom_args_with_operators to None
[2022-02-07 17:32:01,780] {processor.py:171} INFO - Processing /home/airflow/.local/lib/python3.7/site-packages/airflow/example_dags/example_xcomargs.py took 0.124 seconds
[2022-02-07 17:32:32,005] {processor.py:163} INFO - Started process (PID=1228) to work on /home/airflow/.local/lib/python3.7/site-packages/airflow/example_dags/example_xcomargs.py
[2022-02-07 17:32:32,011] {processor.py:642} INFO - Processing file /home/airflow/.local/lib/python3.7/site-packages/airflow/example_dags/example_xcomargs.py for tasks to queue
[2022-02-07 17:32:32,014] {logging_mixin.py:109} INFO - [2022-02-07 17:32:32,014] {dagbag.py:500} INFO - Filling up the DagBag from /home/airflow/.local/lib/python3.7/site-packages/airflow/example_dags/example_xcomargs.py
[2022-02-07 17:32:32,111] {processor.py:654} INFO - DAG(s) dict_keys(['example_xcom_args', 'example_xcom_args_with_operators']) retrieved from /home/airflow/.local/lib/python3.7/site-packages/airflow/example_dags/example_xcomargs.py
[2022-02-07 17:32:32,623] {logging_mixin.py:109} INFO - [2022-02-07 17:32:32,623] {dag.py:2396} INFO - Sync 2 DAGs
[2022-02-07 17:32:32,648] {logging_mixin.py:109} INFO - [2022-02-07 17:32:32,648] {dag.py:2935} INFO - Setting next_dagrun for example_xcom_args to None
[2022-02-07 17:32:32,650] {logging_mixin.py:109} INFO - [2022-02-07 17:32:32,650] {dag.py:2935} INFO - Setting next_dagrun for example_xcom_args_with_operators to None
[2022-02-07 17:32:32,677] {processor.py:171} INFO - Processing /home/airflow/.local/lib/python3.7/site-packages/airflow/example_dags/example_xcomargs.py took 0.687 seconds
[2022-02-07 17:33:03,365] {processor.py:163} INFO - Started process (PID=1297) to work on /home/airflow/.local/lib/python3.7/site-packages/airflow/example_dags/example_xcomargs.py
[2022-02-07 17:33:03,382] {processor.py:642} INFO - Processing file /home/airflow/.local/lib/python3.7/site-packages/airflow/example_dags/example_xcomargs.py for tasks to queue
[2022-02-07 17:33:03,387] {logging_mixin.py:109} INFO - [2022-02-07 17:33:03,386] {dagbag.py:500} INFO - Filling up the DagBag from /home/airflow/.local/lib/python3.7/site-packages/airflow/example_dags/example_xcomargs.py
[2022-02-07 17:33:03,442] {processor.py:654} INFO - DAG(s) dict_keys(['example_xcom_args', 'example_xcom_args_with_operators']) retrieved from /home/airflow/.local/lib/python3.7/site-packages/airflow/example_dags/example_xcomargs.py
[2022-02-07 17:33:03,831] {logging_mixin.py:109} INFO - [2022-02-07 17:33:03,831] {dag.py:2396} INFO - Sync 2 DAGs
[2022-02-07 17:33:03,852] {logging_mixin.py:109} INFO - [2022-02-07 17:33:03,851] {dag.py:2935} INFO - Setting next_dagrun for example_xcom_args to None
[2022-02-07 17:33:03,853] {logging_mixin.py:109} INFO - [2022-02-07 17:33:03,853] {dag.py:2935} INFO - Setting next_dagrun for example_xcom_args_with_operators to None
[2022-02-07 17:33:03,871] {processor.py:171} INFO - Processing /home/airflow/.local/lib/python3.7/site-packages/airflow/example_dags/example_xcomargs.py took 0.524 seconds
[2022-02-07 17:33:34,161] {processor.py:163} INFO - Started process (PID=1352) to work on /home/airflow/.local/lib/python3.7/site-packages/airflow/example_dags/example_xcomargs.py
[2022-02-07 17:33:34,164] {processor.py:642} INFO - Processing file /home/airflow/.local/lib/python3.7/site-packages/airflow/example_dags/example_xcomargs.py for tasks to queue
[2022-02-07 17:33:34,167] {logging_mixin.py:109} INFO - [2022-02-07 17:33:34,166] {dagbag.py:500} INFO - Filling up the DagBag from /home/airflow/.local/lib/python3.7/site-packages/airflow/example_dags/example_xcomargs.py
[2022-02-07 17:33:34,291] {processor.py:654} INFO - DAG(s) dict_keys(['example_xcom_args', 'example_xcom_args_with_operators']) retrieved from /home/airflow/.local/lib/python3.7/site-packages/airflow/example_dags/example_xcomargs.py
[2022-02-07 17:33:34,764] {logging_mixin.py:109} INFO - [2022-02-07 17:33:34,764] {dag.py:2396} INFO - Sync 2 DAGs
[2022-02-07 17:33:34,788] {logging_mixin.py:109} INFO - [2022-02-07 17:33:34,788] {dag.py:2935} INFO - Setting next_dagrun for example_xcom_args to None
[2022-02-07 17:33:34,790] {logging_mixin.py:109} INFO - [2022-02-07 17:33:34,790] {dag.py:2935} INFO - Setting next_dagrun for example_xcom_args_with_operators to None
[2022-02-07 17:33:34,809] {processor.py:171} INFO - Processing /home/airflow/.local/lib/python3.7/site-packages/airflow/example_dags/example_xcomargs.py took 0.653 seconds
[2022-02-07 17:34:05,497] {processor.py:163} INFO - Started process (PID=1409) to work on /home/airflow/.local/lib/python3.7/site-packages/airflow/example_dags/example_xcomargs.py
[2022-02-07 17:34:05,502] {processor.py:642} INFO - Processing file /home/airflow/.local/lib/python3.7/site-packages/airflow/example_dags/example_xcomargs.py for tasks to queue
[2022-02-07 17:34:05,505] {logging_mixin.py:109} INFO - [2022-02-07 17:34:05,505] {dagbag.py:500} INFO - Filling up the DagBag from /home/airflow/.local/lib/python3.7/site-packages/airflow/example_dags/example_xcomargs.py
[2022-02-07 17:34:05,627] {processor.py:654} INFO - DAG(s) dict_keys(['example_xcom_args', 'example_xcom_args_with_operators']) retrieved from /home/airflow/.local/lib/python3.7/site-packages/airflow/example_dags/example_xcomargs.py
[2022-02-07 17:34:06,187] {logging_mixin.py:109} INFO - [2022-02-07 17:34:06,187] {dag.py:2396} INFO - Sync 2 DAGs
[2022-02-07 17:34:06,221] {logging_mixin.py:109} INFO - [2022-02-07 17:34:06,221] {dag.py:2935} INFO - Setting next_dagrun for example_xcom_args to None
[2022-02-07 17:34:06,223] {logging_mixin.py:109} INFO - [2022-02-07 17:34:06,223] {dag.py:2935} INFO - Setting next_dagrun for example_xcom_args_with_operators to None
[2022-02-07 17:34:06,244] {processor.py:171} INFO - Processing /home/airflow/.local/lib/python3.7/site-packages/airflow/example_dags/example_xcomargs.py took 0.810 seconds
[2022-02-07 17:34:36,754] {processor.py:163} INFO - Started process (PID=1466) to work on /home/airflow/.local/lib/python3.7/site-packages/airflow/example_dags/example_xcomargs.py
[2022-02-07 17:34:36,760] {processor.py:642} INFO - Processing file /home/airflow/.local/lib/python3.7/site-packages/airflow/example_dags/example_xcomargs.py for tasks to queue
[2022-02-07 17:34:36,763] {logging_mixin.py:109} INFO - [2022-02-07 17:34:36,763] {dagbag.py:500} INFO - Filling up the DagBag from /home/airflow/.local/lib/python3.7/site-packages/airflow/example_dags/example_xcomargs.py
[2022-02-07 17:34:37,034] {processor.py:654} INFO - DAG(s) dict_keys(['example_xcom_args', 'example_xcom_args_with_operators']) retrieved from /home/airflow/.local/lib/python3.7/site-packages/airflow/example_dags/example_xcomargs.py
[2022-02-07 17:34:37,538] {logging_mixin.py:109} INFO - [2022-02-07 17:34:37,538] {dag.py:2396} INFO - Sync 2 DAGs
[2022-02-07 17:34:37,569] {logging_mixin.py:109} INFO - [2022-02-07 17:34:37,569] {dag.py:2935} INFO - Setting next_dagrun for example_xcom_args to None
[2022-02-07 17:34:37,572] {logging_mixin.py:109} INFO - [2022-02-07 17:34:37,572] {dag.py:2935} INFO - Setting next_dagrun for example_xcom_args_with_operators to None
[2022-02-07 17:34:37,598] {processor.py:171} INFO - Processing /home/airflow/.local/lib/python3.7/site-packages/airflow/example_dags/example_xcomargs.py took 0.884 seconds
[2022-02-07 17:35:07,880] {processor.py:163} INFO - Started process (PID=1531) to work on /home/airflow/.local/lib/python3.7/site-packages/airflow/example_dags/example_xcomargs.py
[2022-02-07 17:35:07,888] {processor.py:642} INFO - Processing file /home/airflow/.local/lib/python3.7/site-packages/airflow/example_dags/example_xcomargs.py for tasks to queue
[2022-02-07 17:35:07,908] {logging_mixin.py:109} INFO - [2022-02-07 17:35:07,906] {dagbag.py:500} INFO - Filling up the DagBag from /home/airflow/.local/lib/python3.7/site-packages/airflow/example_dags/example_xcomargs.py
[2022-02-07 17:35:08,044] {processor.py:654} INFO - DAG(s) dict_keys(['example_xcom_args', 'example_xcom_args_with_operators']) retrieved from /home/airflow/.local/lib/python3.7/site-packages/airflow/example_dags/example_xcomargs.py
[2022-02-07 17:35:08,886] {logging_mixin.py:109} INFO - [2022-02-07 17:35:08,885] {dag.py:2396} INFO - Sync 2 DAGs
[2022-02-07 17:35:08,943] {logging_mixin.py:109} INFO - [2022-02-07 17:35:08,943] {dag.py:2935} INFO - Setting next_dagrun for example_xcom_args to None
[2022-02-07 17:35:08,947] {logging_mixin.py:109} INFO - [2022-02-07 17:35:08,947] {dag.py:2935} INFO - Setting next_dagrun for example_xcom_args_with_operators to None
[2022-02-07 17:35:08,971] {processor.py:171} INFO - Processing /home/airflow/.local/lib/python3.7/site-packages/airflow/example_dags/example_xcomargs.py took 1.122 seconds
[2022-02-07 17:35:39,623] {processor.py:163} INFO - Started process (PID=1586) to work on /home/airflow/.local/lib/python3.7/site-packages/airflow/example_dags/example_xcomargs.py
[2022-02-07 17:35:39,628] {processor.py:642} INFO - Processing file /home/airflow/.local/lib/python3.7/site-packages/airflow/example_dags/example_xcomargs.py for tasks to queue
[2022-02-07 17:35:39,630] {logging_mixin.py:109} INFO - [2022-02-07 17:35:39,630] {dagbag.py:500} INFO - Filling up the DagBag from /home/airflow/.local/lib/python3.7/site-packages/airflow/example_dags/example_xcomargs.py
[2022-02-07 17:35:39,715] {processor.py:654} INFO - DAG(s) dict_keys(['example_xcom_args', 'example_xcom_args_with_operators']) retrieved from /home/airflow/.local/lib/python3.7/site-packages/airflow/example_dags/example_xcomargs.py
[2022-02-07 17:35:40,224] {logging_mixin.py:109} INFO - [2022-02-07 17:35:40,223] {dag.py:2396} INFO - Sync 2 DAGs
[2022-02-07 17:35:40,306] {logging_mixin.py:109} INFO - [2022-02-07 17:35:40,306] {dag.py:2935} INFO - Setting next_dagrun for example_xcom_args to None
[2022-02-07 17:35:40,310] {logging_mixin.py:109} INFO - [2022-02-07 17:35:40,309] {dag.py:2935} INFO - Setting next_dagrun for example_xcom_args_with_operators to None
[2022-02-07 17:35:40,337] {processor.py:171} INFO - Processing /home/airflow/.local/lib/python3.7/site-packages/airflow/example_dags/example_xcomargs.py took 0.722 seconds
[2022-02-07 17:36:10,681] {processor.py:163} INFO - Started process (PID=1639) to work on /home/airflow/.local/lib/python3.7/site-packages/airflow/example_dags/example_xcomargs.py
[2022-02-07 17:36:10,685] {processor.py:642} INFO - Processing file /home/airflow/.local/lib/python3.7/site-packages/airflow/example_dags/example_xcomargs.py for tasks to queue
[2022-02-07 17:36:10,687] {logging_mixin.py:109} INFO - [2022-02-07 17:36:10,687] {dagbag.py:500} INFO - Filling up the DagBag from /home/airflow/.local/lib/python3.7/site-packages/airflow/example_dags/example_xcomargs.py
[2022-02-07 17:36:10,786] {processor.py:654} INFO - DAG(s) dict_keys(['example_xcom_args', 'example_xcom_args_with_operators']) retrieved from /home/airflow/.local/lib/python3.7/site-packages/airflow/example_dags/example_xcomargs.py
[2022-02-07 17:36:11,213] {logging_mixin.py:109} INFO - [2022-02-07 17:36:11,213] {dag.py:2396} INFO - Sync 2 DAGs
[2022-02-07 17:36:11,240] {logging_mixin.py:109} INFO - [2022-02-07 17:36:11,240] {dag.py:2935} INFO - Setting next_dagrun for example_xcom_args to None
[2022-02-07 17:36:11,243] {logging_mixin.py:109} INFO - [2022-02-07 17:36:11,243] {dag.py:2935} INFO - Setting next_dagrun for example_xcom_args_with_operators to None
[2022-02-07 17:36:11,269] {processor.py:171} INFO - Processing /home/airflow/.local/lib/python3.7/site-packages/airflow/example_dags/example_xcomargs.py took 0.593 seconds
[2022-02-07 17:36:41,511] {processor.py:163} INFO - Started process (PID=1692) to work on /home/airflow/.local/lib/python3.7/site-packages/airflow/example_dags/example_xcomargs.py
[2022-02-07 17:36:41,513] {processor.py:642} INFO - Processing file /home/airflow/.local/lib/python3.7/site-packages/airflow/example_dags/example_xcomargs.py for tasks to queue
[2022-02-07 17:36:41,515] {logging_mixin.py:109} INFO - [2022-02-07 17:36:41,515] {dagbag.py:500} INFO - Filling up the DagBag from /home/airflow/.local/lib/python3.7/site-packages/airflow/example_dags/example_xcomargs.py
[2022-02-07 17:36:41,572] {processor.py:654} INFO - DAG(s) dict_keys(['example_xcom_args', 'example_xcom_args_with_operators']) retrieved from /home/airflow/.local/lib/python3.7/site-packages/airflow/example_dags/example_xcomargs.py
[2022-02-07 17:36:42,011] {logging_mixin.py:109} INFO - [2022-02-07 17:36:42,011] {dag.py:2396} INFO - Sync 2 DAGs
[2022-02-07 17:36:42,037] {logging_mixin.py:109} INFO - [2022-02-07 17:36:42,037] {dag.py:2935} INFO - Setting next_dagrun for example_xcom_args to None
[2022-02-07 17:36:42,040] {logging_mixin.py:109} INFO - [2022-02-07 17:36:42,039] {dag.py:2935} INFO - Setting next_dagrun for example_xcom_args_with_operators to None
[2022-02-07 17:36:42,062] {processor.py:171} INFO - Processing /home/airflow/.local/lib/python3.7/site-packages/airflow/example_dags/example_xcomargs.py took 0.556 seconds
[2022-02-07 17:37:12,732] {processor.py:163} INFO - Started process (PID=1746) to work on /home/airflow/.local/lib/python3.7/site-packages/airflow/example_dags/example_xcomargs.py
[2022-02-07 17:37:12,756] {processor.py:642} INFO - Processing file /home/airflow/.local/lib/python3.7/site-packages/airflow/example_dags/example_xcomargs.py for tasks to queue
[2022-02-07 17:37:12,760] {logging_mixin.py:109} INFO - [2022-02-07 17:37:12,760] {dagbag.py:500} INFO - Filling up the DagBag from /home/airflow/.local/lib/python3.7/site-packages/airflow/example_dags/example_xcomargs.py
[2022-02-07 17:37:12,983] {processor.py:654} INFO - DAG(s) dict_keys(['example_xcom_args', 'example_xcom_args_with_operators']) retrieved from /home/airflow/.local/lib/python3.7/site-packages/airflow/example_dags/example_xcomargs.py
[2022-02-07 17:37:14,095] {logging_mixin.py:109} INFO - [2022-02-07 17:37:14,095] {dag.py:2396} INFO - Sync 2 DAGs
[2022-02-07 17:37:14,118] {logging_mixin.py:109} INFO - [2022-02-07 17:37:14,118] {dag.py:2935} INFO - Setting next_dagrun for example_xcom_args to None
[2022-02-07 17:37:14,120] {logging_mixin.py:109} INFO - [2022-02-07 17:37:14,119] {dag.py:2935} INFO - Setting next_dagrun for example_xcom_args_with_operators to None
[2022-02-07 17:37:14,138] {processor.py:171} INFO - Processing /home/airflow/.local/lib/python3.7/site-packages/airflow/example_dags/example_xcomargs.py took 1.487 seconds
[2022-02-07 17:37:44,236] {processor.py:163} INFO - Started process (PID=1797) to work on /home/airflow/.local/lib/python3.7/site-packages/airflow/example_dags/example_xcomargs.py
[2022-02-07 17:37:44,239] {processor.py:642} INFO - Processing file /home/airflow/.local/lib/python3.7/site-packages/airflow/example_dags/example_xcomargs.py for tasks to queue
[2022-02-07 17:37:44,242] {logging_mixin.py:109} INFO - [2022-02-07 17:37:44,242] {dagbag.py:500} INFO - Filling up the DagBag from /home/airflow/.local/lib/python3.7/site-packages/airflow/example_dags/example_xcomargs.py
[2022-02-07 17:37:44,411] {processor.py:654} INFO - DAG(s) dict_keys(['example_xcom_args', 'example_xcom_args_with_operators']) retrieved from /home/airflow/.local/lib/python3.7/site-packages/airflow/example_dags/example_xcomargs.py
[2022-02-07 17:37:44,766] {logging_mixin.py:109} INFO - [2022-02-07 17:37:44,765] {dag.py:2396} INFO - Sync 2 DAGs
[2022-02-07 17:37:44,802] {logging_mixin.py:109} INFO - [2022-02-07 17:37:44,801] {dag.py:2935} INFO - Setting next_dagrun for example_xcom_args to None
[2022-02-07 17:37:44,804] {logging_mixin.py:109} INFO - [2022-02-07 17:37:44,803] {dag.py:2935} INFO - Setting next_dagrun for example_xcom_args_with_operators to None
[2022-02-07 17:37:44,841] {processor.py:171} INFO - Processing /home/airflow/.local/lib/python3.7/site-packages/airflow/example_dags/example_xcomargs.py took 0.614 seconds
[2022-02-07 17:38:15,045] {processor.py:163} INFO - Started process (PID=1861) to work on /home/airflow/.local/lib/python3.7/site-packages/airflow/example_dags/example_xcomargs.py
[2022-02-07 17:38:15,049] {processor.py:642} INFO - Processing file /home/airflow/.local/lib/python3.7/site-packages/airflow/example_dags/example_xcomargs.py for tasks to queue
[2022-02-07 17:38:15,051] {logging_mixin.py:109} INFO - [2022-02-07 17:38:15,051] {dagbag.py:500} INFO - Filling up the DagBag from /home/airflow/.local/lib/python3.7/site-packages/airflow/example_dags/example_xcomargs.py
[2022-02-07 17:38:15,222] {processor.py:654} INFO - DAG(s) dict_keys(['example_xcom_args', 'example_xcom_args_with_operators']) retrieved from /home/airflow/.local/lib/python3.7/site-packages/airflow/example_dags/example_xcomargs.py
[2022-02-07 17:38:15,559] {logging_mixin.py:109} INFO - [2022-02-07 17:38:15,559] {dag.py:2396} INFO - Sync 2 DAGs
[2022-02-07 17:38:15,611] {logging_mixin.py:109} INFO - [2022-02-07 17:38:15,610] {dag.py:2935} INFO - Setting next_dagrun for example_xcom_args to None
[2022-02-07 17:38:15,613] {logging_mixin.py:109} INFO - [2022-02-07 17:38:15,613] {dag.py:2935} INFO - Setting next_dagrun for example_xcom_args_with_operators to None
[2022-02-07 17:38:15,634] {processor.py:171} INFO - Processing /home/airflow/.local/lib/python3.7/site-packages/airflow/example_dags/example_xcomargs.py took 0.596 seconds
[2022-02-07 17:38:46,438] {processor.py:163} INFO - Started process (PID=1915) to work on /home/airflow/.local/lib/python3.7/site-packages/airflow/example_dags/example_xcomargs.py
[2022-02-07 17:38:46,441] {processor.py:642} INFO - Processing file /home/airflow/.local/lib/python3.7/site-packages/airflow/example_dags/example_xcomargs.py for tasks to queue
[2022-02-07 17:38:46,444] {logging_mixin.py:109} INFO - [2022-02-07 17:38:46,444] {dagbag.py:500} INFO - Filling up the DagBag from /home/airflow/.local/lib/python3.7/site-packages/airflow/example_dags/example_xcomargs.py
[2022-02-07 17:38:46,654] {processor.py:654} INFO - DAG(s) dict_keys(['example_xcom_args', 'example_xcom_args_with_operators']) retrieved from /home/airflow/.local/lib/python3.7/site-packages/airflow/example_dags/example_xcomargs.py
[2022-02-07 17:38:47,064] {logging_mixin.py:109} INFO - [2022-02-07 17:38:47,064] {dag.py:2396} INFO - Sync 2 DAGs
[2022-02-07 17:38:47,106] {logging_mixin.py:109} INFO - [2022-02-07 17:38:47,106] {dag.py:2935} INFO - Setting next_dagrun for example_xcom_args to None
[2022-02-07 17:38:47,113] {logging_mixin.py:109} INFO - [2022-02-07 17:38:47,113] {dag.py:2935} INFO - Setting next_dagrun for example_xcom_args_with_operators to None
[2022-02-07 17:38:47,148] {processor.py:171} INFO - Processing /home/airflow/.local/lib/python3.7/site-packages/airflow/example_dags/example_xcomargs.py took 0.716 seconds
[2022-02-07 17:39:17,809] {processor.py:163} INFO - Started process (PID=1967) to work on /home/airflow/.local/lib/python3.7/site-packages/airflow/example_dags/example_xcomargs.py
[2022-02-07 17:39:17,814] {processor.py:642} INFO - Processing file /home/airflow/.local/lib/python3.7/site-packages/airflow/example_dags/example_xcomargs.py for tasks to queue
[2022-02-07 17:39:17,816] {logging_mixin.py:109} INFO - [2022-02-07 17:39:17,816] {dagbag.py:500} INFO - Filling up the DagBag from /home/airflow/.local/lib/python3.7/site-packages/airflow/example_dags/example_xcomargs.py
[2022-02-07 17:39:18,012] {processor.py:654} INFO - DAG(s) dict_keys(['example_xcom_args', 'example_xcom_args_with_operators']) retrieved from /home/airflow/.local/lib/python3.7/site-packages/airflow/example_dags/example_xcomargs.py
[2022-02-07 17:39:18,294] {logging_mixin.py:109} INFO - [2022-02-07 17:39:18,294] {dag.py:2396} INFO - Sync 2 DAGs
[2022-02-07 17:39:18,318] {logging_mixin.py:109} INFO - [2022-02-07 17:39:18,318] {dag.py:2935} INFO - Setting next_dagrun for example_xcom_args to None
[2022-02-07 17:39:18,320] {logging_mixin.py:109} INFO - [2022-02-07 17:39:18,319] {dag.py:2935} INFO - Setting next_dagrun for example_xcom_args_with_operators to None
[2022-02-07 17:39:18,340] {processor.py:171} INFO - Processing /home/airflow/.local/lib/python3.7/site-packages/airflow/example_dags/example_xcomargs.py took 0.539 seconds
