[2022-02-07 17:23:08,483] {processor.py:163} INFO - Started process (PID=109) to work on /home/airflow/.local/lib/python3.7/site-packages/airflow/example_dags/example_branch_operator.py
[2022-02-07 17:23:08,486] {processor.py:642} INFO - Processing file /home/airflow/.local/lib/python3.7/site-packages/airflow/example_dags/example_branch_operator.py for tasks to queue
[2022-02-07 17:23:08,487] {logging_mixin.py:109} INFO - [2022-02-07 17:23:08,487] {dagbag.py:500} INFO - Filling up the DagBag from /home/airflow/.local/lib/python3.7/site-packages/airflow/example_dags/example_branch_operator.py
[2022-02-07 17:23:08,542] {processor.py:654} INFO - DAG(s) dict_keys(['example_branch_operator']) retrieved from /home/airflow/.local/lib/python3.7/site-packages/airflow/example_dags/example_branch_operator.py
[2022-02-07 17:23:11,041] {logging_mixin.py:109} INFO - [2022-02-07 17:23:11,041] {manager.py:496} INFO - Created Permission View: can read on DAG:example_branch_operator
[2022-02-07 17:23:11,067] {logging_mixin.py:109} INFO - [2022-02-07 17:23:11,067] {manager.py:496} INFO - Created Permission View: can edit on DAG:example_branch_operator
[2022-02-07 17:23:11,069] {logging_mixin.py:109} INFO - [2022-02-07 17:23:11,069] {dag.py:2396} INFO - Sync 1 DAGs
[2022-02-07 17:23:11,084] {logging_mixin.py:109} INFO - [2022-02-07 17:23:11,084] {dag.py:2415} INFO - Creating ORM DAG for example_branch_operator
[2022-02-07 17:23:11,102] {logging_mixin.py:109} INFO - [2022-02-07 17:23:11,102] {dag.py:2935} INFO - Setting next_dagrun for example_branch_operator to 2022-02-06 00:00:00+00:00
[2022-02-07 17:23:11,131] {processor.py:171} INFO - Processing /home/airflow/.local/lib/python3.7/site-packages/airflow/example_dags/example_branch_operator.py took 2.653 seconds
[2022-02-07 17:23:41,621] {processor.py:163} INFO - Started process (PID=241) to work on /home/airflow/.local/lib/python3.7/site-packages/airflow/example_dags/example_branch_operator.py
[2022-02-07 17:23:41,631] {processor.py:642} INFO - Processing file /home/airflow/.local/lib/python3.7/site-packages/airflow/example_dags/example_branch_operator.py for tasks to queue
[2022-02-07 17:23:41,636] {logging_mixin.py:109} INFO - [2022-02-07 17:23:41,635] {dagbag.py:500} INFO - Filling up the DagBag from /home/airflow/.local/lib/python3.7/site-packages/airflow/example_dags/example_branch_operator.py
[2022-02-07 17:23:41,734] {processor.py:654} INFO - DAG(s) dict_keys(['example_branch_operator']) retrieved from /home/airflow/.local/lib/python3.7/site-packages/airflow/example_dags/example_branch_operator.py
[2022-02-07 17:23:41,768] {logging_mixin.py:109} INFO - [2022-02-07 17:23:41,768] {dag.py:2396} INFO - Sync 1 DAGs
[2022-02-07 17:23:41,853] {logging_mixin.py:109} INFO - [2022-02-07 17:23:41,852] {dag.py:2935} INFO - Setting next_dagrun for example_branch_operator to 2022-02-06 00:00:00+00:00
[2022-02-07 17:23:41,909] {processor.py:171} INFO - Processing /home/airflow/.local/lib/python3.7/site-packages/airflow/example_dags/example_branch_operator.py took 0.294 seconds
[2022-02-07 17:24:12,235] {processor.py:163} INFO - Started process (PID=302) to work on /home/airflow/.local/lib/python3.7/site-packages/airflow/example_dags/example_branch_operator.py
[2022-02-07 17:24:12,238] {processor.py:642} INFO - Processing file /home/airflow/.local/lib/python3.7/site-packages/airflow/example_dags/example_branch_operator.py for tasks to queue
[2022-02-07 17:24:12,243] {logging_mixin.py:109} INFO - [2022-02-07 17:24:12,242] {dagbag.py:500} INFO - Filling up the DagBag from /home/airflow/.local/lib/python3.7/site-packages/airflow/example_dags/example_branch_operator.py
[2022-02-07 17:24:12,323] {processor.py:654} INFO - DAG(s) dict_keys(['example_branch_operator']) retrieved from /home/airflow/.local/lib/python3.7/site-packages/airflow/example_dags/example_branch_operator.py
[2022-02-07 17:24:12,358] {logging_mixin.py:109} INFO - [2022-02-07 17:24:12,357] {dag.py:2396} INFO - Sync 1 DAGs
[2022-02-07 17:24:12,385] {logging_mixin.py:109} INFO - [2022-02-07 17:24:12,384] {dag.py:2935} INFO - Setting next_dagrun for example_branch_operator to 2022-02-06 00:00:00+00:00
[2022-02-07 17:24:12,408] {processor.py:171} INFO - Processing /home/airflow/.local/lib/python3.7/site-packages/airflow/example_dags/example_branch_operator.py took 0.189 seconds
[2022-02-07 17:24:43,035] {processor.py:163} INFO - Started process (PID=353) to work on /home/airflow/.local/lib/python3.7/site-packages/airflow/example_dags/example_branch_operator.py
[2022-02-07 17:24:43,040] {processor.py:642} INFO - Processing file /home/airflow/.local/lib/python3.7/site-packages/airflow/example_dags/example_branch_operator.py for tasks to queue
[2022-02-07 17:24:43,044] {logging_mixin.py:109} INFO - [2022-02-07 17:24:43,043] {dagbag.py:500} INFO - Filling up the DagBag from /home/airflow/.local/lib/python3.7/site-packages/airflow/example_dags/example_branch_operator.py
[2022-02-07 17:24:43,206] {processor.py:654} INFO - DAG(s) dict_keys(['example_branch_operator']) retrieved from /home/airflow/.local/lib/python3.7/site-packages/airflow/example_dags/example_branch_operator.py
[2022-02-07 17:24:43,226] {logging_mixin.py:109} INFO - [2022-02-07 17:24:43,226] {dag.py:2396} INFO - Sync 1 DAGs
[2022-02-07 17:24:43,260] {logging_mixin.py:109} INFO - [2022-02-07 17:24:43,260] {dag.py:2935} INFO - Setting next_dagrun for example_branch_operator to 2022-02-06 00:00:00+00:00
[2022-02-07 17:24:43,284] {processor.py:171} INFO - Processing /home/airflow/.local/lib/python3.7/site-packages/airflow/example_dags/example_branch_operator.py took 0.262 seconds
[2022-02-07 17:25:13,464] {processor.py:163} INFO - Started process (PID=405) to work on /home/airflow/.local/lib/python3.7/site-packages/airflow/example_dags/example_branch_operator.py
[2022-02-07 17:25:13,472] {processor.py:642} INFO - Processing file /home/airflow/.local/lib/python3.7/site-packages/airflow/example_dags/example_branch_operator.py for tasks to queue
[2022-02-07 17:25:13,494] {logging_mixin.py:109} INFO - [2022-02-07 17:25:13,479] {dagbag.py:500} INFO - Filling up the DagBag from /home/airflow/.local/lib/python3.7/site-packages/airflow/example_dags/example_branch_operator.py
[2022-02-07 17:25:13,605] {processor.py:654} INFO - DAG(s) dict_keys(['example_branch_operator']) retrieved from /home/airflow/.local/lib/python3.7/site-packages/airflow/example_dags/example_branch_operator.py
[2022-02-07 17:25:13,631] {logging_mixin.py:109} INFO - [2022-02-07 17:25:13,631] {dag.py:2396} INFO - Sync 1 DAGs
[2022-02-07 17:25:13,677] {logging_mixin.py:109} INFO - [2022-02-07 17:25:13,677] {dag.py:2935} INFO - Setting next_dagrun for example_branch_operator to 2022-02-06 00:00:00+00:00
[2022-02-07 17:25:13,694] {processor.py:171} INFO - Processing /home/airflow/.local/lib/python3.7/site-packages/airflow/example_dags/example_branch_operator.py took 0.236 seconds
[2022-02-07 17:25:43,841] {processor.py:163} INFO - Started process (PID=456) to work on /home/airflow/.local/lib/python3.7/site-packages/airflow/example_dags/example_branch_operator.py
[2022-02-07 17:25:43,847] {processor.py:642} INFO - Processing file /home/airflow/.local/lib/python3.7/site-packages/airflow/example_dags/example_branch_operator.py for tasks to queue
[2022-02-07 17:25:43,852] {logging_mixin.py:109} INFO - [2022-02-07 17:25:43,852] {dagbag.py:500} INFO - Filling up the DagBag from /home/airflow/.local/lib/python3.7/site-packages/airflow/example_dags/example_branch_operator.py
[2022-02-07 17:25:43,975] {processor.py:654} INFO - DAG(s) dict_keys(['example_branch_operator']) retrieved from /home/airflow/.local/lib/python3.7/site-packages/airflow/example_dags/example_branch_operator.py
[2022-02-07 17:25:44,012] {logging_mixin.py:109} INFO - [2022-02-07 17:25:44,012] {dag.py:2396} INFO - Sync 1 DAGs
[2022-02-07 17:25:44,062] {logging_mixin.py:109} INFO - [2022-02-07 17:25:44,061] {dag.py:2935} INFO - Setting next_dagrun for example_branch_operator to 2022-02-06 00:00:00+00:00
[2022-02-07 17:25:44,091] {processor.py:171} INFO - Processing /home/airflow/.local/lib/python3.7/site-packages/airflow/example_dags/example_branch_operator.py took 0.262 seconds
[2022-02-07 17:26:14,461] {processor.py:163} INFO - Started process (PID=519) to work on /home/airflow/.local/lib/python3.7/site-packages/airflow/example_dags/example_branch_operator.py
[2022-02-07 17:26:14,475] {processor.py:642} INFO - Processing file /home/airflow/.local/lib/python3.7/site-packages/airflow/example_dags/example_branch_operator.py for tasks to queue
[2022-02-07 17:26:14,483] {logging_mixin.py:109} INFO - [2022-02-07 17:26:14,483] {dagbag.py:500} INFO - Filling up the DagBag from /home/airflow/.local/lib/python3.7/site-packages/airflow/example_dags/example_branch_operator.py
[2022-02-07 17:26:14,569] {processor.py:654} INFO - DAG(s) dict_keys(['example_branch_operator']) retrieved from /home/airflow/.local/lib/python3.7/site-packages/airflow/example_dags/example_branch_operator.py
[2022-02-07 17:26:14,593] {logging_mixin.py:109} INFO - [2022-02-07 17:26:14,593] {dag.py:2396} INFO - Sync 1 DAGs
[2022-02-07 17:26:14,661] {logging_mixin.py:109} INFO - [2022-02-07 17:26:14,660] {dag.py:2935} INFO - Setting next_dagrun for example_branch_operator to 2022-02-06 00:00:00+00:00
[2022-02-07 17:26:14,687] {processor.py:171} INFO - Processing /home/airflow/.local/lib/python3.7/site-packages/airflow/example_dags/example_branch_operator.py took 0.243 seconds
[2022-02-07 17:26:45,072] {processor.py:163} INFO - Started process (PID=570) to work on /home/airflow/.local/lib/python3.7/site-packages/airflow/example_dags/example_branch_operator.py
[2022-02-07 17:26:45,077] {processor.py:642} INFO - Processing file /home/airflow/.local/lib/python3.7/site-packages/airflow/example_dags/example_branch_operator.py for tasks to queue
[2022-02-07 17:26:45,090] {logging_mixin.py:109} INFO - [2022-02-07 17:26:45,090] {dagbag.py:500} INFO - Filling up the DagBag from /home/airflow/.local/lib/python3.7/site-packages/airflow/example_dags/example_branch_operator.py
[2022-02-07 17:26:45,142] {processor.py:654} INFO - DAG(s) dict_keys(['example_branch_operator']) retrieved from /home/airflow/.local/lib/python3.7/site-packages/airflow/example_dags/example_branch_operator.py
[2022-02-07 17:26:45,173] {logging_mixin.py:109} INFO - [2022-02-07 17:26:45,173] {dag.py:2396} INFO - Sync 1 DAGs
[2022-02-07 17:26:45,202] {logging_mixin.py:109} INFO - [2022-02-07 17:26:45,202] {dag.py:2935} INFO - Setting next_dagrun for example_branch_operator to 2022-02-06 00:00:00+00:00
[2022-02-07 17:26:45,218] {processor.py:171} INFO - Processing /home/airflow/.local/lib/python3.7/site-packages/airflow/example_dags/example_branch_operator.py took 0.155 seconds
[2022-02-07 17:27:16,115] {processor.py:163} INFO - Started process (PID=623) to work on /home/airflow/.local/lib/python3.7/site-packages/airflow/example_dags/example_branch_operator.py
[2022-02-07 17:27:16,117] {processor.py:642} INFO - Processing file /home/airflow/.local/lib/python3.7/site-packages/airflow/example_dags/example_branch_operator.py for tasks to queue
[2022-02-07 17:27:16,119] {logging_mixin.py:109} INFO - [2022-02-07 17:27:16,119] {dagbag.py:500} INFO - Filling up the DagBag from /home/airflow/.local/lib/python3.7/site-packages/airflow/example_dags/example_branch_operator.py
[2022-02-07 17:27:16,160] {processor.py:654} INFO - DAG(s) dict_keys(['example_branch_operator']) retrieved from /home/airflow/.local/lib/python3.7/site-packages/airflow/example_dags/example_branch_operator.py
[2022-02-07 17:27:16,173] {logging_mixin.py:109} INFO - [2022-02-07 17:27:16,173] {dag.py:2396} INFO - Sync 1 DAGs
[2022-02-07 17:27:16,195] {logging_mixin.py:109} INFO - [2022-02-07 17:27:16,195] {dag.py:2935} INFO - Setting next_dagrun for example_branch_operator to 2022-02-06 00:00:00+00:00
[2022-02-07 17:27:16,211] {processor.py:171} INFO - Processing /home/airflow/.local/lib/python3.7/site-packages/airflow/example_dags/example_branch_operator.py took 0.101 seconds
[2022-02-07 17:27:46,929] {processor.py:163} INFO - Started process (PID=678) to work on /home/airflow/.local/lib/python3.7/site-packages/airflow/example_dags/example_branch_operator.py
[2022-02-07 17:27:46,936] {processor.py:642} INFO - Processing file /home/airflow/.local/lib/python3.7/site-packages/airflow/example_dags/example_branch_operator.py for tasks to queue
[2022-02-07 17:27:46,944] {logging_mixin.py:109} INFO - [2022-02-07 17:27:46,943] {dagbag.py:500} INFO - Filling up the DagBag from /home/airflow/.local/lib/python3.7/site-packages/airflow/example_dags/example_branch_operator.py
[2022-02-07 17:27:47,011] {processor.py:654} INFO - DAG(s) dict_keys(['example_branch_operator']) retrieved from /home/airflow/.local/lib/python3.7/site-packages/airflow/example_dags/example_branch_operator.py
[2022-02-07 17:27:47,037] {logging_mixin.py:109} INFO - [2022-02-07 17:27:47,037] {dag.py:2396} INFO - Sync 1 DAGs
[2022-02-07 17:27:47,084] {logging_mixin.py:109} INFO - [2022-02-07 17:27:47,083] {dag.py:2935} INFO - Setting next_dagrun for example_branch_operator to 2022-02-06 00:00:00+00:00
[2022-02-07 17:27:47,108] {processor.py:171} INFO - Processing /home/airflow/.local/lib/python3.7/site-packages/airflow/example_dags/example_branch_operator.py took 0.187 seconds
[2022-02-07 17:28:17,256] {processor.py:163} INFO - Started process (PID=734) to work on /home/airflow/.local/lib/python3.7/site-packages/airflow/example_dags/example_branch_operator.py
[2022-02-07 17:28:17,259] {processor.py:642} INFO - Processing file /home/airflow/.local/lib/python3.7/site-packages/airflow/example_dags/example_branch_operator.py for tasks to queue
[2022-02-07 17:28:17,262] {logging_mixin.py:109} INFO - [2022-02-07 17:28:17,261] {dagbag.py:500} INFO - Filling up the DagBag from /home/airflow/.local/lib/python3.7/site-packages/airflow/example_dags/example_branch_operator.py
[2022-02-07 17:28:17,321] {processor.py:654} INFO - DAG(s) dict_keys(['example_branch_operator']) retrieved from /home/airflow/.local/lib/python3.7/site-packages/airflow/example_dags/example_branch_operator.py
[2022-02-07 17:28:17,338] {logging_mixin.py:109} INFO - [2022-02-07 17:28:17,338] {dag.py:2396} INFO - Sync 1 DAGs
[2022-02-07 17:28:17,364] {logging_mixin.py:109} INFO - [2022-02-07 17:28:17,364] {dag.py:2935} INFO - Setting next_dagrun for example_branch_operator to 2022-02-06 00:00:00+00:00
[2022-02-07 17:28:17,381] {processor.py:171} INFO - Processing /home/airflow/.local/lib/python3.7/site-packages/airflow/example_dags/example_branch_operator.py took 0.134 seconds
[2022-02-07 17:28:48,185] {processor.py:163} INFO - Started process (PID=795) to work on /home/airflow/.local/lib/python3.7/site-packages/airflow/example_dags/example_branch_operator.py
[2022-02-07 17:28:48,193] {processor.py:642} INFO - Processing file /home/airflow/.local/lib/python3.7/site-packages/airflow/example_dags/example_branch_operator.py for tasks to queue
[2022-02-07 17:28:48,199] {logging_mixin.py:109} INFO - [2022-02-07 17:28:48,199] {dagbag.py:500} INFO - Filling up the DagBag from /home/airflow/.local/lib/python3.7/site-packages/airflow/example_dags/example_branch_operator.py
[2022-02-07 17:28:48,360] {processor.py:654} INFO - DAG(s) dict_keys(['example_branch_operator']) retrieved from /home/airflow/.local/lib/python3.7/site-packages/airflow/example_dags/example_branch_operator.py
[2022-02-07 17:28:48,413] {logging_mixin.py:109} INFO - [2022-02-07 17:28:48,412] {dag.py:2396} INFO - Sync 1 DAGs
[2022-02-07 17:28:48,632] {logging_mixin.py:109} INFO - [2022-02-07 17:28:48,632] {dag.py:2935} INFO - Setting next_dagrun for example_branch_operator to 2022-02-06 00:00:00+00:00
[2022-02-07 17:28:48,693] {processor.py:171} INFO - Processing /home/airflow/.local/lib/python3.7/site-packages/airflow/example_dags/example_branch_operator.py took 0.515 seconds
[2022-02-07 17:29:19,262] {processor.py:163} INFO - Started process (PID=859) to work on /home/airflow/.local/lib/python3.7/site-packages/airflow/example_dags/example_branch_operator.py
[2022-02-07 17:29:19,268] {processor.py:642} INFO - Processing file /home/airflow/.local/lib/python3.7/site-packages/airflow/example_dags/example_branch_operator.py for tasks to queue
[2022-02-07 17:29:19,272] {logging_mixin.py:109} INFO - [2022-02-07 17:29:19,271] {dagbag.py:500} INFO - Filling up the DagBag from /home/airflow/.local/lib/python3.7/site-packages/airflow/example_dags/example_branch_operator.py
[2022-02-07 17:29:19,378] {processor.py:654} INFO - DAG(s) dict_keys(['example_branch_operator']) retrieved from /home/airflow/.local/lib/python3.7/site-packages/airflow/example_dags/example_branch_operator.py
[2022-02-07 17:29:19,401] {logging_mixin.py:109} INFO - [2022-02-07 17:29:19,401] {dag.py:2396} INFO - Sync 1 DAGs
[2022-02-07 17:29:19,436] {logging_mixin.py:109} INFO - [2022-02-07 17:29:19,436] {dag.py:2935} INFO - Setting next_dagrun for example_branch_operator to 2022-02-06 00:00:00+00:00
[2022-02-07 17:29:19,452] {processor.py:171} INFO - Processing /home/airflow/.local/lib/python3.7/site-packages/airflow/example_dags/example_branch_operator.py took 0.198 seconds
[2022-02-07 17:29:49,582] {processor.py:163} INFO - Started process (PID=916) to work on /home/airflow/.local/lib/python3.7/site-packages/airflow/example_dags/example_branch_operator.py
[2022-02-07 17:29:49,585] {processor.py:642} INFO - Processing file /home/airflow/.local/lib/python3.7/site-packages/airflow/example_dags/example_branch_operator.py for tasks to queue
[2022-02-07 17:29:49,588] {logging_mixin.py:109} INFO - [2022-02-07 17:29:49,587] {dagbag.py:500} INFO - Filling up the DagBag from /home/airflow/.local/lib/python3.7/site-packages/airflow/example_dags/example_branch_operator.py
[2022-02-07 17:29:49,654] {processor.py:654} INFO - DAG(s) dict_keys(['example_branch_operator']) retrieved from /home/airflow/.local/lib/python3.7/site-packages/airflow/example_dags/example_branch_operator.py
[2022-02-07 17:29:49,672] {logging_mixin.py:109} INFO - [2022-02-07 17:29:49,672] {dag.py:2396} INFO - Sync 1 DAGs
[2022-02-07 17:29:49,700] {logging_mixin.py:109} INFO - [2022-02-07 17:29:49,700] {dag.py:2935} INFO - Setting next_dagrun for example_branch_operator to 2022-02-06 00:00:00+00:00
[2022-02-07 17:29:49,724] {processor.py:171} INFO - Processing /home/airflow/.local/lib/python3.7/site-packages/airflow/example_dags/example_branch_operator.py took 0.147 seconds
[2022-02-07 17:30:20,516] {processor.py:163} INFO - Started process (PID=975) to work on /home/airflow/.local/lib/python3.7/site-packages/airflow/example_dags/example_branch_operator.py
[2022-02-07 17:30:20,521] {processor.py:642} INFO - Processing file /home/airflow/.local/lib/python3.7/site-packages/airflow/example_dags/example_branch_operator.py for tasks to queue
[2022-02-07 17:30:20,524] {logging_mixin.py:109} INFO - [2022-02-07 17:30:20,523] {dagbag.py:500} INFO - Filling up the DagBag from /home/airflow/.local/lib/python3.7/site-packages/airflow/example_dags/example_branch_operator.py
[2022-02-07 17:30:20,573] {processor.py:654} INFO - DAG(s) dict_keys(['example_branch_operator']) retrieved from /home/airflow/.local/lib/python3.7/site-packages/airflow/example_dags/example_branch_operator.py
[2022-02-07 17:30:20,608] {logging_mixin.py:109} INFO - [2022-02-07 17:30:20,608] {dag.py:2396} INFO - Sync 1 DAGs
[2022-02-07 17:30:20,632] {logging_mixin.py:109} INFO - [2022-02-07 17:30:20,632] {dag.py:2935} INFO - Setting next_dagrun for example_branch_operator to 2022-02-06 00:00:00+00:00
[2022-02-07 17:30:20,649] {processor.py:171} INFO - Processing /home/airflow/.local/lib/python3.7/site-packages/airflow/example_dags/example_branch_operator.py took 0.137 seconds
[2022-02-07 17:30:51,397] {processor.py:163} INFO - Started process (PID=1031) to work on /home/airflow/.local/lib/python3.7/site-packages/airflow/example_dags/example_branch_operator.py
[2022-02-07 17:30:51,399] {processor.py:642} INFO - Processing file /home/airflow/.local/lib/python3.7/site-packages/airflow/example_dags/example_branch_operator.py for tasks to queue
[2022-02-07 17:30:51,401] {logging_mixin.py:109} INFO - [2022-02-07 17:30:51,401] {dagbag.py:500} INFO - Filling up the DagBag from /home/airflow/.local/lib/python3.7/site-packages/airflow/example_dags/example_branch_operator.py
[2022-02-07 17:30:51,445] {processor.py:654} INFO - DAG(s) dict_keys(['example_branch_operator']) retrieved from /home/airflow/.local/lib/python3.7/site-packages/airflow/example_dags/example_branch_operator.py
[2022-02-07 17:30:51,463] {logging_mixin.py:109} INFO - [2022-02-07 17:30:51,463] {dag.py:2396} INFO - Sync 1 DAGs
[2022-02-07 17:30:51,511] {logging_mixin.py:109} INFO - [2022-02-07 17:30:51,510] {dag.py:2935} INFO - Setting next_dagrun for example_branch_operator to 2022-02-06 00:00:00+00:00
[2022-02-07 17:30:51,525] {processor.py:171} INFO - Processing /home/airflow/.local/lib/python3.7/site-packages/airflow/example_dags/example_branch_operator.py took 0.132 seconds
[2022-02-07 17:31:21,688] {processor.py:163} INFO - Started process (PID=1085) to work on /home/airflow/.local/lib/python3.7/site-packages/airflow/example_dags/example_branch_operator.py
[2022-02-07 17:31:21,692] {processor.py:642} INFO - Processing file /home/airflow/.local/lib/python3.7/site-packages/airflow/example_dags/example_branch_operator.py for tasks to queue
[2022-02-07 17:31:21,694] {logging_mixin.py:109} INFO - [2022-02-07 17:31:21,694] {dagbag.py:500} INFO - Filling up the DagBag from /home/airflow/.local/lib/python3.7/site-packages/airflow/example_dags/example_branch_operator.py
[2022-02-07 17:31:21,752] {processor.py:654} INFO - DAG(s) dict_keys(['example_branch_operator']) retrieved from /home/airflow/.local/lib/python3.7/site-packages/airflow/example_dags/example_branch_operator.py
[2022-02-07 17:31:21,776] {logging_mixin.py:109} INFO - [2022-02-07 17:31:21,776] {dag.py:2396} INFO - Sync 1 DAGs
[2022-02-07 17:31:21,801] {logging_mixin.py:109} INFO - [2022-02-07 17:31:21,800] {dag.py:2935} INFO - Setting next_dagrun for example_branch_operator to 2022-02-06 00:00:00+00:00
[2022-02-07 17:31:21,818] {processor.py:171} INFO - Processing /home/airflow/.local/lib/python3.7/site-packages/airflow/example_dags/example_branch_operator.py took 0.138 seconds
[2022-02-07 17:31:51,934] {processor.py:163} INFO - Started process (PID=1157) to work on /home/airflow/.local/lib/python3.7/site-packages/airflow/example_dags/example_branch_operator.py
[2022-02-07 17:31:51,939] {processor.py:642} INFO - Processing file /home/airflow/.local/lib/python3.7/site-packages/airflow/example_dags/example_branch_operator.py for tasks to queue
[2022-02-07 17:31:51,941] {logging_mixin.py:109} INFO - [2022-02-07 17:31:51,940] {dagbag.py:500} INFO - Filling up the DagBag from /home/airflow/.local/lib/python3.7/site-packages/airflow/example_dags/example_branch_operator.py
[2022-02-07 17:31:52,016] {processor.py:654} INFO - DAG(s) dict_keys(['example_branch_operator']) retrieved from /home/airflow/.local/lib/python3.7/site-packages/airflow/example_dags/example_branch_operator.py
[2022-02-07 17:31:52,035] {logging_mixin.py:109} INFO - [2022-02-07 17:31:52,035] {dag.py:2396} INFO - Sync 1 DAGs
[2022-02-07 17:31:52,067] {logging_mixin.py:109} INFO - [2022-02-07 17:31:52,067] {dag.py:2935} INFO - Setting next_dagrun for example_branch_operator to 2022-02-06 00:00:00+00:00
[2022-02-07 17:31:52,091] {processor.py:171} INFO - Processing /home/airflow/.local/lib/python3.7/site-packages/airflow/example_dags/example_branch_operator.py took 0.167 seconds
[2022-02-07 17:32:22,879] {processor.py:163} INFO - Started process (PID=1222) to work on /home/airflow/.local/lib/python3.7/site-packages/airflow/example_dags/example_branch_operator.py
[2022-02-07 17:32:22,883] {processor.py:642} INFO - Processing file /home/airflow/.local/lib/python3.7/site-packages/airflow/example_dags/example_branch_operator.py for tasks to queue
[2022-02-07 17:32:22,886] {logging_mixin.py:109} INFO - [2022-02-07 17:32:22,885] {dagbag.py:500} INFO - Filling up the DagBag from /home/airflow/.local/lib/python3.7/site-packages/airflow/example_dags/example_branch_operator.py
[2022-02-07 17:32:22,978] {processor.py:654} INFO - DAG(s) dict_keys(['example_branch_operator']) retrieved from /home/airflow/.local/lib/python3.7/site-packages/airflow/example_dags/example_branch_operator.py
[2022-02-07 17:32:23,004] {logging_mixin.py:109} INFO - [2022-02-07 17:32:23,003] {dag.py:2396} INFO - Sync 1 DAGs
[2022-02-07 17:32:23,066] {logging_mixin.py:109} INFO - [2022-02-07 17:32:23,066] {dag.py:2935} INFO - Setting next_dagrun for example_branch_operator to 2022-02-06 00:00:00+00:00
[2022-02-07 17:32:23,094] {processor.py:171} INFO - Processing /home/airflow/.local/lib/python3.7/site-packages/airflow/example_dags/example_branch_operator.py took 0.224 seconds
[2022-02-07 17:32:53,683] {processor.py:163} INFO - Started process (PID=1279) to work on /home/airflow/.local/lib/python3.7/site-packages/airflow/example_dags/example_branch_operator.py
[2022-02-07 17:32:53,685] {processor.py:642} INFO - Processing file /home/airflow/.local/lib/python3.7/site-packages/airflow/example_dags/example_branch_operator.py for tasks to queue
[2022-02-07 17:32:53,688] {logging_mixin.py:109} INFO - [2022-02-07 17:32:53,687] {dagbag.py:500} INFO - Filling up the DagBag from /home/airflow/.local/lib/python3.7/site-packages/airflow/example_dags/example_branch_operator.py
[2022-02-07 17:32:53,749] {processor.py:654} INFO - DAG(s) dict_keys(['example_branch_operator']) retrieved from /home/airflow/.local/lib/python3.7/site-packages/airflow/example_dags/example_branch_operator.py
[2022-02-07 17:32:53,771] {logging_mixin.py:109} INFO - [2022-02-07 17:32:53,770] {dag.py:2396} INFO - Sync 1 DAGs
[2022-02-07 17:32:53,805] {logging_mixin.py:109} INFO - [2022-02-07 17:32:53,805] {dag.py:2935} INFO - Setting next_dagrun for example_branch_operator to 2022-02-06 00:00:00+00:00
[2022-02-07 17:32:53,826] {processor.py:171} INFO - Processing /home/airflow/.local/lib/python3.7/site-packages/airflow/example_dags/example_branch_operator.py took 0.148 seconds
[2022-02-07 17:33:24,071] {processor.py:163} INFO - Started process (PID=1335) to work on /home/airflow/.local/lib/python3.7/site-packages/airflow/example_dags/example_branch_operator.py
[2022-02-07 17:33:24,074] {processor.py:642} INFO - Processing file /home/airflow/.local/lib/python3.7/site-packages/airflow/example_dags/example_branch_operator.py for tasks to queue
[2022-02-07 17:33:24,078] {logging_mixin.py:109} INFO - [2022-02-07 17:33:24,077] {dagbag.py:500} INFO - Filling up the DagBag from /home/airflow/.local/lib/python3.7/site-packages/airflow/example_dags/example_branch_operator.py
[2022-02-07 17:33:24,126] {processor.py:654} INFO - DAG(s) dict_keys(['example_branch_operator']) retrieved from /home/airflow/.local/lib/python3.7/site-packages/airflow/example_dags/example_branch_operator.py
[2022-02-07 17:33:24,142] {logging_mixin.py:109} INFO - [2022-02-07 17:33:24,142] {dag.py:2396} INFO - Sync 1 DAGs
[2022-02-07 17:33:24,174] {logging_mixin.py:109} INFO - [2022-02-07 17:33:24,174] {dag.py:2935} INFO - Setting next_dagrun for example_branch_operator to 2022-02-06 00:00:00+00:00
[2022-02-07 17:33:24,210] {processor.py:171} INFO - Processing /home/airflow/.local/lib/python3.7/site-packages/airflow/example_dags/example_branch_operator.py took 0.151 seconds
[2022-02-07 17:33:54,361] {processor.py:163} INFO - Started process (PID=1389) to work on /home/airflow/.local/lib/python3.7/site-packages/airflow/example_dags/example_branch_operator.py
[2022-02-07 17:33:54,366] {processor.py:642} INFO - Processing file /home/airflow/.local/lib/python3.7/site-packages/airflow/example_dags/example_branch_operator.py for tasks to queue
[2022-02-07 17:33:54,371] {logging_mixin.py:109} INFO - [2022-02-07 17:33:54,370] {dagbag.py:500} INFO - Filling up the DagBag from /home/airflow/.local/lib/python3.7/site-packages/airflow/example_dags/example_branch_operator.py
[2022-02-07 17:33:54,434] {processor.py:654} INFO - DAG(s) dict_keys(['example_branch_operator']) retrieved from /home/airflow/.local/lib/python3.7/site-packages/airflow/example_dags/example_branch_operator.py
[2022-02-07 17:33:54,488] {logging_mixin.py:109} INFO - [2022-02-07 17:33:54,487] {dag.py:2396} INFO - Sync 1 DAGs
[2022-02-07 17:33:54,524] {logging_mixin.py:109} INFO - [2022-02-07 17:33:54,524] {dag.py:2935} INFO - Setting next_dagrun for example_branch_operator to 2022-02-06 00:00:00+00:00
[2022-02-07 17:33:54,549] {processor.py:171} INFO - Processing /home/airflow/.local/lib/python3.7/site-packages/airflow/example_dags/example_branch_operator.py took 0.198 seconds
[2022-02-07 17:34:25,547] {processor.py:163} INFO - Started process (PID=1458) to work on /home/airflow/.local/lib/python3.7/site-packages/airflow/example_dags/example_branch_operator.py
[2022-02-07 17:34:25,551] {processor.py:642} INFO - Processing file /home/airflow/.local/lib/python3.7/site-packages/airflow/example_dags/example_branch_operator.py for tasks to queue
[2022-02-07 17:34:25,553] {logging_mixin.py:109} INFO - [2022-02-07 17:34:25,553] {dagbag.py:500} INFO - Filling up the DagBag from /home/airflow/.local/lib/python3.7/site-packages/airflow/example_dags/example_branch_operator.py
[2022-02-07 17:34:25,628] {processor.py:654} INFO - DAG(s) dict_keys(['example_branch_operator']) retrieved from /home/airflow/.local/lib/python3.7/site-packages/airflow/example_dags/example_branch_operator.py
[2022-02-07 17:34:25,650] {logging_mixin.py:109} INFO - [2022-02-07 17:34:25,650] {dag.py:2396} INFO - Sync 1 DAGs
[2022-02-07 17:34:25,684] {logging_mixin.py:109} INFO - [2022-02-07 17:34:25,684] {dag.py:2935} INFO - Setting next_dagrun for example_branch_operator to 2022-02-06 00:00:00+00:00
[2022-02-07 17:34:25,704] {processor.py:171} INFO - Processing /home/airflow/.local/lib/python3.7/site-packages/airflow/example_dags/example_branch_operator.py took 0.162 seconds
[2022-02-07 17:34:55,817] {processor.py:163} INFO - Started process (PID=1515) to work on /home/airflow/.local/lib/python3.7/site-packages/airflow/example_dags/example_branch_operator.py
[2022-02-07 17:34:55,820] {processor.py:642} INFO - Processing file /home/airflow/.local/lib/python3.7/site-packages/airflow/example_dags/example_branch_operator.py for tasks to queue
[2022-02-07 17:34:55,822] {logging_mixin.py:109} INFO - [2022-02-07 17:34:55,822] {dagbag.py:500} INFO - Filling up the DagBag from /home/airflow/.local/lib/python3.7/site-packages/airflow/example_dags/example_branch_operator.py
[2022-02-07 17:34:55,915] {processor.py:654} INFO - DAG(s) dict_keys(['example_branch_operator']) retrieved from /home/airflow/.local/lib/python3.7/site-packages/airflow/example_dags/example_branch_operator.py
[2022-02-07 17:34:55,949] {logging_mixin.py:109} INFO - [2022-02-07 17:34:55,948] {dag.py:2396} INFO - Sync 1 DAGs
[2022-02-07 17:34:56,007] {logging_mixin.py:109} INFO - [2022-02-07 17:34:56,007] {dag.py:2935} INFO - Setting next_dagrun for example_branch_operator to 2022-02-06 00:00:00+00:00
[2022-02-07 17:34:56,184] {processor.py:171} INFO - Processing /home/airflow/.local/lib/python3.7/site-packages/airflow/example_dags/example_branch_operator.py took 0.374 seconds
[2022-02-07 17:35:26,407] {processor.py:163} INFO - Started process (PID=1567) to work on /home/airflow/.local/lib/python3.7/site-packages/airflow/example_dags/example_branch_operator.py
[2022-02-07 17:35:26,410] {processor.py:642} INFO - Processing file /home/airflow/.local/lib/python3.7/site-packages/airflow/example_dags/example_branch_operator.py for tasks to queue
[2022-02-07 17:35:26,413] {logging_mixin.py:109} INFO - [2022-02-07 17:35:26,413] {dagbag.py:500} INFO - Filling up the DagBag from /home/airflow/.local/lib/python3.7/site-packages/airflow/example_dags/example_branch_operator.py
[2022-02-07 17:35:26,461] {processor.py:654} INFO - DAG(s) dict_keys(['example_branch_operator']) retrieved from /home/airflow/.local/lib/python3.7/site-packages/airflow/example_dags/example_branch_operator.py
[2022-02-07 17:35:26,481] {logging_mixin.py:109} INFO - [2022-02-07 17:35:26,481] {dag.py:2396} INFO - Sync 1 DAGs
[2022-02-07 17:35:26,639] {logging_mixin.py:109} INFO - [2022-02-07 17:35:26,639] {dag.py:2935} INFO - Setting next_dagrun for example_branch_operator to 2022-02-06 00:00:00+00:00
[2022-02-07 17:35:26,654] {processor.py:171} INFO - Processing /home/airflow/.local/lib/python3.7/site-packages/airflow/example_dags/example_branch_operator.py took 0.254 seconds
[2022-02-07 17:35:57,156] {processor.py:163} INFO - Started process (PID=1621) to work on /home/airflow/.local/lib/python3.7/site-packages/airflow/example_dags/example_branch_operator.py
[2022-02-07 17:35:57,159] {processor.py:642} INFO - Processing file /home/airflow/.local/lib/python3.7/site-packages/airflow/example_dags/example_branch_operator.py for tasks to queue
[2022-02-07 17:35:57,164] {logging_mixin.py:109} INFO - [2022-02-07 17:35:57,164] {dagbag.py:500} INFO - Filling up the DagBag from /home/airflow/.local/lib/python3.7/site-packages/airflow/example_dags/example_branch_operator.py
[2022-02-07 17:35:57,214] {processor.py:654} INFO - DAG(s) dict_keys(['example_branch_operator']) retrieved from /home/airflow/.local/lib/python3.7/site-packages/airflow/example_dags/example_branch_operator.py
[2022-02-07 17:35:57,236] {logging_mixin.py:109} INFO - [2022-02-07 17:35:57,236] {dag.py:2396} INFO - Sync 1 DAGs
[2022-02-07 17:35:57,363] {logging_mixin.py:109} INFO - [2022-02-07 17:35:57,363] {dag.py:2935} INFO - Setting next_dagrun for example_branch_operator to 2022-02-06 00:00:00+00:00
[2022-02-07 17:35:57,379] {processor.py:171} INFO - Processing /home/airflow/.local/lib/python3.7/site-packages/airflow/example_dags/example_branch_operator.py took 0.228 seconds
[2022-02-07 17:36:27,765] {processor.py:163} INFO - Started process (PID=1674) to work on /home/airflow/.local/lib/python3.7/site-packages/airflow/example_dags/example_branch_operator.py
[2022-02-07 17:36:27,768] {processor.py:642} INFO - Processing file /home/airflow/.local/lib/python3.7/site-packages/airflow/example_dags/example_branch_operator.py for tasks to queue
[2022-02-07 17:36:27,771] {logging_mixin.py:109} INFO - [2022-02-07 17:36:27,771] {dagbag.py:500} INFO - Filling up the DagBag from /home/airflow/.local/lib/python3.7/site-packages/airflow/example_dags/example_branch_operator.py
[2022-02-07 17:36:27,842] {processor.py:654} INFO - DAG(s) dict_keys(['example_branch_operator']) retrieved from /home/airflow/.local/lib/python3.7/site-packages/airflow/example_dags/example_branch_operator.py
[2022-02-07 17:36:27,863] {logging_mixin.py:109} INFO - [2022-02-07 17:36:27,863] {dag.py:2396} INFO - Sync 1 DAGs
[2022-02-07 17:36:28,041] {logging_mixin.py:109} INFO - [2022-02-07 17:36:28,041] {dag.py:2935} INFO - Setting next_dagrun for example_branch_operator to 2022-02-06 00:00:00+00:00
[2022-02-07 17:36:28,066] {processor.py:171} INFO - Processing /home/airflow/.local/lib/python3.7/site-packages/airflow/example_dags/example_branch_operator.py took 0.305 seconds
[2022-02-07 17:36:58,235] {processor.py:163} INFO - Started process (PID=1728) to work on /home/airflow/.local/lib/python3.7/site-packages/airflow/example_dags/example_branch_operator.py
[2022-02-07 17:36:58,263] {processor.py:642} INFO - Processing file /home/airflow/.local/lib/python3.7/site-packages/airflow/example_dags/example_branch_operator.py for tasks to queue
[2022-02-07 17:36:58,268] {logging_mixin.py:109} INFO - [2022-02-07 17:36:58,268] {dagbag.py:500} INFO - Filling up the DagBag from /home/airflow/.local/lib/python3.7/site-packages/airflow/example_dags/example_branch_operator.py
[2022-02-07 17:36:58,352] {processor.py:654} INFO - DAG(s) dict_keys(['example_branch_operator']) retrieved from /home/airflow/.local/lib/python3.7/site-packages/airflow/example_dags/example_branch_operator.py
[2022-02-07 17:36:58,377] {logging_mixin.py:109} INFO - [2022-02-07 17:36:58,377] {dag.py:2396} INFO - Sync 1 DAGs
[2022-02-07 17:36:58,520] {logging_mixin.py:109} INFO - [2022-02-07 17:36:58,519] {dag.py:2935} INFO - Setting next_dagrun for example_branch_operator to 2022-02-06 00:00:00+00:00
[2022-02-07 17:36:58,534] {processor.py:171} INFO - Processing /home/airflow/.local/lib/python3.7/site-packages/airflow/example_dags/example_branch_operator.py took 0.312 seconds
[2022-02-07 17:37:29,043] {processor.py:163} INFO - Started process (PID=1780) to work on /home/airflow/.local/lib/python3.7/site-packages/airflow/example_dags/example_branch_operator.py
[2022-02-07 17:37:29,047] {processor.py:642} INFO - Processing file /home/airflow/.local/lib/python3.7/site-packages/airflow/example_dags/example_branch_operator.py for tasks to queue
[2022-02-07 17:37:29,050] {logging_mixin.py:109} INFO - [2022-02-07 17:37:29,050] {dagbag.py:500} INFO - Filling up the DagBag from /home/airflow/.local/lib/python3.7/site-packages/airflow/example_dags/example_branch_operator.py
[2022-02-07 17:37:29,146] {processor.py:654} INFO - DAG(s) dict_keys(['example_branch_operator']) retrieved from /home/airflow/.local/lib/python3.7/site-packages/airflow/example_dags/example_branch_operator.py
[2022-02-07 17:37:29,359] {logging_mixin.py:109} INFO - [2022-02-07 17:37:29,359] {dag.py:2396} INFO - Sync 1 DAGs
[2022-02-07 17:37:29,465] {logging_mixin.py:109} INFO - [2022-02-07 17:37:29,464] {dag.py:2935} INFO - Setting next_dagrun for example_branch_operator to 2022-02-06 00:00:00+00:00
[2022-02-07 17:37:29,502] {processor.py:171} INFO - Processing /home/airflow/.local/lib/python3.7/site-packages/airflow/example_dags/example_branch_operator.py took 0.470 seconds
[2022-02-07 17:37:59,926] {processor.py:163} INFO - Started process (PID=1841) to work on /home/airflow/.local/lib/python3.7/site-packages/airflow/example_dags/example_branch_operator.py
[2022-02-07 17:37:59,929] {processor.py:642} INFO - Processing file /home/airflow/.local/lib/python3.7/site-packages/airflow/example_dags/example_branch_operator.py for tasks to queue
[2022-02-07 17:37:59,933] {logging_mixin.py:109} INFO - [2022-02-07 17:37:59,933] {dagbag.py:500} INFO - Filling up the DagBag from /home/airflow/.local/lib/python3.7/site-packages/airflow/example_dags/example_branch_operator.py
[2022-02-07 17:38:00,144] {processor.py:654} INFO - DAG(s) dict_keys(['example_branch_operator']) retrieved from /home/airflow/.local/lib/python3.7/site-packages/airflow/example_dags/example_branch_operator.py
[2022-02-07 17:38:00,179] {logging_mixin.py:109} INFO - [2022-02-07 17:38:00,179] {dag.py:2396} INFO - Sync 1 DAGs
[2022-02-07 17:38:00,214] {logging_mixin.py:109} INFO - [2022-02-07 17:38:00,214] {dag.py:2935} INFO - Setting next_dagrun for example_branch_operator to 2022-02-06 00:00:00+00:00
[2022-02-07 17:38:00,232] {processor.py:171} INFO - Processing /home/airflow/.local/lib/python3.7/site-packages/airflow/example_dags/example_branch_operator.py took 0.314 seconds
[2022-02-07 17:38:31,001] {processor.py:163} INFO - Started process (PID=1894) to work on /home/airflow/.local/lib/python3.7/site-packages/airflow/example_dags/example_branch_operator.py
[2022-02-07 17:38:31,010] {processor.py:642} INFO - Processing file /home/airflow/.local/lib/python3.7/site-packages/airflow/example_dags/example_branch_operator.py for tasks to queue
[2022-02-07 17:38:31,014] {logging_mixin.py:109} INFO - [2022-02-07 17:38:31,013] {dagbag.py:500} INFO - Filling up the DagBag from /home/airflow/.local/lib/python3.7/site-packages/airflow/example_dags/example_branch_operator.py
[2022-02-07 17:38:31,218] {processor.py:654} INFO - DAG(s) dict_keys(['example_branch_operator']) retrieved from /home/airflow/.local/lib/python3.7/site-packages/airflow/example_dags/example_branch_operator.py
[2022-02-07 17:38:31,232] {logging_mixin.py:109} INFO - [2022-02-07 17:38:31,231] {dag.py:2396} INFO - Sync 1 DAGs
[2022-02-07 17:38:31,261] {logging_mixin.py:109} INFO - [2022-02-07 17:38:31,261] {dag.py:2935} INFO - Setting next_dagrun for example_branch_operator to 2022-02-06 00:00:00+00:00
[2022-02-07 17:38:31,283] {processor.py:171} INFO - Processing /home/airflow/.local/lib/python3.7/site-packages/airflow/example_dags/example_branch_operator.py took 0.288 seconds
[2022-02-07 17:39:01,569] {processor.py:163} INFO - Started process (PID=1948) to work on /home/airflow/.local/lib/python3.7/site-packages/airflow/example_dags/example_branch_operator.py
[2022-02-07 17:39:01,572] {processor.py:642} INFO - Processing file /home/airflow/.local/lib/python3.7/site-packages/airflow/example_dags/example_branch_operator.py for tasks to queue
[2022-02-07 17:39:01,573] {logging_mixin.py:109} INFO - [2022-02-07 17:39:01,573] {dagbag.py:500} INFO - Filling up the DagBag from /home/airflow/.local/lib/python3.7/site-packages/airflow/example_dags/example_branch_operator.py
[2022-02-07 17:39:01,769] {processor.py:654} INFO - DAG(s) dict_keys(['example_branch_operator']) retrieved from /home/airflow/.local/lib/python3.7/site-packages/airflow/example_dags/example_branch_operator.py
[2022-02-07 17:39:01,784] {logging_mixin.py:109} INFO - [2022-02-07 17:39:01,784] {dag.py:2396} INFO - Sync 1 DAGs
[2022-02-07 17:39:01,809] {logging_mixin.py:109} INFO - [2022-02-07 17:39:01,809] {dag.py:2935} INFO - Setting next_dagrun for example_branch_operator to 2022-02-06 00:00:00+00:00
[2022-02-07 17:39:01,823] {processor.py:171} INFO - Processing /home/airflow/.local/lib/python3.7/site-packages/airflow/example_dags/example_branch_operator.py took 0.257 seconds
