[2022-02-07 17:23:06,106] {processor.py:163} INFO - Started process (PID=98) to work on /home/airflow/.local/lib/python3.7/site-packages/airflow/example_dags/example_sla_dag.py
[2022-02-07 17:23:06,109] {processor.py:642} INFO - Processing file /home/airflow/.local/lib/python3.7/site-packages/airflow/example_dags/example_sla_dag.py for tasks to queue
[2022-02-07 17:23:06,111] {logging_mixin.py:109} INFO - [2022-02-07 17:23:06,111] {dagbag.py:500} INFO - Filling up the DagBag from /home/airflow/.local/lib/python3.7/site-packages/airflow/example_dags/example_sla_dag.py
[2022-02-07 17:23:06,161] {processor.py:654} INFO - DAG(s) dict_keys(['example_sla_dag']) retrieved from /home/airflow/.local/lib/python3.7/site-packages/airflow/example_dags/example_sla_dag.py
[2022-02-07 17:23:08,318] {logging_mixin.py:109} INFO - [2022-02-07 17:23:08,317] {manager.py:496} INFO - Created Permission View: can read on DAG:example_sla_dag
[2022-02-07 17:23:08,335] {logging_mixin.py:109} INFO - [2022-02-07 17:23:08,335] {manager.py:496} INFO - Created Permission View: can edit on DAG:example_sla_dag
[2022-02-07 17:23:08,337] {logging_mixin.py:109} INFO - [2022-02-07 17:23:08,337] {dag.py:2396} INFO - Sync 1 DAGs
[2022-02-07 17:23:08,347] {logging_mixin.py:109} INFO - [2022-02-07 17:23:08,347] {dag.py:2415} INFO - Creating ORM DAG for example_sla_dag
[2022-02-07 17:23:08,371] {logging_mixin.py:109} INFO - [2022-02-07 17:23:08,371] {dag.py:2935} INFO - Setting next_dagrun for example_sla_dag to 2022-02-07T17:20:00+00:00
[2022-02-07 17:23:08,412] {processor.py:171} INFO - Processing /home/airflow/.local/lib/python3.7/site-packages/airflow/example_dags/example_sla_dag.py took 2.344 seconds
[2022-02-07 17:23:38,567] {processor.py:163} INFO - Started process (PID=239) to work on /home/airflow/.local/lib/python3.7/site-packages/airflow/example_dags/example_sla_dag.py
[2022-02-07 17:23:38,569] {processor.py:642} INFO - Processing file /home/airflow/.local/lib/python3.7/site-packages/airflow/example_dags/example_sla_dag.py for tasks to queue
[2022-02-07 17:23:38,571] {logging_mixin.py:109} INFO - [2022-02-07 17:23:38,571] {dagbag.py:500} INFO - Filling up the DagBag from /home/airflow/.local/lib/python3.7/site-packages/airflow/example_dags/example_sla_dag.py
[2022-02-07 17:23:38,620] {processor.py:654} INFO - DAG(s) dict_keys(['example_sla_dag']) retrieved from /home/airflow/.local/lib/python3.7/site-packages/airflow/example_dags/example_sla_dag.py
[2022-02-07 17:23:38,633] {logging_mixin.py:109} INFO - [2022-02-07 17:23:38,633] {dag.py:2396} INFO - Sync 1 DAGs
[2022-02-07 17:23:38,664] {logging_mixin.py:109} INFO - [2022-02-07 17:23:38,664] {dag.py:2935} INFO - Setting next_dagrun for example_sla_dag to 2022-02-07T17:20:00+00:00
[2022-02-07 17:23:38,677] {processor.py:171} INFO - Processing /home/airflow/.local/lib/python3.7/site-packages/airflow/example_dags/example_sla_dag.py took 0.114 seconds
[2022-02-07 17:24:09,047] {processor.py:163} INFO - Started process (PID=289) to work on /home/airflow/.local/lib/python3.7/site-packages/airflow/example_dags/example_sla_dag.py
[2022-02-07 17:24:09,050] {processor.py:642} INFO - Processing file /home/airflow/.local/lib/python3.7/site-packages/airflow/example_dags/example_sla_dag.py for tasks to queue
[2022-02-07 17:24:09,052] {logging_mixin.py:109} INFO - [2022-02-07 17:24:09,052] {dagbag.py:500} INFO - Filling up the DagBag from /home/airflow/.local/lib/python3.7/site-packages/airflow/example_dags/example_sla_dag.py
[2022-02-07 17:24:09,108] {processor.py:654} INFO - DAG(s) dict_keys(['example_sla_dag']) retrieved from /home/airflow/.local/lib/python3.7/site-packages/airflow/example_dags/example_sla_dag.py
[2022-02-07 17:24:09,125] {logging_mixin.py:109} INFO - [2022-02-07 17:24:09,125] {dag.py:2396} INFO - Sync 1 DAGs
[2022-02-07 17:24:09,154] {logging_mixin.py:109} INFO - [2022-02-07 17:24:09,153] {dag.py:2935} INFO - Setting next_dagrun for example_sla_dag to 2022-02-07T17:22:00+00:00
[2022-02-07 17:24:09,169] {processor.py:171} INFO - Processing /home/airflow/.local/lib/python3.7/site-packages/airflow/example_dags/example_sla_dag.py took 0.127 seconds
[2022-02-07 17:24:40,555] {processor.py:163} INFO - Started process (PID=350) to work on /home/airflow/.local/lib/python3.7/site-packages/airflow/example_dags/example_sla_dag.py
[2022-02-07 17:24:40,560] {processor.py:642} INFO - Processing file /home/airflow/.local/lib/python3.7/site-packages/airflow/example_dags/example_sla_dag.py for tasks to queue
[2022-02-07 17:24:40,563] {logging_mixin.py:109} INFO - [2022-02-07 17:24:40,563] {dagbag.py:500} INFO - Filling up the DagBag from /home/airflow/.local/lib/python3.7/site-packages/airflow/example_dags/example_sla_dag.py
[2022-02-07 17:24:40,714] {processor.py:654} INFO - DAG(s) dict_keys(['example_sla_dag']) retrieved from /home/airflow/.local/lib/python3.7/site-packages/airflow/example_dags/example_sla_dag.py
[2022-02-07 17:24:40,799] {logging_mixin.py:109} INFO - [2022-02-07 17:24:40,799] {dag.py:2396} INFO - Sync 1 DAGs
[2022-02-07 17:24:40,919] {logging_mixin.py:109} INFO - [2022-02-07 17:24:40,919] {dag.py:2935} INFO - Setting next_dagrun for example_sla_dag to 2022-02-07T17:22:00+00:00
[2022-02-07 17:24:40,959] {processor.py:171} INFO - Processing /home/airflow/.local/lib/python3.7/site-packages/airflow/example_dags/example_sla_dag.py took 0.412 seconds
[2022-02-07 17:25:11,231] {processor.py:163} INFO - Started process (PID=402) to work on /home/airflow/.local/lib/python3.7/site-packages/airflow/example_dags/example_sla_dag.py
[2022-02-07 17:25:11,235] {processor.py:642} INFO - Processing file /home/airflow/.local/lib/python3.7/site-packages/airflow/example_dags/example_sla_dag.py for tasks to queue
[2022-02-07 17:25:11,239] {logging_mixin.py:109} INFO - [2022-02-07 17:25:11,239] {dagbag.py:500} INFO - Filling up the DagBag from /home/airflow/.local/lib/python3.7/site-packages/airflow/example_dags/example_sla_dag.py
[2022-02-07 17:25:11,303] {processor.py:654} INFO - DAG(s) dict_keys(['example_sla_dag']) retrieved from /home/airflow/.local/lib/python3.7/site-packages/airflow/example_dags/example_sla_dag.py
[2022-02-07 17:25:11,327] {logging_mixin.py:109} INFO - [2022-02-07 17:25:11,326] {dag.py:2396} INFO - Sync 1 DAGs
[2022-02-07 17:25:11,359] {logging_mixin.py:109} INFO - [2022-02-07 17:25:11,359] {dag.py:2935} INFO - Setting next_dagrun for example_sla_dag to 2022-02-07T17:22:00+00:00
[2022-02-07 17:25:11,390] {processor.py:171} INFO - Processing /home/airflow/.local/lib/python3.7/site-packages/airflow/example_dags/example_sla_dag.py took 0.170 seconds
[2022-02-07 17:25:41,771] {processor.py:163} INFO - Started process (PID=453) to work on /home/airflow/.local/lib/python3.7/site-packages/airflow/example_dags/example_sla_dag.py
[2022-02-07 17:25:41,774] {processor.py:642} INFO - Processing file /home/airflow/.local/lib/python3.7/site-packages/airflow/example_dags/example_sla_dag.py for tasks to queue
[2022-02-07 17:25:41,777] {logging_mixin.py:109} INFO - [2022-02-07 17:25:41,777] {dagbag.py:500} INFO - Filling up the DagBag from /home/airflow/.local/lib/python3.7/site-packages/airflow/example_dags/example_sla_dag.py
[2022-02-07 17:25:41,851] {processor.py:654} INFO - DAG(s) dict_keys(['example_sla_dag']) retrieved from /home/airflow/.local/lib/python3.7/site-packages/airflow/example_dags/example_sla_dag.py
[2022-02-07 17:25:41,870] {logging_mixin.py:109} INFO - [2022-02-07 17:25:41,870] {dag.py:2396} INFO - Sync 1 DAGs
[2022-02-07 17:25:41,921] {logging_mixin.py:109} INFO - [2022-02-07 17:25:41,921] {dag.py:2935} INFO - Setting next_dagrun for example_sla_dag to 2022-02-07T17:22:00+00:00
[2022-02-07 17:25:41,952] {processor.py:171} INFO - Processing /home/airflow/.local/lib/python3.7/site-packages/airflow/example_dags/example_sla_dag.py took 0.186 seconds
[2022-02-07 17:26:12,661] {processor.py:163} INFO - Started process (PID=507) to work on /home/airflow/.local/lib/python3.7/site-packages/airflow/example_dags/example_sla_dag.py
[2022-02-07 17:26:12,664] {processor.py:642} INFO - Processing file /home/airflow/.local/lib/python3.7/site-packages/airflow/example_dags/example_sla_dag.py for tasks to queue
[2022-02-07 17:26:12,667] {logging_mixin.py:109} INFO - [2022-02-07 17:26:12,667] {dagbag.py:500} INFO - Filling up the DagBag from /home/airflow/.local/lib/python3.7/site-packages/airflow/example_dags/example_sla_dag.py
[2022-02-07 17:26:12,754] {processor.py:654} INFO - DAG(s) dict_keys(['example_sla_dag']) retrieved from /home/airflow/.local/lib/python3.7/site-packages/airflow/example_dags/example_sla_dag.py
[2022-02-07 17:26:12,772] {logging_mixin.py:109} INFO - [2022-02-07 17:26:12,772] {dag.py:2396} INFO - Sync 1 DAGs
[2022-02-07 17:26:12,815] {logging_mixin.py:109} INFO - [2022-02-07 17:26:12,815] {dag.py:2935} INFO - Setting next_dagrun for example_sla_dag to 2022-02-07T17:24:00+00:00
[2022-02-07 17:26:12,835] {processor.py:171} INFO - Processing /home/airflow/.local/lib/python3.7/site-packages/airflow/example_dags/example_sla_dag.py took 0.189 seconds
[2022-02-07 17:26:43,523] {processor.py:163} INFO - Started process (PID=567) to work on /home/airflow/.local/lib/python3.7/site-packages/airflow/example_dags/example_sla_dag.py
[2022-02-07 17:26:43,527] {processor.py:642} INFO - Processing file /home/airflow/.local/lib/python3.7/site-packages/airflow/example_dags/example_sla_dag.py for tasks to queue
[2022-02-07 17:26:43,533] {logging_mixin.py:109} INFO - [2022-02-07 17:26:43,532] {dagbag.py:500} INFO - Filling up the DagBag from /home/airflow/.local/lib/python3.7/site-packages/airflow/example_dags/example_sla_dag.py
[2022-02-07 17:26:43,673] {processor.py:654} INFO - DAG(s) dict_keys(['example_sla_dag']) retrieved from /home/airflow/.local/lib/python3.7/site-packages/airflow/example_dags/example_sla_dag.py
[2022-02-07 17:26:43,702] {logging_mixin.py:109} INFO - [2022-02-07 17:26:43,702] {dag.py:2396} INFO - Sync 1 DAGs
[2022-02-07 17:26:43,747] {logging_mixin.py:109} INFO - [2022-02-07 17:26:43,747] {dag.py:2935} INFO - Setting next_dagrun for example_sla_dag to 2022-02-07T17:24:00+00:00
[2022-02-07 17:26:43,770] {processor.py:171} INFO - Processing /home/airflow/.local/lib/python3.7/site-packages/airflow/example_dags/example_sla_dag.py took 0.263 seconds
[2022-02-07 17:27:13,911] {processor.py:163} INFO - Started process (PID=619) to work on /home/airflow/.local/lib/python3.7/site-packages/airflow/example_dags/example_sla_dag.py
[2022-02-07 17:27:13,914] {processor.py:642} INFO - Processing file /home/airflow/.local/lib/python3.7/site-packages/airflow/example_dags/example_sla_dag.py for tasks to queue
[2022-02-07 17:27:13,916] {logging_mixin.py:109} INFO - [2022-02-07 17:27:13,916] {dagbag.py:500} INFO - Filling up the DagBag from /home/airflow/.local/lib/python3.7/site-packages/airflow/example_dags/example_sla_dag.py
[2022-02-07 17:27:13,965] {processor.py:654} INFO - DAG(s) dict_keys(['example_sla_dag']) retrieved from /home/airflow/.local/lib/python3.7/site-packages/airflow/example_dags/example_sla_dag.py
[2022-02-07 17:27:13,986] {logging_mixin.py:109} INFO - [2022-02-07 17:27:13,986] {dag.py:2396} INFO - Sync 1 DAGs
[2022-02-07 17:27:14,041] {logging_mixin.py:109} INFO - [2022-02-07 17:27:14,041] {dag.py:2935} INFO - Setting next_dagrun for example_sla_dag to 2022-02-07T17:24:00+00:00
[2022-02-07 17:27:14,063] {processor.py:171} INFO - Processing /home/airflow/.local/lib/python3.7/site-packages/airflow/example_dags/example_sla_dag.py took 0.156 seconds
[2022-02-07 17:27:44,711] {processor.py:163} INFO - Started process (PID=673) to work on /home/airflow/.local/lib/python3.7/site-packages/airflow/example_dags/example_sla_dag.py
[2022-02-07 17:27:44,715] {processor.py:642} INFO - Processing file /home/airflow/.local/lib/python3.7/site-packages/airflow/example_dags/example_sla_dag.py for tasks to queue
[2022-02-07 17:27:44,717] {logging_mixin.py:109} INFO - [2022-02-07 17:27:44,717] {dagbag.py:500} INFO - Filling up the DagBag from /home/airflow/.local/lib/python3.7/site-packages/airflow/example_dags/example_sla_dag.py
[2022-02-07 17:27:44,789] {processor.py:654} INFO - DAG(s) dict_keys(['example_sla_dag']) retrieved from /home/airflow/.local/lib/python3.7/site-packages/airflow/example_dags/example_sla_dag.py
[2022-02-07 17:27:44,817] {logging_mixin.py:109} INFO - [2022-02-07 17:27:44,817] {dag.py:2396} INFO - Sync 1 DAGs
[2022-02-07 17:27:44,862] {logging_mixin.py:109} INFO - [2022-02-07 17:27:44,862] {dag.py:2935} INFO - Setting next_dagrun for example_sla_dag to 2022-02-07T17:24:00+00:00
[2022-02-07 17:27:44,883] {processor.py:171} INFO - Processing /home/airflow/.local/lib/python3.7/site-packages/airflow/example_dags/example_sla_dag.py took 0.180 seconds
[2022-02-07 17:28:15,440] {processor.py:163} INFO - Started process (PID=730) to work on /home/airflow/.local/lib/python3.7/site-packages/airflow/example_dags/example_sla_dag.py
[2022-02-07 17:28:15,443] {processor.py:642} INFO - Processing file /home/airflow/.local/lib/python3.7/site-packages/airflow/example_dags/example_sla_dag.py for tasks to queue
[2022-02-07 17:28:15,446] {logging_mixin.py:109} INFO - [2022-02-07 17:28:15,446] {dagbag.py:500} INFO - Filling up the DagBag from /home/airflow/.local/lib/python3.7/site-packages/airflow/example_dags/example_sla_dag.py
[2022-02-07 17:28:15,511] {processor.py:654} INFO - DAG(s) dict_keys(['example_sla_dag']) retrieved from /home/airflow/.local/lib/python3.7/site-packages/airflow/example_dags/example_sla_dag.py
[2022-02-07 17:28:15,536] {logging_mixin.py:109} INFO - [2022-02-07 17:28:15,536] {dag.py:2396} INFO - Sync 1 DAGs
[2022-02-07 17:28:15,577] {logging_mixin.py:109} INFO - [2022-02-07 17:28:15,576] {dag.py:2935} INFO - Setting next_dagrun for example_sla_dag to 2022-02-07T17:26:00+00:00
[2022-02-07 17:28:15,602] {processor.py:171} INFO - Processing /home/airflow/.local/lib/python3.7/site-packages/airflow/example_dags/example_sla_dag.py took 0.167 seconds
[2022-02-07 17:28:45,696] {processor.py:163} INFO - Started process (PID=781) to work on /home/airflow/.local/lib/python3.7/site-packages/airflow/example_dags/example_sla_dag.py
[2022-02-07 17:28:45,701] {processor.py:642} INFO - Processing file /home/airflow/.local/lib/python3.7/site-packages/airflow/example_dags/example_sla_dag.py for tasks to queue
[2022-02-07 17:28:45,706] {logging_mixin.py:109} INFO - [2022-02-07 17:28:45,705] {dagbag.py:500} INFO - Filling up the DagBag from /home/airflow/.local/lib/python3.7/site-packages/airflow/example_dags/example_sla_dag.py
[2022-02-07 17:28:45,759] {processor.py:654} INFO - DAG(s) dict_keys(['example_sla_dag']) retrieved from /home/airflow/.local/lib/python3.7/site-packages/airflow/example_dags/example_sla_dag.py
[2022-02-07 17:28:45,776] {logging_mixin.py:109} INFO - [2022-02-07 17:28:45,776] {dag.py:2396} INFO - Sync 1 DAGs
[2022-02-07 17:28:45,806] {logging_mixin.py:109} INFO - [2022-02-07 17:28:45,806] {dag.py:2935} INFO - Setting next_dagrun for example_sla_dag to 2022-02-07T17:26:00+00:00
[2022-02-07 17:28:45,824] {processor.py:171} INFO - Processing /home/airflow/.local/lib/python3.7/site-packages/airflow/example_dags/example_sla_dag.py took 0.143 seconds
[2022-02-07 17:29:16,885] {processor.py:163} INFO - Started process (PID=855) to work on /home/airflow/.local/lib/python3.7/site-packages/airflow/example_dags/example_sla_dag.py
[2022-02-07 17:29:16,889] {processor.py:642} INFO - Processing file /home/airflow/.local/lib/python3.7/site-packages/airflow/example_dags/example_sla_dag.py for tasks to queue
[2022-02-07 17:29:16,891] {logging_mixin.py:109} INFO - [2022-02-07 17:29:16,891] {dagbag.py:500} INFO - Filling up the DagBag from /home/airflow/.local/lib/python3.7/site-packages/airflow/example_dags/example_sla_dag.py
[2022-02-07 17:29:16,989] {processor.py:654} INFO - DAG(s) dict_keys(['example_sla_dag']) retrieved from /home/airflow/.local/lib/python3.7/site-packages/airflow/example_dags/example_sla_dag.py
[2022-02-07 17:29:17,013] {logging_mixin.py:109} INFO - [2022-02-07 17:29:17,013] {dag.py:2396} INFO - Sync 1 DAGs
[2022-02-07 17:29:17,063] {logging_mixin.py:109} INFO - [2022-02-07 17:29:17,062] {dag.py:2935} INFO - Setting next_dagrun for example_sla_dag to 2022-02-07T17:26:00+00:00
[2022-02-07 17:29:17,094] {processor.py:171} INFO - Processing /home/airflow/.local/lib/python3.7/site-packages/airflow/example_dags/example_sla_dag.py took 0.214 seconds
[2022-02-07 17:29:47,239] {processor.py:163} INFO - Started process (PID=913) to work on /home/airflow/.local/lib/python3.7/site-packages/airflow/example_dags/example_sla_dag.py
[2022-02-07 17:29:47,253] {processor.py:642} INFO - Processing file /home/airflow/.local/lib/python3.7/site-packages/airflow/example_dags/example_sla_dag.py for tasks to queue
[2022-02-07 17:29:47,262] {logging_mixin.py:109} INFO - [2022-02-07 17:29:47,260] {dagbag.py:500} INFO - Filling up the DagBag from /home/airflow/.local/lib/python3.7/site-packages/airflow/example_dags/example_sla_dag.py
[2022-02-07 17:29:47,403] {processor.py:654} INFO - DAG(s) dict_keys(['example_sla_dag']) retrieved from /home/airflow/.local/lib/python3.7/site-packages/airflow/example_dags/example_sla_dag.py
[2022-02-07 17:29:47,436] {logging_mixin.py:109} INFO - [2022-02-07 17:29:47,436] {dag.py:2396} INFO - Sync 1 DAGs
[2022-02-07 17:29:47,493] {logging_mixin.py:109} INFO - [2022-02-07 17:29:47,493] {dag.py:2935} INFO - Setting next_dagrun for example_sla_dag to 2022-02-07T17:26:00+00:00
[2022-02-07 17:29:47,532] {processor.py:171} INFO - Processing /home/airflow/.local/lib/python3.7/site-packages/airflow/example_dags/example_sla_dag.py took 0.308 seconds
[2022-02-07 17:30:18,143] {processor.py:163} INFO - Started process (PID=972) to work on /home/airflow/.local/lib/python3.7/site-packages/airflow/example_dags/example_sla_dag.py
[2022-02-07 17:30:18,150] {processor.py:642} INFO - Processing file /home/airflow/.local/lib/python3.7/site-packages/airflow/example_dags/example_sla_dag.py for tasks to queue
[2022-02-07 17:30:18,155] {logging_mixin.py:109} INFO - [2022-02-07 17:30:18,154] {dagbag.py:500} INFO - Filling up the DagBag from /home/airflow/.local/lib/python3.7/site-packages/airflow/example_dags/example_sla_dag.py
[2022-02-07 17:30:18,257] {processor.py:654} INFO - DAG(s) dict_keys(['example_sla_dag']) retrieved from /home/airflow/.local/lib/python3.7/site-packages/airflow/example_dags/example_sla_dag.py
[2022-02-07 17:30:18,279] {logging_mixin.py:109} INFO - [2022-02-07 17:30:18,278] {dag.py:2396} INFO - Sync 1 DAGs
[2022-02-07 17:30:18,317] {logging_mixin.py:109} INFO - [2022-02-07 17:30:18,316] {dag.py:2935} INFO - Setting next_dagrun for example_sla_dag to 2022-02-07T17:28:00+00:00
[2022-02-07 17:30:18,351] {processor.py:171} INFO - Processing /home/airflow/.local/lib/python3.7/site-packages/airflow/example_dags/example_sla_dag.py took 0.218 seconds
[2022-02-07 17:30:49,058] {processor.py:163} INFO - Started process (PID=1025) to work on /home/airflow/.local/lib/python3.7/site-packages/airflow/example_dags/example_sla_dag.py
[2022-02-07 17:30:49,062] {processor.py:642} INFO - Processing file /home/airflow/.local/lib/python3.7/site-packages/airflow/example_dags/example_sla_dag.py for tasks to queue
[2022-02-07 17:30:49,064] {logging_mixin.py:109} INFO - [2022-02-07 17:30:49,064] {dagbag.py:500} INFO - Filling up the DagBag from /home/airflow/.local/lib/python3.7/site-packages/airflow/example_dags/example_sla_dag.py
[2022-02-07 17:30:49,111] {processor.py:654} INFO - DAG(s) dict_keys(['example_sla_dag']) retrieved from /home/airflow/.local/lib/python3.7/site-packages/airflow/example_dags/example_sla_dag.py
[2022-02-07 17:30:49,125] {logging_mixin.py:109} INFO - [2022-02-07 17:30:49,125] {dag.py:2396} INFO - Sync 1 DAGs
[2022-02-07 17:30:49,149] {logging_mixin.py:109} INFO - [2022-02-07 17:30:49,149] {dag.py:2935} INFO - Setting next_dagrun for example_sla_dag to 2022-02-07T17:28:00+00:00
[2022-02-07 17:30:49,164] {processor.py:171} INFO - Processing /home/airflow/.local/lib/python3.7/site-packages/airflow/example_dags/example_sla_dag.py took 0.112 seconds
[2022-02-07 17:31:20,065] {processor.py:163} INFO - Started process (PID=1079) to work on /home/airflow/.local/lib/python3.7/site-packages/airflow/example_dags/example_sla_dag.py
[2022-02-07 17:31:20,067] {processor.py:642} INFO - Processing file /home/airflow/.local/lib/python3.7/site-packages/airflow/example_dags/example_sla_dag.py for tasks to queue
[2022-02-07 17:31:20,069] {logging_mixin.py:109} INFO - [2022-02-07 17:31:20,069] {dagbag.py:500} INFO - Filling up the DagBag from /home/airflow/.local/lib/python3.7/site-packages/airflow/example_dags/example_sla_dag.py
[2022-02-07 17:31:20,114] {processor.py:654} INFO - DAG(s) dict_keys(['example_sla_dag']) retrieved from /home/airflow/.local/lib/python3.7/site-packages/airflow/example_dags/example_sla_dag.py
[2022-02-07 17:31:20,128] {logging_mixin.py:109} INFO - [2022-02-07 17:31:20,128] {dag.py:2396} INFO - Sync 1 DAGs
[2022-02-07 17:31:20,156] {logging_mixin.py:109} INFO - [2022-02-07 17:31:20,156] {dag.py:2935} INFO - Setting next_dagrun for example_sla_dag to 2022-02-07T17:28:00+00:00
[2022-02-07 17:31:20,175] {processor.py:171} INFO - Processing /home/airflow/.local/lib/python3.7/site-packages/airflow/example_dags/example_sla_dag.py took 0.117 seconds
[2022-02-07 17:31:50,327] {processor.py:163} INFO - Started process (PID=1139) to work on /home/airflow/.local/lib/python3.7/site-packages/airflow/example_dags/example_sla_dag.py
[2022-02-07 17:31:50,332] {processor.py:642} INFO - Processing file /home/airflow/.local/lib/python3.7/site-packages/airflow/example_dags/example_sla_dag.py for tasks to queue
[2022-02-07 17:31:50,334] {logging_mixin.py:109} INFO - [2022-02-07 17:31:50,334] {dagbag.py:500} INFO - Filling up the DagBag from /home/airflow/.local/lib/python3.7/site-packages/airflow/example_dags/example_sla_dag.py
[2022-02-07 17:31:50,412] {processor.py:654} INFO - DAG(s) dict_keys(['example_sla_dag']) retrieved from /home/airflow/.local/lib/python3.7/site-packages/airflow/example_dags/example_sla_dag.py
[2022-02-07 17:31:50,433] {logging_mixin.py:109} INFO - [2022-02-07 17:31:50,433] {dag.py:2396} INFO - Sync 1 DAGs
[2022-02-07 17:31:50,484] {logging_mixin.py:109} INFO - [2022-02-07 17:31:50,484] {dag.py:2935} INFO - Setting next_dagrun for example_sla_dag to 2022-02-07T17:28:00+00:00
[2022-02-07 17:31:50,501] {processor.py:171} INFO - Processing /home/airflow/.local/lib/python3.7/site-packages/airflow/example_dags/example_sla_dag.py took 0.180 seconds
[2022-02-07 17:32:20,809] {processor.py:163} INFO - Started process (PID=1215) to work on /home/airflow/.local/lib/python3.7/site-packages/airflow/example_dags/example_sla_dag.py
[2022-02-07 17:32:20,812] {processor.py:642} INFO - Processing file /home/airflow/.local/lib/python3.7/site-packages/airflow/example_dags/example_sla_dag.py for tasks to queue
[2022-02-07 17:32:20,815] {logging_mixin.py:109} INFO - [2022-02-07 17:32:20,814] {dagbag.py:500} INFO - Filling up the DagBag from /home/airflow/.local/lib/python3.7/site-packages/airflow/example_dags/example_sla_dag.py
[2022-02-07 17:32:20,934] {processor.py:654} INFO - DAG(s) dict_keys(['example_sla_dag']) retrieved from /home/airflow/.local/lib/python3.7/site-packages/airflow/example_dags/example_sla_dag.py
[2022-02-07 17:32:20,961] {logging_mixin.py:109} INFO - [2022-02-07 17:32:20,961] {dag.py:2396} INFO - Sync 1 DAGs
[2022-02-07 17:32:21,031] {logging_mixin.py:109} INFO - [2022-02-07 17:32:21,031] {dag.py:2935} INFO - Setting next_dagrun for example_sla_dag to 2022-02-07T17:30:00+00:00
[2022-02-07 17:32:21,066] {processor.py:171} INFO - Processing /home/airflow/.local/lib/python3.7/site-packages/airflow/example_dags/example_sla_dag.py took 0.263 seconds
[2022-02-07 17:32:51,233] {processor.py:163} INFO - Started process (PID=1273) to work on /home/airflow/.local/lib/python3.7/site-packages/airflow/example_dags/example_sla_dag.py
[2022-02-07 17:32:51,236] {processor.py:642} INFO - Processing file /home/airflow/.local/lib/python3.7/site-packages/airflow/example_dags/example_sla_dag.py for tasks to queue
[2022-02-07 17:32:51,238] {logging_mixin.py:109} INFO - [2022-02-07 17:32:51,238] {dagbag.py:500} INFO - Filling up the DagBag from /home/airflow/.local/lib/python3.7/site-packages/airflow/example_dags/example_sla_dag.py
[2022-02-07 17:32:51,299] {processor.py:654} INFO - DAG(s) dict_keys(['example_sla_dag']) retrieved from /home/airflow/.local/lib/python3.7/site-packages/airflow/example_dags/example_sla_dag.py
[2022-02-07 17:32:51,323] {logging_mixin.py:109} INFO - [2022-02-07 17:32:51,323] {dag.py:2396} INFO - Sync 1 DAGs
[2022-02-07 17:32:51,348] {logging_mixin.py:109} INFO - [2022-02-07 17:32:51,348] {dag.py:2935} INFO - Setting next_dagrun for example_sla_dag to 2022-02-07T17:30:00+00:00
[2022-02-07 17:32:51,368] {processor.py:171} INFO - Processing /home/airflow/.local/lib/python3.7/site-packages/airflow/example_dags/example_sla_dag.py took 0.142 seconds
[2022-02-07 17:33:21,485] {processor.py:163} INFO - Started process (PID=1328) to work on /home/airflow/.local/lib/python3.7/site-packages/airflow/example_dags/example_sla_dag.py
[2022-02-07 17:33:21,489] {processor.py:642} INFO - Processing file /home/airflow/.local/lib/python3.7/site-packages/airflow/example_dags/example_sla_dag.py for tasks to queue
[2022-02-07 17:33:21,493] {logging_mixin.py:109} INFO - [2022-02-07 17:33:21,492] {dagbag.py:500} INFO - Filling up the DagBag from /home/airflow/.local/lib/python3.7/site-packages/airflow/example_dags/example_sla_dag.py
[2022-02-07 17:33:21,556] {processor.py:654} INFO - DAG(s) dict_keys(['example_sla_dag']) retrieved from /home/airflow/.local/lib/python3.7/site-packages/airflow/example_dags/example_sla_dag.py
[2022-02-07 17:33:21,595] {logging_mixin.py:109} INFO - [2022-02-07 17:33:21,594] {dag.py:2396} INFO - Sync 1 DAGs
[2022-02-07 17:33:21,646] {logging_mixin.py:109} INFO - [2022-02-07 17:33:21,646] {dag.py:2935} INFO - Setting next_dagrun for example_sla_dag to 2022-02-07T17:30:00+00:00
[2022-02-07 17:33:21,675] {processor.py:171} INFO - Processing /home/airflow/.local/lib/python3.7/site-packages/airflow/example_dags/example_sla_dag.py took 0.198 seconds
[2022-02-07 17:33:51,934] {processor.py:163} INFO - Started process (PID=1383) to work on /home/airflow/.local/lib/python3.7/site-packages/airflow/example_dags/example_sla_dag.py
[2022-02-07 17:33:51,937] {processor.py:642} INFO - Processing file /home/airflow/.local/lib/python3.7/site-packages/airflow/example_dags/example_sla_dag.py for tasks to queue
[2022-02-07 17:33:51,939] {logging_mixin.py:109} INFO - [2022-02-07 17:33:51,939] {dagbag.py:500} INFO - Filling up the DagBag from /home/airflow/.local/lib/python3.7/site-packages/airflow/example_dags/example_sla_dag.py
[2022-02-07 17:33:51,995] {processor.py:654} INFO - DAG(s) dict_keys(['example_sla_dag']) retrieved from /home/airflow/.local/lib/python3.7/site-packages/airflow/example_dags/example_sla_dag.py
[2022-02-07 17:33:52,012] {logging_mixin.py:109} INFO - [2022-02-07 17:33:52,012] {dag.py:2396} INFO - Sync 1 DAGs
[2022-02-07 17:33:52,044] {logging_mixin.py:109} INFO - [2022-02-07 17:33:52,044] {dag.py:2935} INFO - Setting next_dagrun for example_sla_dag to 2022-02-07T17:30:00+00:00
[2022-02-07 17:33:52,062] {processor.py:171} INFO - Processing /home/airflow/.local/lib/python3.7/site-packages/airflow/example_dags/example_sla_dag.py took 0.144 seconds
[2022-02-07 17:34:22,356] {processor.py:163} INFO - Started process (PID=1443) to work on /home/airflow/.local/lib/python3.7/site-packages/airflow/example_dags/example_sla_dag.py
[2022-02-07 17:34:22,359] {processor.py:642} INFO - Processing file /home/airflow/.local/lib/python3.7/site-packages/airflow/example_dags/example_sla_dag.py for tasks to queue
[2022-02-07 17:34:22,362] {logging_mixin.py:109} INFO - [2022-02-07 17:34:22,362] {dagbag.py:500} INFO - Filling up the DagBag from /home/airflow/.local/lib/python3.7/site-packages/airflow/example_dags/example_sla_dag.py
[2022-02-07 17:34:22,438] {processor.py:654} INFO - DAG(s) dict_keys(['example_sla_dag']) retrieved from /home/airflow/.local/lib/python3.7/site-packages/airflow/example_dags/example_sla_dag.py
[2022-02-07 17:34:22,455] {logging_mixin.py:109} INFO - [2022-02-07 17:34:22,455] {dag.py:2396} INFO - Sync 1 DAGs
[2022-02-07 17:34:22,484] {logging_mixin.py:109} INFO - [2022-02-07 17:34:22,483] {dag.py:2935} INFO - Setting next_dagrun for example_sla_dag to 2022-02-07T17:32:00+00:00
[2022-02-07 17:34:22,636] {processor.py:171} INFO - Processing /home/airflow/.local/lib/python3.7/site-packages/airflow/example_dags/example_sla_dag.py took 0.287 seconds
[2022-02-07 17:34:52,950] {processor.py:163} INFO - Started process (PID=1507) to work on /home/airflow/.local/lib/python3.7/site-packages/airflow/example_dags/example_sla_dag.py
[2022-02-07 17:34:52,953] {processor.py:642} INFO - Processing file /home/airflow/.local/lib/python3.7/site-packages/airflow/example_dags/example_sla_dag.py for tasks to queue
[2022-02-07 17:34:52,956] {logging_mixin.py:109} INFO - [2022-02-07 17:34:52,956] {dagbag.py:500} INFO - Filling up the DagBag from /home/airflow/.local/lib/python3.7/site-packages/airflow/example_dags/example_sla_dag.py
[2022-02-07 17:34:53,024] {processor.py:654} INFO - DAG(s) dict_keys(['example_sla_dag']) retrieved from /home/airflow/.local/lib/python3.7/site-packages/airflow/example_dags/example_sla_dag.py
[2022-02-07 17:34:53,042] {logging_mixin.py:109} INFO - [2022-02-07 17:34:53,042] {dag.py:2396} INFO - Sync 1 DAGs
[2022-02-07 17:34:53,070] {logging_mixin.py:109} INFO - [2022-02-07 17:34:53,070] {dag.py:2935} INFO - Setting next_dagrun for example_sla_dag to 2022-02-07T17:32:00+00:00
[2022-02-07 17:34:53,193] {processor.py:171} INFO - Processing /home/airflow/.local/lib/python3.7/site-packages/airflow/example_dags/example_sla_dag.py took 0.248 seconds
[2022-02-07 17:35:23,468] {processor.py:163} INFO - Started process (PID=1561) to work on /home/airflow/.local/lib/python3.7/site-packages/airflow/example_dags/example_sla_dag.py
[2022-02-07 17:35:23,472] {processor.py:642} INFO - Processing file /home/airflow/.local/lib/python3.7/site-packages/airflow/example_dags/example_sla_dag.py for tasks to queue
[2022-02-07 17:35:23,475] {logging_mixin.py:109} INFO - [2022-02-07 17:35:23,474] {dagbag.py:500} INFO - Filling up the DagBag from /home/airflow/.local/lib/python3.7/site-packages/airflow/example_dags/example_sla_dag.py
[2022-02-07 17:35:23,593] {processor.py:654} INFO - DAG(s) dict_keys(['example_sla_dag']) retrieved from /home/airflow/.local/lib/python3.7/site-packages/airflow/example_dags/example_sla_dag.py
[2022-02-07 17:35:23,617] {logging_mixin.py:109} INFO - [2022-02-07 17:35:23,617] {dag.py:2396} INFO - Sync 1 DAGs
[2022-02-07 17:35:23,777] {logging_mixin.py:109} INFO - [2022-02-07 17:35:23,777] {dag.py:2935} INFO - Setting next_dagrun for example_sla_dag to 2022-02-07T17:32:00+00:00
[2022-02-07 17:35:23,803] {processor.py:171} INFO - Processing /home/airflow/.local/lib/python3.7/site-packages/airflow/example_dags/example_sla_dag.py took 0.342 seconds
[2022-02-07 17:35:54,268] {processor.py:163} INFO - Started process (PID=1614) to work on /home/airflow/.local/lib/python3.7/site-packages/airflow/example_dags/example_sla_dag.py
[2022-02-07 17:35:54,280] {processor.py:642} INFO - Processing file /home/airflow/.local/lib/python3.7/site-packages/airflow/example_dags/example_sla_dag.py for tasks to queue
[2022-02-07 17:35:54,285] {logging_mixin.py:109} INFO - [2022-02-07 17:35:54,285] {dagbag.py:500} INFO - Filling up the DagBag from /home/airflow/.local/lib/python3.7/site-packages/airflow/example_dags/example_sla_dag.py
[2022-02-07 17:35:54,394] {processor.py:654} INFO - DAG(s) dict_keys(['example_sla_dag']) retrieved from /home/airflow/.local/lib/python3.7/site-packages/airflow/example_dags/example_sla_dag.py
[2022-02-07 17:35:54,424] {logging_mixin.py:109} INFO - [2022-02-07 17:35:54,423] {dag.py:2396} INFO - Sync 1 DAGs
[2022-02-07 17:35:54,574] {logging_mixin.py:109} INFO - [2022-02-07 17:35:54,574] {dag.py:2935} INFO - Setting next_dagrun for example_sla_dag to 2022-02-07T17:32:00+00:00
[2022-02-07 17:35:54,598] {processor.py:171} INFO - Processing /home/airflow/.local/lib/python3.7/site-packages/airflow/example_dags/example_sla_dag.py took 0.341 seconds
[2022-02-07 17:36:24,882] {processor.py:163} INFO - Started process (PID=1667) to work on /home/airflow/.local/lib/python3.7/site-packages/airflow/example_dags/example_sla_dag.py
[2022-02-07 17:36:24,884] {processor.py:642} INFO - Processing file /home/airflow/.local/lib/python3.7/site-packages/airflow/example_dags/example_sla_dag.py for tasks to queue
[2022-02-07 17:36:24,886] {logging_mixin.py:109} INFO - [2022-02-07 17:36:24,886] {dagbag.py:500} INFO - Filling up the DagBag from /home/airflow/.local/lib/python3.7/site-packages/airflow/example_dags/example_sla_dag.py
[2022-02-07 17:36:24,949] {processor.py:654} INFO - DAG(s) dict_keys(['example_sla_dag']) retrieved from /home/airflow/.local/lib/python3.7/site-packages/airflow/example_dags/example_sla_dag.py
[2022-02-07 17:36:24,970] {logging_mixin.py:109} INFO - [2022-02-07 17:36:24,970] {dag.py:2396} INFO - Sync 1 DAGs
[2022-02-07 17:36:25,163] {logging_mixin.py:109} INFO - [2022-02-07 17:36:25,163] {dag.py:2935} INFO - Setting next_dagrun for example_sla_dag to 2022-02-07T17:34:00+00:00
[2022-02-07 17:36:25,196] {processor.py:171} INFO - Processing /home/airflow/.local/lib/python3.7/site-packages/airflow/example_dags/example_sla_dag.py took 0.320 seconds
[2022-02-07 17:36:55,996] {processor.py:163} INFO - Started process (PID=1721) to work on /home/airflow/.local/lib/python3.7/site-packages/airflow/example_dags/example_sla_dag.py
[2022-02-07 17:36:55,999] {processor.py:642} INFO - Processing file /home/airflow/.local/lib/python3.7/site-packages/airflow/example_dags/example_sla_dag.py for tasks to queue
[2022-02-07 17:36:56,004] {logging_mixin.py:109} INFO - [2022-02-07 17:36:56,004] {dagbag.py:500} INFO - Filling up the DagBag from /home/airflow/.local/lib/python3.7/site-packages/airflow/example_dags/example_sla_dag.py
[2022-02-07 17:36:56,099] {processor.py:654} INFO - DAG(s) dict_keys(['example_sla_dag']) retrieved from /home/airflow/.local/lib/python3.7/site-packages/airflow/example_dags/example_sla_dag.py
[2022-02-07 17:36:56,128] {logging_mixin.py:109} INFO - [2022-02-07 17:36:56,127] {dag.py:2396} INFO - Sync 1 DAGs
[2022-02-07 17:36:56,325] {logging_mixin.py:109} INFO - [2022-02-07 17:36:56,325] {dag.py:2935} INFO - Setting next_dagrun for example_sla_dag to 2022-02-07T17:34:00+00:00
[2022-02-07 17:36:56,353] {processor.py:171} INFO - Processing /home/airflow/.local/lib/python3.7/site-packages/airflow/example_dags/example_sla_dag.py took 0.364 seconds
[2022-02-07 17:37:26,887] {processor.py:163} INFO - Started process (PID=1773) to work on /home/airflow/.local/lib/python3.7/site-packages/airflow/example_dags/example_sla_dag.py
[2022-02-07 17:37:26,898] {processor.py:642} INFO - Processing file /home/airflow/.local/lib/python3.7/site-packages/airflow/example_dags/example_sla_dag.py for tasks to queue
[2022-02-07 17:37:26,925] {logging_mixin.py:109} INFO - [2022-02-07 17:37:26,924] {dagbag.py:500} INFO - Filling up the DagBag from /home/airflow/.local/lib/python3.7/site-packages/airflow/example_dags/example_sla_dag.py
[2022-02-07 17:37:27,069] {processor.py:654} INFO - DAG(s) dict_keys(['example_sla_dag']) retrieved from /home/airflow/.local/lib/python3.7/site-packages/airflow/example_dags/example_sla_dag.py
[2022-02-07 17:37:27,266] {logging_mixin.py:109} INFO - [2022-02-07 17:37:27,265] {dag.py:2396} INFO - Sync 1 DAGs
[2022-02-07 17:37:27,302] {logging_mixin.py:109} INFO - [2022-02-07 17:37:27,302] {dag.py:2935} INFO - Setting next_dagrun for example_sla_dag to 2022-02-07T17:34:00+00:00
[2022-02-07 17:37:27,322] {processor.py:171} INFO - Processing /home/airflow/.local/lib/python3.7/site-packages/airflow/example_dags/example_sla_dag.py took 0.449 seconds
[2022-02-07 17:37:58,359] {processor.py:163} INFO - Started process (PID=1827) to work on /home/airflow/.local/lib/python3.7/site-packages/airflow/example_dags/example_sla_dag.py
[2022-02-07 17:37:58,364] {processor.py:642} INFO - Processing file /home/airflow/.local/lib/python3.7/site-packages/airflow/example_dags/example_sla_dag.py for tasks to queue
[2022-02-07 17:37:58,368] {logging_mixin.py:109} INFO - [2022-02-07 17:37:58,367] {dagbag.py:500} INFO - Filling up the DagBag from /home/airflow/.local/lib/python3.7/site-packages/airflow/example_dags/example_sla_dag.py
[2022-02-07 17:37:58,532] {processor.py:654} INFO - DAG(s) dict_keys(['example_sla_dag']) retrieved from /home/airflow/.local/lib/python3.7/site-packages/airflow/example_dags/example_sla_dag.py
[2022-02-07 17:37:58,554] {logging_mixin.py:109} INFO - [2022-02-07 17:37:58,554] {dag.py:2396} INFO - Sync 1 DAGs
[2022-02-07 17:37:58,580] {logging_mixin.py:109} INFO - [2022-02-07 17:37:58,580] {dag.py:2935} INFO - Setting next_dagrun for example_sla_dag to 2022-02-07T17:34:00+00:00
[2022-02-07 17:37:58,599] {processor.py:171} INFO - Processing /home/airflow/.local/lib/python3.7/site-packages/airflow/example_dags/example_sla_dag.py took 0.245 seconds
[2022-02-07 17:38:29,326] {processor.py:163} INFO - Started process (PID=1890) to work on /home/airflow/.local/lib/python3.7/site-packages/airflow/example_dags/example_sla_dag.py
[2022-02-07 17:38:29,329] {processor.py:642} INFO - Processing file /home/airflow/.local/lib/python3.7/site-packages/airflow/example_dags/example_sla_dag.py for tasks to queue
[2022-02-07 17:38:29,331] {logging_mixin.py:109} INFO - [2022-02-07 17:38:29,330] {dagbag.py:500} INFO - Filling up the DagBag from /home/airflow/.local/lib/python3.7/site-packages/airflow/example_dags/example_sla_dag.py
[2022-02-07 17:38:29,527] {processor.py:654} INFO - DAG(s) dict_keys(['example_sla_dag']) retrieved from /home/airflow/.local/lib/python3.7/site-packages/airflow/example_dags/example_sla_dag.py
[2022-02-07 17:38:29,539] {logging_mixin.py:109} INFO - [2022-02-07 17:38:29,539] {dag.py:2396} INFO - Sync 1 DAGs
[2022-02-07 17:38:29,581] {logging_mixin.py:109} INFO - [2022-02-07 17:38:29,581] {dag.py:2935} INFO - Setting next_dagrun for example_sla_dag to 2022-02-07T17:36:00+00:00
[2022-02-07 17:38:29,603] {processor.py:171} INFO - Processing /home/airflow/.local/lib/python3.7/site-packages/airflow/example_dags/example_sla_dag.py took 0.282 seconds
[2022-02-07 17:38:59,729] {processor.py:163} INFO - Started process (PID=1944) to work on /home/airflow/.local/lib/python3.7/site-packages/airflow/example_dags/example_sla_dag.py
[2022-02-07 17:38:59,731] {processor.py:642} INFO - Processing file /home/airflow/.local/lib/python3.7/site-packages/airflow/example_dags/example_sla_dag.py for tasks to queue
[2022-02-07 17:38:59,733] {logging_mixin.py:109} INFO - [2022-02-07 17:38:59,733] {dagbag.py:500} INFO - Filling up the DagBag from /home/airflow/.local/lib/python3.7/site-packages/airflow/example_dags/example_sla_dag.py
[2022-02-07 17:38:59,896] {processor.py:654} INFO - DAG(s) dict_keys(['example_sla_dag']) retrieved from /home/airflow/.local/lib/python3.7/site-packages/airflow/example_dags/example_sla_dag.py
[2022-02-07 17:38:59,910] {logging_mixin.py:109} INFO - [2022-02-07 17:38:59,910] {dag.py:2396} INFO - Sync 1 DAGs
[2022-02-07 17:38:59,942] {logging_mixin.py:109} INFO - [2022-02-07 17:38:59,942] {dag.py:2935} INFO - Setting next_dagrun for example_sla_dag to 2022-02-07T17:36:00+00:00
[2022-02-07 17:38:59,958] {processor.py:171} INFO - Processing /home/airflow/.local/lib/python3.7/site-packages/airflow/example_dags/example_sla_dag.py took 0.234 seconds
