[2022-02-07 17:23:22,087] {processor.py:163} INFO - Started process (PID=169) to work on /home/airflow/.local/lib/python3.7/site-packages/airflow/example_dags/example_short_circuit_operator.py
[2022-02-07 17:23:22,090] {processor.py:642} INFO - Processing file /home/airflow/.local/lib/python3.7/site-packages/airflow/example_dags/example_short_circuit_operator.py for tasks to queue
[2022-02-07 17:23:22,094] {logging_mixin.py:109} INFO - [2022-02-07 17:23:22,094] {dagbag.py:500} INFO - Filling up the DagBag from /home/airflow/.local/lib/python3.7/site-packages/airflow/example_dags/example_short_circuit_operator.py
[2022-02-07 17:23:22,172] {processor.py:654} INFO - DAG(s) dict_keys(['example_short_circuit_operator']) retrieved from /home/airflow/.local/lib/python3.7/site-packages/airflow/example_dags/example_short_circuit_operator.py
[2022-02-07 17:23:24,528] {logging_mixin.py:109} INFO - [2022-02-07 17:23:24,528] {manager.py:496} INFO - Created Permission View: can read on DAG:example_short_circuit_operator
[2022-02-07 17:23:24,542] {logging_mixin.py:109} INFO - [2022-02-07 17:23:24,542] {manager.py:496} INFO - Created Permission View: can edit on DAG:example_short_circuit_operator
[2022-02-07 17:23:24,546] {logging_mixin.py:109} INFO - [2022-02-07 17:23:24,544] {dag.py:2396} INFO - Sync 1 DAGs
[2022-02-07 17:23:24,573] {logging_mixin.py:109} INFO - [2022-02-07 17:23:24,573] {dag.py:2415} INFO - Creating ORM DAG for example_short_circuit_operator
[2022-02-07 17:23:24,592] {logging_mixin.py:109} INFO - [2022-02-07 17:23:24,592] {dag.py:2935} INFO - Setting next_dagrun for example_short_circuit_operator to 2022-02-06T17:23:24.591727+00:00
[2022-02-07 17:23:24,621] {processor.py:171} INFO - Processing /home/airflow/.local/lib/python3.7/site-packages/airflow/example_dags/example_short_circuit_operator.py took 2.537 seconds
[2022-02-07 17:23:55,137] {processor.py:163} INFO - Started process (PID=260) to work on /home/airflow/.local/lib/python3.7/site-packages/airflow/example_dags/example_short_circuit_operator.py
[2022-02-07 17:23:55,140] {processor.py:642} INFO - Processing file /home/airflow/.local/lib/python3.7/site-packages/airflow/example_dags/example_short_circuit_operator.py for tasks to queue
[2022-02-07 17:23:55,143] {logging_mixin.py:109} INFO - [2022-02-07 17:23:55,143] {dagbag.py:500} INFO - Filling up the DagBag from /home/airflow/.local/lib/python3.7/site-packages/airflow/example_dags/example_short_circuit_operator.py
[2022-02-07 17:23:55,200] {processor.py:654} INFO - DAG(s) dict_keys(['example_short_circuit_operator']) retrieved from /home/airflow/.local/lib/python3.7/site-packages/airflow/example_dags/example_short_circuit_operator.py
[2022-02-07 17:23:55,234] {logging_mixin.py:109} INFO - [2022-02-07 17:23:55,233] {dag.py:2396} INFO - Sync 1 DAGs
[2022-02-07 17:23:55,263] {logging_mixin.py:109} INFO - [2022-02-07 17:23:55,263] {dag.py:2935} INFO - Setting next_dagrun for example_short_circuit_operator to 2022-02-06T17:23:55.262955+00:00
[2022-02-07 17:23:55,279] {processor.py:171} INFO - Processing /home/airflow/.local/lib/python3.7/site-packages/airflow/example_dags/example_short_circuit_operator.py took 0.148 seconds
[2022-02-07 17:24:25,531] {processor.py:163} INFO - Started process (PID=321) to work on /home/airflow/.local/lib/python3.7/site-packages/airflow/example_dags/example_short_circuit_operator.py
[2022-02-07 17:24:25,537] {processor.py:642} INFO - Processing file /home/airflow/.local/lib/python3.7/site-packages/airflow/example_dags/example_short_circuit_operator.py for tasks to queue
[2022-02-07 17:24:25,544] {logging_mixin.py:109} INFO - [2022-02-07 17:24:25,544] {dagbag.py:500} INFO - Filling up the DagBag from /home/airflow/.local/lib/python3.7/site-packages/airflow/example_dags/example_short_circuit_operator.py
[2022-02-07 17:24:25,616] {processor.py:654} INFO - DAG(s) dict_keys(['example_short_circuit_operator']) retrieved from /home/airflow/.local/lib/python3.7/site-packages/airflow/example_dags/example_short_circuit_operator.py
[2022-02-07 17:24:25,646] {logging_mixin.py:109} INFO - [2022-02-07 17:24:25,646] {dag.py:2396} INFO - Sync 1 DAGs
[2022-02-07 17:24:25,685] {logging_mixin.py:109} INFO - [2022-02-07 17:24:25,685] {dag.py:2935} INFO - Setting next_dagrun for example_short_circuit_operator to 2022-02-06T17:24:25.685166+00:00
[2022-02-07 17:24:25,707] {processor.py:171} INFO - Processing /home/airflow/.local/lib/python3.7/site-packages/airflow/example_dags/example_short_circuit_operator.py took 0.194 seconds
[2022-02-07 17:24:56,020] {processor.py:163} INFO - Started process (PID=373) to work on /home/airflow/.local/lib/python3.7/site-packages/airflow/example_dags/example_short_circuit_operator.py
[2022-02-07 17:24:56,028] {processor.py:642} INFO - Processing file /home/airflow/.local/lib/python3.7/site-packages/airflow/example_dags/example_short_circuit_operator.py for tasks to queue
[2022-02-07 17:24:56,033] {logging_mixin.py:109} INFO - [2022-02-07 17:24:56,033] {dagbag.py:500} INFO - Filling up the DagBag from /home/airflow/.local/lib/python3.7/site-packages/airflow/example_dags/example_short_circuit_operator.py
[2022-02-07 17:24:56,131] {processor.py:654} INFO - DAG(s) dict_keys(['example_short_circuit_operator']) retrieved from /home/airflow/.local/lib/python3.7/site-packages/airflow/example_dags/example_short_circuit_operator.py
[2022-02-07 17:24:56,158] {logging_mixin.py:109} INFO - [2022-02-07 17:24:56,157] {dag.py:2396} INFO - Sync 1 DAGs
[2022-02-07 17:24:56,205] {logging_mixin.py:109} INFO - [2022-02-07 17:24:56,205] {dag.py:2935} INFO - Setting next_dagrun for example_short_circuit_operator to 2022-02-06T17:24:56.204627+00:00
[2022-02-07 17:24:56,232] {processor.py:171} INFO - Processing /home/airflow/.local/lib/python3.7/site-packages/airflow/example_dags/example_short_circuit_operator.py took 0.226 seconds
[2022-02-07 17:25:26,442] {processor.py:163} INFO - Started process (PID=423) to work on /home/airflow/.local/lib/python3.7/site-packages/airflow/example_dags/example_short_circuit_operator.py
[2022-02-07 17:25:26,444] {processor.py:642} INFO - Processing file /home/airflow/.local/lib/python3.7/site-packages/airflow/example_dags/example_short_circuit_operator.py for tasks to queue
[2022-02-07 17:25:26,446] {logging_mixin.py:109} INFO - [2022-02-07 17:25:26,446] {dagbag.py:500} INFO - Filling up the DagBag from /home/airflow/.local/lib/python3.7/site-packages/airflow/example_dags/example_short_circuit_operator.py
[2022-02-07 17:25:26,499] {processor.py:654} INFO - DAG(s) dict_keys(['example_short_circuit_operator']) retrieved from /home/airflow/.local/lib/python3.7/site-packages/airflow/example_dags/example_short_circuit_operator.py
[2022-02-07 17:25:26,514] {logging_mixin.py:109} INFO - [2022-02-07 17:25:26,514] {dag.py:2396} INFO - Sync 1 DAGs
[2022-02-07 17:25:26,544] {logging_mixin.py:109} INFO - [2022-02-07 17:25:26,544] {dag.py:2935} INFO - Setting next_dagrun for example_short_circuit_operator to 2022-02-06T17:25:26.544334+00:00
[2022-02-07 17:25:26,567] {processor.py:171} INFO - Processing /home/airflow/.local/lib/python3.7/site-packages/airflow/example_dags/example_short_circuit_operator.py took 0.129 seconds
[2022-02-07 17:25:56,980] {processor.py:163} INFO - Started process (PID=477) to work on /home/airflow/.local/lib/python3.7/site-packages/airflow/example_dags/example_short_circuit_operator.py
[2022-02-07 17:25:56,983] {processor.py:642} INFO - Processing file /home/airflow/.local/lib/python3.7/site-packages/airflow/example_dags/example_short_circuit_operator.py for tasks to queue
[2022-02-07 17:25:56,985] {logging_mixin.py:109} INFO - [2022-02-07 17:25:56,985] {dagbag.py:500} INFO - Filling up the DagBag from /home/airflow/.local/lib/python3.7/site-packages/airflow/example_dags/example_short_circuit_operator.py
[2022-02-07 17:25:57,051] {processor.py:654} INFO - DAG(s) dict_keys(['example_short_circuit_operator']) retrieved from /home/airflow/.local/lib/python3.7/site-packages/airflow/example_dags/example_short_circuit_operator.py
[2022-02-07 17:25:57,070] {logging_mixin.py:109} INFO - [2022-02-07 17:25:57,070] {dag.py:2396} INFO - Sync 1 DAGs
[2022-02-07 17:25:57,096] {logging_mixin.py:109} INFO - [2022-02-07 17:25:57,096] {dag.py:2935} INFO - Setting next_dagrun for example_short_circuit_operator to 2022-02-06T17:25:57.096238+00:00
[2022-02-07 17:25:57,118] {processor.py:171} INFO - Processing /home/airflow/.local/lib/python3.7/site-packages/airflow/example_dags/example_short_circuit_operator.py took 0.144 seconds
[2022-02-07 17:26:27,525] {processor.py:163} INFO - Started process (PID=535) to work on /home/airflow/.local/lib/python3.7/site-packages/airflow/example_dags/example_short_circuit_operator.py
[2022-02-07 17:26:27,528] {processor.py:642} INFO - Processing file /home/airflow/.local/lib/python3.7/site-packages/airflow/example_dags/example_short_circuit_operator.py for tasks to queue
[2022-02-07 17:26:27,531] {logging_mixin.py:109} INFO - [2022-02-07 17:26:27,531] {dagbag.py:500} INFO - Filling up the DagBag from /home/airflow/.local/lib/python3.7/site-packages/airflow/example_dags/example_short_circuit_operator.py
[2022-02-07 17:26:27,581] {processor.py:654} INFO - DAG(s) dict_keys(['example_short_circuit_operator']) retrieved from /home/airflow/.local/lib/python3.7/site-packages/airflow/example_dags/example_short_circuit_operator.py
[2022-02-07 17:26:27,600] {logging_mixin.py:109} INFO - [2022-02-07 17:26:27,600] {dag.py:2396} INFO - Sync 1 DAGs
[2022-02-07 17:26:27,648] {logging_mixin.py:109} INFO - [2022-02-07 17:26:27,648] {dag.py:2935} INFO - Setting next_dagrun for example_short_circuit_operator to 2022-02-06T17:26:27.647732+00:00
[2022-02-07 17:26:27,662] {processor.py:171} INFO - Processing /home/airflow/.local/lib/python3.7/site-packages/airflow/example_dags/example_short_circuit_operator.py took 0.148 seconds
[2022-02-07 17:26:57,746] {processor.py:163} INFO - Started process (PID=590) to work on /home/airflow/.local/lib/python3.7/site-packages/airflow/example_dags/example_short_circuit_operator.py
[2022-02-07 17:26:57,751] {processor.py:642} INFO - Processing file /home/airflow/.local/lib/python3.7/site-packages/airflow/example_dags/example_short_circuit_operator.py for tasks to queue
[2022-02-07 17:26:57,755] {logging_mixin.py:109} INFO - [2022-02-07 17:26:57,754] {dagbag.py:500} INFO - Filling up the DagBag from /home/airflow/.local/lib/python3.7/site-packages/airflow/example_dags/example_short_circuit_operator.py
[2022-02-07 17:26:57,816] {processor.py:654} INFO - DAG(s) dict_keys(['example_short_circuit_operator']) retrieved from /home/airflow/.local/lib/python3.7/site-packages/airflow/example_dags/example_short_circuit_operator.py
[2022-02-07 17:26:57,847] {logging_mixin.py:109} INFO - [2022-02-07 17:26:57,847] {dag.py:2396} INFO - Sync 1 DAGs
[2022-02-07 17:26:57,887] {logging_mixin.py:109} INFO - [2022-02-07 17:26:57,887] {dag.py:2935} INFO - Setting next_dagrun for example_short_circuit_operator to 2022-02-06T17:26:57.886904+00:00
[2022-02-07 17:26:57,918] {processor.py:171} INFO - Processing /home/airflow/.local/lib/python3.7/site-packages/airflow/example_dags/example_short_circuit_operator.py took 0.183 seconds
[2022-02-07 17:27:28,343] {processor.py:163} INFO - Started process (PID=642) to work on /home/airflow/.local/lib/python3.7/site-packages/airflow/example_dags/example_short_circuit_operator.py
[2022-02-07 17:27:28,347] {processor.py:642} INFO - Processing file /home/airflow/.local/lib/python3.7/site-packages/airflow/example_dags/example_short_circuit_operator.py for tasks to queue
[2022-02-07 17:27:28,350] {logging_mixin.py:109} INFO - [2022-02-07 17:27:28,349] {dagbag.py:500} INFO - Filling up the DagBag from /home/airflow/.local/lib/python3.7/site-packages/airflow/example_dags/example_short_circuit_operator.py
[2022-02-07 17:27:28,399] {processor.py:654} INFO - DAG(s) dict_keys(['example_short_circuit_operator']) retrieved from /home/airflow/.local/lib/python3.7/site-packages/airflow/example_dags/example_short_circuit_operator.py
[2022-02-07 17:27:28,414] {logging_mixin.py:109} INFO - [2022-02-07 17:27:28,413] {dag.py:2396} INFO - Sync 1 DAGs
[2022-02-07 17:27:28,436] {logging_mixin.py:109} INFO - [2022-02-07 17:27:28,436] {dag.py:2935} INFO - Setting next_dagrun for example_short_circuit_operator to 2022-02-06T17:27:28.435773+00:00
[2022-02-07 17:27:28,453] {processor.py:171} INFO - Processing /home/airflow/.local/lib/python3.7/site-packages/airflow/example_dags/example_short_circuit_operator.py took 0.118 seconds
[2022-02-07 17:27:58,615] {processor.py:163} INFO - Started process (PID=696) to work on /home/airflow/.local/lib/python3.7/site-packages/airflow/example_dags/example_short_circuit_operator.py
[2022-02-07 17:27:58,619] {processor.py:642} INFO - Processing file /home/airflow/.local/lib/python3.7/site-packages/airflow/example_dags/example_short_circuit_operator.py for tasks to queue
[2022-02-07 17:27:58,621] {logging_mixin.py:109} INFO - [2022-02-07 17:27:58,621] {dagbag.py:500} INFO - Filling up the DagBag from /home/airflow/.local/lib/python3.7/site-packages/airflow/example_dags/example_short_circuit_operator.py
[2022-02-07 17:27:58,664] {processor.py:654} INFO - DAG(s) dict_keys(['example_short_circuit_operator']) retrieved from /home/airflow/.local/lib/python3.7/site-packages/airflow/example_dags/example_short_circuit_operator.py
[2022-02-07 17:27:58,678] {logging_mixin.py:109} INFO - [2022-02-07 17:27:58,678] {dag.py:2396} INFO - Sync 1 DAGs
[2022-02-07 17:27:58,698] {logging_mixin.py:109} INFO - [2022-02-07 17:27:58,698] {dag.py:2935} INFO - Setting next_dagrun for example_short_circuit_operator to 2022-02-06T17:27:58.697890+00:00
[2022-02-07 17:27:58,714] {processor.py:171} INFO - Processing /home/airflow/.local/lib/python3.7/site-packages/airflow/example_dags/example_short_circuit_operator.py took 0.109 seconds
[2022-02-07 17:28:28,794] {processor.py:163} INFO - Started process (PID=751) to work on /home/airflow/.local/lib/python3.7/site-packages/airflow/example_dags/example_short_circuit_operator.py
[2022-02-07 17:28:28,799] {processor.py:642} INFO - Processing file /home/airflow/.local/lib/python3.7/site-packages/airflow/example_dags/example_short_circuit_operator.py for tasks to queue
[2022-02-07 17:28:28,802] {logging_mixin.py:109} INFO - [2022-02-07 17:28:28,801] {dagbag.py:500} INFO - Filling up the DagBag from /home/airflow/.local/lib/python3.7/site-packages/airflow/example_dags/example_short_circuit_operator.py
[2022-02-07 17:28:28,862] {processor.py:654} INFO - DAG(s) dict_keys(['example_short_circuit_operator']) retrieved from /home/airflow/.local/lib/python3.7/site-packages/airflow/example_dags/example_short_circuit_operator.py
[2022-02-07 17:28:28,884] {logging_mixin.py:109} INFO - [2022-02-07 17:28:28,884] {dag.py:2396} INFO - Sync 1 DAGs
[2022-02-07 17:28:28,911] {logging_mixin.py:109} INFO - [2022-02-07 17:28:28,911] {dag.py:2935} INFO - Setting next_dagrun for example_short_circuit_operator to 2022-02-06T17:28:28.911119+00:00
[2022-02-07 17:28:28,941] {processor.py:171} INFO - Processing /home/airflow/.local/lib/python3.7/site-packages/airflow/example_dags/example_short_circuit_operator.py took 0.152 seconds
[2022-02-07 17:28:59,250] {processor.py:163} INFO - Started process (PID=808) to work on /home/airflow/.local/lib/python3.7/site-packages/airflow/example_dags/example_short_circuit_operator.py
[2022-02-07 17:28:59,255] {processor.py:642} INFO - Processing file /home/airflow/.local/lib/python3.7/site-packages/airflow/example_dags/example_short_circuit_operator.py for tasks to queue
[2022-02-07 17:28:59,259] {logging_mixin.py:109} INFO - [2022-02-07 17:28:59,258] {dagbag.py:500} INFO - Filling up the DagBag from /home/airflow/.local/lib/python3.7/site-packages/airflow/example_dags/example_short_circuit_operator.py
[2022-02-07 17:28:59,358] {processor.py:654} INFO - DAG(s) dict_keys(['example_short_circuit_operator']) retrieved from /home/airflow/.local/lib/python3.7/site-packages/airflow/example_dags/example_short_circuit_operator.py
[2022-02-07 17:28:59,389] {logging_mixin.py:109} INFO - [2022-02-07 17:28:59,389] {dag.py:2396} INFO - Sync 1 DAGs
[2022-02-07 17:28:59,420] {logging_mixin.py:109} INFO - [2022-02-07 17:28:59,420] {dag.py:2935} INFO - Setting next_dagrun for example_short_circuit_operator to 2022-02-06T17:28:59.419184+00:00
[2022-02-07 17:28:59,445] {processor.py:171} INFO - Processing /home/airflow/.local/lib/python3.7/site-packages/airflow/example_dags/example_short_circuit_operator.py took 0.218 seconds
[2022-02-07 17:29:30,102] {processor.py:163} INFO - Started process (PID=869) to work on /home/airflow/.local/lib/python3.7/site-packages/airflow/example_dags/example_short_circuit_operator.py
[2022-02-07 17:29:30,105] {processor.py:642} INFO - Processing file /home/airflow/.local/lib/python3.7/site-packages/airflow/example_dags/example_short_circuit_operator.py for tasks to queue
[2022-02-07 17:29:30,108] {logging_mixin.py:109} INFO - [2022-02-07 17:29:30,108] {dagbag.py:500} INFO - Filling up the DagBag from /home/airflow/.local/lib/python3.7/site-packages/airflow/example_dags/example_short_circuit_operator.py
[2022-02-07 17:29:30,290] {processor.py:654} INFO - DAG(s) dict_keys(['example_short_circuit_operator']) retrieved from /home/airflow/.local/lib/python3.7/site-packages/airflow/example_dags/example_short_circuit_operator.py
[2022-02-07 17:29:30,330] {logging_mixin.py:109} INFO - [2022-02-07 17:29:30,329] {dag.py:2396} INFO - Sync 1 DAGs
[2022-02-07 17:29:30,432] {logging_mixin.py:109} INFO - [2022-02-07 17:29:30,431] {dag.py:2935} INFO - Setting next_dagrun for example_short_circuit_operator to 2022-02-06T17:29:30.431457+00:00
[2022-02-07 17:29:30,523] {processor.py:171} INFO - Processing /home/airflow/.local/lib/python3.7/site-packages/airflow/example_dags/example_short_circuit_operator.py took 0.434 seconds
[2022-02-07 17:30:01,141] {processor.py:163} INFO - Started process (PID=939) to work on /home/airflow/.local/lib/python3.7/site-packages/airflow/example_dags/example_short_circuit_operator.py
[2022-02-07 17:30:01,152] {processor.py:642} INFO - Processing file /home/airflow/.local/lib/python3.7/site-packages/airflow/example_dags/example_short_circuit_operator.py for tasks to queue
[2022-02-07 17:30:01,154] {logging_mixin.py:109} INFO - [2022-02-07 17:30:01,154] {dagbag.py:500} INFO - Filling up the DagBag from /home/airflow/.local/lib/python3.7/site-packages/airflow/example_dags/example_short_circuit_operator.py
[2022-02-07 17:30:01,232] {processor.py:654} INFO - DAG(s) dict_keys(['example_short_circuit_operator']) retrieved from /home/airflow/.local/lib/python3.7/site-packages/airflow/example_dags/example_short_circuit_operator.py
[2022-02-07 17:30:01,269] {logging_mixin.py:109} INFO - [2022-02-07 17:30:01,268] {dag.py:2396} INFO - Sync 1 DAGs
[2022-02-07 17:30:01,312] {logging_mixin.py:109} INFO - [2022-02-07 17:30:01,312] {dag.py:2935} INFO - Setting next_dagrun for example_short_circuit_operator to 2022-02-06T17:30:01.312013+00:00
[2022-02-07 17:30:01,370] {processor.py:171} INFO - Processing /home/airflow/.local/lib/python3.7/site-packages/airflow/example_dags/example_short_circuit_operator.py took 0.235 seconds
[2022-02-07 17:30:31,680] {processor.py:163} INFO - Started process (PID=996) to work on /home/airflow/.local/lib/python3.7/site-packages/airflow/example_dags/example_short_circuit_operator.py
[2022-02-07 17:30:31,686] {processor.py:642} INFO - Processing file /home/airflow/.local/lib/python3.7/site-packages/airflow/example_dags/example_short_circuit_operator.py for tasks to queue
[2022-02-07 17:30:31,690] {logging_mixin.py:109} INFO - [2022-02-07 17:30:31,689] {dagbag.py:500} INFO - Filling up the DagBag from /home/airflow/.local/lib/python3.7/site-packages/airflow/example_dags/example_short_circuit_operator.py
[2022-02-07 17:30:31,761] {processor.py:654} INFO - DAG(s) dict_keys(['example_short_circuit_operator']) retrieved from /home/airflow/.local/lib/python3.7/site-packages/airflow/example_dags/example_short_circuit_operator.py
[2022-02-07 17:30:31,789] {logging_mixin.py:109} INFO - [2022-02-07 17:30:31,789] {dag.py:2396} INFO - Sync 1 DAGs
[2022-02-07 17:30:31,829] {logging_mixin.py:109} INFO - [2022-02-07 17:30:31,828] {dag.py:2935} INFO - Setting next_dagrun for example_short_circuit_operator to 2022-02-06T17:30:31.828365+00:00
[2022-02-07 17:30:31,887] {processor.py:171} INFO - Processing /home/airflow/.local/lib/python3.7/site-packages/airflow/example_dags/example_short_circuit_operator.py took 0.218 seconds
[2022-02-07 17:31:01,971] {processor.py:163} INFO - Started process (PID=1050) to work on /home/airflow/.local/lib/python3.7/site-packages/airflow/example_dags/example_short_circuit_operator.py
[2022-02-07 17:31:01,976] {processor.py:642} INFO - Processing file /home/airflow/.local/lib/python3.7/site-packages/airflow/example_dags/example_short_circuit_operator.py for tasks to queue
[2022-02-07 17:31:01,979] {logging_mixin.py:109} INFO - [2022-02-07 17:31:01,979] {dagbag.py:500} INFO - Filling up the DagBag from /home/airflow/.local/lib/python3.7/site-packages/airflow/example_dags/example_short_circuit_operator.py
[2022-02-07 17:31:02,030] {processor.py:654} INFO - DAG(s) dict_keys(['example_short_circuit_operator']) retrieved from /home/airflow/.local/lib/python3.7/site-packages/airflow/example_dags/example_short_circuit_operator.py
[2022-02-07 17:31:02,050] {logging_mixin.py:109} INFO - [2022-02-07 17:31:02,050] {dag.py:2396} INFO - Sync 1 DAGs
[2022-02-07 17:31:02,079] {logging_mixin.py:109} INFO - [2022-02-07 17:31:02,079] {dag.py:2935} INFO - Setting next_dagrun for example_short_circuit_operator to 2022-02-06T17:31:02.079398+00:00
[2022-02-07 17:31:02,098] {processor.py:171} INFO - Processing /home/airflow/.local/lib/python3.7/site-packages/airflow/example_dags/example_short_circuit_operator.py took 0.135 seconds
[2022-02-07 17:31:32,147] {processor.py:163} INFO - Started process (PID=1105) to work on /home/airflow/.local/lib/python3.7/site-packages/airflow/example_dags/example_short_circuit_operator.py
[2022-02-07 17:31:32,150] {processor.py:642} INFO - Processing file /home/airflow/.local/lib/python3.7/site-packages/airflow/example_dags/example_short_circuit_operator.py for tasks to queue
[2022-02-07 17:31:32,152] {logging_mixin.py:109} INFO - [2022-02-07 17:31:32,152] {dagbag.py:500} INFO - Filling up the DagBag from /home/airflow/.local/lib/python3.7/site-packages/airflow/example_dags/example_short_circuit_operator.py
[2022-02-07 17:31:32,192] {processor.py:654} INFO - DAG(s) dict_keys(['example_short_circuit_operator']) retrieved from /home/airflow/.local/lib/python3.7/site-packages/airflow/example_dags/example_short_circuit_operator.py
[2022-02-07 17:31:32,207] {logging_mixin.py:109} INFO - [2022-02-07 17:31:32,207] {dag.py:2396} INFO - Sync 1 DAGs
[2022-02-07 17:31:32,230] {logging_mixin.py:109} INFO - [2022-02-07 17:31:32,229] {dag.py:2935} INFO - Setting next_dagrun for example_short_circuit_operator to 2022-02-06T17:31:32.229565+00:00
[2022-02-07 17:31:32,255] {processor.py:171} INFO - Processing /home/airflow/.local/lib/python3.7/site-packages/airflow/example_dags/example_short_circuit_operator.py took 0.113 seconds
[2022-02-07 17:32:02,985] {processor.py:163} INFO - Started process (PID=1169) to work on /home/airflow/.local/lib/python3.7/site-packages/airflow/example_dags/example_short_circuit_operator.py
[2022-02-07 17:32:02,989] {processor.py:642} INFO - Processing file /home/airflow/.local/lib/python3.7/site-packages/airflow/example_dags/example_short_circuit_operator.py for tasks to queue
[2022-02-07 17:32:02,993] {logging_mixin.py:109} INFO - [2022-02-07 17:32:02,993] {dagbag.py:500} INFO - Filling up the DagBag from /home/airflow/.local/lib/python3.7/site-packages/airflow/example_dags/example_short_circuit_operator.py
[2022-02-07 17:32:03,032] {processor.py:654} INFO - DAG(s) dict_keys(['example_short_circuit_operator']) retrieved from /home/airflow/.local/lib/python3.7/site-packages/airflow/example_dags/example_short_circuit_operator.py
[2022-02-07 17:32:03,046] {logging_mixin.py:109} INFO - [2022-02-07 17:32:03,046] {dag.py:2396} INFO - Sync 1 DAGs
[2022-02-07 17:32:03,066] {logging_mixin.py:109} INFO - [2022-02-07 17:32:03,066] {dag.py:2935} INFO - Setting next_dagrun for example_short_circuit_operator to 2022-02-06T17:32:03.065726+00:00
[2022-02-07 17:32:03,079] {processor.py:171} INFO - Processing /home/airflow/.local/lib/python3.7/site-packages/airflow/example_dags/example_short_circuit_operator.py took 0.099 seconds
[2022-02-07 17:32:33,731] {processor.py:163} INFO - Started process (PID=1239) to work on /home/airflow/.local/lib/python3.7/site-packages/airflow/example_dags/example_short_circuit_operator.py
[2022-02-07 17:32:33,733] {processor.py:642} INFO - Processing file /home/airflow/.local/lib/python3.7/site-packages/airflow/example_dags/example_short_circuit_operator.py for tasks to queue
[2022-02-07 17:32:33,736] {logging_mixin.py:109} INFO - [2022-02-07 17:32:33,735] {dagbag.py:500} INFO - Filling up the DagBag from /home/airflow/.local/lib/python3.7/site-packages/airflow/example_dags/example_short_circuit_operator.py
[2022-02-07 17:32:33,785] {processor.py:654} INFO - DAG(s) dict_keys(['example_short_circuit_operator']) retrieved from /home/airflow/.local/lib/python3.7/site-packages/airflow/example_dags/example_short_circuit_operator.py
[2022-02-07 17:32:33,807] {logging_mixin.py:109} INFO - [2022-02-07 17:32:33,807] {dag.py:2396} INFO - Sync 1 DAGs
[2022-02-07 17:32:33,836] {logging_mixin.py:109} INFO - [2022-02-07 17:32:33,836] {dag.py:2935} INFO - Setting next_dagrun for example_short_circuit_operator to 2022-02-06T17:32:33.835918+00:00
[2022-02-07 17:32:33,862] {processor.py:171} INFO - Processing /home/airflow/.local/lib/python3.7/site-packages/airflow/example_dags/example_short_circuit_operator.py took 0.136 seconds
[2022-02-07 17:33:03,932] {processor.py:163} INFO - Started process (PID=1299) to work on /home/airflow/.local/lib/python3.7/site-packages/airflow/example_dags/example_short_circuit_operator.py
[2022-02-07 17:33:03,937] {processor.py:642} INFO - Processing file /home/airflow/.local/lib/python3.7/site-packages/airflow/example_dags/example_short_circuit_operator.py for tasks to queue
[2022-02-07 17:33:03,940] {logging_mixin.py:109} INFO - [2022-02-07 17:33:03,939] {dagbag.py:500} INFO - Filling up the DagBag from /home/airflow/.local/lib/python3.7/site-packages/airflow/example_dags/example_short_circuit_operator.py
[2022-02-07 17:33:03,982] {processor.py:654} INFO - DAG(s) dict_keys(['example_short_circuit_operator']) retrieved from /home/airflow/.local/lib/python3.7/site-packages/airflow/example_dags/example_short_circuit_operator.py
[2022-02-07 17:33:04,000] {logging_mixin.py:109} INFO - [2022-02-07 17:33:04,000] {dag.py:2396} INFO - Sync 1 DAGs
[2022-02-07 17:33:04,021] {logging_mixin.py:109} INFO - [2022-02-07 17:33:04,020] {dag.py:2935} INFO - Setting next_dagrun for example_short_circuit_operator to 2022-02-06T17:33:04.020556+00:00
[2022-02-07 17:33:04,032] {processor.py:171} INFO - Processing /home/airflow/.local/lib/python3.7/site-packages/airflow/example_dags/example_short_circuit_operator.py took 0.107 seconds
[2022-02-07 17:33:34,872] {processor.py:163} INFO - Started process (PID=1354) to work on /home/airflow/.local/lib/python3.7/site-packages/airflow/example_dags/example_short_circuit_operator.py
[2022-02-07 17:33:34,874] {processor.py:642} INFO - Processing file /home/airflow/.local/lib/python3.7/site-packages/airflow/example_dags/example_short_circuit_operator.py for tasks to queue
[2022-02-07 17:33:34,878] {logging_mixin.py:109} INFO - [2022-02-07 17:33:34,878] {dagbag.py:500} INFO - Filling up the DagBag from /home/airflow/.local/lib/python3.7/site-packages/airflow/example_dags/example_short_circuit_operator.py
[2022-02-07 17:33:34,956] {processor.py:654} INFO - DAG(s) dict_keys(['example_short_circuit_operator']) retrieved from /home/airflow/.local/lib/python3.7/site-packages/airflow/example_dags/example_short_circuit_operator.py
[2022-02-07 17:33:34,977] {logging_mixin.py:109} INFO - [2022-02-07 17:33:34,977] {dag.py:2396} INFO - Sync 1 DAGs
[2022-02-07 17:33:35,007] {logging_mixin.py:109} INFO - [2022-02-07 17:33:35,007] {dag.py:2935} INFO - Setting next_dagrun for example_short_circuit_operator to 2022-02-06T17:33:35.006642+00:00
[2022-02-07 17:33:35,023] {processor.py:171} INFO - Processing /home/airflow/.local/lib/python3.7/site-packages/airflow/example_dags/example_short_circuit_operator.py took 0.162 seconds
[2022-02-07 17:34:06,315] {processor.py:163} INFO - Started process (PID=1411) to work on /home/airflow/.local/lib/python3.7/site-packages/airflow/example_dags/example_short_circuit_operator.py
[2022-02-07 17:34:06,320] {processor.py:642} INFO - Processing file /home/airflow/.local/lib/python3.7/site-packages/airflow/example_dags/example_short_circuit_operator.py for tasks to queue
[2022-02-07 17:34:06,323] {logging_mixin.py:109} INFO - [2022-02-07 17:34:06,322] {dagbag.py:500} INFO - Filling up the DagBag from /home/airflow/.local/lib/python3.7/site-packages/airflow/example_dags/example_short_circuit_operator.py
[2022-02-07 17:34:06,416] {processor.py:654} INFO - DAG(s) dict_keys(['example_short_circuit_operator']) retrieved from /home/airflow/.local/lib/python3.7/site-packages/airflow/example_dags/example_short_circuit_operator.py
[2022-02-07 17:34:06,474] {logging_mixin.py:109} INFO - [2022-02-07 17:34:06,474] {dag.py:2396} INFO - Sync 1 DAGs
[2022-02-07 17:34:06,531] {logging_mixin.py:109} INFO - [2022-02-07 17:34:06,531] {dag.py:2935} INFO - Setting next_dagrun for example_short_circuit_operator to 2022-02-06T17:34:06.530897+00:00
[2022-02-07 17:34:06,556] {processor.py:171} INFO - Processing /home/airflow/.local/lib/python3.7/site-packages/airflow/example_dags/example_short_circuit_operator.py took 0.249 seconds
[2022-02-07 17:34:37,653] {processor.py:163} INFO - Started process (PID=1468) to work on /home/airflow/.local/lib/python3.7/site-packages/airflow/example_dags/example_short_circuit_operator.py
[2022-02-07 17:34:37,655] {processor.py:642} INFO - Processing file /home/airflow/.local/lib/python3.7/site-packages/airflow/example_dags/example_short_circuit_operator.py for tasks to queue
[2022-02-07 17:34:37,658] {logging_mixin.py:109} INFO - [2022-02-07 17:34:37,658] {dagbag.py:500} INFO - Filling up the DagBag from /home/airflow/.local/lib/python3.7/site-packages/airflow/example_dags/example_short_circuit_operator.py
[2022-02-07 17:34:37,735] {processor.py:654} INFO - DAG(s) dict_keys(['example_short_circuit_operator']) retrieved from /home/airflow/.local/lib/python3.7/site-packages/airflow/example_dags/example_short_circuit_operator.py
[2022-02-07 17:34:37,760] {logging_mixin.py:109} INFO - [2022-02-07 17:34:37,760] {dag.py:2396} INFO - Sync 1 DAGs
[2022-02-07 17:34:37,796] {logging_mixin.py:109} INFO - [2022-02-07 17:34:37,795] {dag.py:2935} INFO - Setting next_dagrun for example_short_circuit_operator to 2022-02-06T17:34:37.795524+00:00
[2022-02-07 17:34:37,819] {processor.py:171} INFO - Processing /home/airflow/.local/lib/python3.7/site-packages/airflow/example_dags/example_short_circuit_operator.py took 0.171 seconds
[2022-02-07 17:35:08,925] {processor.py:163} INFO - Started process (PID=1533) to work on /home/airflow/.local/lib/python3.7/site-packages/airflow/example_dags/example_short_circuit_operator.py
[2022-02-07 17:35:08,934] {processor.py:642} INFO - Processing file /home/airflow/.local/lib/python3.7/site-packages/airflow/example_dags/example_short_circuit_operator.py for tasks to queue
[2022-02-07 17:35:08,937] {logging_mixin.py:109} INFO - [2022-02-07 17:35:08,936] {dagbag.py:500} INFO - Filling up the DagBag from /home/airflow/.local/lib/python3.7/site-packages/airflow/example_dags/example_short_circuit_operator.py
[2022-02-07 17:35:09,008] {processor.py:654} INFO - DAG(s) dict_keys(['example_short_circuit_operator']) retrieved from /home/airflow/.local/lib/python3.7/site-packages/airflow/example_dags/example_short_circuit_operator.py
[2022-02-07 17:35:09,025] {logging_mixin.py:109} INFO - [2022-02-07 17:35:09,024] {dag.py:2396} INFO - Sync 1 DAGs
[2022-02-07 17:35:09,048] {logging_mixin.py:109} INFO - [2022-02-07 17:35:09,048] {dag.py:2935} INFO - Setting next_dagrun for example_short_circuit_operator to 2022-02-06T17:35:09.048006+00:00
[2022-02-07 17:35:09,175] {processor.py:171} INFO - Processing /home/airflow/.local/lib/python3.7/site-packages/airflow/example_dags/example_short_circuit_operator.py took 0.259 seconds
[2022-02-07 17:35:39,636] {processor.py:163} INFO - Started process (PID=1587) to work on /home/airflow/.local/lib/python3.7/site-packages/airflow/example_dags/example_short_circuit_operator.py
[2022-02-07 17:35:39,639] {processor.py:642} INFO - Processing file /home/airflow/.local/lib/python3.7/site-packages/airflow/example_dags/example_short_circuit_operator.py for tasks to queue
[2022-02-07 17:35:39,641] {logging_mixin.py:109} INFO - [2022-02-07 17:35:39,640] {dagbag.py:500} INFO - Filling up the DagBag from /home/airflow/.local/lib/python3.7/site-packages/airflow/example_dags/example_short_circuit_operator.py
[2022-02-07 17:35:39,726] {processor.py:654} INFO - DAG(s) dict_keys(['example_short_circuit_operator']) retrieved from /home/airflow/.local/lib/python3.7/site-packages/airflow/example_dags/example_short_circuit_operator.py
[2022-02-07 17:35:39,749] {logging_mixin.py:109} INFO - [2022-02-07 17:35:39,748] {dag.py:2396} INFO - Sync 1 DAGs
[2022-02-07 17:35:39,910] {logging_mixin.py:109} INFO - [2022-02-07 17:35:39,910] {dag.py:2935} INFO - Setting next_dagrun for example_short_circuit_operator to 2022-02-06T17:35:39.910049+00:00
[2022-02-07 17:35:39,929] {processor.py:171} INFO - Processing /home/airflow/.local/lib/python3.7/site-packages/airflow/example_dags/example_short_circuit_operator.py took 0.301 seconds
[2022-02-07 17:36:10,385] {processor.py:163} INFO - Started process (PID=1638) to work on /home/airflow/.local/lib/python3.7/site-packages/airflow/example_dags/example_short_circuit_operator.py
[2022-02-07 17:36:10,388] {processor.py:642} INFO - Processing file /home/airflow/.local/lib/python3.7/site-packages/airflow/example_dags/example_short_circuit_operator.py for tasks to queue
[2022-02-07 17:36:10,390] {logging_mixin.py:109} INFO - [2022-02-07 17:36:10,389] {dagbag.py:500} INFO - Filling up the DagBag from /home/airflow/.local/lib/python3.7/site-packages/airflow/example_dags/example_short_circuit_operator.py
[2022-02-07 17:36:10,439] {processor.py:654} INFO - DAG(s) dict_keys(['example_short_circuit_operator']) retrieved from /home/airflow/.local/lib/python3.7/site-packages/airflow/example_dags/example_short_circuit_operator.py
[2022-02-07 17:36:10,457] {logging_mixin.py:109} INFO - [2022-02-07 17:36:10,457] {dag.py:2396} INFO - Sync 1 DAGs
[2022-02-07 17:36:10,601] {logging_mixin.py:109} INFO - [2022-02-07 17:36:10,601] {dag.py:2935} INFO - Setting next_dagrun for example_short_circuit_operator to 2022-02-06T17:36:10.599805+00:00
[2022-02-07 17:36:10,627] {processor.py:171} INFO - Processing /home/airflow/.local/lib/python3.7/site-packages/airflow/example_dags/example_short_circuit_operator.py took 0.248 seconds
[2022-02-07 17:36:41,176] {processor.py:163} INFO - Started process (PID=1691) to work on /home/airflow/.local/lib/python3.7/site-packages/airflow/example_dags/example_short_circuit_operator.py
[2022-02-07 17:36:41,178] {processor.py:642} INFO - Processing file /home/airflow/.local/lib/python3.7/site-packages/airflow/example_dags/example_short_circuit_operator.py for tasks to queue
[2022-02-07 17:36:41,180] {logging_mixin.py:109} INFO - [2022-02-07 17:36:41,180] {dagbag.py:500} INFO - Filling up the DagBag from /home/airflow/.local/lib/python3.7/site-packages/airflow/example_dags/example_short_circuit_operator.py
[2022-02-07 17:36:41,241] {processor.py:654} INFO - DAG(s) dict_keys(['example_short_circuit_operator']) retrieved from /home/airflow/.local/lib/python3.7/site-packages/airflow/example_dags/example_short_circuit_operator.py
[2022-02-07 17:36:41,260] {logging_mixin.py:109} INFO - [2022-02-07 17:36:41,259] {dag.py:2396} INFO - Sync 1 DAGs
[2022-02-07 17:36:41,429] {logging_mixin.py:109} INFO - [2022-02-07 17:36:41,428] {dag.py:2935} INFO - Setting next_dagrun for example_short_circuit_operator to 2022-02-06T17:36:41.428763+00:00
[2022-02-07 17:36:41,457] {processor.py:171} INFO - Processing /home/airflow/.local/lib/python3.7/site-packages/airflow/example_dags/example_short_circuit_operator.py took 0.286 seconds
[2022-02-07 17:37:11,730] {processor.py:163} INFO - Started process (PID=1745) to work on /home/airflow/.local/lib/python3.7/site-packages/airflow/example_dags/example_short_circuit_operator.py
[2022-02-07 17:37:11,736] {processor.py:642} INFO - Processing file /home/airflow/.local/lib/python3.7/site-packages/airflow/example_dags/example_short_circuit_operator.py for tasks to queue
[2022-02-07 17:37:11,739] {logging_mixin.py:109} INFO - [2022-02-07 17:37:11,739] {dagbag.py:500} INFO - Filling up the DagBag from /home/airflow/.local/lib/python3.7/site-packages/airflow/example_dags/example_short_circuit_operator.py
[2022-02-07 17:37:11,892] {processor.py:654} INFO - DAG(s) dict_keys(['example_short_circuit_operator']) retrieved from /home/airflow/.local/lib/python3.7/site-packages/airflow/example_dags/example_short_circuit_operator.py
[2022-02-07 17:37:11,930] {logging_mixin.py:109} INFO - [2022-02-07 17:37:11,930] {dag.py:2396} INFO - Sync 1 DAGs
[2022-02-07 17:37:12,457] {logging_mixin.py:109} INFO - [2022-02-07 17:37:12,455] {dag.py:2935} INFO - Setting next_dagrun for example_short_circuit_operator to 2022-02-06T17:37:12.455277+00:00
[2022-02-07 17:37:12,515] {processor.py:171} INFO - Processing /home/airflow/.local/lib/python3.7/site-packages/airflow/example_dags/example_short_circuit_operator.py took 0.795 seconds
[2022-02-07 17:37:43,195] {processor.py:163} INFO - Started process (PID=1796) to work on /home/airflow/.local/lib/python3.7/site-packages/airflow/example_dags/example_short_circuit_operator.py
[2022-02-07 17:37:43,198] {processor.py:642} INFO - Processing file /home/airflow/.local/lib/python3.7/site-packages/airflow/example_dags/example_short_circuit_operator.py for tasks to queue
[2022-02-07 17:37:43,200] {logging_mixin.py:109} INFO - [2022-02-07 17:37:43,199] {dagbag.py:500} INFO - Filling up the DagBag from /home/airflow/.local/lib/python3.7/site-packages/airflow/example_dags/example_short_circuit_operator.py
[2022-02-07 17:37:43,364] {processor.py:654} INFO - DAG(s) dict_keys(['example_short_circuit_operator']) retrieved from /home/airflow/.local/lib/python3.7/site-packages/airflow/example_dags/example_short_circuit_operator.py
[2022-02-07 17:37:43,385] {logging_mixin.py:109} INFO - [2022-02-07 17:37:43,384] {dag.py:2396} INFO - Sync 1 DAGs
[2022-02-07 17:37:43,416] {logging_mixin.py:109} INFO - [2022-02-07 17:37:43,415] {dag.py:2935} INFO - Setting next_dagrun for example_short_circuit_operator to 2022-02-06T17:37:43.415721+00:00
[2022-02-07 17:37:43,438] {processor.py:171} INFO - Processing /home/airflow/.local/lib/python3.7/site-packages/airflow/example_dags/example_short_circuit_operator.py took 0.248 seconds
[2022-02-07 17:38:13,769] {processor.py:163} INFO - Started process (PID=1860) to work on /home/airflow/.local/lib/python3.7/site-packages/airflow/example_dags/example_short_circuit_operator.py
[2022-02-07 17:38:13,773] {processor.py:642} INFO - Processing file /home/airflow/.local/lib/python3.7/site-packages/airflow/example_dags/example_short_circuit_operator.py for tasks to queue
[2022-02-07 17:38:13,777] {logging_mixin.py:109} INFO - [2022-02-07 17:38:13,776] {dagbag.py:500} INFO - Filling up the DagBag from /home/airflow/.local/lib/python3.7/site-packages/airflow/example_dags/example_short_circuit_operator.py
[2022-02-07 17:38:13,944] {processor.py:654} INFO - DAG(s) dict_keys(['example_short_circuit_operator']) retrieved from /home/airflow/.local/lib/python3.7/site-packages/airflow/example_dags/example_short_circuit_operator.py
[2022-02-07 17:38:13,961] {logging_mixin.py:109} INFO - [2022-02-07 17:38:13,961] {dag.py:2396} INFO - Sync 1 DAGs
[2022-02-07 17:38:13,983] {logging_mixin.py:109} INFO - [2022-02-07 17:38:13,983] {dag.py:2935} INFO - Setting next_dagrun for example_short_circuit_operator to 2022-02-06T17:38:13.983381+00:00
[2022-02-07 17:38:14,000] {processor.py:171} INFO - Processing /home/airflow/.local/lib/python3.7/site-packages/airflow/example_dags/example_short_circuit_operator.py took 0.238 seconds
[2022-02-07 17:38:44,121] {processor.py:163} INFO - Started process (PID=1914) to work on /home/airflow/.local/lib/python3.7/site-packages/airflow/example_dags/example_short_circuit_operator.py
[2022-02-07 17:38:44,123] {processor.py:642} INFO - Processing file /home/airflow/.local/lib/python3.7/site-packages/airflow/example_dags/example_short_circuit_operator.py for tasks to queue
[2022-02-07 17:38:44,126] {logging_mixin.py:109} INFO - [2022-02-07 17:38:44,126] {dagbag.py:500} INFO - Filling up the DagBag from /home/airflow/.local/lib/python3.7/site-packages/airflow/example_dags/example_short_circuit_operator.py
[2022-02-07 17:38:44,304] {processor.py:654} INFO - DAG(s) dict_keys(['example_short_circuit_operator']) retrieved from /home/airflow/.local/lib/python3.7/site-packages/airflow/example_dags/example_short_circuit_operator.py
[2022-02-07 17:38:44,321] {logging_mixin.py:109} INFO - [2022-02-07 17:38:44,320] {dag.py:2396} INFO - Sync 1 DAGs
[2022-02-07 17:38:44,352] {logging_mixin.py:109} INFO - [2022-02-07 17:38:44,352] {dag.py:2935} INFO - Setting next_dagrun for example_short_circuit_operator to 2022-02-06T17:38:44.352115+00:00
[2022-02-07 17:38:44,376] {processor.py:171} INFO - Processing /home/airflow/.local/lib/python3.7/site-packages/airflow/example_dags/example_short_circuit_operator.py took 0.260 seconds
[2022-02-07 17:39:14,775] {processor.py:163} INFO - Started process (PID=1966) to work on /home/airflow/.local/lib/python3.7/site-packages/airflow/example_dags/example_short_circuit_operator.py
[2022-02-07 17:39:14,781] {processor.py:642} INFO - Processing file /home/airflow/.local/lib/python3.7/site-packages/airflow/example_dags/example_short_circuit_operator.py for tasks to queue
[2022-02-07 17:39:14,785] {logging_mixin.py:109} INFO - [2022-02-07 17:39:14,785] {dagbag.py:500} INFO - Filling up the DagBag from /home/airflow/.local/lib/python3.7/site-packages/airflow/example_dags/example_short_circuit_operator.py
[2022-02-07 17:39:14,974] {processor.py:654} INFO - DAG(s) dict_keys(['example_short_circuit_operator']) retrieved from /home/airflow/.local/lib/python3.7/site-packages/airflow/example_dags/example_short_circuit_operator.py
[2022-02-07 17:39:14,989] {logging_mixin.py:109} INFO - [2022-02-07 17:39:14,989] {dag.py:2396} INFO - Sync 1 DAGs
[2022-02-07 17:39:15,013] {logging_mixin.py:109} INFO - [2022-02-07 17:39:15,013] {dag.py:2935} INFO - Setting next_dagrun for example_short_circuit_operator to 2022-02-06T17:39:15.012739+00:00
[2022-02-07 17:39:15,031] {processor.py:171} INFO - Processing /home/airflow/.local/lib/python3.7/site-packages/airflow/example_dags/example_short_circuit_operator.py took 0.267 seconds
