[2022-02-07 17:23:08,441] {processor.py:163} INFO - Started process (PID=108) to work on /home/airflow/.local/lib/python3.7/site-packages/airflow/example_dags/example_branch_datetime_operator.py
[2022-02-07 17:23:08,446] {processor.py:642} INFO - Processing file /home/airflow/.local/lib/python3.7/site-packages/airflow/example_dags/example_branch_datetime_operator.py for tasks to queue
[2022-02-07 17:23:08,452] {logging_mixin.py:109} INFO - [2022-02-07 17:23:08,451] {dagbag.py:500} INFO - Filling up the DagBag from /home/airflow/.local/lib/python3.7/site-packages/airflow/example_dags/example_branch_datetime_operator.py
[2022-02-07 17:23:08,534] {processor.py:654} INFO - DAG(s) dict_keys(['example_branch_datetime_operator_2']) retrieved from /home/airflow/.local/lib/python3.7/site-packages/airflow/example_dags/example_branch_datetime_operator.py
[2022-02-07 17:23:10,972] {logging_mixin.py:109} INFO - [2022-02-07 17:23:10,971] {manager.py:496} INFO - Created Permission View: can read on DAG:example_branch_datetime_operator_2
[2022-02-07 17:23:10,991] {logging_mixin.py:109} INFO - [2022-02-07 17:23:10,991] {manager.py:496} INFO - Created Permission View: can edit on DAG:example_branch_datetime_operator_2
[2022-02-07 17:23:10,994] {logging_mixin.py:109} INFO - [2022-02-07 17:23:10,993] {dag.py:2396} INFO - Sync 1 DAGs
[2022-02-07 17:23:11,008] {logging_mixin.py:109} INFO - [2022-02-07 17:23:11,007] {dag.py:2415} INFO - Creating ORM DAG for example_branch_datetime_operator_2
[2022-02-07 17:23:11,024] {logging_mixin.py:109} INFO - [2022-02-07 17:23:11,024] {dag.py:2935} INFO - Setting next_dagrun for example_branch_datetime_operator_2 to 2022-02-06 00:00:00+00:00
[2022-02-07 17:23:11,051] {processor.py:171} INFO - Processing /home/airflow/.local/lib/python3.7/site-packages/airflow/example_dags/example_branch_datetime_operator.py took 2.620 seconds
[2022-02-07 17:23:41,614] {processor.py:163} INFO - Started process (PID=240) to work on /home/airflow/.local/lib/python3.7/site-packages/airflow/example_dags/example_branch_datetime_operator.py
[2022-02-07 17:23:41,617] {processor.py:642} INFO - Processing file /home/airflow/.local/lib/python3.7/site-packages/airflow/example_dags/example_branch_datetime_operator.py for tasks to queue
[2022-02-07 17:23:41,619] {logging_mixin.py:109} INFO - [2022-02-07 17:23:41,619] {dagbag.py:500} INFO - Filling up the DagBag from /home/airflow/.local/lib/python3.7/site-packages/airflow/example_dags/example_branch_datetime_operator.py
[2022-02-07 17:23:41,720] {processor.py:654} INFO - DAG(s) dict_keys(['example_branch_datetime_operator_2']) retrieved from /home/airflow/.local/lib/python3.7/site-packages/airflow/example_dags/example_branch_datetime_operator.py
[2022-02-07 17:23:41,755] {logging_mixin.py:109} INFO - [2022-02-07 17:23:41,755] {dag.py:2396} INFO - Sync 1 DAGs
[2022-02-07 17:23:41,846] {logging_mixin.py:109} INFO - [2022-02-07 17:23:41,846] {dag.py:2935} INFO - Setting next_dagrun for example_branch_datetime_operator_2 to 2022-02-06 00:00:00+00:00
[2022-02-07 17:23:41,871] {processor.py:171} INFO - Processing /home/airflow/.local/lib/python3.7/site-packages/airflow/example_dags/example_branch_datetime_operator.py took 0.263 seconds
[2022-02-07 17:24:12,218] {processor.py:163} INFO - Started process (PID=301) to work on /home/airflow/.local/lib/python3.7/site-packages/airflow/example_dags/example_branch_datetime_operator.py
[2022-02-07 17:24:12,222] {processor.py:642} INFO - Processing file /home/airflow/.local/lib/python3.7/site-packages/airflow/example_dags/example_branch_datetime_operator.py for tasks to queue
[2022-02-07 17:24:12,224] {logging_mixin.py:109} INFO - [2022-02-07 17:24:12,224] {dagbag.py:500} INFO - Filling up the DagBag from /home/airflow/.local/lib/python3.7/site-packages/airflow/example_dags/example_branch_datetime_operator.py
[2022-02-07 17:24:12,278] {processor.py:654} INFO - DAG(s) dict_keys(['example_branch_datetime_operator_2']) retrieved from /home/airflow/.local/lib/python3.7/site-packages/airflow/example_dags/example_branch_datetime_operator.py
[2022-02-07 17:24:12,296] {logging_mixin.py:109} INFO - [2022-02-07 17:24:12,296] {dag.py:2396} INFO - Sync 1 DAGs
[2022-02-07 17:24:12,324] {logging_mixin.py:109} INFO - [2022-02-07 17:24:12,324] {dag.py:2935} INFO - Setting next_dagrun for example_branch_datetime_operator_2 to 2022-02-06 00:00:00+00:00
[2022-02-07 17:24:12,340] {processor.py:171} INFO - Processing /home/airflow/.local/lib/python3.7/site-packages/airflow/example_dags/example_branch_datetime_operator.py took 0.129 seconds
[2022-02-07 17:24:43,018] {processor.py:163} INFO - Started process (PID=352) to work on /home/airflow/.local/lib/python3.7/site-packages/airflow/example_dags/example_branch_datetime_operator.py
[2022-02-07 17:24:43,024] {processor.py:642} INFO - Processing file /home/airflow/.local/lib/python3.7/site-packages/airflow/example_dags/example_branch_datetime_operator.py for tasks to queue
[2022-02-07 17:24:43,026] {logging_mixin.py:109} INFO - [2022-02-07 17:24:43,026] {dagbag.py:500} INFO - Filling up the DagBag from /home/airflow/.local/lib/python3.7/site-packages/airflow/example_dags/example_branch_datetime_operator.py
[2022-02-07 17:24:43,071] {processor.py:654} INFO - DAG(s) dict_keys(['example_branch_datetime_operator_2']) retrieved from /home/airflow/.local/lib/python3.7/site-packages/airflow/example_dags/example_branch_datetime_operator.py
[2022-02-07 17:24:43,086] {logging_mixin.py:109} INFO - [2022-02-07 17:24:43,086] {dag.py:2396} INFO - Sync 1 DAGs
[2022-02-07 17:24:43,117] {logging_mixin.py:109} INFO - [2022-02-07 17:24:43,116] {dag.py:2935} INFO - Setting next_dagrun for example_branch_datetime_operator_2 to 2022-02-06 00:00:00+00:00
[2022-02-07 17:24:43,141] {processor.py:171} INFO - Processing /home/airflow/.local/lib/python3.7/site-packages/airflow/example_dags/example_branch_datetime_operator.py took 0.129 seconds
[2022-02-07 17:25:13,436] {processor.py:163} INFO - Started process (PID=404) to work on /home/airflow/.local/lib/python3.7/site-packages/airflow/example_dags/example_branch_datetime_operator.py
[2022-02-07 17:25:13,438] {processor.py:642} INFO - Processing file /home/airflow/.local/lib/python3.7/site-packages/airflow/example_dags/example_branch_datetime_operator.py for tasks to queue
[2022-02-07 17:25:13,442] {logging_mixin.py:109} INFO - [2022-02-07 17:25:13,441] {dagbag.py:500} INFO - Filling up the DagBag from /home/airflow/.local/lib/python3.7/site-packages/airflow/example_dags/example_branch_datetime_operator.py
[2022-02-07 17:25:13,512] {processor.py:654} INFO - DAG(s) dict_keys(['example_branch_datetime_operator_2']) retrieved from /home/airflow/.local/lib/python3.7/site-packages/airflow/example_dags/example_branch_datetime_operator.py
[2022-02-07 17:25:13,540] {logging_mixin.py:109} INFO - [2022-02-07 17:25:13,540] {dag.py:2396} INFO - Sync 1 DAGs
[2022-02-07 17:25:13,586] {logging_mixin.py:109} INFO - [2022-02-07 17:25:13,586] {dag.py:2935} INFO - Setting next_dagrun for example_branch_datetime_operator_2 to 2022-02-06 00:00:00+00:00
[2022-02-07 17:25:13,630] {processor.py:171} INFO - Processing /home/airflow/.local/lib/python3.7/site-packages/airflow/example_dags/example_branch_datetime_operator.py took 0.201 seconds
[2022-02-07 17:25:43,833] {processor.py:163} INFO - Started process (PID=455) to work on /home/airflow/.local/lib/python3.7/site-packages/airflow/example_dags/example_branch_datetime_operator.py
[2022-02-07 17:25:43,841] {processor.py:642} INFO - Processing file /home/airflow/.local/lib/python3.7/site-packages/airflow/example_dags/example_branch_datetime_operator.py for tasks to queue
[2022-02-07 17:25:43,848] {logging_mixin.py:109} INFO - [2022-02-07 17:25:43,846] {dagbag.py:500} INFO - Filling up the DagBag from /home/airflow/.local/lib/python3.7/site-packages/airflow/example_dags/example_branch_datetime_operator.py
[2022-02-07 17:25:43,976] {processor.py:654} INFO - DAG(s) dict_keys(['example_branch_datetime_operator_2']) retrieved from /home/airflow/.local/lib/python3.7/site-packages/airflow/example_dags/example_branch_datetime_operator.py
[2022-02-07 17:25:44,012] {logging_mixin.py:109} INFO - [2022-02-07 17:25:44,012] {dag.py:2396} INFO - Sync 1 DAGs
[2022-02-07 17:25:44,077] {logging_mixin.py:109} INFO - [2022-02-07 17:25:44,077] {dag.py:2935} INFO - Setting next_dagrun for example_branch_datetime_operator_2 to 2022-02-06 00:00:00+00:00
[2022-02-07 17:25:44,137] {processor.py:171} INFO - Processing /home/airflow/.local/lib/python3.7/site-packages/airflow/example_dags/example_branch_datetime_operator.py took 0.318 seconds
[2022-02-07 17:26:14,435] {processor.py:163} INFO - Started process (PID=518) to work on /home/airflow/.local/lib/python3.7/site-packages/airflow/example_dags/example_branch_datetime_operator.py
[2022-02-07 17:26:14,441] {processor.py:642} INFO - Processing file /home/airflow/.local/lib/python3.7/site-packages/airflow/example_dags/example_branch_datetime_operator.py for tasks to queue
[2022-02-07 17:26:14,443] {logging_mixin.py:109} INFO - [2022-02-07 17:26:14,443] {dagbag.py:500} INFO - Filling up the DagBag from /home/airflow/.local/lib/python3.7/site-packages/airflow/example_dags/example_branch_datetime_operator.py
[2022-02-07 17:26:14,524] {processor.py:654} INFO - DAG(s) dict_keys(['example_branch_datetime_operator_2']) retrieved from /home/airflow/.local/lib/python3.7/site-packages/airflow/example_dags/example_branch_datetime_operator.py
[2022-02-07 17:26:14,551] {logging_mixin.py:109} INFO - [2022-02-07 17:26:14,551] {dag.py:2396} INFO - Sync 1 DAGs
[2022-02-07 17:26:14,593] {logging_mixin.py:109} INFO - [2022-02-07 17:26:14,593] {dag.py:2935} INFO - Setting next_dagrun for example_branch_datetime_operator_2 to 2022-02-06 00:00:00+00:00
[2022-02-07 17:26:14,626] {processor.py:171} INFO - Processing /home/airflow/.local/lib/python3.7/site-packages/airflow/example_dags/example_branch_datetime_operator.py took 0.197 seconds
[2022-02-07 17:26:45,045] {processor.py:163} INFO - Started process (PID=569) to work on /home/airflow/.local/lib/python3.7/site-packages/airflow/example_dags/example_branch_datetime_operator.py
[2022-02-07 17:26:45,048] {processor.py:642} INFO - Processing file /home/airflow/.local/lib/python3.7/site-packages/airflow/example_dags/example_branch_datetime_operator.py for tasks to queue
[2022-02-07 17:26:45,051] {logging_mixin.py:109} INFO - [2022-02-07 17:26:45,051] {dagbag.py:500} INFO - Filling up the DagBag from /home/airflow/.local/lib/python3.7/site-packages/airflow/example_dags/example_branch_datetime_operator.py
[2022-02-07 17:26:45,105] {processor.py:654} INFO - DAG(s) dict_keys(['example_branch_datetime_operator_2']) retrieved from /home/airflow/.local/lib/python3.7/site-packages/airflow/example_dags/example_branch_datetime_operator.py
[2022-02-07 17:26:45,120] {logging_mixin.py:109} INFO - [2022-02-07 17:26:45,120] {dag.py:2396} INFO - Sync 1 DAGs
[2022-02-07 17:26:45,145] {logging_mixin.py:109} INFO - [2022-02-07 17:26:45,144] {dag.py:2935} INFO - Setting next_dagrun for example_branch_datetime_operator_2 to 2022-02-06 00:00:00+00:00
[2022-02-07 17:26:45,163] {processor.py:171} INFO - Processing /home/airflow/.local/lib/python3.7/site-packages/airflow/example_dags/example_branch_datetime_operator.py took 0.123 seconds
[2022-02-07 17:27:16,111] {processor.py:163} INFO - Started process (PID=622) to work on /home/airflow/.local/lib/python3.7/site-packages/airflow/example_dags/example_branch_datetime_operator.py
[2022-02-07 17:27:16,114] {processor.py:642} INFO - Processing file /home/airflow/.local/lib/python3.7/site-packages/airflow/example_dags/example_branch_datetime_operator.py for tasks to queue
[2022-02-07 17:27:16,116] {logging_mixin.py:109} INFO - [2022-02-07 17:27:16,116] {dagbag.py:500} INFO - Filling up the DagBag from /home/airflow/.local/lib/python3.7/site-packages/airflow/example_dags/example_branch_datetime_operator.py
[2022-02-07 17:27:16,160] {processor.py:654} INFO - DAG(s) dict_keys(['example_branch_datetime_operator_2']) retrieved from /home/airflow/.local/lib/python3.7/site-packages/airflow/example_dags/example_branch_datetime_operator.py
[2022-02-07 17:27:16,175] {logging_mixin.py:109} INFO - [2022-02-07 17:27:16,175] {dag.py:2396} INFO - Sync 1 DAGs
[2022-02-07 17:27:16,196] {logging_mixin.py:109} INFO - [2022-02-07 17:27:16,196] {dag.py:2935} INFO - Setting next_dagrun for example_branch_datetime_operator_2 to 2022-02-06 00:00:00+00:00
[2022-02-07 17:27:16,210] {processor.py:171} INFO - Processing /home/airflow/.local/lib/python3.7/site-packages/airflow/example_dags/example_branch_datetime_operator.py took 0.104 seconds
[2022-02-07 17:27:46,666] {processor.py:163} INFO - Started process (PID=677) to work on /home/airflow/.local/lib/python3.7/site-packages/airflow/example_dags/example_branch_datetime_operator.py
[2022-02-07 17:27:46,676] {processor.py:642} INFO - Processing file /home/airflow/.local/lib/python3.7/site-packages/airflow/example_dags/example_branch_datetime_operator.py for tasks to queue
[2022-02-07 17:27:46,681] {logging_mixin.py:109} INFO - [2022-02-07 17:27:46,681] {dagbag.py:500} INFO - Filling up the DagBag from /home/airflow/.local/lib/python3.7/site-packages/airflow/example_dags/example_branch_datetime_operator.py
[2022-02-07 17:27:46,813] {processor.py:654} INFO - DAG(s) dict_keys(['example_branch_datetime_operator_2']) retrieved from /home/airflow/.local/lib/python3.7/site-packages/airflow/example_dags/example_branch_datetime_operator.py
[2022-02-07 17:27:46,851] {logging_mixin.py:109} INFO - [2022-02-07 17:27:46,850] {dag.py:2396} INFO - Sync 1 DAGs
[2022-02-07 17:27:46,901] {logging_mixin.py:109} INFO - [2022-02-07 17:27:46,901] {dag.py:2935} INFO - Setting next_dagrun for example_branch_datetime_operator_2 to 2022-02-06 00:00:00+00:00
[2022-02-07 17:27:46,924] {processor.py:171} INFO - Processing /home/airflow/.local/lib/python3.7/site-packages/airflow/example_dags/example_branch_datetime_operator.py took 0.269 seconds
[2022-02-07 17:28:17,261] {processor.py:163} INFO - Started process (PID=733) to work on /home/airflow/.local/lib/python3.7/site-packages/airflow/example_dags/example_branch_datetime_operator.py
[2022-02-07 17:28:17,267] {processor.py:642} INFO - Processing file /home/airflow/.local/lib/python3.7/site-packages/airflow/example_dags/example_branch_datetime_operator.py for tasks to queue
[2022-02-07 17:28:17,273] {logging_mixin.py:109} INFO - [2022-02-07 17:28:17,271] {dagbag.py:500} INFO - Filling up the DagBag from /home/airflow/.local/lib/python3.7/site-packages/airflow/example_dags/example_branch_datetime_operator.py
[2022-02-07 17:28:17,333] {processor.py:654} INFO - DAG(s) dict_keys(['example_branch_datetime_operator_2']) retrieved from /home/airflow/.local/lib/python3.7/site-packages/airflow/example_dags/example_branch_datetime_operator.py
[2022-02-07 17:28:17,357] {logging_mixin.py:109} INFO - [2022-02-07 17:28:17,357] {dag.py:2396} INFO - Sync 1 DAGs
[2022-02-07 17:28:17,394] {logging_mixin.py:109} INFO - [2022-02-07 17:28:17,394] {dag.py:2935} INFO - Setting next_dagrun for example_branch_datetime_operator_2 to 2022-02-06 00:00:00+00:00
[2022-02-07 17:28:17,411] {processor.py:171} INFO - Processing /home/airflow/.local/lib/python3.7/site-packages/airflow/example_dags/example_branch_datetime_operator.py took 0.159 seconds
[2022-02-07 17:28:47,785] {processor.py:163} INFO - Started process (PID=794) to work on /home/airflow/.local/lib/python3.7/site-packages/airflow/example_dags/example_branch_datetime_operator.py
[2022-02-07 17:28:47,796] {processor.py:642} INFO - Processing file /home/airflow/.local/lib/python3.7/site-packages/airflow/example_dags/example_branch_datetime_operator.py for tasks to queue
[2022-02-07 17:28:47,798] {logging_mixin.py:109} INFO - [2022-02-07 17:28:47,798] {dagbag.py:500} INFO - Filling up the DagBag from /home/airflow/.local/lib/python3.7/site-packages/airflow/example_dags/example_branch_datetime_operator.py
[2022-02-07 17:28:47,886] {processor.py:654} INFO - DAG(s) dict_keys(['example_branch_datetime_operator_2']) retrieved from /home/airflow/.local/lib/python3.7/site-packages/airflow/example_dags/example_branch_datetime_operator.py
[2022-02-07 17:28:47,914] {logging_mixin.py:109} INFO - [2022-02-07 17:28:47,914] {dag.py:2396} INFO - Sync 1 DAGs
[2022-02-07 17:28:47,982] {logging_mixin.py:109} INFO - [2022-02-07 17:28:47,982] {dag.py:2935} INFO - Setting next_dagrun for example_branch_datetime_operator_2 to 2022-02-06 00:00:00+00:00
[2022-02-07 17:28:48,028] {processor.py:171} INFO - Processing /home/airflow/.local/lib/python3.7/site-packages/airflow/example_dags/example_branch_datetime_operator.py took 0.248 seconds
[2022-02-07 17:29:18,164] {processor.py:163} INFO - Started process (PID=857) to work on /home/airflow/.local/lib/python3.7/site-packages/airflow/example_dags/example_branch_datetime_operator.py
[2022-02-07 17:29:18,169] {processor.py:642} INFO - Processing file /home/airflow/.local/lib/python3.7/site-packages/airflow/example_dags/example_branch_datetime_operator.py for tasks to queue
[2022-02-07 17:29:18,177] {logging_mixin.py:109} INFO - [2022-02-07 17:29:18,176] {dagbag.py:500} INFO - Filling up the DagBag from /home/airflow/.local/lib/python3.7/site-packages/airflow/example_dags/example_branch_datetime_operator.py
[2022-02-07 17:29:18,276] {processor.py:654} INFO - DAG(s) dict_keys(['example_branch_datetime_operator_2']) retrieved from /home/airflow/.local/lib/python3.7/site-packages/airflow/example_dags/example_branch_datetime_operator.py
[2022-02-07 17:29:18,344] {logging_mixin.py:109} INFO - [2022-02-07 17:29:18,342] {dag.py:2396} INFO - Sync 1 DAGs
[2022-02-07 17:29:18,423] {logging_mixin.py:109} INFO - [2022-02-07 17:29:18,423] {dag.py:2935} INFO - Setting next_dagrun for example_branch_datetime_operator_2 to 2022-02-06 00:00:00+00:00
[2022-02-07 17:29:18,456] {processor.py:171} INFO - Processing /home/airflow/.local/lib/python3.7/site-packages/airflow/example_dags/example_branch_datetime_operator.py took 0.303 seconds
[2022-02-07 17:29:48,540] {processor.py:163} INFO - Started process (PID=915) to work on /home/airflow/.local/lib/python3.7/site-packages/airflow/example_dags/example_branch_datetime_operator.py
[2022-02-07 17:29:48,545] {processor.py:642} INFO - Processing file /home/airflow/.local/lib/python3.7/site-packages/airflow/example_dags/example_branch_datetime_operator.py for tasks to queue
[2022-02-07 17:29:48,549] {logging_mixin.py:109} INFO - [2022-02-07 17:29:48,549] {dagbag.py:500} INFO - Filling up the DagBag from /home/airflow/.local/lib/python3.7/site-packages/airflow/example_dags/example_branch_datetime_operator.py
[2022-02-07 17:29:48,642] {processor.py:654} INFO - DAG(s) dict_keys(['example_branch_datetime_operator_2']) retrieved from /home/airflow/.local/lib/python3.7/site-packages/airflow/example_dags/example_branch_datetime_operator.py
[2022-02-07 17:29:48,671] {logging_mixin.py:109} INFO - [2022-02-07 17:29:48,670] {dag.py:2396} INFO - Sync 1 DAGs
[2022-02-07 17:29:48,713] {logging_mixin.py:109} INFO - [2022-02-07 17:29:48,713] {dag.py:2935} INFO - Setting next_dagrun for example_branch_datetime_operator_2 to 2022-02-06 00:00:00+00:00
[2022-02-07 17:29:48,739] {processor.py:171} INFO - Processing /home/airflow/.local/lib/python3.7/site-packages/airflow/example_dags/example_branch_datetime_operator.py took 0.210 seconds
[2022-02-07 17:30:19,412] {processor.py:163} INFO - Started process (PID=974) to work on /home/airflow/.local/lib/python3.7/site-packages/airflow/example_dags/example_branch_datetime_operator.py
[2022-02-07 17:30:19,416] {processor.py:642} INFO - Processing file /home/airflow/.local/lib/python3.7/site-packages/airflow/example_dags/example_branch_datetime_operator.py for tasks to queue
[2022-02-07 17:30:19,418] {logging_mixin.py:109} INFO - [2022-02-07 17:30:19,418] {dagbag.py:500} INFO - Filling up the DagBag from /home/airflow/.local/lib/python3.7/site-packages/airflow/example_dags/example_branch_datetime_operator.py
[2022-02-07 17:30:19,468] {processor.py:654} INFO - DAG(s) dict_keys(['example_branch_datetime_operator_2']) retrieved from /home/airflow/.local/lib/python3.7/site-packages/airflow/example_dags/example_branch_datetime_operator.py
[2022-02-07 17:30:19,489] {logging_mixin.py:109} INFO - [2022-02-07 17:30:19,489] {dag.py:2396} INFO - Sync 1 DAGs
[2022-02-07 17:30:19,522] {logging_mixin.py:109} INFO - [2022-02-07 17:30:19,522] {dag.py:2935} INFO - Setting next_dagrun for example_branch_datetime_operator_2 to 2022-02-06 00:00:00+00:00
[2022-02-07 17:30:19,547] {processor.py:171} INFO - Processing /home/airflow/.local/lib/python3.7/site-packages/airflow/example_dags/example_branch_datetime_operator.py took 0.140 seconds
[2022-02-07 17:30:50,377] {processor.py:163} INFO - Started process (PID=1030) to work on /home/airflow/.local/lib/python3.7/site-packages/airflow/example_dags/example_branch_datetime_operator.py
[2022-02-07 17:30:50,380] {processor.py:642} INFO - Processing file /home/airflow/.local/lib/python3.7/site-packages/airflow/example_dags/example_branch_datetime_operator.py for tasks to queue
[2022-02-07 17:30:50,382] {logging_mixin.py:109} INFO - [2022-02-07 17:30:50,382] {dagbag.py:500} INFO - Filling up the DagBag from /home/airflow/.local/lib/python3.7/site-packages/airflow/example_dags/example_branch_datetime_operator.py
[2022-02-07 17:30:50,420] {processor.py:654} INFO - DAG(s) dict_keys(['example_branch_datetime_operator_2']) retrieved from /home/airflow/.local/lib/python3.7/site-packages/airflow/example_dags/example_branch_datetime_operator.py
[2022-02-07 17:30:50,435] {logging_mixin.py:109} INFO - [2022-02-07 17:30:50,435] {dag.py:2396} INFO - Sync 1 DAGs
[2022-02-07 17:30:50,456] {logging_mixin.py:109} INFO - [2022-02-07 17:30:50,456] {dag.py:2935} INFO - Setting next_dagrun for example_branch_datetime_operator_2 to 2022-02-06 00:00:00+00:00
[2022-02-07 17:30:50,470] {processor.py:171} INFO - Processing /home/airflow/.local/lib/python3.7/site-packages/airflow/example_dags/example_branch_datetime_operator.py took 0.097 seconds
[2022-02-07 17:31:20,525] {processor.py:163} INFO - Started process (PID=1084) to work on /home/airflow/.local/lib/python3.7/site-packages/airflow/example_dags/example_branch_datetime_operator.py
[2022-02-07 17:31:20,529] {processor.py:642} INFO - Processing file /home/airflow/.local/lib/python3.7/site-packages/airflow/example_dags/example_branch_datetime_operator.py for tasks to queue
[2022-02-07 17:31:20,532] {logging_mixin.py:109} INFO - [2022-02-07 17:31:20,531] {dagbag.py:500} INFO - Filling up the DagBag from /home/airflow/.local/lib/python3.7/site-packages/airflow/example_dags/example_branch_datetime_operator.py
[2022-02-07 17:31:20,589] {processor.py:654} INFO - DAG(s) dict_keys(['example_branch_datetime_operator_2']) retrieved from /home/airflow/.local/lib/python3.7/site-packages/airflow/example_dags/example_branch_datetime_operator.py
[2022-02-07 17:31:20,607] {logging_mixin.py:109} INFO - [2022-02-07 17:31:20,607] {dag.py:2396} INFO - Sync 1 DAGs
[2022-02-07 17:31:20,632] {logging_mixin.py:109} INFO - [2022-02-07 17:31:20,632] {dag.py:2935} INFO - Setting next_dagrun for example_branch_datetime_operator_2 to 2022-02-06 00:00:00+00:00
[2022-02-07 17:31:20,646] {processor.py:171} INFO - Processing /home/airflow/.local/lib/python3.7/site-packages/airflow/example_dags/example_branch_datetime_operator.py took 0.124 seconds
[2022-02-07 17:31:50,866] {processor.py:163} INFO - Started process (PID=1144) to work on /home/airflow/.local/lib/python3.7/site-packages/airflow/example_dags/example_branch_datetime_operator.py
[2022-02-07 17:31:50,869] {processor.py:642} INFO - Processing file /home/airflow/.local/lib/python3.7/site-packages/airflow/example_dags/example_branch_datetime_operator.py for tasks to queue
[2022-02-07 17:31:50,871] {logging_mixin.py:109} INFO - [2022-02-07 17:31:50,871] {dagbag.py:500} INFO - Filling up the DagBag from /home/airflow/.local/lib/python3.7/site-packages/airflow/example_dags/example_branch_datetime_operator.py
[2022-02-07 17:31:50,917] {processor.py:654} INFO - DAG(s) dict_keys(['example_branch_datetime_operator_2']) retrieved from /home/airflow/.local/lib/python3.7/site-packages/airflow/example_dags/example_branch_datetime_operator.py
[2022-02-07 17:31:50,936] {logging_mixin.py:109} INFO - [2022-02-07 17:31:50,935] {dag.py:2396} INFO - Sync 1 DAGs
[2022-02-07 17:31:50,963] {logging_mixin.py:109} INFO - [2022-02-07 17:31:50,963] {dag.py:2935} INFO - Setting next_dagrun for example_branch_datetime_operator_2 to 2022-02-06 00:00:00+00:00
[2022-02-07 17:31:50,982] {processor.py:171} INFO - Processing /home/airflow/.local/lib/python3.7/site-packages/airflow/example_dags/example_branch_datetime_operator.py took 0.120 seconds
[2022-02-07 17:32:21,567] {processor.py:163} INFO - Started process (PID=1219) to work on /home/airflow/.local/lib/python3.7/site-packages/airflow/example_dags/example_branch_datetime_operator.py
[2022-02-07 17:32:21,575] {processor.py:642} INFO - Processing file /home/airflow/.local/lib/python3.7/site-packages/airflow/example_dags/example_branch_datetime_operator.py for tasks to queue
[2022-02-07 17:32:21,586] {logging_mixin.py:109} INFO - [2022-02-07 17:32:21,586] {dagbag.py:500} INFO - Filling up the DagBag from /home/airflow/.local/lib/python3.7/site-packages/airflow/example_dags/example_branch_datetime_operator.py
[2022-02-07 17:32:21,720] {processor.py:654} INFO - DAG(s) dict_keys(['example_branch_datetime_operator_2']) retrieved from /home/airflow/.local/lib/python3.7/site-packages/airflow/example_dags/example_branch_datetime_operator.py
[2022-02-07 17:32:21,766] {logging_mixin.py:109} INFO - [2022-02-07 17:32:21,766] {dag.py:2396} INFO - Sync 1 DAGs
[2022-02-07 17:32:21,818] {logging_mixin.py:109} INFO - [2022-02-07 17:32:21,818] {dag.py:2935} INFO - Setting next_dagrun for example_branch_datetime_operator_2 to 2022-02-06 00:00:00+00:00
[2022-02-07 17:32:21,859] {processor.py:171} INFO - Processing /home/airflow/.local/lib/python3.7/site-packages/airflow/example_dags/example_branch_datetime_operator.py took 0.302 seconds
[2022-02-07 17:32:52,234] {processor.py:163} INFO - Started process (PID=1275) to work on /home/airflow/.local/lib/python3.7/site-packages/airflow/example_dags/example_branch_datetime_operator.py
[2022-02-07 17:32:52,237] {processor.py:642} INFO - Processing file /home/airflow/.local/lib/python3.7/site-packages/airflow/example_dags/example_branch_datetime_operator.py for tasks to queue
[2022-02-07 17:32:52,238] {logging_mixin.py:109} INFO - [2022-02-07 17:32:52,238] {dagbag.py:500} INFO - Filling up the DagBag from /home/airflow/.local/lib/python3.7/site-packages/airflow/example_dags/example_branch_datetime_operator.py
[2022-02-07 17:32:52,291] {processor.py:654} INFO - DAG(s) dict_keys(['example_branch_datetime_operator_2']) retrieved from /home/airflow/.local/lib/python3.7/site-packages/airflow/example_dags/example_branch_datetime_operator.py
[2022-02-07 17:32:52,307] {logging_mixin.py:109} INFO - [2022-02-07 17:32:52,306] {dag.py:2396} INFO - Sync 1 DAGs
[2022-02-07 17:32:52,331] {logging_mixin.py:109} INFO - [2022-02-07 17:32:52,330] {dag.py:2935} INFO - Setting next_dagrun for example_branch_datetime_operator_2 to 2022-02-06 00:00:00+00:00
[2022-02-07 17:32:52,354] {processor.py:171} INFO - Processing /home/airflow/.local/lib/python3.7/site-packages/airflow/example_dags/example_branch_datetime_operator.py took 0.125 seconds
[2022-02-07 17:33:22,504] {processor.py:163} INFO - Started process (PID=1330) to work on /home/airflow/.local/lib/python3.7/site-packages/airflow/example_dags/example_branch_datetime_operator.py
[2022-02-07 17:33:22,507] {processor.py:642} INFO - Processing file /home/airflow/.local/lib/python3.7/site-packages/airflow/example_dags/example_branch_datetime_operator.py for tasks to queue
[2022-02-07 17:33:22,509] {logging_mixin.py:109} INFO - [2022-02-07 17:33:22,509] {dagbag.py:500} INFO - Filling up the DagBag from /home/airflow/.local/lib/python3.7/site-packages/airflow/example_dags/example_branch_datetime_operator.py
[2022-02-07 17:33:22,573] {processor.py:654} INFO - DAG(s) dict_keys(['example_branch_datetime_operator_2']) retrieved from /home/airflow/.local/lib/python3.7/site-packages/airflow/example_dags/example_branch_datetime_operator.py
[2022-02-07 17:33:22,618] {logging_mixin.py:109} INFO - [2022-02-07 17:33:22,618] {dag.py:2396} INFO - Sync 1 DAGs
[2022-02-07 17:33:22,655] {logging_mixin.py:109} INFO - [2022-02-07 17:33:22,655] {dag.py:2935} INFO - Setting next_dagrun for example_branch_datetime_operator_2 to 2022-02-06 00:00:00+00:00
[2022-02-07 17:33:22,678] {processor.py:171} INFO - Processing /home/airflow/.local/lib/python3.7/site-packages/airflow/example_dags/example_branch_datetime_operator.py took 0.183 seconds
[2022-02-07 17:33:52,937] {processor.py:163} INFO - Started process (PID=1385) to work on /home/airflow/.local/lib/python3.7/site-packages/airflow/example_dags/example_branch_datetime_operator.py
[2022-02-07 17:33:52,940] {processor.py:642} INFO - Processing file /home/airflow/.local/lib/python3.7/site-packages/airflow/example_dags/example_branch_datetime_operator.py for tasks to queue
[2022-02-07 17:33:52,942] {logging_mixin.py:109} INFO - [2022-02-07 17:33:52,942] {dagbag.py:500} INFO - Filling up the DagBag from /home/airflow/.local/lib/python3.7/site-packages/airflow/example_dags/example_branch_datetime_operator.py
[2022-02-07 17:33:53,013] {processor.py:654} INFO - DAG(s) dict_keys(['example_branch_datetime_operator_2']) retrieved from /home/airflow/.local/lib/python3.7/site-packages/airflow/example_dags/example_branch_datetime_operator.py
[2022-02-07 17:33:53,035] {logging_mixin.py:109} INFO - [2022-02-07 17:33:53,034] {dag.py:2396} INFO - Sync 1 DAGs
[2022-02-07 17:33:53,074] {logging_mixin.py:109} INFO - [2022-02-07 17:33:53,074] {dag.py:2935} INFO - Setting next_dagrun for example_branch_datetime_operator_2 to 2022-02-06 00:00:00+00:00
[2022-02-07 17:33:53,105] {processor.py:171} INFO - Processing /home/airflow/.local/lib/python3.7/site-packages/airflow/example_dags/example_branch_datetime_operator.py took 0.173 seconds
[2022-02-07 17:34:23,710] {processor.py:163} INFO - Started process (PID=1446) to work on /home/airflow/.local/lib/python3.7/site-packages/airflow/example_dags/example_branch_datetime_operator.py
[2022-02-07 17:34:23,714] {processor.py:642} INFO - Processing file /home/airflow/.local/lib/python3.7/site-packages/airflow/example_dags/example_branch_datetime_operator.py for tasks to queue
[2022-02-07 17:34:23,717] {logging_mixin.py:109} INFO - [2022-02-07 17:34:23,717] {dagbag.py:500} INFO - Filling up the DagBag from /home/airflow/.local/lib/python3.7/site-packages/airflow/example_dags/example_branch_datetime_operator.py
[2022-02-07 17:34:23,796] {processor.py:654} INFO - DAG(s) dict_keys(['example_branch_datetime_operator_2']) retrieved from /home/airflow/.local/lib/python3.7/site-packages/airflow/example_dags/example_branch_datetime_operator.py
[2022-02-07 17:34:23,860] {logging_mixin.py:109} INFO - [2022-02-07 17:34:23,860] {dag.py:2396} INFO - Sync 1 DAGs
[2022-02-07 17:34:23,917] {logging_mixin.py:109} INFO - [2022-02-07 17:34:23,917] {dag.py:2935} INFO - Setting next_dagrun for example_branch_datetime_operator_2 to 2022-02-06 00:00:00+00:00
[2022-02-07 17:34:24,019] {processor.py:171} INFO - Processing /home/airflow/.local/lib/python3.7/site-packages/airflow/example_dags/example_branch_datetime_operator.py took 0.313 seconds
[2022-02-07 17:34:54,272] {processor.py:163} INFO - Started process (PID=1511) to work on /home/airflow/.local/lib/python3.7/site-packages/airflow/example_dags/example_branch_datetime_operator.py
[2022-02-07 17:34:54,277] {processor.py:642} INFO - Processing file /home/airflow/.local/lib/python3.7/site-packages/airflow/example_dags/example_branch_datetime_operator.py for tasks to queue
[2022-02-07 17:34:54,283] {logging_mixin.py:109} INFO - [2022-02-07 17:34:54,282] {dagbag.py:500} INFO - Filling up the DagBag from /home/airflow/.local/lib/python3.7/site-packages/airflow/example_dags/example_branch_datetime_operator.py
[2022-02-07 17:34:54,421] {processor.py:654} INFO - DAG(s) dict_keys(['example_branch_datetime_operator_2']) retrieved from /home/airflow/.local/lib/python3.7/site-packages/airflow/example_dags/example_branch_datetime_operator.py
[2022-02-07 17:34:54,446] {logging_mixin.py:109} INFO - [2022-02-07 17:34:54,446] {dag.py:2396} INFO - Sync 1 DAGs
[2022-02-07 17:34:54,482] {logging_mixin.py:109} INFO - [2022-02-07 17:34:54,482] {dag.py:2935} INFO - Setting next_dagrun for example_branch_datetime_operator_2 to 2022-02-06 00:00:00+00:00
[2022-02-07 17:34:54,504] {processor.py:171} INFO - Processing /home/airflow/.local/lib/python3.7/site-packages/airflow/example_dags/example_branch_datetime_operator.py took 0.240 seconds
[2022-02-07 17:35:24,850] {processor.py:163} INFO - Started process (PID=1563) to work on /home/airflow/.local/lib/python3.7/site-packages/airflow/example_dags/example_branch_datetime_operator.py
[2022-02-07 17:35:24,853] {processor.py:642} INFO - Processing file /home/airflow/.local/lib/python3.7/site-packages/airflow/example_dags/example_branch_datetime_operator.py for tasks to queue
[2022-02-07 17:35:24,856] {logging_mixin.py:109} INFO - [2022-02-07 17:35:24,855] {dagbag.py:500} INFO - Filling up the DagBag from /home/airflow/.local/lib/python3.7/site-packages/airflow/example_dags/example_branch_datetime_operator.py
[2022-02-07 17:35:24,934] {processor.py:654} INFO - DAG(s) dict_keys(['example_branch_datetime_operator_2']) retrieved from /home/airflow/.local/lib/python3.7/site-packages/airflow/example_dags/example_branch_datetime_operator.py
[2022-02-07 17:35:24,970] {logging_mixin.py:109} INFO - [2022-02-07 17:35:24,969] {dag.py:2396} INFO - Sync 1 DAGs
[2022-02-07 17:35:25,022] {logging_mixin.py:109} INFO - [2022-02-07 17:35:25,022] {dag.py:2935} INFO - Setting next_dagrun for example_branch_datetime_operator_2 to 2022-02-06 00:00:00+00:00
[2022-02-07 17:35:25,208] {processor.py:171} INFO - Processing /home/airflow/.local/lib/python3.7/site-packages/airflow/example_dags/example_branch_datetime_operator.py took 0.364 seconds
[2022-02-07 17:35:55,645] {processor.py:163} INFO - Started process (PID=1617) to work on /home/airflow/.local/lib/python3.7/site-packages/airflow/example_dags/example_branch_datetime_operator.py
[2022-02-07 17:35:55,648] {processor.py:642} INFO - Processing file /home/airflow/.local/lib/python3.7/site-packages/airflow/example_dags/example_branch_datetime_operator.py for tasks to queue
[2022-02-07 17:35:55,652] {logging_mixin.py:109} INFO - [2022-02-07 17:35:55,652] {dagbag.py:500} INFO - Filling up the DagBag from /home/airflow/.local/lib/python3.7/site-packages/airflow/example_dags/example_branch_datetime_operator.py
[2022-02-07 17:35:55,715] {processor.py:654} INFO - DAG(s) dict_keys(['example_branch_datetime_operator_2']) retrieved from /home/airflow/.local/lib/python3.7/site-packages/airflow/example_dags/example_branch_datetime_operator.py
[2022-02-07 17:35:55,739] {logging_mixin.py:109} INFO - [2022-02-07 17:35:55,739] {dag.py:2396} INFO - Sync 1 DAGs
[2022-02-07 17:35:55,909] {logging_mixin.py:109} INFO - [2022-02-07 17:35:55,909] {dag.py:2935} INFO - Setting next_dagrun for example_branch_datetime_operator_2 to 2022-02-06 00:00:00+00:00
[2022-02-07 17:35:55,930] {processor.py:171} INFO - Processing /home/airflow/.local/lib/python3.7/site-packages/airflow/example_dags/example_branch_datetime_operator.py took 0.290 seconds
[2022-02-07 17:36:26,292] {processor.py:163} INFO - Started process (PID=1670) to work on /home/airflow/.local/lib/python3.7/site-packages/airflow/example_dags/example_branch_datetime_operator.py
[2022-02-07 17:36:26,296] {processor.py:642} INFO - Processing file /home/airflow/.local/lib/python3.7/site-packages/airflow/example_dags/example_branch_datetime_operator.py for tasks to queue
[2022-02-07 17:36:26,298] {logging_mixin.py:109} INFO - [2022-02-07 17:36:26,298] {dagbag.py:500} INFO - Filling up the DagBag from /home/airflow/.local/lib/python3.7/site-packages/airflow/example_dags/example_branch_datetime_operator.py
[2022-02-07 17:36:26,366] {processor.py:654} INFO - DAG(s) dict_keys(['example_branch_datetime_operator_2']) retrieved from /home/airflow/.local/lib/python3.7/site-packages/airflow/example_dags/example_branch_datetime_operator.py
[2022-02-07 17:36:26,398] {logging_mixin.py:109} INFO - [2022-02-07 17:36:26,398] {dag.py:2396} INFO - Sync 1 DAGs
[2022-02-07 17:36:26,541] {logging_mixin.py:109} INFO - [2022-02-07 17:36:26,541] {dag.py:2935} INFO - Setting next_dagrun for example_branch_datetime_operator_2 to 2022-02-06 00:00:00+00:00
[2022-02-07 17:36:26,560] {processor.py:171} INFO - Processing /home/airflow/.local/lib/python3.7/site-packages/airflow/example_dags/example_branch_datetime_operator.py took 0.277 seconds
[2022-02-07 17:36:57,432] {processor.py:163} INFO - Started process (PID=1724) to work on /home/airflow/.local/lib/python3.7/site-packages/airflow/example_dags/example_branch_datetime_operator.py
[2022-02-07 17:36:57,436] {processor.py:642} INFO - Processing file /home/airflow/.local/lib/python3.7/site-packages/airflow/example_dags/example_branch_datetime_operator.py for tasks to queue
[2022-02-07 17:36:57,438] {logging_mixin.py:109} INFO - [2022-02-07 17:36:57,438] {dagbag.py:500} INFO - Filling up the DagBag from /home/airflow/.local/lib/python3.7/site-packages/airflow/example_dags/example_branch_datetime_operator.py
[2022-02-07 17:36:57,518] {processor.py:654} INFO - DAG(s) dict_keys(['example_branch_datetime_operator_2']) retrieved from /home/airflow/.local/lib/python3.7/site-packages/airflow/example_dags/example_branch_datetime_operator.py
[2022-02-07 17:36:57,544] {logging_mixin.py:109} INFO - [2022-02-07 17:36:57,543] {dag.py:2396} INFO - Sync 1 DAGs
[2022-02-07 17:36:57,766] {logging_mixin.py:109} INFO - [2022-02-07 17:36:57,765] {dag.py:2935} INFO - Setting next_dagrun for example_branch_datetime_operator_2 to 2022-02-06 00:00:00+00:00
[2022-02-07 17:36:57,791] {processor.py:171} INFO - Processing /home/airflow/.local/lib/python3.7/site-packages/airflow/example_dags/example_branch_datetime_operator.py took 0.365 seconds
[2022-02-07 17:37:28,372] {processor.py:163} INFO - Started process (PID=1776) to work on /home/airflow/.local/lib/python3.7/site-packages/airflow/example_dags/example_branch_datetime_operator.py
[2022-02-07 17:37:28,374] {processor.py:642} INFO - Processing file /home/airflow/.local/lib/python3.7/site-packages/airflow/example_dags/example_branch_datetime_operator.py for tasks to queue
[2022-02-07 17:37:28,377] {logging_mixin.py:109} INFO - [2022-02-07 17:37:28,376] {dagbag.py:500} INFO - Filling up the DagBag from /home/airflow/.local/lib/python3.7/site-packages/airflow/example_dags/example_branch_datetime_operator.py
[2022-02-07 17:37:28,429] {processor.py:654} INFO - DAG(s) dict_keys(['example_branch_datetime_operator_2']) retrieved from /home/airflow/.local/lib/python3.7/site-packages/airflow/example_dags/example_branch_datetime_operator.py
[2022-02-07 17:37:28,449] {logging_mixin.py:109} INFO - [2022-02-07 17:37:28,449] {dag.py:2396} INFO - Sync 1 DAGs
[2022-02-07 17:37:28,625] {logging_mixin.py:109} INFO - [2022-02-07 17:37:28,625] {dag.py:2935} INFO - Setting next_dagrun for example_branch_datetime_operator_2 to 2022-02-06 00:00:00+00:00
[2022-02-07 17:37:28,648] {processor.py:171} INFO - Processing /home/airflow/.local/lib/python3.7/site-packages/airflow/example_dags/example_branch_datetime_operator.py took 0.280 seconds
[2022-02-07 17:37:59,651] {processor.py:163} INFO - Started process (PID=1838) to work on /home/airflow/.local/lib/python3.7/site-packages/airflow/example_dags/example_branch_datetime_operator.py
[2022-02-07 17:37:59,656] {processor.py:642} INFO - Processing file /home/airflow/.local/lib/python3.7/site-packages/airflow/example_dags/example_branch_datetime_operator.py for tasks to queue
[2022-02-07 17:37:59,659] {logging_mixin.py:109} INFO - [2022-02-07 17:37:59,658] {dagbag.py:500} INFO - Filling up the DagBag from /home/airflow/.local/lib/python3.7/site-packages/airflow/example_dags/example_branch_datetime_operator.py
[2022-02-07 17:37:59,857] {processor.py:654} INFO - DAG(s) dict_keys(['example_branch_datetime_operator_2']) retrieved from /home/airflow/.local/lib/python3.7/site-packages/airflow/example_dags/example_branch_datetime_operator.py
[2022-02-07 17:37:59,877] {logging_mixin.py:109} INFO - [2022-02-07 17:37:59,876] {dag.py:2396} INFO - Sync 1 DAGs
[2022-02-07 17:37:59,903] {logging_mixin.py:109} INFO - [2022-02-07 17:37:59,902] {dag.py:2935} INFO - Setting next_dagrun for example_branch_datetime_operator_2 to 2022-02-06 00:00:00+00:00
[2022-02-07 17:37:59,919] {processor.py:171} INFO - Processing /home/airflow/.local/lib/python3.7/site-packages/airflow/example_dags/example_branch_datetime_operator.py took 0.275 seconds
[2022-02-07 17:38:30,679] {processor.py:163} INFO - Started process (PID=1893) to work on /home/airflow/.local/lib/python3.7/site-packages/airflow/example_dags/example_branch_datetime_operator.py
[2022-02-07 17:38:30,681] {processor.py:642} INFO - Processing file /home/airflow/.local/lib/python3.7/site-packages/airflow/example_dags/example_branch_datetime_operator.py for tasks to queue
[2022-02-07 17:38:30,683] {logging_mixin.py:109} INFO - [2022-02-07 17:38:30,683] {dagbag.py:500} INFO - Filling up the DagBag from /home/airflow/.local/lib/python3.7/site-packages/airflow/example_dags/example_branch_datetime_operator.py
[2022-02-07 17:38:30,867] {processor.py:654} INFO - DAG(s) dict_keys(['example_branch_datetime_operator_2']) retrieved from /home/airflow/.local/lib/python3.7/site-packages/airflow/example_dags/example_branch_datetime_operator.py
[2022-02-07 17:38:30,889] {logging_mixin.py:109} INFO - [2022-02-07 17:38:30,889] {dag.py:2396} INFO - Sync 1 DAGs
[2022-02-07 17:38:30,930] {logging_mixin.py:109} INFO - [2022-02-07 17:38:30,930] {dag.py:2935} INFO - Setting next_dagrun for example_branch_datetime_operator_2 to 2022-02-06 00:00:00+00:00
[2022-02-07 17:38:30,952] {processor.py:171} INFO - Processing /home/airflow/.local/lib/python3.7/site-packages/airflow/example_dags/example_branch_datetime_operator.py took 0.278 seconds
[2022-02-07 17:39:01,002] {processor.py:163} INFO - Started process (PID=1946) to work on /home/airflow/.local/lib/python3.7/site-packages/airflow/example_dags/example_branch_datetime_operator.py
[2022-02-07 17:39:01,005] {processor.py:642} INFO - Processing file /home/airflow/.local/lib/python3.7/site-packages/airflow/example_dags/example_branch_datetime_operator.py for tasks to queue
[2022-02-07 17:39:01,007] {logging_mixin.py:109} INFO - [2022-02-07 17:39:01,007] {dagbag.py:500} INFO - Filling up the DagBag from /home/airflow/.local/lib/python3.7/site-packages/airflow/example_dags/example_branch_datetime_operator.py
[2022-02-07 17:39:01,178] {processor.py:654} INFO - DAG(s) dict_keys(['example_branch_datetime_operator_2']) retrieved from /home/airflow/.local/lib/python3.7/site-packages/airflow/example_dags/example_branch_datetime_operator.py
[2022-02-07 17:39:01,191] {logging_mixin.py:109} INFO - [2022-02-07 17:39:01,191] {dag.py:2396} INFO - Sync 1 DAGs
[2022-02-07 17:39:01,214] {logging_mixin.py:109} INFO - [2022-02-07 17:39:01,214] {dag.py:2935} INFO - Setting next_dagrun for example_branch_datetime_operator_2 to 2022-02-06 00:00:00+00:00
[2022-02-07 17:39:01,238] {processor.py:171} INFO - Processing /home/airflow/.local/lib/python3.7/site-packages/airflow/example_dags/example_branch_datetime_operator.py took 0.240 seconds
