[2022-02-07 17:23:28,121] {processor.py:163} INFO - Started process (PID=188) to work on /home/airflow/.local/lib/python3.7/site-packages/airflow/example_dags/tutorial.py
[2022-02-07 17:23:28,125] {processor.py:642} INFO - Processing file /home/airflow/.local/lib/python3.7/site-packages/airflow/example_dags/tutorial.py for tasks to queue
[2022-02-07 17:23:28,129] {logging_mixin.py:109} INFO - [2022-02-07 17:23:28,129] {dagbag.py:500} INFO - Filling up the DagBag from /home/airflow/.local/lib/python3.7/site-packages/airflow/example_dags/tutorial.py
[2022-02-07 17:23:28,192] {processor.py:654} INFO - DAG(s) dict_keys(['tutorial']) retrieved from /home/airflow/.local/lib/python3.7/site-packages/airflow/example_dags/tutorial.py
[2022-02-07 17:23:31,080] {logging_mixin.py:109} INFO - [2022-02-07 17:23:31,080] {manager.py:496} INFO - Created Permission View: can read on DAG:tutorial
[2022-02-07 17:23:31,094] {logging_mixin.py:109} INFO - [2022-02-07 17:23:31,094] {manager.py:496} INFO - Created Permission View: can edit on DAG:tutorial
[2022-02-07 17:23:31,097] {logging_mixin.py:109} INFO - [2022-02-07 17:23:31,096] {dag.py:2396} INFO - Sync 1 DAGs
[2022-02-07 17:23:31,107] {logging_mixin.py:109} INFO - [2022-02-07 17:23:31,107] {dag.py:2415} INFO - Creating ORM DAG for tutorial
[2022-02-07 17:23:31,124] {logging_mixin.py:109} INFO - [2022-02-07 17:23:31,123] {dag.py:2935} INFO - Setting next_dagrun for tutorial to 2022-02-06T17:23:31.123057+00:00
[2022-02-07 17:23:31,143] {processor.py:171} INFO - Processing /home/airflow/.local/lib/python3.7/site-packages/airflow/example_dags/tutorial.py took 3.032 seconds
[2022-02-07 17:24:01,377] {processor.py:163} INFO - Started process (PID=273) to work on /home/airflow/.local/lib/python3.7/site-packages/airflow/example_dags/tutorial.py
[2022-02-07 17:24:01,380] {processor.py:642} INFO - Processing file /home/airflow/.local/lib/python3.7/site-packages/airflow/example_dags/tutorial.py for tasks to queue
[2022-02-07 17:24:01,382] {logging_mixin.py:109} INFO - [2022-02-07 17:24:01,382] {dagbag.py:500} INFO - Filling up the DagBag from /home/airflow/.local/lib/python3.7/site-packages/airflow/example_dags/tutorial.py
[2022-02-07 17:24:01,459] {processor.py:654} INFO - DAG(s) dict_keys(['tutorial']) retrieved from /home/airflow/.local/lib/python3.7/site-packages/airflow/example_dags/tutorial.py
[2022-02-07 17:24:01,479] {logging_mixin.py:109} INFO - [2022-02-07 17:24:01,478] {dag.py:2396} INFO - Sync 1 DAGs
[2022-02-07 17:24:01,506] {logging_mixin.py:109} INFO - [2022-02-07 17:24:01,506] {dag.py:2935} INFO - Setting next_dagrun for tutorial to 2022-02-06T17:24:01.505920+00:00
[2022-02-07 17:24:01,525] {processor.py:171} INFO - Processing /home/airflow/.local/lib/python3.7/site-packages/airflow/example_dags/tutorial.py took 0.153 seconds
[2022-02-07 17:24:31,986] {processor.py:163} INFO - Started process (PID=324) to work on /home/airflow/.local/lib/python3.7/site-packages/airflow/example_dags/tutorial.py
[2022-02-07 17:24:31,989] {processor.py:642} INFO - Processing file /home/airflow/.local/lib/python3.7/site-packages/airflow/example_dags/tutorial.py for tasks to queue
[2022-02-07 17:24:31,992] {logging_mixin.py:109} INFO - [2022-02-07 17:24:31,992] {dagbag.py:500} INFO - Filling up the DagBag from /home/airflow/.local/lib/python3.7/site-packages/airflow/example_dags/tutorial.py
[2022-02-07 17:24:32,036] {processor.py:654} INFO - DAG(s) dict_keys(['tutorial']) retrieved from /home/airflow/.local/lib/python3.7/site-packages/airflow/example_dags/tutorial.py
[2022-02-07 17:24:32,056] {logging_mixin.py:109} INFO - [2022-02-07 17:24:32,055] {dag.py:2396} INFO - Sync 1 DAGs
[2022-02-07 17:24:32,075] {logging_mixin.py:109} INFO - [2022-02-07 17:24:32,074] {dag.py:2935} INFO - Setting next_dagrun for tutorial to 2022-02-06T17:24:32.074397+00:00
[2022-02-07 17:24:32,091] {processor.py:171} INFO - Processing /home/airflow/.local/lib/python3.7/site-packages/airflow/example_dags/tutorial.py took 0.109 seconds
[2022-02-07 17:25:02,431] {processor.py:163} INFO - Started process (PID=377) to work on /home/airflow/.local/lib/python3.7/site-packages/airflow/example_dags/tutorial.py
[2022-02-07 17:25:02,436] {processor.py:642} INFO - Processing file /home/airflow/.local/lib/python3.7/site-packages/airflow/example_dags/tutorial.py for tasks to queue
[2022-02-07 17:25:02,439] {logging_mixin.py:109} INFO - [2022-02-07 17:25:02,439] {dagbag.py:500} INFO - Filling up the DagBag from /home/airflow/.local/lib/python3.7/site-packages/airflow/example_dags/tutorial.py
[2022-02-07 17:25:02,506] {processor.py:654} INFO - DAG(s) dict_keys(['tutorial']) retrieved from /home/airflow/.local/lib/python3.7/site-packages/airflow/example_dags/tutorial.py
[2022-02-07 17:25:02,531] {logging_mixin.py:109} INFO - [2022-02-07 17:25:02,531] {dag.py:2396} INFO - Sync 1 DAGs
[2022-02-07 17:25:02,558] {logging_mixin.py:109} INFO - [2022-02-07 17:25:02,558] {dag.py:2935} INFO - Setting next_dagrun for tutorial to 2022-02-06T17:25:02.557826+00:00
[2022-02-07 17:25:02,578] {processor.py:171} INFO - Processing /home/airflow/.local/lib/python3.7/site-packages/airflow/example_dags/tutorial.py took 0.153 seconds
[2022-02-07 17:25:32,855] {processor.py:163} INFO - Started process (PID=427) to work on /home/airflow/.local/lib/python3.7/site-packages/airflow/example_dags/tutorial.py
[2022-02-07 17:25:32,860] {processor.py:642} INFO - Processing file /home/airflow/.local/lib/python3.7/site-packages/airflow/example_dags/tutorial.py for tasks to queue
[2022-02-07 17:25:32,864] {logging_mixin.py:109} INFO - [2022-02-07 17:25:32,864] {dagbag.py:500} INFO - Filling up the DagBag from /home/airflow/.local/lib/python3.7/site-packages/airflow/example_dags/tutorial.py
[2022-02-07 17:25:32,919] {processor.py:654} INFO - DAG(s) dict_keys(['tutorial']) retrieved from /home/airflow/.local/lib/python3.7/site-packages/airflow/example_dags/tutorial.py
[2022-02-07 17:25:32,939] {logging_mixin.py:109} INFO - [2022-02-07 17:25:32,938] {dag.py:2396} INFO - Sync 1 DAGs
[2022-02-07 17:25:32,965] {logging_mixin.py:109} INFO - [2022-02-07 17:25:32,964] {dag.py:2935} INFO - Setting next_dagrun for tutorial to 2022-02-06T17:25:32.964551+00:00
[2022-02-07 17:25:32,994] {processor.py:171} INFO - Processing /home/airflow/.local/lib/python3.7/site-packages/airflow/example_dags/tutorial.py took 0.144 seconds
[2022-02-07 17:26:03,398] {processor.py:163} INFO - Started process (PID=491) to work on /home/airflow/.local/lib/python3.7/site-packages/airflow/example_dags/tutorial.py
[2022-02-07 17:26:03,401] {processor.py:642} INFO - Processing file /home/airflow/.local/lib/python3.7/site-packages/airflow/example_dags/tutorial.py for tasks to queue
[2022-02-07 17:26:03,403] {logging_mixin.py:109} INFO - [2022-02-07 17:26:03,403] {dagbag.py:500} INFO - Filling up the DagBag from /home/airflow/.local/lib/python3.7/site-packages/airflow/example_dags/tutorial.py
[2022-02-07 17:26:03,452] {processor.py:654} INFO - DAG(s) dict_keys(['tutorial']) retrieved from /home/airflow/.local/lib/python3.7/site-packages/airflow/example_dags/tutorial.py
[2022-02-07 17:26:03,466] {logging_mixin.py:109} INFO - [2022-02-07 17:26:03,466] {dag.py:2396} INFO - Sync 1 DAGs
[2022-02-07 17:26:03,485] {logging_mixin.py:109} INFO - [2022-02-07 17:26:03,485] {dag.py:2935} INFO - Setting next_dagrun for tutorial to 2022-02-06T17:26:03.485229+00:00
[2022-02-07 17:26:03,517] {processor.py:171} INFO - Processing /home/airflow/.local/lib/python3.7/site-packages/airflow/example_dags/tutorial.py took 0.124 seconds
[2022-02-07 17:26:33,997] {processor.py:163} INFO - Started process (PID=541) to work on /home/airflow/.local/lib/python3.7/site-packages/airflow/example_dags/tutorial.py
[2022-02-07 17:26:34,001] {processor.py:642} INFO - Processing file /home/airflow/.local/lib/python3.7/site-packages/airflow/example_dags/tutorial.py for tasks to queue
[2022-02-07 17:26:34,004] {logging_mixin.py:109} INFO - [2022-02-07 17:26:34,003] {dagbag.py:500} INFO - Filling up the DagBag from /home/airflow/.local/lib/python3.7/site-packages/airflow/example_dags/tutorial.py
[2022-02-07 17:26:34,060] {processor.py:654} INFO - DAG(s) dict_keys(['tutorial']) retrieved from /home/airflow/.local/lib/python3.7/site-packages/airflow/example_dags/tutorial.py
[2022-02-07 17:26:34,073] {logging_mixin.py:109} INFO - [2022-02-07 17:26:34,072] {dag.py:2396} INFO - Sync 1 DAGs
[2022-02-07 17:26:34,090] {logging_mixin.py:109} INFO - [2022-02-07 17:26:34,090] {dag.py:2935} INFO - Setting next_dagrun for tutorial to 2022-02-06T17:26:34.090474+00:00
[2022-02-07 17:26:34,105] {processor.py:171} INFO - Processing /home/airflow/.local/lib/python3.7/site-packages/airflow/example_dags/tutorial.py took 0.120 seconds
[2022-02-07 17:27:04,786] {processor.py:163} INFO - Started process (PID=594) to work on /home/airflow/.local/lib/python3.7/site-packages/airflow/example_dags/tutorial.py
[2022-02-07 17:27:04,789] {processor.py:642} INFO - Processing file /home/airflow/.local/lib/python3.7/site-packages/airflow/example_dags/tutorial.py for tasks to queue
[2022-02-07 17:27:04,791] {logging_mixin.py:109} INFO - [2022-02-07 17:27:04,791] {dagbag.py:500} INFO - Filling up the DagBag from /home/airflow/.local/lib/python3.7/site-packages/airflow/example_dags/tutorial.py
[2022-02-07 17:27:04,862] {processor.py:654} INFO - DAG(s) dict_keys(['tutorial']) retrieved from /home/airflow/.local/lib/python3.7/site-packages/airflow/example_dags/tutorial.py
[2022-02-07 17:27:04,879] {logging_mixin.py:109} INFO - [2022-02-07 17:27:04,879] {dag.py:2396} INFO - Sync 1 DAGs
[2022-02-07 17:27:04,903] {logging_mixin.py:109} INFO - [2022-02-07 17:27:04,903] {dag.py:2935} INFO - Setting next_dagrun for tutorial to 2022-02-06T17:27:04.903079+00:00
[2022-02-07 17:27:04,921] {processor.py:171} INFO - Processing /home/airflow/.local/lib/python3.7/site-packages/airflow/example_dags/tutorial.py took 0.141 seconds
[2022-02-07 17:27:35,227] {processor.py:163} INFO - Started process (PID=656) to work on /home/airflow/.local/lib/python3.7/site-packages/airflow/example_dags/tutorial.py
[2022-02-07 17:27:35,230] {processor.py:642} INFO - Processing file /home/airflow/.local/lib/python3.7/site-packages/airflow/example_dags/tutorial.py for tasks to queue
[2022-02-07 17:27:35,234] {logging_mixin.py:109} INFO - [2022-02-07 17:27:35,234] {dagbag.py:500} INFO - Filling up the DagBag from /home/airflow/.local/lib/python3.7/site-packages/airflow/example_dags/tutorial.py
[2022-02-07 17:27:35,334] {processor.py:654} INFO - DAG(s) dict_keys(['tutorial']) retrieved from /home/airflow/.local/lib/python3.7/site-packages/airflow/example_dags/tutorial.py
[2022-02-07 17:27:35,364] {logging_mixin.py:109} INFO - [2022-02-07 17:27:35,364] {dag.py:2396} INFO - Sync 1 DAGs
[2022-02-07 17:27:35,395] {logging_mixin.py:109} INFO - [2022-02-07 17:27:35,395] {dag.py:2935} INFO - Setting next_dagrun for tutorial to 2022-02-06T17:27:35.395177+00:00
[2022-02-07 17:27:35,418] {processor.py:171} INFO - Processing /home/airflow/.local/lib/python3.7/site-packages/airflow/example_dags/tutorial.py took 0.212 seconds
[2022-02-07 17:28:06,037] {processor.py:163} INFO - Started process (PID=712) to work on /home/airflow/.local/lib/python3.7/site-packages/airflow/example_dags/tutorial.py
[2022-02-07 17:28:06,041] {processor.py:642} INFO - Processing file /home/airflow/.local/lib/python3.7/site-packages/airflow/example_dags/tutorial.py for tasks to queue
[2022-02-07 17:28:06,043] {logging_mixin.py:109} INFO - [2022-02-07 17:28:06,043] {dagbag.py:500} INFO - Filling up the DagBag from /home/airflow/.local/lib/python3.7/site-packages/airflow/example_dags/tutorial.py
[2022-02-07 17:28:06,100] {processor.py:654} INFO - DAG(s) dict_keys(['tutorial']) retrieved from /home/airflow/.local/lib/python3.7/site-packages/airflow/example_dags/tutorial.py
[2022-02-07 17:28:06,121] {logging_mixin.py:109} INFO - [2022-02-07 17:28:06,120] {dag.py:2396} INFO - Sync 1 DAGs
[2022-02-07 17:28:06,127] {logging_mixin.py:109} INFO - [2022-02-07 17:28:06,127] {dag.py:2935} INFO - Setting next_dagrun for tutorial to 2022-02-06T17:28:06.127063+00:00
[2022-02-07 17:28:06,148] {processor.py:171} INFO - Processing /home/airflow/.local/lib/python3.7/site-packages/airflow/example_dags/tutorial.py took 0.150 seconds
[2022-02-07 17:28:36,478] {processor.py:163} INFO - Started process (PID=765) to work on /home/airflow/.local/lib/python3.7/site-packages/airflow/example_dags/tutorial.py
[2022-02-07 17:28:36,482] {processor.py:642} INFO - Processing file /home/airflow/.local/lib/python3.7/site-packages/airflow/example_dags/tutorial.py for tasks to queue
[2022-02-07 17:28:36,486] {logging_mixin.py:109} INFO - [2022-02-07 17:28:36,486] {dagbag.py:500} INFO - Filling up the DagBag from /home/airflow/.local/lib/python3.7/site-packages/airflow/example_dags/tutorial.py
[2022-02-07 17:28:36,534] {processor.py:654} INFO - DAG(s) dict_keys(['tutorial']) retrieved from /home/airflow/.local/lib/python3.7/site-packages/airflow/example_dags/tutorial.py
[2022-02-07 17:28:36,553] {logging_mixin.py:109} INFO - [2022-02-07 17:28:36,553] {dag.py:2396} INFO - Sync 1 DAGs
[2022-02-07 17:28:36,580] {logging_mixin.py:109} INFO - [2022-02-07 17:28:36,580] {dag.py:2935} INFO - Setting next_dagrun for tutorial to 2022-02-06T17:28:36.579853+00:00
[2022-02-07 17:28:36,596] {processor.py:171} INFO - Processing /home/airflow/.local/lib/python3.7/site-packages/airflow/example_dags/tutorial.py took 0.128 seconds
[2022-02-07 17:29:07,295] {processor.py:163} INFO - Started process (PID=826) to work on /home/airflow/.local/lib/python3.7/site-packages/airflow/example_dags/tutorial.py
[2022-02-07 17:29:07,298] {processor.py:642} INFO - Processing file /home/airflow/.local/lib/python3.7/site-packages/airflow/example_dags/tutorial.py for tasks to queue
[2022-02-07 17:29:07,300] {logging_mixin.py:109} INFO - [2022-02-07 17:29:07,300] {dagbag.py:500} INFO - Filling up the DagBag from /home/airflow/.local/lib/python3.7/site-packages/airflow/example_dags/tutorial.py
[2022-02-07 17:29:07,347] {processor.py:654} INFO - DAG(s) dict_keys(['tutorial']) retrieved from /home/airflow/.local/lib/python3.7/site-packages/airflow/example_dags/tutorial.py
[2022-02-07 17:29:07,361] {logging_mixin.py:109} INFO - [2022-02-07 17:29:07,361] {dag.py:2396} INFO - Sync 1 DAGs
[2022-02-07 17:29:07,381] {logging_mixin.py:109} INFO - [2022-02-07 17:29:07,381] {dag.py:2935} INFO - Setting next_dagrun for tutorial to 2022-02-06T17:29:07.381032+00:00
[2022-02-07 17:29:07,396] {processor.py:171} INFO - Processing /home/airflow/.local/lib/python3.7/site-packages/airflow/example_dags/tutorial.py took 0.107 seconds
[2022-02-07 17:29:37,790] {processor.py:163} INFO - Started process (PID=886) to work on /home/airflow/.local/lib/python3.7/site-packages/airflow/example_dags/tutorial.py
[2022-02-07 17:29:37,792] {processor.py:642} INFO - Processing file /home/airflow/.local/lib/python3.7/site-packages/airflow/example_dags/tutorial.py for tasks to queue
[2022-02-07 17:29:37,797] {logging_mixin.py:109} INFO - [2022-02-07 17:29:37,796] {dagbag.py:500} INFO - Filling up the DagBag from /home/airflow/.local/lib/python3.7/site-packages/airflow/example_dags/tutorial.py
[2022-02-07 17:29:37,851] {processor.py:654} INFO - DAG(s) dict_keys(['tutorial']) retrieved from /home/airflow/.local/lib/python3.7/site-packages/airflow/example_dags/tutorial.py
[2022-02-07 17:29:37,865] {logging_mixin.py:109} INFO - [2022-02-07 17:29:37,864] {dag.py:2396} INFO - Sync 1 DAGs
[2022-02-07 17:29:37,886] {logging_mixin.py:109} INFO - [2022-02-07 17:29:37,886] {dag.py:2935} INFO - Setting next_dagrun for tutorial to 2022-02-06T17:29:37.885762+00:00
[2022-02-07 17:29:37,900] {processor.py:171} INFO - Processing /home/airflow/.local/lib/python3.7/site-packages/airflow/example_dags/tutorial.py took 0.113 seconds
[2022-02-07 17:30:08,193] {processor.py:163} INFO - Started process (PID=946) to work on /home/airflow/.local/lib/python3.7/site-packages/airflow/example_dags/tutorial.py
[2022-02-07 17:30:08,197] {processor.py:642} INFO - Processing file /home/airflow/.local/lib/python3.7/site-packages/airflow/example_dags/tutorial.py for tasks to queue
[2022-02-07 17:30:08,199] {logging_mixin.py:109} INFO - [2022-02-07 17:30:08,199] {dagbag.py:500} INFO - Filling up the DagBag from /home/airflow/.local/lib/python3.7/site-packages/airflow/example_dags/tutorial.py
[2022-02-07 17:30:08,258] {processor.py:654} INFO - DAG(s) dict_keys(['tutorial']) retrieved from /home/airflow/.local/lib/python3.7/site-packages/airflow/example_dags/tutorial.py
[2022-02-07 17:30:08,274] {logging_mixin.py:109} INFO - [2022-02-07 17:30:08,274] {dag.py:2396} INFO - Sync 1 DAGs
[2022-02-07 17:30:08,295] {logging_mixin.py:109} INFO - [2022-02-07 17:30:08,295] {dag.py:2935} INFO - Setting next_dagrun for tutorial to 2022-02-06T17:30:08.294796+00:00
[2022-02-07 17:30:08,311] {processor.py:171} INFO - Processing /home/airflow/.local/lib/python3.7/site-packages/airflow/example_dags/tutorial.py took 0.123 seconds
[2022-02-07 17:30:38,686] {processor.py:163} INFO - Started process (PID=1003) to work on /home/airflow/.local/lib/python3.7/site-packages/airflow/example_dags/tutorial.py
[2022-02-07 17:30:38,688] {processor.py:642} INFO - Processing file /home/airflow/.local/lib/python3.7/site-packages/airflow/example_dags/tutorial.py for tasks to queue
[2022-02-07 17:30:38,691] {logging_mixin.py:109} INFO - [2022-02-07 17:30:38,690] {dagbag.py:500} INFO - Filling up the DagBag from /home/airflow/.local/lib/python3.7/site-packages/airflow/example_dags/tutorial.py
[2022-02-07 17:30:38,735] {processor.py:654} INFO - DAG(s) dict_keys(['tutorial']) retrieved from /home/airflow/.local/lib/python3.7/site-packages/airflow/example_dags/tutorial.py
[2022-02-07 17:30:38,750] {logging_mixin.py:109} INFO - [2022-02-07 17:30:38,749] {dag.py:2396} INFO - Sync 1 DAGs
[2022-02-07 17:30:38,769] {logging_mixin.py:109} INFO - [2022-02-07 17:30:38,769] {dag.py:2935} INFO - Setting next_dagrun for tutorial to 2022-02-06T17:30:38.769382+00:00
[2022-02-07 17:30:38,786] {processor.py:171} INFO - Processing /home/airflow/.local/lib/python3.7/site-packages/airflow/example_dags/tutorial.py took 0.105 seconds
[2022-02-07 17:31:09,228] {processor.py:163} INFO - Started process (PID=1057) to work on /home/airflow/.local/lib/python3.7/site-packages/airflow/example_dags/tutorial.py
[2022-02-07 17:31:09,231] {processor.py:642} INFO - Processing file /home/airflow/.local/lib/python3.7/site-packages/airflow/example_dags/tutorial.py for tasks to queue
[2022-02-07 17:31:09,234] {logging_mixin.py:109} INFO - [2022-02-07 17:31:09,234] {dagbag.py:500} INFO - Filling up the DagBag from /home/airflow/.local/lib/python3.7/site-packages/airflow/example_dags/tutorial.py
[2022-02-07 17:31:09,315] {processor.py:654} INFO - DAG(s) dict_keys(['tutorial']) retrieved from /home/airflow/.local/lib/python3.7/site-packages/airflow/example_dags/tutorial.py
[2022-02-07 17:31:09,338] {logging_mixin.py:109} INFO - [2022-02-07 17:31:09,338] {dag.py:2396} INFO - Sync 1 DAGs
[2022-02-07 17:31:09,376] {logging_mixin.py:109} INFO - [2022-02-07 17:31:09,376] {dag.py:2935} INFO - Setting next_dagrun for tutorial to 2022-02-06T17:31:09.375577+00:00
[2022-02-07 17:31:09,398] {processor.py:171} INFO - Processing /home/airflow/.local/lib/python3.7/site-packages/airflow/example_dags/tutorial.py took 0.175 seconds
[2022-02-07 17:31:39,888] {processor.py:163} INFO - Started process (PID=1124) to work on /home/airflow/.local/lib/python3.7/site-packages/airflow/example_dags/tutorial.py
[2022-02-07 17:31:39,892] {processor.py:642} INFO - Processing file /home/airflow/.local/lib/python3.7/site-packages/airflow/example_dags/tutorial.py for tasks to queue
[2022-02-07 17:31:39,894] {logging_mixin.py:109} INFO - [2022-02-07 17:31:39,894] {dagbag.py:500} INFO - Filling up the DagBag from /home/airflow/.local/lib/python3.7/site-packages/airflow/example_dags/tutorial.py
[2022-02-07 17:31:39,998] {processor.py:654} INFO - DAG(s) dict_keys(['tutorial']) retrieved from /home/airflow/.local/lib/python3.7/site-packages/airflow/example_dags/tutorial.py
[2022-02-07 17:31:40,020] {logging_mixin.py:109} INFO - [2022-02-07 17:31:40,020] {dag.py:2396} INFO - Sync 1 DAGs
[2022-02-07 17:31:40,045] {logging_mixin.py:109} INFO - [2022-02-07 17:31:40,044] {dag.py:2935} INFO - Setting next_dagrun for tutorial to 2022-02-06T17:31:40.043907+00:00
[2022-02-07 17:31:40,075] {processor.py:171} INFO - Processing /home/airflow/.local/lib/python3.7/site-packages/airflow/example_dags/tutorial.py took 0.192 seconds
[2022-02-07 17:32:10,356] {processor.py:163} INFO - Started process (PID=1186) to work on /home/airflow/.local/lib/python3.7/site-packages/airflow/example_dags/tutorial.py
[2022-02-07 17:32:10,359] {processor.py:642} INFO - Processing file /home/airflow/.local/lib/python3.7/site-packages/airflow/example_dags/tutorial.py for tasks to queue
[2022-02-07 17:32:10,361] {logging_mixin.py:109} INFO - [2022-02-07 17:32:10,361] {dagbag.py:500} INFO - Filling up the DagBag from /home/airflow/.local/lib/python3.7/site-packages/airflow/example_dags/tutorial.py
[2022-02-07 17:32:10,407] {processor.py:654} INFO - DAG(s) dict_keys(['tutorial']) retrieved from /home/airflow/.local/lib/python3.7/site-packages/airflow/example_dags/tutorial.py
[2022-02-07 17:32:10,440] {logging_mixin.py:109} INFO - [2022-02-07 17:32:10,439] {dag.py:2396} INFO - Sync 1 DAGs
[2022-02-07 17:32:10,462] {logging_mixin.py:109} INFO - [2022-02-07 17:32:10,462] {dag.py:2935} INFO - Setting next_dagrun for tutorial to 2022-02-06T17:32:10.462274+00:00
[2022-02-07 17:32:10,485] {processor.py:171} INFO - Processing /home/airflow/.local/lib/python3.7/site-packages/airflow/example_dags/tutorial.py took 0.135 seconds
[2022-02-07 17:32:40,631] {processor.py:163} INFO - Started process (PID=1248) to work on /home/airflow/.local/lib/python3.7/site-packages/airflow/example_dags/tutorial.py
[2022-02-07 17:32:40,634] {processor.py:642} INFO - Processing file /home/airflow/.local/lib/python3.7/site-packages/airflow/example_dags/tutorial.py for tasks to queue
[2022-02-07 17:32:40,637] {logging_mixin.py:109} INFO - [2022-02-07 17:32:40,636] {dagbag.py:500} INFO - Filling up the DagBag from /home/airflow/.local/lib/python3.7/site-packages/airflow/example_dags/tutorial.py
[2022-02-07 17:32:40,707] {processor.py:654} INFO - DAG(s) dict_keys(['tutorial']) retrieved from /home/airflow/.local/lib/python3.7/site-packages/airflow/example_dags/tutorial.py
[2022-02-07 17:32:40,724] {logging_mixin.py:109} INFO - [2022-02-07 17:32:40,724] {dag.py:2396} INFO - Sync 1 DAGs
[2022-02-07 17:32:40,747] {logging_mixin.py:109} INFO - [2022-02-07 17:32:40,747] {dag.py:2935} INFO - Setting next_dagrun for tutorial to 2022-02-06T17:32:40.747190+00:00
[2022-02-07 17:32:40,771] {processor.py:171} INFO - Processing /home/airflow/.local/lib/python3.7/site-packages/airflow/example_dags/tutorial.py took 0.144 seconds
[2022-02-07 17:33:10,862] {processor.py:163} INFO - Started process (PID=1306) to work on /home/airflow/.local/lib/python3.7/site-packages/airflow/example_dags/tutorial.py
[2022-02-07 17:33:10,867] {processor.py:642} INFO - Processing file /home/airflow/.local/lib/python3.7/site-packages/airflow/example_dags/tutorial.py for tasks to queue
[2022-02-07 17:33:10,871] {logging_mixin.py:109} INFO - [2022-02-07 17:33:10,870] {dagbag.py:500} INFO - Filling up the DagBag from /home/airflow/.local/lib/python3.7/site-packages/airflow/example_dags/tutorial.py
[2022-02-07 17:33:10,954] {processor.py:654} INFO - DAG(s) dict_keys(['tutorial']) retrieved from /home/airflow/.local/lib/python3.7/site-packages/airflow/example_dags/tutorial.py
[2022-02-07 17:33:10,981] {logging_mixin.py:109} INFO - [2022-02-07 17:33:10,980] {dag.py:2396} INFO - Sync 1 DAGs
[2022-02-07 17:33:11,014] {logging_mixin.py:109} INFO - [2022-02-07 17:33:11,014] {dag.py:2935} INFO - Setting next_dagrun for tutorial to 2022-02-06T17:33:11.014125+00:00
[2022-02-07 17:33:11,038] {processor.py:171} INFO - Processing /home/airflow/.local/lib/python3.7/site-packages/airflow/example_dags/tutorial.py took 0.187 seconds
[2022-02-07 17:33:41,692] {processor.py:163} INFO - Started process (PID=1368) to work on /home/airflow/.local/lib/python3.7/site-packages/airflow/example_dags/tutorial.py
[2022-02-07 17:33:41,699] {processor.py:642} INFO - Processing file /home/airflow/.local/lib/python3.7/site-packages/airflow/example_dags/tutorial.py for tasks to queue
[2022-02-07 17:33:41,714] {logging_mixin.py:109} INFO - [2022-02-07 17:33:41,714] {dagbag.py:500} INFO - Filling up the DagBag from /home/airflow/.local/lib/python3.7/site-packages/airflow/example_dags/tutorial.py
[2022-02-07 17:33:41,863] {processor.py:654} INFO - DAG(s) dict_keys(['tutorial']) retrieved from /home/airflow/.local/lib/python3.7/site-packages/airflow/example_dags/tutorial.py
[2022-02-07 17:33:41,899] {logging_mixin.py:109} INFO - [2022-02-07 17:33:41,899] {dag.py:2396} INFO - Sync 1 DAGs
[2022-02-07 17:33:41,934] {logging_mixin.py:109} INFO - [2022-02-07 17:33:41,934] {dag.py:2935} INFO - Setting next_dagrun for tutorial to 2022-02-06T17:33:41.934283+00:00
[2022-02-07 17:33:41,968] {processor.py:171} INFO - Processing /home/airflow/.local/lib/python3.7/site-packages/airflow/example_dags/tutorial.py took 0.290 seconds
[2022-02-07 17:34:12,461] {processor.py:163} INFO - Started process (PID=1428) to work on /home/airflow/.local/lib/python3.7/site-packages/airflow/example_dags/tutorial.py
[2022-02-07 17:34:12,467] {processor.py:642} INFO - Processing file /home/airflow/.local/lib/python3.7/site-packages/airflow/example_dags/tutorial.py for tasks to queue
[2022-02-07 17:34:12,472] {logging_mixin.py:109} INFO - [2022-02-07 17:34:12,472] {dagbag.py:500} INFO - Filling up the DagBag from /home/airflow/.local/lib/python3.7/site-packages/airflow/example_dags/tutorial.py
[2022-02-07 17:34:12,533] {processor.py:654} INFO - DAG(s) dict_keys(['tutorial']) retrieved from /home/airflow/.local/lib/python3.7/site-packages/airflow/example_dags/tutorial.py
[2022-02-07 17:34:12,560] {logging_mixin.py:109} INFO - [2022-02-07 17:34:12,560] {dag.py:2396} INFO - Sync 1 DAGs
[2022-02-07 17:34:12,598] {logging_mixin.py:109} INFO - [2022-02-07 17:34:12,598] {dag.py:2935} INFO - Setting next_dagrun for tutorial to 2022-02-06T17:34:12.597690+00:00
[2022-02-07 17:34:12,630] {processor.py:171} INFO - Processing /home/airflow/.local/lib/python3.7/site-packages/airflow/example_dags/tutorial.py took 0.181 seconds
[2022-02-07 17:34:42,798] {processor.py:163} INFO - Started process (PID=1486) to work on /home/airflow/.local/lib/python3.7/site-packages/airflow/example_dags/tutorial.py
[2022-02-07 17:34:42,801] {processor.py:642} INFO - Processing file /home/airflow/.local/lib/python3.7/site-packages/airflow/example_dags/tutorial.py for tasks to queue
[2022-02-07 17:34:42,804] {logging_mixin.py:109} INFO - [2022-02-07 17:34:42,803] {dagbag.py:500} INFO - Filling up the DagBag from /home/airflow/.local/lib/python3.7/site-packages/airflow/example_dags/tutorial.py
[2022-02-07 17:34:42,845] {processor.py:654} INFO - DAG(s) dict_keys(['tutorial']) retrieved from /home/airflow/.local/lib/python3.7/site-packages/airflow/example_dags/tutorial.py
[2022-02-07 17:34:42,859] {logging_mixin.py:109} INFO - [2022-02-07 17:34:42,858] {dag.py:2396} INFO - Sync 1 DAGs
[2022-02-07 17:34:42,877] {logging_mixin.py:109} INFO - [2022-02-07 17:34:42,877] {dag.py:2935} INFO - Setting next_dagrun for tutorial to 2022-02-06T17:34:42.877370+00:00
[2022-02-07 17:34:42,893] {processor.py:171} INFO - Processing /home/airflow/.local/lib/python3.7/site-packages/airflow/example_dags/tutorial.py took 0.099 seconds
[2022-02-07 17:35:13,637] {processor.py:163} INFO - Started process (PID=1539) to work on /home/airflow/.local/lib/python3.7/site-packages/airflow/example_dags/tutorial.py
[2022-02-07 17:35:13,641] {processor.py:642} INFO - Processing file /home/airflow/.local/lib/python3.7/site-packages/airflow/example_dags/tutorial.py for tasks to queue
[2022-02-07 17:35:13,648] {logging_mixin.py:109} INFO - [2022-02-07 17:35:13,648] {dagbag.py:500} INFO - Filling up the DagBag from /home/airflow/.local/lib/python3.7/site-packages/airflow/example_dags/tutorial.py
[2022-02-07 17:35:13,701] {processor.py:654} INFO - DAG(s) dict_keys(['tutorial']) retrieved from /home/airflow/.local/lib/python3.7/site-packages/airflow/example_dags/tutorial.py
[2022-02-07 17:35:13,721] {logging_mixin.py:109} INFO - [2022-02-07 17:35:13,721] {dag.py:2396} INFO - Sync 1 DAGs
[2022-02-07 17:35:13,751] {logging_mixin.py:109} INFO - [2022-02-07 17:35:13,750] {dag.py:2935} INFO - Setting next_dagrun for tutorial to 2022-02-06T17:35:13.750428+00:00
[2022-02-07 17:35:13,915] {processor.py:171} INFO - Processing /home/airflow/.local/lib/python3.7/site-packages/airflow/example_dags/tutorial.py took 0.287 seconds
[2022-02-07 17:35:44,467] {processor.py:163} INFO - Started process (PID=1593) to work on /home/airflow/.local/lib/python3.7/site-packages/airflow/example_dags/tutorial.py
[2022-02-07 17:35:44,470] {processor.py:642} INFO - Processing file /home/airflow/.local/lib/python3.7/site-packages/airflow/example_dags/tutorial.py for tasks to queue
[2022-02-07 17:35:44,471] {logging_mixin.py:109} INFO - [2022-02-07 17:35:44,471] {dagbag.py:500} INFO - Filling up the DagBag from /home/airflow/.local/lib/python3.7/site-packages/airflow/example_dags/tutorial.py
[2022-02-07 17:35:44,530] {processor.py:654} INFO - DAG(s) dict_keys(['tutorial']) retrieved from /home/airflow/.local/lib/python3.7/site-packages/airflow/example_dags/tutorial.py
[2022-02-07 17:35:44,547] {logging_mixin.py:109} INFO - [2022-02-07 17:35:44,547] {dag.py:2396} INFO - Sync 1 DAGs
[2022-02-07 17:35:44,576] {logging_mixin.py:109} INFO - [2022-02-07 17:35:44,576] {dag.py:2935} INFO - Setting next_dagrun for tutorial to 2022-02-06T17:35:44.576029+00:00
[2022-02-07 17:35:44,737] {processor.py:171} INFO - Processing /home/airflow/.local/lib/python3.7/site-packages/airflow/example_dags/tutorial.py took 0.275 seconds
[2022-02-07 17:36:15,227] {processor.py:163} INFO - Started process (PID=1645) to work on /home/airflow/.local/lib/python3.7/site-packages/airflow/example_dags/tutorial.py
[2022-02-07 17:36:15,230] {processor.py:642} INFO - Processing file /home/airflow/.local/lib/python3.7/site-packages/airflow/example_dags/tutorial.py for tasks to queue
[2022-02-07 17:36:15,232] {logging_mixin.py:109} INFO - [2022-02-07 17:36:15,232] {dagbag.py:500} INFO - Filling up the DagBag from /home/airflow/.local/lib/python3.7/site-packages/airflow/example_dags/tutorial.py
[2022-02-07 17:36:15,281] {processor.py:654} INFO - DAG(s) dict_keys(['tutorial']) retrieved from /home/airflow/.local/lib/python3.7/site-packages/airflow/example_dags/tutorial.py
[2022-02-07 17:36:15,301] {logging_mixin.py:109} INFO - [2022-02-07 17:36:15,300] {dag.py:2396} INFO - Sync 1 DAGs
[2022-02-07 17:36:15,549] {logging_mixin.py:109} INFO - [2022-02-07 17:36:15,549] {dag.py:2935} INFO - Setting next_dagrun for tutorial to 2022-02-06T17:36:15.549297+00:00
[2022-02-07 17:36:15,570] {processor.py:171} INFO - Processing /home/airflow/.local/lib/python3.7/site-packages/airflow/example_dags/tutorial.py took 0.350 seconds
[2022-02-07 17:36:46,216] {processor.py:163} INFO - Started process (PID=1709) to work on /home/airflow/.local/lib/python3.7/site-packages/airflow/example_dags/tutorial.py
[2022-02-07 17:36:46,220] {processor.py:642} INFO - Processing file /home/airflow/.local/lib/python3.7/site-packages/airflow/example_dags/tutorial.py for tasks to queue
[2022-02-07 17:36:46,225] {logging_mixin.py:109} INFO - [2022-02-07 17:36:46,224] {dagbag.py:500} INFO - Filling up the DagBag from /home/airflow/.local/lib/python3.7/site-packages/airflow/example_dags/tutorial.py
[2022-02-07 17:36:46,305] {processor.py:654} INFO - DAG(s) dict_keys(['tutorial']) retrieved from /home/airflow/.local/lib/python3.7/site-packages/airflow/example_dags/tutorial.py
[2022-02-07 17:36:46,379] {logging_mixin.py:109} INFO - [2022-02-07 17:36:46,379] {dag.py:2396} INFO - Sync 1 DAGs
[2022-02-07 17:36:46,549] {logging_mixin.py:109} INFO - [2022-02-07 17:36:46,549] {dag.py:2935} INFO - Setting next_dagrun for tutorial to 2022-02-06T17:36:46.549433+00:00
[2022-02-07 17:36:46,571] {processor.py:171} INFO - Processing /home/airflow/.local/lib/python3.7/site-packages/airflow/example_dags/tutorial.py took 0.360 seconds
[2022-02-07 17:37:16,854] {processor.py:163} INFO - Started process (PID=1760) to work on /home/airflow/.local/lib/python3.7/site-packages/airflow/example_dags/tutorial.py
[2022-02-07 17:37:16,862] {processor.py:642} INFO - Processing file /home/airflow/.local/lib/python3.7/site-packages/airflow/example_dags/tutorial.py for tasks to queue
[2022-02-07 17:37:16,867] {logging_mixin.py:109} INFO - [2022-02-07 17:37:16,866] {dagbag.py:500} INFO - Filling up the DagBag from /home/airflow/.local/lib/python3.7/site-packages/airflow/example_dags/tutorial.py
[2022-02-07 17:37:17,056] {processor.py:654} INFO - DAG(s) dict_keys(['tutorial']) retrieved from /home/airflow/.local/lib/python3.7/site-packages/airflow/example_dags/tutorial.py
[2022-02-07 17:37:17,081] {logging_mixin.py:109} INFO - [2022-02-07 17:37:17,081] {dag.py:2396} INFO - Sync 1 DAGs
[2022-02-07 17:37:17,325] {logging_mixin.py:109} INFO - [2022-02-07 17:37:17,325] {dag.py:2935} INFO - Setting next_dagrun for tutorial to 2022-02-06T17:37:17.324709+00:00
[2022-02-07 17:37:17,349] {processor.py:171} INFO - Processing /home/airflow/.local/lib/python3.7/site-packages/airflow/example_dags/tutorial.py took 0.544 seconds
[2022-02-07 17:37:47,699] {processor.py:163} INFO - Started process (PID=1814) to work on /home/airflow/.local/lib/python3.7/site-packages/airflow/example_dags/tutorial.py
[2022-02-07 17:37:47,710] {processor.py:642} INFO - Processing file /home/airflow/.local/lib/python3.7/site-packages/airflow/example_dags/tutorial.py for tasks to queue
[2022-02-07 17:37:47,729] {logging_mixin.py:109} INFO - [2022-02-07 17:37:47,728] {dagbag.py:500} INFO - Filling up the DagBag from /home/airflow/.local/lib/python3.7/site-packages/airflow/example_dags/tutorial.py
[2022-02-07 17:37:47,984] {processor.py:654} INFO - DAG(s) dict_keys(['tutorial']) retrieved from /home/airflow/.local/lib/python3.7/site-packages/airflow/example_dags/tutorial.py
[2022-02-07 17:37:48,030] {logging_mixin.py:109} INFO - [2022-02-07 17:37:48,030] {dag.py:2396} INFO - Sync 1 DAGs
[2022-02-07 17:37:48,105] {logging_mixin.py:109} INFO - [2022-02-07 17:37:48,105] {dag.py:2935} INFO - Setting next_dagrun for tutorial to 2022-02-06T17:37:48.104297+00:00
[2022-02-07 17:37:48,131] {processor.py:171} INFO - Processing /home/airflow/.local/lib/python3.7/site-packages/airflow/example_dags/tutorial.py took 0.443 seconds
[2022-02-07 17:38:18,211] {processor.py:163} INFO - Started process (PID=1867) to work on /home/airflow/.local/lib/python3.7/site-packages/airflow/example_dags/tutorial.py
[2022-02-07 17:38:18,214] {processor.py:642} INFO - Processing file /home/airflow/.local/lib/python3.7/site-packages/airflow/example_dags/tutorial.py for tasks to queue
[2022-02-07 17:38:18,217] {logging_mixin.py:109} INFO - [2022-02-07 17:38:18,217] {dagbag.py:500} INFO - Filling up the DagBag from /home/airflow/.local/lib/python3.7/site-packages/airflow/example_dags/tutorial.py
[2022-02-07 17:38:18,398] {processor.py:654} INFO - DAG(s) dict_keys(['tutorial']) retrieved from /home/airflow/.local/lib/python3.7/site-packages/airflow/example_dags/tutorial.py
[2022-02-07 17:38:18,434] {logging_mixin.py:109} INFO - [2022-02-07 17:38:18,434] {dag.py:2396} INFO - Sync 1 DAGs
[2022-02-07 17:38:18,453] {logging_mixin.py:109} INFO - [2022-02-07 17:38:18,453] {dag.py:2935} INFO - Setting next_dagrun for tutorial to 2022-02-06T17:38:18.453351+00:00
[2022-02-07 17:38:18,470] {processor.py:171} INFO - Processing /home/airflow/.local/lib/python3.7/site-packages/airflow/example_dags/tutorial.py took 0.263 seconds
[2022-02-07 17:38:48,897] {processor.py:163} INFO - Started process (PID=1921) to work on /home/airflow/.local/lib/python3.7/site-packages/airflow/example_dags/tutorial.py
[2022-02-07 17:38:48,900] {processor.py:642} INFO - Processing file /home/airflow/.local/lib/python3.7/site-packages/airflow/example_dags/tutorial.py for tasks to queue
[2022-02-07 17:38:48,903] {logging_mixin.py:109} INFO - [2022-02-07 17:38:48,902] {dagbag.py:500} INFO - Filling up the DagBag from /home/airflow/.local/lib/python3.7/site-packages/airflow/example_dags/tutorial.py
[2022-02-07 17:38:49,075] {processor.py:654} INFO - DAG(s) dict_keys(['tutorial']) retrieved from /home/airflow/.local/lib/python3.7/site-packages/airflow/example_dags/tutorial.py
[2022-02-07 17:38:49,089] {logging_mixin.py:109} INFO - [2022-02-07 17:38:49,089] {dag.py:2396} INFO - Sync 1 DAGs
[2022-02-07 17:38:49,142] {logging_mixin.py:109} INFO - [2022-02-07 17:38:49,142] {dag.py:2935} INFO - Setting next_dagrun for tutorial to 2022-02-06T17:38:49.142196+00:00
[2022-02-07 17:38:49,158] {processor.py:171} INFO - Processing /home/airflow/.local/lib/python3.7/site-packages/airflow/example_dags/tutorial.py took 0.267 seconds
[2022-02-07 17:39:19,466] {processor.py:163} INFO - Started process (PID=1974) to work on /home/airflow/.local/lib/python3.7/site-packages/airflow/example_dags/tutorial.py
[2022-02-07 17:39:19,470] {processor.py:642} INFO - Processing file /home/airflow/.local/lib/python3.7/site-packages/airflow/example_dags/tutorial.py for tasks to queue
[2022-02-07 17:39:19,472] {logging_mixin.py:109} INFO - [2022-02-07 17:39:19,472] {dagbag.py:500} INFO - Filling up the DagBag from /home/airflow/.local/lib/python3.7/site-packages/airflow/example_dags/tutorial.py
[2022-02-07 17:39:19,635] {processor.py:654} INFO - DAG(s) dict_keys(['tutorial']) retrieved from /home/airflow/.local/lib/python3.7/site-packages/airflow/example_dags/tutorial.py
[2022-02-07 17:39:19,646] {logging_mixin.py:109} INFO - [2022-02-07 17:39:19,646] {dag.py:2396} INFO - Sync 1 DAGs
[2022-02-07 17:39:19,664] {logging_mixin.py:109} INFO - [2022-02-07 17:39:19,664] {dag.py:2935} INFO - Setting next_dagrun for tutorial to 2022-02-06T17:39:19.663763+00:00
[2022-02-07 17:39:19,677] {processor.py:171} INFO - Processing /home/airflow/.local/lib/python3.7/site-packages/airflow/example_dags/tutorial.py took 0.214 seconds
