[2022-02-07 17:23:21,913] {processor.py:163} INFO - Started process (PID=168) to work on /home/airflow/.local/lib/python3.7/site-packages/airflow/example_dags/tutorial_taskflow_api_etl.py
[2022-02-07 17:23:21,917] {processor.py:642} INFO - Processing file /home/airflow/.local/lib/python3.7/site-packages/airflow/example_dags/tutorial_taskflow_api_etl.py for tasks to queue
[2022-02-07 17:23:21,920] {logging_mixin.py:109} INFO - [2022-02-07 17:23:21,920] {dagbag.py:500} INFO - Filling up the DagBag from /home/airflow/.local/lib/python3.7/site-packages/airflow/example_dags/tutorial_taskflow_api_etl.py
[2022-02-07 17:23:21,995] {processor.py:654} INFO - DAG(s) dict_keys(['tutorial_taskflow_api_etl']) retrieved from /home/airflow/.local/lib/python3.7/site-packages/airflow/example_dags/tutorial_taskflow_api_etl.py
[2022-02-07 17:23:24,312] {logging_mixin.py:109} INFO - [2022-02-07 17:23:24,312] {manager.py:496} INFO - Created Permission View: can read on DAG:tutorial_taskflow_api_etl
[2022-02-07 17:23:24,327] {logging_mixin.py:109} INFO - [2022-02-07 17:23:24,327] {manager.py:496} INFO - Created Permission View: can edit on DAG:tutorial_taskflow_api_etl
[2022-02-07 17:23:24,329] {logging_mixin.py:109} INFO - [2022-02-07 17:23:24,329] {dag.py:2396} INFO - Sync 1 DAGs
[2022-02-07 17:23:24,338] {logging_mixin.py:109} INFO - [2022-02-07 17:23:24,338] {dag.py:2415} INFO - Creating ORM DAG for tutorial_taskflow_api_etl
[2022-02-07 17:23:24,348] {logging_mixin.py:109} INFO - [2022-02-07 17:23:24,348] {dag.py:2935} INFO - Setting next_dagrun for tutorial_taskflow_api_etl to None
[2022-02-07 17:23:24,366] {processor.py:171} INFO - Processing /home/airflow/.local/lib/python3.7/site-packages/airflow/example_dags/tutorial_taskflow_api_etl.py took 2.464 seconds
[2022-02-07 17:23:54,603] {processor.py:163} INFO - Started process (PID=259) to work on /home/airflow/.local/lib/python3.7/site-packages/airflow/example_dags/tutorial_taskflow_api_etl.py
[2022-02-07 17:23:54,606] {processor.py:642} INFO - Processing file /home/airflow/.local/lib/python3.7/site-packages/airflow/example_dags/tutorial_taskflow_api_etl.py for tasks to queue
[2022-02-07 17:23:54,607] {logging_mixin.py:109} INFO - [2022-02-07 17:23:54,607] {dagbag.py:500} INFO - Filling up the DagBag from /home/airflow/.local/lib/python3.7/site-packages/airflow/example_dags/tutorial_taskflow_api_etl.py
[2022-02-07 17:23:54,653] {processor.py:654} INFO - DAG(s) dict_keys(['tutorial_taskflow_api_etl']) retrieved from /home/airflow/.local/lib/python3.7/site-packages/airflow/example_dags/tutorial_taskflow_api_etl.py
[2022-02-07 17:23:55,036] {logging_mixin.py:109} INFO - [2022-02-07 17:23:55,036] {dag.py:2396} INFO - Sync 1 DAGs
[2022-02-07 17:23:55,054] {logging_mixin.py:109} INFO - [2022-02-07 17:23:55,054] {dag.py:2935} INFO - Setting next_dagrun for tutorial_taskflow_api_etl to None
[2022-02-07 17:23:55,077] {processor.py:171} INFO - Processing /home/airflow/.local/lib/python3.7/site-packages/airflow/example_dags/tutorial_taskflow_api_etl.py took 0.479 seconds
[2022-02-07 17:24:25,494] {processor.py:163} INFO - Started process (PID=320) to work on /home/airflow/.local/lib/python3.7/site-packages/airflow/example_dags/tutorial_taskflow_api_etl.py
[2022-02-07 17:24:25,497] {processor.py:642} INFO - Processing file /home/airflow/.local/lib/python3.7/site-packages/airflow/example_dags/tutorial_taskflow_api_etl.py for tasks to queue
[2022-02-07 17:24:25,499] {logging_mixin.py:109} INFO - [2022-02-07 17:24:25,499] {dagbag.py:500} INFO - Filling up the DagBag from /home/airflow/.local/lib/python3.7/site-packages/airflow/example_dags/tutorial_taskflow_api_etl.py
[2022-02-07 17:24:25,560] {processor.py:654} INFO - DAG(s) dict_keys(['tutorial_taskflow_api_etl']) retrieved from /home/airflow/.local/lib/python3.7/site-packages/airflow/example_dags/tutorial_taskflow_api_etl.py
[2022-02-07 17:24:26,139] {logging_mixin.py:109} INFO - [2022-02-07 17:24:26,138] {dag.py:2396} INFO - Sync 1 DAGs
[2022-02-07 17:24:26,170] {logging_mixin.py:109} INFO - [2022-02-07 17:24:26,170] {dag.py:2935} INFO - Setting next_dagrun for tutorial_taskflow_api_etl to None
[2022-02-07 17:24:26,202] {processor.py:171} INFO - Processing /home/airflow/.local/lib/python3.7/site-packages/airflow/example_dags/tutorial_taskflow_api_etl.py took 0.713 seconds
[2022-02-07 17:24:56,303] {processor.py:163} INFO - Started process (PID=374) to work on /home/airflow/.local/lib/python3.7/site-packages/airflow/example_dags/tutorial_taskflow_api_etl.py
[2022-02-07 17:24:56,312] {processor.py:642} INFO - Processing file /home/airflow/.local/lib/python3.7/site-packages/airflow/example_dags/tutorial_taskflow_api_etl.py for tasks to queue
[2022-02-07 17:24:56,317] {logging_mixin.py:109} INFO - [2022-02-07 17:24:56,316] {dagbag.py:500} INFO - Filling up the DagBag from /home/airflow/.local/lib/python3.7/site-packages/airflow/example_dags/tutorial_taskflow_api_etl.py
[2022-02-07 17:24:56,404] {processor.py:654} INFO - DAG(s) dict_keys(['tutorial_taskflow_api_etl']) retrieved from /home/airflow/.local/lib/python3.7/site-packages/airflow/example_dags/tutorial_taskflow_api_etl.py
[2022-02-07 17:24:57,111] {logging_mixin.py:109} INFO - [2022-02-07 17:24:57,111] {dag.py:2396} INFO - Sync 1 DAGs
[2022-02-07 17:24:57,155] {logging_mixin.py:109} INFO - [2022-02-07 17:24:57,155] {dag.py:2935} INFO - Setting next_dagrun for tutorial_taskflow_api_etl to None
[2022-02-07 17:24:57,195] {processor.py:171} INFO - Processing /home/airflow/.local/lib/python3.7/site-packages/airflow/example_dags/tutorial_taskflow_api_etl.py took 0.906 seconds
[2022-02-07 17:25:27,448] {processor.py:163} INFO - Started process (PID=424) to work on /home/airflow/.local/lib/python3.7/site-packages/airflow/example_dags/tutorial_taskflow_api_etl.py
[2022-02-07 17:25:27,450] {processor.py:642} INFO - Processing file /home/airflow/.local/lib/python3.7/site-packages/airflow/example_dags/tutorial_taskflow_api_etl.py for tasks to queue
[2022-02-07 17:25:27,452] {logging_mixin.py:109} INFO - [2022-02-07 17:25:27,452] {dagbag.py:500} INFO - Filling up the DagBag from /home/airflow/.local/lib/python3.7/site-packages/airflow/example_dags/tutorial_taskflow_api_etl.py
[2022-02-07 17:25:27,495] {processor.py:654} INFO - DAG(s) dict_keys(['tutorial_taskflow_api_etl']) retrieved from /home/airflow/.local/lib/python3.7/site-packages/airflow/example_dags/tutorial_taskflow_api_etl.py
[2022-02-07 17:25:27,895] {logging_mixin.py:109} INFO - [2022-02-07 17:25:27,895] {dag.py:2396} INFO - Sync 1 DAGs
[2022-02-07 17:25:27,912] {logging_mixin.py:109} INFO - [2022-02-07 17:25:27,912] {dag.py:2935} INFO - Setting next_dagrun for tutorial_taskflow_api_etl to None
[2022-02-07 17:25:27,932] {processor.py:171} INFO - Processing /home/airflow/.local/lib/python3.7/site-packages/airflow/example_dags/tutorial_taskflow_api_etl.py took 0.490 seconds
[2022-02-07 17:25:58,000] {processor.py:163} INFO - Started process (PID=478) to work on /home/airflow/.local/lib/python3.7/site-packages/airflow/example_dags/tutorial_taskflow_api_etl.py
[2022-02-07 17:25:58,003] {processor.py:642} INFO - Processing file /home/airflow/.local/lib/python3.7/site-packages/airflow/example_dags/tutorial_taskflow_api_etl.py for tasks to queue
[2022-02-07 17:25:58,005] {logging_mixin.py:109} INFO - [2022-02-07 17:25:58,005] {dagbag.py:500} INFO - Filling up the DagBag from /home/airflow/.local/lib/python3.7/site-packages/airflow/example_dags/tutorial_taskflow_api_etl.py
[2022-02-07 17:25:58,057] {processor.py:654} INFO - DAG(s) dict_keys(['tutorial_taskflow_api_etl']) retrieved from /home/airflow/.local/lib/python3.7/site-packages/airflow/example_dags/tutorial_taskflow_api_etl.py
[2022-02-07 17:25:58,415] {logging_mixin.py:109} INFO - [2022-02-07 17:25:58,414] {dag.py:2396} INFO - Sync 1 DAGs
[2022-02-07 17:25:58,435] {logging_mixin.py:109} INFO - [2022-02-07 17:25:58,435] {dag.py:2935} INFO - Setting next_dagrun for tutorial_taskflow_api_etl to None
[2022-02-07 17:25:58,452] {processor.py:171} INFO - Processing /home/airflow/.local/lib/python3.7/site-packages/airflow/example_dags/tutorial_taskflow_api_etl.py took 0.458 seconds
[2022-02-07 17:26:28,524] {processor.py:163} INFO - Started process (PID=538) to work on /home/airflow/.local/lib/python3.7/site-packages/airflow/example_dags/tutorial_taskflow_api_etl.py
[2022-02-07 17:26:28,527] {processor.py:642} INFO - Processing file /home/airflow/.local/lib/python3.7/site-packages/airflow/example_dags/tutorial_taskflow_api_etl.py for tasks to queue
[2022-02-07 17:26:28,529] {logging_mixin.py:109} INFO - [2022-02-07 17:26:28,529] {dagbag.py:500} INFO - Filling up the DagBag from /home/airflow/.local/lib/python3.7/site-packages/airflow/example_dags/tutorial_taskflow_api_etl.py
[2022-02-07 17:26:28,577] {processor.py:654} INFO - DAG(s) dict_keys(['tutorial_taskflow_api_etl']) retrieved from /home/airflow/.local/lib/python3.7/site-packages/airflow/example_dags/tutorial_taskflow_api_etl.py
[2022-02-07 17:26:28,913] {logging_mixin.py:109} INFO - [2022-02-07 17:26:28,913] {dag.py:2396} INFO - Sync 1 DAGs
[2022-02-07 17:26:28,936] {logging_mixin.py:109} INFO - [2022-02-07 17:26:28,935] {dag.py:2935} INFO - Setting next_dagrun for tutorial_taskflow_api_etl to None
[2022-02-07 17:26:28,955] {processor.py:171} INFO - Processing /home/airflow/.local/lib/python3.7/site-packages/airflow/example_dags/tutorial_taskflow_api_etl.py took 0.437 seconds
[2022-02-07 17:26:59,928] {processor.py:163} INFO - Started process (PID=591) to work on /home/airflow/.local/lib/python3.7/site-packages/airflow/example_dags/tutorial_taskflow_api_etl.py
[2022-02-07 17:26:59,933] {processor.py:642} INFO - Processing file /home/airflow/.local/lib/python3.7/site-packages/airflow/example_dags/tutorial_taskflow_api_etl.py for tasks to queue
[2022-02-07 17:26:59,937] {logging_mixin.py:109} INFO - [2022-02-07 17:26:59,937] {dagbag.py:500} INFO - Filling up the DagBag from /home/airflow/.local/lib/python3.7/site-packages/airflow/example_dags/tutorial_taskflow_api_etl.py
[2022-02-07 17:27:00,030] {processor.py:654} INFO - DAG(s) dict_keys(['tutorial_taskflow_api_etl']) retrieved from /home/airflow/.local/lib/python3.7/site-packages/airflow/example_dags/tutorial_taskflow_api_etl.py
[2022-02-07 17:27:00,474] {logging_mixin.py:109} INFO - [2022-02-07 17:27:00,474] {dag.py:2396} INFO - Sync 1 DAGs
[2022-02-07 17:27:00,504] {logging_mixin.py:109} INFO - [2022-02-07 17:27:00,504] {dag.py:2935} INFO - Setting next_dagrun for tutorial_taskflow_api_etl to None
[2022-02-07 17:27:00,527] {processor.py:171} INFO - Processing /home/airflow/.local/lib/python3.7/site-packages/airflow/example_dags/tutorial_taskflow_api_etl.py took 0.605 seconds
[2022-02-07 17:27:30,795] {processor.py:163} INFO - Started process (PID=643) to work on /home/airflow/.local/lib/python3.7/site-packages/airflow/example_dags/tutorial_taskflow_api_etl.py
[2022-02-07 17:27:30,798] {processor.py:642} INFO - Processing file /home/airflow/.local/lib/python3.7/site-packages/airflow/example_dags/tutorial_taskflow_api_etl.py for tasks to queue
[2022-02-07 17:27:30,802] {logging_mixin.py:109} INFO - [2022-02-07 17:27:30,802] {dagbag.py:500} INFO - Filling up the DagBag from /home/airflow/.local/lib/python3.7/site-packages/airflow/example_dags/tutorial_taskflow_api_etl.py
[2022-02-07 17:27:30,886] {processor.py:654} INFO - DAG(s) dict_keys(['tutorial_taskflow_api_etl']) retrieved from /home/airflow/.local/lib/python3.7/site-packages/airflow/example_dags/tutorial_taskflow_api_etl.py
[2022-02-07 17:27:31,315] {logging_mixin.py:109} INFO - [2022-02-07 17:27:31,314] {dag.py:2396} INFO - Sync 1 DAGs
[2022-02-07 17:27:31,343] {logging_mixin.py:109} INFO - [2022-02-07 17:27:31,343] {dag.py:2935} INFO - Setting next_dagrun for tutorial_taskflow_api_etl to None
[2022-02-07 17:27:31,369] {processor.py:171} INFO - Processing /home/airflow/.local/lib/python3.7/site-packages/airflow/example_dags/tutorial_taskflow_api_etl.py took 0.577 seconds
[2022-02-07 17:28:01,779] {processor.py:163} INFO - Started process (PID=698) to work on /home/airflow/.local/lib/python3.7/site-packages/airflow/example_dags/tutorial_taskflow_api_etl.py
[2022-02-07 17:28:01,786] {processor.py:642} INFO - Processing file /home/airflow/.local/lib/python3.7/site-packages/airflow/example_dags/tutorial_taskflow_api_etl.py for tasks to queue
[2022-02-07 17:28:01,792] {logging_mixin.py:109} INFO - [2022-02-07 17:28:01,792] {dagbag.py:500} INFO - Filling up the DagBag from /home/airflow/.local/lib/python3.7/site-packages/airflow/example_dags/tutorial_taskflow_api_etl.py
[2022-02-07 17:28:01,877] {processor.py:654} INFO - DAG(s) dict_keys(['tutorial_taskflow_api_etl']) retrieved from /home/airflow/.local/lib/python3.7/site-packages/airflow/example_dags/tutorial_taskflow_api_etl.py
[2022-02-07 17:28:02,368] {logging_mixin.py:109} INFO - [2022-02-07 17:28:02,368] {dag.py:2396} INFO - Sync 1 DAGs
[2022-02-07 17:28:02,451] {logging_mixin.py:109} INFO - [2022-02-07 17:28:02,451] {dag.py:2935} INFO - Setting next_dagrun for tutorial_taskflow_api_etl to None
[2022-02-07 17:28:02,529] {processor.py:171} INFO - Processing /home/airflow/.local/lib/python3.7/site-packages/airflow/example_dags/tutorial_taskflow_api_etl.py took 0.763 seconds
[2022-02-07 17:28:33,013] {processor.py:163} INFO - Started process (PID=753) to work on /home/airflow/.local/lib/python3.7/site-packages/airflow/example_dags/tutorial_taskflow_api_etl.py
[2022-02-07 17:28:33,018] {processor.py:642} INFO - Processing file /home/airflow/.local/lib/python3.7/site-packages/airflow/example_dags/tutorial_taskflow_api_etl.py for tasks to queue
[2022-02-07 17:28:33,022] {logging_mixin.py:109} INFO - [2022-02-07 17:28:33,021] {dagbag.py:500} INFO - Filling up the DagBag from /home/airflow/.local/lib/python3.7/site-packages/airflow/example_dags/tutorial_taskflow_api_etl.py
[2022-02-07 17:28:33,085] {processor.py:654} INFO - DAG(s) dict_keys(['tutorial_taskflow_api_etl']) retrieved from /home/airflow/.local/lib/python3.7/site-packages/airflow/example_dags/tutorial_taskflow_api_etl.py
[2022-02-07 17:28:33,674] {logging_mixin.py:109} INFO - [2022-02-07 17:28:33,674] {dag.py:2396} INFO - Sync 1 DAGs
[2022-02-07 17:28:33,692] {logging_mixin.py:109} INFO - [2022-02-07 17:28:33,692] {dag.py:2935} INFO - Setting next_dagrun for tutorial_taskflow_api_etl to None
[2022-02-07 17:28:33,708] {processor.py:171} INFO - Processing /home/airflow/.local/lib/python3.7/site-packages/airflow/example_dags/tutorial_taskflow_api_etl.py took 0.713 seconds
[2022-02-07 17:29:04,223] {processor.py:163} INFO - Started process (PID=823) to work on /home/airflow/.local/lib/python3.7/site-packages/airflow/example_dags/tutorial_taskflow_api_etl.py
[2022-02-07 17:29:04,241] {processor.py:642} INFO - Processing file /home/airflow/.local/lib/python3.7/site-packages/airflow/example_dags/tutorial_taskflow_api_etl.py for tasks to queue
[2022-02-07 17:29:04,246] {logging_mixin.py:109} INFO - [2022-02-07 17:29:04,246] {dagbag.py:500} INFO - Filling up the DagBag from /home/airflow/.local/lib/python3.7/site-packages/airflow/example_dags/tutorial_taskflow_api_etl.py
[2022-02-07 17:29:04,461] {processor.py:654} INFO - DAG(s) dict_keys(['tutorial_taskflow_api_etl']) retrieved from /home/airflow/.local/lib/python3.7/site-packages/airflow/example_dags/tutorial_taskflow_api_etl.py
[2022-02-07 17:29:04,900] {logging_mixin.py:109} INFO - [2022-02-07 17:29:04,900] {dag.py:2396} INFO - Sync 1 DAGs
[2022-02-07 17:29:04,923] {logging_mixin.py:109} INFO - [2022-02-07 17:29:04,923] {dag.py:2935} INFO - Setting next_dagrun for tutorial_taskflow_api_etl to None
[2022-02-07 17:29:04,948] {processor.py:171} INFO - Processing /home/airflow/.local/lib/python3.7/site-packages/airflow/example_dags/tutorial_taskflow_api_etl.py took 0.735 seconds
[2022-02-07 17:29:35,059] {processor.py:163} INFO - Started process (PID=883) to work on /home/airflow/.local/lib/python3.7/site-packages/airflow/example_dags/tutorial_taskflow_api_etl.py
[2022-02-07 17:29:35,063] {processor.py:642} INFO - Processing file /home/airflow/.local/lib/python3.7/site-packages/airflow/example_dags/tutorial_taskflow_api_etl.py for tasks to queue
[2022-02-07 17:29:35,068] {logging_mixin.py:109} INFO - [2022-02-07 17:29:35,068] {dagbag.py:500} INFO - Filling up the DagBag from /home/airflow/.local/lib/python3.7/site-packages/airflow/example_dags/tutorial_taskflow_api_etl.py
[2022-02-07 17:29:35,151] {processor.py:654} INFO - DAG(s) dict_keys(['tutorial_taskflow_api_etl']) retrieved from /home/airflow/.local/lib/python3.7/site-packages/airflow/example_dags/tutorial_taskflow_api_etl.py
[2022-02-07 17:29:35,629] {logging_mixin.py:109} INFO - [2022-02-07 17:29:35,629] {dag.py:2396} INFO - Sync 1 DAGs
[2022-02-07 17:29:35,670] {logging_mixin.py:109} INFO - [2022-02-07 17:29:35,669] {dag.py:2935} INFO - Setting next_dagrun for tutorial_taskflow_api_etl to None
[2022-02-07 17:29:35,726] {processor.py:171} INFO - Processing /home/airflow/.local/lib/python3.7/site-packages/airflow/example_dags/tutorial_taskflow_api_etl.py took 0.678 seconds
[2022-02-07 17:30:06,167] {processor.py:163} INFO - Started process (PID=944) to work on /home/airflow/.local/lib/python3.7/site-packages/airflow/example_dags/tutorial_taskflow_api_etl.py
[2022-02-07 17:30:06,169] {processor.py:642} INFO - Processing file /home/airflow/.local/lib/python3.7/site-packages/airflow/example_dags/tutorial_taskflow_api_etl.py for tasks to queue
[2022-02-07 17:30:06,172] {logging_mixin.py:109} INFO - [2022-02-07 17:30:06,172] {dagbag.py:500} INFO - Filling up the DagBag from /home/airflow/.local/lib/python3.7/site-packages/airflow/example_dags/tutorial_taskflow_api_etl.py
[2022-02-07 17:30:06,212] {processor.py:654} INFO - DAG(s) dict_keys(['tutorial_taskflow_api_etl']) retrieved from /home/airflow/.local/lib/python3.7/site-packages/airflow/example_dags/tutorial_taskflow_api_etl.py
[2022-02-07 17:30:06,619] {logging_mixin.py:109} INFO - [2022-02-07 17:30:06,619] {dag.py:2396} INFO - Sync 1 DAGs
[2022-02-07 17:30:06,641] {logging_mixin.py:109} INFO - [2022-02-07 17:30:06,641] {dag.py:2935} INFO - Setting next_dagrun for tutorial_taskflow_api_etl to None
[2022-02-07 17:30:06,659] {processor.py:171} INFO - Processing /home/airflow/.local/lib/python3.7/site-packages/airflow/example_dags/tutorial_taskflow_api_etl.py took 0.498 seconds
[2022-02-07 17:30:37,671] {processor.py:163} INFO - Started process (PID=1002) to work on /home/airflow/.local/lib/python3.7/site-packages/airflow/example_dags/tutorial_taskflow_api_etl.py
[2022-02-07 17:30:37,676] {processor.py:642} INFO - Processing file /home/airflow/.local/lib/python3.7/site-packages/airflow/example_dags/tutorial_taskflow_api_etl.py for tasks to queue
[2022-02-07 17:30:37,678] {logging_mixin.py:109} INFO - [2022-02-07 17:30:37,678] {dagbag.py:500} INFO - Filling up the DagBag from /home/airflow/.local/lib/python3.7/site-packages/airflow/example_dags/tutorial_taskflow_api_etl.py
[2022-02-07 17:30:37,724] {processor.py:654} INFO - DAG(s) dict_keys(['tutorial_taskflow_api_etl']) retrieved from /home/airflow/.local/lib/python3.7/site-packages/airflow/example_dags/tutorial_taskflow_api_etl.py
[2022-02-07 17:30:38,059] {logging_mixin.py:109} INFO - [2022-02-07 17:30:38,058] {dag.py:2396} INFO - Sync 1 DAGs
[2022-02-07 17:30:38,083] {logging_mixin.py:109} INFO - [2022-02-07 17:30:38,083] {dag.py:2935} INFO - Setting next_dagrun for tutorial_taskflow_api_etl to None
[2022-02-07 17:30:38,098] {processor.py:171} INFO - Processing /home/airflow/.local/lib/python3.7/site-packages/airflow/example_dags/tutorial_taskflow_api_etl.py took 0.436 seconds
[2022-02-07 17:31:08,179] {processor.py:163} INFO - Started process (PID=1056) to work on /home/airflow/.local/lib/python3.7/site-packages/airflow/example_dags/tutorial_taskflow_api_etl.py
[2022-02-07 17:31:08,181] {processor.py:642} INFO - Processing file /home/airflow/.local/lib/python3.7/site-packages/airflow/example_dags/tutorial_taskflow_api_etl.py for tasks to queue
[2022-02-07 17:31:08,182] {logging_mixin.py:109} INFO - [2022-02-07 17:31:08,182] {dagbag.py:500} INFO - Filling up the DagBag from /home/airflow/.local/lib/python3.7/site-packages/airflow/example_dags/tutorial_taskflow_api_etl.py
[2022-02-07 17:31:08,226] {processor.py:654} INFO - DAG(s) dict_keys(['tutorial_taskflow_api_etl']) retrieved from /home/airflow/.local/lib/python3.7/site-packages/airflow/example_dags/tutorial_taskflow_api_etl.py
[2022-02-07 17:31:08,601] {logging_mixin.py:109} INFO - [2022-02-07 17:31:08,601] {dag.py:2396} INFO - Sync 1 DAGs
[2022-02-07 17:31:08,624] {logging_mixin.py:109} INFO - [2022-02-07 17:31:08,624] {dag.py:2935} INFO - Setting next_dagrun for tutorial_taskflow_api_etl to None
[2022-02-07 17:31:08,644] {processor.py:171} INFO - Processing /home/airflow/.local/lib/python3.7/site-packages/airflow/example_dags/tutorial_taskflow_api_etl.py took 0.468 seconds
[2022-02-07 17:31:38,704] {processor.py:163} INFO - Started process (PID=1122) to work on /home/airflow/.local/lib/python3.7/site-packages/airflow/example_dags/tutorial_taskflow_api_etl.py
[2022-02-07 17:31:38,710] {processor.py:642} INFO - Processing file /home/airflow/.local/lib/python3.7/site-packages/airflow/example_dags/tutorial_taskflow_api_etl.py for tasks to queue
[2022-02-07 17:31:38,716] {logging_mixin.py:109} INFO - [2022-02-07 17:31:38,715] {dagbag.py:500} INFO - Filling up the DagBag from /home/airflow/.local/lib/python3.7/site-packages/airflow/example_dags/tutorial_taskflow_api_etl.py
[2022-02-07 17:31:38,800] {processor.py:654} INFO - DAG(s) dict_keys(['tutorial_taskflow_api_etl']) retrieved from /home/airflow/.local/lib/python3.7/site-packages/airflow/example_dags/tutorial_taskflow_api_etl.py
[2022-02-07 17:31:39,183] {logging_mixin.py:109} INFO - [2022-02-07 17:31:39,183] {dag.py:2396} INFO - Sync 1 DAGs
[2022-02-07 17:31:39,205] {logging_mixin.py:109} INFO - [2022-02-07 17:31:39,205] {dag.py:2935} INFO - Setting next_dagrun for tutorial_taskflow_api_etl to None
[2022-02-07 17:31:39,228] {processor.py:171} INFO - Processing /home/airflow/.local/lib/python3.7/site-packages/airflow/example_dags/tutorial_taskflow_api_etl.py took 0.536 seconds
[2022-02-07 17:32:09,684] {processor.py:163} INFO - Started process (PID=1185) to work on /home/airflow/.local/lib/python3.7/site-packages/airflow/example_dags/tutorial_taskflow_api_etl.py
[2022-02-07 17:32:09,688] {processor.py:642} INFO - Processing file /home/airflow/.local/lib/python3.7/site-packages/airflow/example_dags/tutorial_taskflow_api_etl.py for tasks to queue
[2022-02-07 17:32:09,691] {logging_mixin.py:109} INFO - [2022-02-07 17:32:09,691] {dagbag.py:500} INFO - Filling up the DagBag from /home/airflow/.local/lib/python3.7/site-packages/airflow/example_dags/tutorial_taskflow_api_etl.py
[2022-02-07 17:32:09,743] {processor.py:654} INFO - DAG(s) dict_keys(['tutorial_taskflow_api_etl']) retrieved from /home/airflow/.local/lib/python3.7/site-packages/airflow/example_dags/tutorial_taskflow_api_etl.py
[2022-02-07 17:32:10,272] {logging_mixin.py:109} INFO - [2022-02-07 17:32:10,272] {dag.py:2396} INFO - Sync 1 DAGs
[2022-02-07 17:32:10,293] {logging_mixin.py:109} INFO - [2022-02-07 17:32:10,293] {dag.py:2935} INFO - Setting next_dagrun for tutorial_taskflow_api_etl to None
[2022-02-07 17:32:10,311] {processor.py:171} INFO - Processing /home/airflow/.local/lib/python3.7/site-packages/airflow/example_dags/tutorial_taskflow_api_etl.py took 0.636 seconds
[2022-02-07 17:32:40,614] {processor.py:163} INFO - Started process (PID=1247) to work on /home/airflow/.local/lib/python3.7/site-packages/airflow/example_dags/tutorial_taskflow_api_etl.py
[2022-02-07 17:32:40,618] {processor.py:642} INFO - Processing file /home/airflow/.local/lib/python3.7/site-packages/airflow/example_dags/tutorial_taskflow_api_etl.py for tasks to queue
[2022-02-07 17:32:40,622] {logging_mixin.py:109} INFO - [2022-02-07 17:32:40,622] {dagbag.py:500} INFO - Filling up the DagBag from /home/airflow/.local/lib/python3.7/site-packages/airflow/example_dags/tutorial_taskflow_api_etl.py
[2022-02-07 17:32:40,675] {processor.py:654} INFO - DAG(s) dict_keys(['tutorial_taskflow_api_etl']) retrieved from /home/airflow/.local/lib/python3.7/site-packages/airflow/example_dags/tutorial_taskflow_api_etl.py
[2022-02-07 17:32:41,087] {logging_mixin.py:109} INFO - [2022-02-07 17:32:41,086] {dag.py:2396} INFO - Sync 1 DAGs
[2022-02-07 17:32:41,108] {logging_mixin.py:109} INFO - [2022-02-07 17:32:41,108] {dag.py:2935} INFO - Setting next_dagrun for tutorial_taskflow_api_etl to None
[2022-02-07 17:32:41,130] {processor.py:171} INFO - Processing /home/airflow/.local/lib/python3.7/site-packages/airflow/example_dags/tutorial_taskflow_api_etl.py took 0.522 seconds
[2022-02-07 17:33:11,862] {processor.py:163} INFO - Started process (PID=1307) to work on /home/airflow/.local/lib/python3.7/site-packages/airflow/example_dags/tutorial_taskflow_api_etl.py
[2022-02-07 17:33:11,869] {processor.py:642} INFO - Processing file /home/airflow/.local/lib/python3.7/site-packages/airflow/example_dags/tutorial_taskflow_api_etl.py for tasks to queue
[2022-02-07 17:33:11,877] {logging_mixin.py:109} INFO - [2022-02-07 17:33:11,876] {dagbag.py:500} INFO - Filling up the DagBag from /home/airflow/.local/lib/python3.7/site-packages/airflow/example_dags/tutorial_taskflow_api_etl.py
[2022-02-07 17:33:11,938] {processor.py:654} INFO - DAG(s) dict_keys(['tutorial_taskflow_api_etl']) retrieved from /home/airflow/.local/lib/python3.7/site-packages/airflow/example_dags/tutorial_taskflow_api_etl.py
[2022-02-07 17:33:12,395] {logging_mixin.py:109} INFO - [2022-02-07 17:33:12,395] {dag.py:2396} INFO - Sync 1 DAGs
[2022-02-07 17:33:12,419] {logging_mixin.py:109} INFO - [2022-02-07 17:33:12,419] {dag.py:2935} INFO - Setting next_dagrun for tutorial_taskflow_api_etl to None
[2022-02-07 17:33:12,437] {processor.py:171} INFO - Processing /home/airflow/.local/lib/python3.7/site-packages/airflow/example_dags/tutorial_taskflow_api_etl.py took 0.585 seconds
[2022-02-07 17:33:42,877] {processor.py:163} INFO - Started process (PID=1371) to work on /home/airflow/.local/lib/python3.7/site-packages/airflow/example_dags/tutorial_taskflow_api_etl.py
[2022-02-07 17:33:42,882] {processor.py:642} INFO - Processing file /home/airflow/.local/lib/python3.7/site-packages/airflow/example_dags/tutorial_taskflow_api_etl.py for tasks to queue
[2022-02-07 17:33:42,885] {logging_mixin.py:109} INFO - [2022-02-07 17:33:42,885] {dagbag.py:500} INFO - Filling up the DagBag from /home/airflow/.local/lib/python3.7/site-packages/airflow/example_dags/tutorial_taskflow_api_etl.py
[2022-02-07 17:33:42,955] {processor.py:654} INFO - DAG(s) dict_keys(['tutorial_taskflow_api_etl']) retrieved from /home/airflow/.local/lib/python3.7/site-packages/airflow/example_dags/tutorial_taskflow_api_etl.py
[2022-02-07 17:33:43,334] {logging_mixin.py:109} INFO - [2022-02-07 17:33:43,334] {dag.py:2396} INFO - Sync 1 DAGs
[2022-02-07 17:33:43,353] {logging_mixin.py:109} INFO - [2022-02-07 17:33:43,353] {dag.py:2935} INFO - Setting next_dagrun for tutorial_taskflow_api_etl to None
[2022-02-07 17:33:43,380] {processor.py:171} INFO - Processing /home/airflow/.local/lib/python3.7/site-packages/airflow/example_dags/tutorial_taskflow_api_etl.py took 0.519 seconds
[2022-02-07 17:34:13,489] {processor.py:163} INFO - Started process (PID=1430) to work on /home/airflow/.local/lib/python3.7/site-packages/airflow/example_dags/tutorial_taskflow_api_etl.py
[2022-02-07 17:34:13,498] {processor.py:642} INFO - Processing file /home/airflow/.local/lib/python3.7/site-packages/airflow/example_dags/tutorial_taskflow_api_etl.py for tasks to queue
[2022-02-07 17:34:13,502] {logging_mixin.py:109} INFO - [2022-02-07 17:34:13,502] {dagbag.py:500} INFO - Filling up the DagBag from /home/airflow/.local/lib/python3.7/site-packages/airflow/example_dags/tutorial_taskflow_api_etl.py
[2022-02-07 17:34:13,642] {processor.py:654} INFO - DAG(s) dict_keys(['tutorial_taskflow_api_etl']) retrieved from /home/airflow/.local/lib/python3.7/site-packages/airflow/example_dags/tutorial_taskflow_api_etl.py
[2022-02-07 17:34:14,070] {logging_mixin.py:109} INFO - [2022-02-07 17:34:14,070] {dag.py:2396} INFO - Sync 1 DAGs
[2022-02-07 17:34:14,096] {logging_mixin.py:109} INFO - [2022-02-07 17:34:14,096] {dag.py:2935} INFO - Setting next_dagrun for tutorial_taskflow_api_etl to None
[2022-02-07 17:34:14,120] {processor.py:171} INFO - Processing /home/airflow/.local/lib/python3.7/site-packages/airflow/example_dags/tutorial_taskflow_api_etl.py took 0.647 seconds
[2022-02-07 17:34:44,951] {processor.py:163} INFO - Started process (PID=1488) to work on /home/airflow/.local/lib/python3.7/site-packages/airflow/example_dags/tutorial_taskflow_api_etl.py
[2022-02-07 17:34:44,956] {processor.py:642} INFO - Processing file /home/airflow/.local/lib/python3.7/site-packages/airflow/example_dags/tutorial_taskflow_api_etl.py for tasks to queue
[2022-02-07 17:34:44,959] {logging_mixin.py:109} INFO - [2022-02-07 17:34:44,959] {dagbag.py:500} INFO - Filling up the DagBag from /home/airflow/.local/lib/python3.7/site-packages/airflow/example_dags/tutorial_taskflow_api_etl.py
[2022-02-07 17:34:45,008] {processor.py:654} INFO - DAG(s) dict_keys(['tutorial_taskflow_api_etl']) retrieved from /home/airflow/.local/lib/python3.7/site-packages/airflow/example_dags/tutorial_taskflow_api_etl.py
[2022-02-07 17:34:45,381] {logging_mixin.py:109} INFO - [2022-02-07 17:34:45,381] {dag.py:2396} INFO - Sync 1 DAGs
[2022-02-07 17:34:45,398] {logging_mixin.py:109} INFO - [2022-02-07 17:34:45,398] {dag.py:2935} INFO - Setting next_dagrun for tutorial_taskflow_api_etl to None
[2022-02-07 17:34:45,417] {processor.py:171} INFO - Processing /home/airflow/.local/lib/python3.7/site-packages/airflow/example_dags/tutorial_taskflow_api_etl.py took 0.470 seconds
[2022-02-07 17:35:16,143] {processor.py:163} INFO - Started process (PID=1541) to work on /home/airflow/.local/lib/python3.7/site-packages/airflow/example_dags/tutorial_taskflow_api_etl.py
[2022-02-07 17:35:16,145] {processor.py:642} INFO - Processing file /home/airflow/.local/lib/python3.7/site-packages/airflow/example_dags/tutorial_taskflow_api_etl.py for tasks to queue
[2022-02-07 17:35:16,147] {logging_mixin.py:109} INFO - [2022-02-07 17:35:16,147] {dagbag.py:500} INFO - Filling up the DagBag from /home/airflow/.local/lib/python3.7/site-packages/airflow/example_dags/tutorial_taskflow_api_etl.py
[2022-02-07 17:35:16,189] {processor.py:654} INFO - DAG(s) dict_keys(['tutorial_taskflow_api_etl']) retrieved from /home/airflow/.local/lib/python3.7/site-packages/airflow/example_dags/tutorial_taskflow_api_etl.py
[2022-02-07 17:35:16,514] {logging_mixin.py:109} INFO - [2022-02-07 17:35:16,514] {dag.py:2396} INFO - Sync 1 DAGs
[2022-02-07 17:35:16,531] {logging_mixin.py:109} INFO - [2022-02-07 17:35:16,531] {dag.py:2935} INFO - Setting next_dagrun for tutorial_taskflow_api_etl to None
[2022-02-07 17:35:16,550] {processor.py:171} INFO - Processing /home/airflow/.local/lib/python3.7/site-packages/airflow/example_dags/tutorial_taskflow_api_etl.py took 0.410 seconds
[2022-02-07 17:35:47,032] {processor.py:163} INFO - Started process (PID=1595) to work on /home/airflow/.local/lib/python3.7/site-packages/airflow/example_dags/tutorial_taskflow_api_etl.py
[2022-02-07 17:35:47,034] {processor.py:642} INFO - Processing file /home/airflow/.local/lib/python3.7/site-packages/airflow/example_dags/tutorial_taskflow_api_etl.py for tasks to queue
[2022-02-07 17:35:47,036] {logging_mixin.py:109} INFO - [2022-02-07 17:35:47,036] {dagbag.py:500} INFO - Filling up the DagBag from /home/airflow/.local/lib/python3.7/site-packages/airflow/example_dags/tutorial_taskflow_api_etl.py
[2022-02-07 17:35:47,085] {processor.py:654} INFO - DAG(s) dict_keys(['tutorial_taskflow_api_etl']) retrieved from /home/airflow/.local/lib/python3.7/site-packages/airflow/example_dags/tutorial_taskflow_api_etl.py
[2022-02-07 17:35:47,414] {logging_mixin.py:109} INFO - [2022-02-07 17:35:47,414] {dag.py:2396} INFO - Sync 1 DAGs
[2022-02-07 17:35:47,438] {logging_mixin.py:109} INFO - [2022-02-07 17:35:47,438] {dag.py:2935} INFO - Setting next_dagrun for tutorial_taskflow_api_etl to None
[2022-02-07 17:35:47,458] {processor.py:171} INFO - Processing /home/airflow/.local/lib/python3.7/site-packages/airflow/example_dags/tutorial_taskflow_api_etl.py took 0.432 seconds
[2022-02-07 17:36:18,040] {processor.py:163} INFO - Started process (PID=1657) to work on /home/airflow/.local/lib/python3.7/site-packages/airflow/example_dags/tutorial_taskflow_api_etl.py
[2022-02-07 17:36:18,044] {processor.py:642} INFO - Processing file /home/airflow/.local/lib/python3.7/site-packages/airflow/example_dags/tutorial_taskflow_api_etl.py for tasks to queue
[2022-02-07 17:36:18,049] {logging_mixin.py:109} INFO - [2022-02-07 17:36:18,049] {dagbag.py:500} INFO - Filling up the DagBag from /home/airflow/.local/lib/python3.7/site-packages/airflow/example_dags/tutorial_taskflow_api_etl.py
[2022-02-07 17:36:18,120] {processor.py:654} INFO - DAG(s) dict_keys(['tutorial_taskflow_api_etl']) retrieved from /home/airflow/.local/lib/python3.7/site-packages/airflow/example_dags/tutorial_taskflow_api_etl.py
[2022-02-07 17:36:18,804] {logging_mixin.py:109} INFO - [2022-02-07 17:36:18,804] {dag.py:2396} INFO - Sync 1 DAGs
[2022-02-07 17:36:18,836] {logging_mixin.py:109} INFO - [2022-02-07 17:36:18,836] {dag.py:2935} INFO - Setting next_dagrun for tutorial_taskflow_api_etl to None
[2022-02-07 17:36:18,866] {processor.py:171} INFO - Processing /home/airflow/.local/lib/python3.7/site-packages/airflow/example_dags/tutorial_taskflow_api_etl.py took 0.836 seconds
[2022-02-07 17:36:48,975] {processor.py:163} INFO - Started process (PID=1711) to work on /home/airflow/.local/lib/python3.7/site-packages/airflow/example_dags/tutorial_taskflow_api_etl.py
[2022-02-07 17:36:48,978] {processor.py:642} INFO - Processing file /home/airflow/.local/lib/python3.7/site-packages/airflow/example_dags/tutorial_taskflow_api_etl.py for tasks to queue
[2022-02-07 17:36:48,981] {logging_mixin.py:109} INFO - [2022-02-07 17:36:48,981] {dagbag.py:500} INFO - Filling up the DagBag from /home/airflow/.local/lib/python3.7/site-packages/airflow/example_dags/tutorial_taskflow_api_etl.py
[2022-02-07 17:36:49,035] {processor.py:654} INFO - DAG(s) dict_keys(['tutorial_taskflow_api_etl']) retrieved from /home/airflow/.local/lib/python3.7/site-packages/airflow/example_dags/tutorial_taskflow_api_etl.py
[2022-02-07 17:36:49,422] {logging_mixin.py:109} INFO - [2022-02-07 17:36:49,422] {dag.py:2396} INFO - Sync 1 DAGs
[2022-02-07 17:36:49,447] {logging_mixin.py:109} INFO - [2022-02-07 17:36:49,447] {dag.py:2935} INFO - Setting next_dagrun for tutorial_taskflow_api_etl to None
[2022-02-07 17:36:49,470] {processor.py:171} INFO - Processing /home/airflow/.local/lib/python3.7/site-packages/airflow/example_dags/tutorial_taskflow_api_etl.py took 0.501 seconds
[2022-02-07 17:37:19,999] {processor.py:163} INFO - Started process (PID=1763) to work on /home/airflow/.local/lib/python3.7/site-packages/airflow/example_dags/tutorial_taskflow_api_etl.py
[2022-02-07 17:37:20,003] {processor.py:642} INFO - Processing file /home/airflow/.local/lib/python3.7/site-packages/airflow/example_dags/tutorial_taskflow_api_etl.py for tasks to queue
[2022-02-07 17:37:20,006] {logging_mixin.py:109} INFO - [2022-02-07 17:37:20,006] {dagbag.py:500} INFO - Filling up the DagBag from /home/airflow/.local/lib/python3.7/site-packages/airflow/example_dags/tutorial_taskflow_api_etl.py
[2022-02-07 17:37:20,106] {processor.py:654} INFO - DAG(s) dict_keys(['tutorial_taskflow_api_etl']) retrieved from /home/airflow/.local/lib/python3.7/site-packages/airflow/example_dags/tutorial_taskflow_api_etl.py
[2022-02-07 17:37:20,597] {logging_mixin.py:109} INFO - [2022-02-07 17:37:20,597] {dag.py:2396} INFO - Sync 1 DAGs
[2022-02-07 17:37:20,635] {logging_mixin.py:109} INFO - [2022-02-07 17:37:20,635] {dag.py:2935} INFO - Setting next_dagrun for tutorial_taskflow_api_etl to None
[2022-02-07 17:37:20,659] {processor.py:171} INFO - Processing /home/airflow/.local/lib/python3.7/site-packages/airflow/example_dags/tutorial_taskflow_api_etl.py took 0.668 seconds
[2022-02-07 17:37:51,211] {processor.py:163} INFO - Started process (PID=1817) to work on /home/airflow/.local/lib/python3.7/site-packages/airflow/example_dags/tutorial_taskflow_api_etl.py
[2022-02-07 17:37:51,215] {processor.py:642} INFO - Processing file /home/airflow/.local/lib/python3.7/site-packages/airflow/example_dags/tutorial_taskflow_api_etl.py for tasks to queue
[2022-02-07 17:37:51,218] {logging_mixin.py:109} INFO - [2022-02-07 17:37:51,218] {dagbag.py:500} INFO - Filling up the DagBag from /home/airflow/.local/lib/python3.7/site-packages/airflow/example_dags/tutorial_taskflow_api_etl.py
[2022-02-07 17:37:51,445] {processor.py:654} INFO - DAG(s) dict_keys(['tutorial_taskflow_api_etl']) retrieved from /home/airflow/.local/lib/python3.7/site-packages/airflow/example_dags/tutorial_taskflow_api_etl.py
[2022-02-07 17:37:51,924] {logging_mixin.py:109} INFO - [2022-02-07 17:37:51,924] {dag.py:2396} INFO - Sync 1 DAGs
[2022-02-07 17:37:51,947] {logging_mixin.py:109} INFO - [2022-02-07 17:37:51,947] {dag.py:2935} INFO - Setting next_dagrun for tutorial_taskflow_api_etl to None
[2022-02-07 17:37:51,973] {processor.py:171} INFO - Processing /home/airflow/.local/lib/python3.7/site-packages/airflow/example_dags/tutorial_taskflow_api_etl.py took 0.766 seconds
[2022-02-07 17:38:22,092] {processor.py:163} INFO - Started process (PID=1871) to work on /home/airflow/.local/lib/python3.7/site-packages/airflow/example_dags/tutorial_taskflow_api_etl.py
[2022-02-07 17:38:22,095] {processor.py:642} INFO - Processing file /home/airflow/.local/lib/python3.7/site-packages/airflow/example_dags/tutorial_taskflow_api_etl.py for tasks to queue
[2022-02-07 17:38:22,096] {logging_mixin.py:109} INFO - [2022-02-07 17:38:22,096] {dagbag.py:500} INFO - Filling up the DagBag from /home/airflow/.local/lib/python3.7/site-packages/airflow/example_dags/tutorial_taskflow_api_etl.py
[2022-02-07 17:38:22,267] {processor.py:654} INFO - DAG(s) dict_keys(['tutorial_taskflow_api_etl']) retrieved from /home/airflow/.local/lib/python3.7/site-packages/airflow/example_dags/tutorial_taskflow_api_etl.py
[2022-02-07 17:38:22,515] {logging_mixin.py:109} INFO - [2022-02-07 17:38:22,515] {dag.py:2396} INFO - Sync 1 DAGs
[2022-02-07 17:38:22,535] {logging_mixin.py:109} INFO - [2022-02-07 17:38:22,535] {dag.py:2935} INFO - Setting next_dagrun for tutorial_taskflow_api_etl to None
[2022-02-07 17:38:22,555] {processor.py:171} INFO - Processing /home/airflow/.local/lib/python3.7/site-packages/airflow/example_dags/tutorial_taskflow_api_etl.py took 0.467 seconds
[2022-02-07 17:38:52,815] {processor.py:163} INFO - Started process (PID=1926) to work on /home/airflow/.local/lib/python3.7/site-packages/airflow/example_dags/tutorial_taskflow_api_etl.py
[2022-02-07 17:38:52,818] {processor.py:642} INFO - Processing file /home/airflow/.local/lib/python3.7/site-packages/airflow/example_dags/tutorial_taskflow_api_etl.py for tasks to queue
[2022-02-07 17:38:52,820] {logging_mixin.py:109} INFO - [2022-02-07 17:38:52,820] {dagbag.py:500} INFO - Filling up the DagBag from /home/airflow/.local/lib/python3.7/site-packages/airflow/example_dags/tutorial_taskflow_api_etl.py
[2022-02-07 17:38:52,972] {processor.py:654} INFO - DAG(s) dict_keys(['tutorial_taskflow_api_etl']) retrieved from /home/airflow/.local/lib/python3.7/site-packages/airflow/example_dags/tutorial_taskflow_api_etl.py
[2022-02-07 17:38:53,177] {logging_mixin.py:109} INFO - [2022-02-07 17:38:53,177] {dag.py:2396} INFO - Sync 1 DAGs
[2022-02-07 17:38:53,193] {logging_mixin.py:109} INFO - [2022-02-07 17:38:53,193] {dag.py:2935} INFO - Setting next_dagrun for tutorial_taskflow_api_etl to None
[2022-02-07 17:38:53,209] {processor.py:171} INFO - Processing /home/airflow/.local/lib/python3.7/site-packages/airflow/example_dags/tutorial_taskflow_api_etl.py took 0.398 seconds
